[ 2016-09-30T23:50:49+08:00 ] 127.0.0.1 /Home/Member/index.html
INFO: [ app_init ] --START--
INFO: Run Behavior\BuildLiteBehavior [ RunTime:0.000025s ]
INFO: [ app_init ] --END-- [ RunTime:0.000818s ]
INFO: [ app_begin ] --START--
INFO: Run Behavior\ReadHtmlCacheBehavior [ RunTime:0.001432s ]
INFO: [ app_begin ] --END-- [ RunTime:0.001565s ]
NOTIC: [2] file_get_contents(): Unable to find the wrapper &quot;https&quot; - did you forget to enable it when you configured PHP? E:\wamp\www\jiangzipinpin\Application\Home\Controller\FontEndController.class.php 第 139 行.
NOTIC: [2] file_get_contents(https://api.weixin.qq.com/cgi-bin/token?grant_type=client_credential&amp;appid=wx6231a8932405bdaf&amp;secret=05406ab511f4d9bd46ac09982065b102): failed to open stream: No such file or directory E:\wamp\www\jiangzipinpin\Application\Home\Controller\FontEndController.class.php 第 139 行.
NOTIC: [2] unlink(../Application/Runtime/Temp/d86c828583c5c6160e8acfee88ba1590.php): No such file or directory E:\wamp\www\jiangzipinpin\ThinkPHP\Library\Think\Cache\Driver\File.class.php 第 157 行.
NOTIC: [2] file_get_contents(): Unable to find the wrapper &quot;https&quot; - did you forget to enable it when you configured PHP? E:\wamp\www\jiangzipinpin\Application\Home\Controller\FontEndController.class.php 第 147 行.
NOTIC: [2] file_get_contents(https://api.weixin.qq.com/cgi-bin/ticket/getticket?access_token=&amp;type=jsapi): failed to open stream: No such file or directory E:\wamp\www\jiangzipinpin\Application\Home\Controller\FontEndController.class.php 第 147 行.
NOTIC: [2] unlink(../Application/Runtime/Temp/e344c187b5ce3b018775638c2dc0c114.php): No such file or directory E:\wamp\www\jiangzipinpin\ThinkPHP\Library\Think\Cache\Driver\File.class.php 第 157 行.
NOTIC: [2] file_get_contents(): Unable to find the wrapper &quot;https&quot; - did you forget to enable it when you configured PHP? E:\wamp\www\jiangzipinpin\Application\Home\Controller\FontEndController.class.php 第 139 行.
NOTIC: [2] file_get_contents(https://api.weixin.qq.com/cgi-bin/token?grant_type=client_credential&amp;appid=wx6231a8932405bdaf&amp;secret=05406ab511f4d9bd46ac09982065b102): failed to open stream: No such file or directory E:\wamp\www\jiangzipinpin\Application\Home\Controller\FontEndController.class.php 第 139 行.
NOTIC: [2] unlink(../Application/Runtime/Temp/d86c828583c5c6160e8acfee88ba1590.php): No such file or directory E:\wamp\www\jiangzipinpin\ThinkPHP\Library\Think\Cache\Driver\File.class.php 第 157 行.
NOTIC: [2] file_get_contents(): Unable to find the wrapper &quot;https&quot; - did you forget to enable it when you configured PHP? E:\wamp\www\jiangzipinpin\Application\Home\Controller\FontEndController.class.php 第 147 行.
NOTIC: [2] file_get_contents(https://api.weixin.qq.com/cgi-bin/ticket/getticket?access_token=&amp;type=jsapi): failed to open stream: No such file or directory E:\wamp\www\jiangzipinpin\Application\Home\Controller\FontEndController.class.php 第 147 行.
NOTIC: [2] unlink(../Application/Runtime/Temp/e344c187b5ce3b018775638c2dc0c114.php): No such file or directory E:\wamp\www\jiangzipinpin\ThinkPHP\Library\Think\Cache\Driver\File.class.php 第 157 行.
SQL: SHOW COLUMNS FROM `m_admin_infor` [ RunTime:0.0174s ]
SQL: SELECT * FROM `m_admin_infor` WHERE ( id=1 ) LIMIT 1   [ RunTime:0.0290s ]
SQL: SHOW COLUMNS FROM `m_shops` [ RunTime:0.0067s ]
SQL: SELECT COUNT(*) AS tp_count FROM `m_shops` WHERE ( open_id='oSI43woDNwqw6b_jBLpM2wPjFn_M' ) LIMIT 1   [ RunTime:0.0011s ]
SQL: SELECT * FROM `m_users` WHERE ( user_id=90 ) LIMIT 1   [ RunTime:0.0594s ]
SQL: SELECT COUNT(*) AS tp_count FROM `m_order` WHERE ( user_id=90 and deleted=0 ) LIMIT 1   [ RunTime:0.0351s ]
SQL: SELECT COUNT(*) AS tp_count FROM `m_order` WHERE ( user_id=90 and pay_status=0 and deleted=0  and status<6 ) LIMIT 1   [ RunTime:0.0004s ]
SQL: SELECT COUNT(*) AS tp_count FROM `m_order` WHERE ( user_id=90 and pay_status=1 and (status=2 or (tuan_no=0 and status=1)) and deleted=0 ) LIMIT 1   [ RunTime:0.0003s ]
SQL: SELECT COUNT(*) AS tp_count FROM `m_order` WHERE ( user_id=90 and pay_status=1 and status=3 and deleted=0 ) LIMIT 1   [ RunTime:0.0003s ]
SQL: SELECT COUNT(*) AS tp_count FROM `m_order` WHERE ( user_id=90 and pay_status=1 and status=4 and deleted=0 ) LIMIT 1   [ RunTime:0.0003s ]
SQL: SELECT COUNT(*) AS tp_count FROM `m_order` WHERE ( user_id=90 and pay_status>1 and deleted=0 ) LIMIT 1   [ RunTime:0.0003s ]
NOTIC: [8] Use of undefined constant is_shop - assumed 'is_shop' E:\wamp\www\jiangzipinpin\Application\Home\Controller\MemberController.class.php 第 40 行.
SQL: SELECT `shop_id` FROM `m_shops` WHERE ( open_id='oSI43woDNwqw6b_jBLpM2wPjFn_M' ) LIMIT 1   [ RunTime:0.0002s ]
SQL: SELECT COUNT(*) AS tp_count FROM `m_order` WHERE ( shop_id=17 and deleted=0 ) LIMIT 1   [ RunTime:0.0061s ]
SQL: SELECT COUNT(*) AS tp_count FROM `m_order` WHERE ( shop_id=17 and pay_status=1 and status=1 and deleted=0 ) LIMIT 1   [ RunTime:0.0006s ]
SQL: SELECT COUNT(*) AS tp_count FROM `m_order` WHERE ( shop_id=17 and pay_status>1 and pay_status<4 and deleted=0 ) LIMIT 1   [ RunTime:0.0005s ]
SQL: SELECT COUNT(*) AS tp_count FROM `m_goods` WHERE ( shop_id=17 and is_delete=0 ) LIMIT 1   [ RunTime:0.0248s ]
NOTIC: [8] Use of undefined constant status_count - assumed 'status_count' E:\wamp\www\jiangzipinpin\Application\Home\Controller\MemberController.class.php 第 54 行.
SQL: SELECT COUNT(*) AS tp_count FROM `m_sellection` WHERE ( user_id=90 ) LIMIT 1   [ RunTime:0.0005s ]
SQL: SELECT COUNT(*) AS tp_count FROM `m_order` WHERE ( user_id=90 and pay_status=1 and status=5 ) LIMIT 1   [ RunTime:0.0004s ]
NOTIC: [8] Use of undefined constant status_count - assumed 'status_count' E:\wamp\www\jiangzipinpin\Application\Home\Controller\MemberController.class.php 第 64 行.
INFO: [ view_parse ] --START--
INFO: [ template_filter ] --START--
INFO: Run Behavior\ContentReplaceBehavior [ RunTime:0.000184s ]
INFO: [ template_filter ] --END-- [ RunTime:0.000302s ]
INFO: Run Behavior\ParseTemplateBehavior [ RunTime:0.081462s ]
INFO: [ view_parse ] --END-- [ RunTime:0.081598s ]
INFO: [ view_filter ] --START--
INFO: Run Behavior\WriteHtmlCacheBehavior [ RunTime:0.025026s ]
INFO: Run Behavior\TokenBuildBehavior [ RunTime:0.033555s ]
INFO: [ view_filter ] --END-- [ RunTime:0.058779s ]
INFO: [ app_end ] --START--
INFO: Run Behavior\ShowPageTraceBehavior [ RunTime:0.001568s ]
INFO: [ app_end ] --END-- [ RunTime:0.001666s ]

[ 2016-09-30T23:50:54+08:00 ] 127.0.0.1 /Home/Order/index/status/daifahuo.html
INFO: [ app_init ] --START--
INFO: Run Behavior\BuildLiteBehavior [ RunTime:0.000026s ]
INFO: [ app_init ] --END-- [ RunTime:0.032468s ]
INFO: [ app_begin ] --START--
INFO: Run Behavior\ReadHtmlCacheBehavior [ RunTime:0.000852s ]
INFO: [ app_begin ] --END-- [ RunTime:0.000944s ]
NOTIC: [2] file_get_contents(): Unable to find the wrapper &quot;https&quot; - did you forget to enable it when you configured PHP? E:\wamp\www\jiangzipinpin\Application\Home\Controller\FontEndController.class.php 第 139 行.
NOTIC: [2] file_get_contents(https://api.weixin.qq.com/cgi-bin/token?grant_type=client_credential&amp;appid=wx6231a8932405bdaf&amp;secret=05406ab511f4d9bd46ac09982065b102): failed to open stream: No such file or directory E:\wamp\www\jiangzipinpin\Application\Home\Controller\FontEndController.class.php 第 139 行.
NOTIC: [2] unlink(../Application/Runtime/Temp/d86c828583c5c6160e8acfee88ba1590.php): No such file or directory E:\wamp\www\jiangzipinpin\ThinkPHP\Library\Think\Cache\Driver\File.class.php 第 157 行.
NOTIC: [2] file_get_contents(): Unable to find the wrapper &quot;https&quot; - did you forget to enable it when you configured PHP? E:\wamp\www\jiangzipinpin\Application\Home\Controller\FontEndController.class.php 第 147 行.
NOTIC: [2] file_get_contents(https://api.weixin.qq.com/cgi-bin/ticket/getticket?access_token=&amp;type=jsapi): failed to open stream: No such file or directory E:\wamp\www\jiangzipinpin\Application\Home\Controller\FontEndController.class.php 第 147 行.
NOTIC: [2] unlink(../Application/Runtime/Temp/e344c187b5ce3b018775638c2dc0c114.php): No such file or directory E:\wamp\www\jiangzipinpin\ThinkPHP\Library\Think\Cache\Driver\File.class.php 第 157 行.
NOTIC: [2] file_get_contents(): Unable to find the wrapper &quot;https&quot; - did you forget to enable it when you configured PHP? E:\wamp\www\jiangzipinpin\Application\Home\Controller\FontEndController.class.php 第 139 行.
NOTIC: [2] file_get_contents(https://api.weixin.qq.com/cgi-bin/token?grant_type=client_credential&amp;appid=wx6231a8932405bdaf&amp;secret=05406ab511f4d9bd46ac09982065b102): failed to open stream: No such file or directory E:\wamp\www\jiangzipinpin\Application\Home\Controller\FontEndController.class.php 第 139 行.
NOTIC: [2] unlink(../Application/Runtime/Temp/d86c828583c5c6160e8acfee88ba1590.php): No such file or directory E:\wamp\www\jiangzipinpin\ThinkPHP\Library\Think\Cache\Driver\File.class.php 第 157 行.
NOTIC: [2] file_get_contents(): Unable to find the wrapper &quot;https&quot; - did you forget to enable it when you configured PHP? E:\wamp\www\jiangzipinpin\Application\Home\Controller\FontEndController.class.php 第 147 行.
NOTIC: [2] file_get_contents(https://api.weixin.qq.com/cgi-bin/ticket/getticket?access_token=&amp;type=jsapi): failed to open stream: No such file or directory E:\wamp\www\jiangzipinpin\Application\Home\Controller\FontEndController.class.php 第 147 行.
NOTIC: [2] unlink(../Application/Runtime/Temp/e344c187b5ce3b018775638c2dc0c114.php): No such file or directory E:\wamp\www\jiangzipinpin\ThinkPHP\Library\Think\Cache\Driver\File.class.php 第 157 行.
SQL: SHOW COLUMNS FROM `m_admin_infor` [ RunTime:0.0065s ]
SQL: SELECT * FROM `m_admin_infor` WHERE ( id=1 ) LIMIT 1   [ RunTime:0.0004s ]
SQL: SELECT COUNT(*) AS tp_count FROM `m_order` WHERE ( user_id=90 and deleted=0 ) LIMIT 1   [ RunTime:0.0006s ]
SQL: SELECT COUNT(*) AS tp_count FROM `m_order` WHERE ( user_id=90 and pay_status=0 and deleted=0  and status<6 ) LIMIT 1   [ RunTime:0.0003s ]
SQL: SELECT COUNT(*) AS tp_count FROM `m_order` WHERE ( user_id=90 and pay_status=1 and (status=2 or (tuan_no=0 and status=1)) and deleted=0 ) LIMIT 1   [ RunTime:0.0003s ]
SQL: SELECT COUNT(*) AS tp_count FROM `m_order` WHERE ( user_id=90 and pay_status=1 and status=3 and deleted=0 ) LIMIT 1   [ RunTime:0.0003s ]
SQL: SELECT COUNT(*) AS tp_count FROM `m_order` WHERE ( user_id=90 and pay_status=1 and status=4 and deleted=0 ) LIMIT 1   [ RunTime:0.0003s ]
SQL: SELECT COUNT(*) AS tp_count FROM `m_order` WHERE ( user_id=90 and pay_status>1 and deleted=0 ) LIMIT 1   [ RunTime:0.0003s ]
NOTIC: [8] Use of undefined constant status_count - assumed 'status_count' E:\wamp\www\jiangzipinpin\Application\Home\Controller\OrderController.class.php 第 16 行.
NOTIC: [8] Use of undefined constant selected - assumed 'selected' E:\wamp\www\jiangzipinpin\Application\Home\Controller\OrderController.class.php 第 53 行.
SQL: SELECT COUNT(*) AS tp_count FROM `m_order` WHERE ( user_id=90 and pay_status=1 and (status=2 or (tuan_no=0 and status=1)) and deleted=0 ) LIMIT 1   [ RunTime:0.0005s ]
SQL: SHOW COLUMNS FROM `m_order` [ RunTime:0.0058s ]
SQL: SELECT t1.order_id,t1.order_no,t1.goods_id,t1.goods_name,t1.shop_name,t1.status,t1.pay_status,t1.updated,t2.goods_img,t1.price,t1.dues,t1.tuan_no,t1.tuan_number,t1.fenxiang FROM m_order t1,m_goods t2 WHERE ( t1.deleted=0 and t1.user_id=90 and t1.pay_status=1 and (t1.status=2 or (t1.tuan_no=0 and t1.status=1)) and t1.goods_id=t2.goods_id ) ORDER BY t1.created desc LIMIT 0,10   [ RunTime:0.0008s ]
INFO: [ view_parse ] --START--
INFO: [ template_filter ] --START--
INFO: Run Behavior\ContentReplaceBehavior [ RunTime:0.000224s ]
INFO: [ template_filter ] --END-- [ RunTime:0.000340s ]
INFO: Run Behavior\ParseTemplateBehavior [ RunTime:0.058665s ]
INFO: [ view_parse ] --END-- [ RunTime:0.058769s ]
INFO: [ view_filter ] --START--
INFO: Run Behavior\WriteHtmlCacheBehavior [ RunTime:0.000619s ]
INFO: Run Behavior\TokenBuildBehavior [ RunTime:0.001118s ]
INFO: [ view_filter ] --END-- [ RunTime:0.001859s ]
INFO: [ app_end ] --START--
INFO: Run Behavior\ShowPageTraceBehavior [ RunTime:0.000843s ]
INFO: [ app_end ] --END-- [ RunTime:0.000923s ]

[ 2016-09-30T23:50:57+08:00 ] 127.0.0.1 /Home/Order/index/status/daishouhuo.html
INFO: [ app_init ] --START--
INFO: Run Behavior\BuildLiteBehavior [ RunTime:0.000026s ]
INFO: [ app_init ] --END-- [ RunTime:0.000645s ]
INFO: [ app_begin ] --START--
INFO: Run Behavior\ReadHtmlCacheBehavior [ RunTime:0.000915s ]
INFO: [ app_begin ] --END-- [ RunTime:0.001013s ]
NOTIC: [2] file_get_contents(): Unable to find the wrapper &quot;https&quot; - did you forget to enable it when you configured PHP? E:\wamp\www\jiangzipinpin\Application\Home\Controller\FontEndController.class.php 第 139 行.
NOTIC: [2] file_get_contents(https://api.weixin.qq.com/cgi-bin/token?grant_type=client_credential&amp;appid=wx6231a8932405bdaf&amp;secret=05406ab511f4d9bd46ac09982065b102): failed to open stream: No such file or directory E:\wamp\www\jiangzipinpin\Application\Home\Controller\FontEndController.class.php 第 139 行.
NOTIC: [2] unlink(../Application/Runtime/Temp/d86c828583c5c6160e8acfee88ba1590.php): No such file or directory E:\wamp\www\jiangzipinpin\ThinkPHP\Library\Think\Cache\Driver\File.class.php 第 157 行.
NOTIC: [2] file_get_contents(): Unable to find the wrapper &quot;https&quot; - did you forget to enable it when you configured PHP? E:\wamp\www\jiangzipinpin\Application\Home\Controller\FontEndController.class.php 第 147 行.
NOTIC: [2] file_get_contents(https://api.weixin.qq.com/cgi-bin/ticket/getticket?access_token=&amp;type=jsapi): failed to open stream: No such file or directory E:\wamp\www\jiangzipinpin\Application\Home\Controller\FontEndController.class.php 第 147 行.
NOTIC: [2] unlink(../Application/Runtime/Temp/e344c187b5ce3b018775638c2dc0c114.php): No such file or directory E:\wamp\www\jiangzipinpin\ThinkPHP\Library\Think\Cache\Driver\File.class.php 第 157 行.
NOTIC: [2] file_get_contents(): Unable to find the wrapper &quot;https&quot; - did you forget to enable it when you configured PHP? E:\wamp\www\jiangzipinpin\Application\Home\Controller\FontEndController.class.php 第 139 行.
NOTIC: [2] file_get_contents(https://api.weixin.qq.com/cgi-bin/token?grant_type=client_credential&amp;appid=wx6231a8932405bdaf&amp;secret=05406ab511f4d9bd46ac09982065b102): failed to open stream: No such file or directory E:\wamp\www\jiangzipinpin\Application\Home\Controller\FontEndController.class.php 第 139 行.
NOTIC: [2] unlink(../Application/Runtime/Temp/d86c828583c5c6160e8acfee88ba1590.php): No such file or directory E:\wamp\www\jiangzipinpin\ThinkPHP\Library\Think\Cache\Driver\File.class.php 第 157 行.
NOTIC: [2] file_get_contents(): Unable to find the wrapper &quot;https&quot; - did you forget to enable it when you configured PHP? E:\wamp\www\jiangzipinpin\Application\Home\Controller\FontEndController.class.php 第 147 行.
NOTIC: [2] file_get_contents(https://api.weixin.qq.com/cgi-bin/ticket/getticket?access_token=&amp;type=jsapi): failed to open stream: No such file or directory E:\wamp\www\jiangzipinpin\Application\Home\Controller\FontEndController.class.php 第 147 行.
NOTIC: [2] unlink(../Application/Runtime/Temp/e344c187b5ce3b018775638c2dc0c114.php): No such file or directory E:\wamp\www\jiangzipinpin\ThinkPHP\Library\Think\Cache\Driver\File.class.php 第 157 行.
SQL: SHOW COLUMNS FROM `m_admin_infor` [ RunTime:0.0052s ]
SQL: SELECT * FROM `m_admin_infor` WHERE ( id=1 ) LIMIT 1   [ RunTime:0.0003s ]
SQL: SELECT COUNT(*) AS tp_count FROM `m_order` WHERE ( user_id=90 and deleted=0 ) LIMIT 1   [ RunTime:0.0004s ]
SQL: SELECT COUNT(*) AS tp_count FROM `m_order` WHERE ( user_id=90 and pay_status=0 and deleted=0  and status<6 ) LIMIT 1   [ RunTime:0.0003s ]
SQL: SELECT COUNT(*) AS tp_count FROM `m_order` WHERE ( user_id=90 and pay_status=1 and (status=2 or (tuan_no=0 and status=1)) and deleted=0 ) LIMIT 1   [ RunTime:0.0005s ]
SQL: SELECT COUNT(*) AS tp_count FROM `m_order` WHERE ( user_id=90 and pay_status=1 and status=3 and deleted=0 ) LIMIT 1   [ RunTime:0.0008s ]
SQL: SELECT COUNT(*) AS tp_count FROM `m_order` WHERE ( user_id=90 and pay_status=1 and status=4 and deleted=0 ) LIMIT 1   [ RunTime:0.0004s ]
SQL: SELECT COUNT(*) AS tp_count FROM `m_order` WHERE ( user_id=90 and pay_status>1 and deleted=0 ) LIMIT 1   [ RunTime:0.0003s ]
NOTIC: [8] Use of undefined constant status_count - assumed 'status_count' E:\wamp\www\jiangzipinpin\Application\Home\Controller\OrderController.class.php 第 16 行.
NOTIC: [8] Use of undefined constant selected - assumed 'selected' E:\wamp\www\jiangzipinpin\Application\Home\Controller\OrderController.class.php 第 62 行.
SQL: SELECT COUNT(*) AS tp_count FROM `m_order` WHERE ( user_id=90 and pay_status=1 and status=3 and deleted=0 ) LIMIT 1   [ RunTime:0.0003s ]
SQL: SHOW COLUMNS FROM `m_order` [ RunTime:0.0054s ]
SQL: SELECT t1.order_id,t1.order_no,t1.goods_id,t1.goods_name,t1.shop_name,t1.status,t1.pay_status,t1.updated,t2.goods_img,t1.price,t1.dues,t1.tuan_no,t1.tuan_number,t1.fenxiang FROM m_order t1,m_goods t2 WHERE ( t1.deleted=0 and t1.user_id=90 and t1.pay_status=1 and t1.status=3 and t1.goods_id=t2.goods_id ) ORDER BY t1.created desc LIMIT 0,10   [ RunTime:0.0006s ]
INFO: [ view_parse ] --START--
INFO: [ template_filter ] --START--
INFO: Run Behavior\ContentReplaceBehavior [ RunTime:0.000184s ]
INFO: [ template_filter ] --END-- [ RunTime:0.000274s ]
INFO: Run Behavior\ParseTemplateBehavior [ RunTime:0.019014s ]
INFO: [ view_parse ] --END-- [ RunTime:0.019189s ]
INFO: [ view_filter ] --START--
INFO: Run Behavior\WriteHtmlCacheBehavior [ RunTime:0.001021s ]
INFO: Run Behavior\TokenBuildBehavior [ RunTime:0.001511s ]
INFO: [ view_filter ] --END-- [ RunTime:0.002760s ]
INFO: [ app_end ] --START--
INFO: Run Behavior\ShowPageTraceBehavior [ RunTime:0.000935s ]
INFO: [ app_end ] --END-- [ RunTime:0.001016s ]

[ 2016-09-30T23:50:59+08:00 ] 127.0.0.1 /Home/Order/index/status/daifahuo.html
INFO: [ app_init ] --START--
INFO: Run Behavior\BuildLiteBehavior [ RunTime:0.000023s ]
INFO: [ app_init ] --END-- [ RunTime:0.000648s ]
INFO: [ app_begin ] --START--
INFO: Run Behavior\ReadHtmlCacheBehavior [ RunTime:0.001009s ]
INFO: [ app_begin ] --END-- [ RunTime:0.001111s ]
NOTIC: [2] file_get_contents(): Unable to find the wrapper &quot;https&quot; - did you forget to enable it when you configured PHP? E:\wamp\www\jiangzipinpin\Application\Home\Controller\FontEndController.class.php 第 139 行.
NOTIC: [2] file_get_contents(https://api.weixin.qq.com/cgi-bin/token?grant_type=client_credential&amp;appid=wx6231a8932405bdaf&amp;secret=05406ab511f4d9bd46ac09982065b102): failed to open stream: No such file or directory E:\wamp\www\jiangzipinpin\Application\Home\Controller\FontEndController.class.php 第 139 行.
NOTIC: [2] unlink(../Application/Runtime/Temp/d86c828583c5c6160e8acfee88ba1590.php): No such file or directory E:\wamp\www\jiangzipinpin\ThinkPHP\Library\Think\Cache\Driver\File.class.php 第 157 行.
NOTIC: [2] file_get_contents(): Unable to find the wrapper &quot;https&quot; - did you forget to enable it when you configured PHP? E:\wamp\www\jiangzipinpin\Application\Home\Controller\FontEndController.class.php 第 147 行.
NOTIC: [2] file_get_contents(https://api.weixin.qq.com/cgi-bin/ticket/getticket?access_token=&amp;type=jsapi): failed to open stream: No such file or directory E:\wamp\www\jiangzipinpin\Application\Home\Controller\FontEndController.class.php 第 147 行.
NOTIC: [2] unlink(../Application/Runtime/Temp/e344c187b5ce3b018775638c2dc0c114.php): No such file or directory E:\wamp\www\jiangzipinpin\ThinkPHP\Library\Think\Cache\Driver\File.class.php 第 157 行.
NOTIC: [2] file_get_contents(): Unable to find the wrapper &quot;https&quot; - did you forget to enable it when you configured PHP? E:\wamp\www\jiangzipinpin\Application\Home\Controller\FontEndController.class.php 第 139 行.
NOTIC: [2] file_get_contents(https://api.weixin.qq.com/cgi-bin/token?grant_type=client_credential&amp;appid=wx6231a8932405bdaf&amp;secret=05406ab511f4d9bd46ac09982065b102): failed to open stream: No such file or directory E:\wamp\www\jiangzipinpin\Application\Home\Controller\FontEndController.class.php 第 139 行.
NOTIC: [2] unlink(../Application/Runtime/Temp/d86c828583c5c6160e8acfee88ba1590.php): No such file or directory E:\wamp\www\jiangzipinpin\ThinkPHP\Library\Think\Cache\Driver\File.class.php 第 157 行.
NOTIC: [2] file_get_contents(): Unable to find the wrapper &quot;https&quot; - did you forget to enable it when you configured PHP? E:\wamp\www\jiangzipinpin\Application\Home\Controller\FontEndController.class.php 第 147 行.
NOTIC: [2] file_get_contents(https://api.weixin.qq.com/cgi-bin/ticket/getticket?access_token=&amp;type=jsapi): failed to open stream: No such file or directory E:\wamp\www\jiangzipinpin\Application\Home\Controller\FontEndController.class.php 第 147 行.
NOTIC: [2] unlink(../Application/Runtime/Temp/e344c187b5ce3b018775638c2dc0c114.php): No such file or directory E:\wamp\www\jiangzipinpin\ThinkPHP\Library\Think\Cache\Driver\File.class.php 第 157 行.
SQL: SHOW COLUMNS FROM `m_admin_infor` [ RunTime:0.0060s ]
SQL: SELECT * FROM `m_admin_infor` WHERE ( id=1 ) LIMIT 1   [ RunTime:0.0003s ]
SQL: SELECT COUNT(*) AS tp_count FROM `m_order` WHERE ( user_id=90 and deleted=0 ) LIMIT 1   [ RunTime:0.0004s ]
SQL: SELECT COUNT(*) AS tp_count FROM `m_order` WHERE ( user_id=90 and pay_status=0 and deleted=0  and status<6 ) LIMIT 1   [ RunTime:0.0005s ]
SQL: SELECT COUNT(*) AS tp_count FROM `m_order` WHERE ( user_id=90 and pay_status=1 and (status=2 or (tuan_no=0 and status=1)) and deleted=0 ) LIMIT 1   [ RunTime:0.0003s ]
SQL: SELECT COUNT(*) AS tp_count FROM `m_order` WHERE ( user_id=90 and pay_status=1 and status=3 and deleted=0 ) LIMIT 1   [ RunTime:0.0003s ]
SQL: SELECT COUNT(*) AS tp_count FROM `m_order` WHERE ( user_id=90 and pay_status=1 and status=4 and deleted=0 ) LIMIT 1   [ RunTime:0.0003s ]
SQL: SELECT COUNT(*) AS tp_count FROM `m_order` WHERE ( user_id=90 and pay_status>1 and deleted=0 ) LIMIT 1   [ RunTime:0.0003s ]
NOTIC: [8] Use of undefined constant status_count - assumed 'status_count' E:\wamp\www\jiangzipinpin\Application\Home\Controller\OrderController.class.php 第 16 行.
NOTIC: [8] Use of undefined constant selected - assumed 'selected' E:\wamp\www\jiangzipinpin\Application\Home\Controller\OrderController.class.php 第 53 行.
SQL: SELECT COUNT(*) AS tp_count FROM `m_order` WHERE ( user_id=90 and pay_status=1 and (status=2 or (tuan_no=0 and status=1)) and deleted=0 ) LIMIT 1   [ RunTime:0.0004s ]
SQL: SHOW COLUMNS FROM `m_order` [ RunTime:0.0065s ]
SQL: SELECT t1.order_id,t1.order_no,t1.goods_id,t1.goods_name,t1.shop_name,t1.status,t1.pay_status,t1.updated,t2.goods_img,t1.price,t1.dues,t1.tuan_no,t1.tuan_number,t1.fenxiang FROM m_order t1,m_goods t2 WHERE ( t1.deleted=0 and t1.user_id=90 and t1.pay_status=1 and (t1.status=2 or (t1.tuan_no=0 and t1.status=1)) and t1.goods_id=t2.goods_id ) ORDER BY t1.created desc LIMIT 0,10   [ RunTime:0.0007s ]
INFO: [ view_parse ] --START--
INFO: [ template_filter ] --START--
INFO: Run Behavior\ContentReplaceBehavior [ RunTime:0.000190s ]
INFO: [ template_filter ] --END-- [ RunTime:0.000327s ]
INFO: Run Behavior\ParseTemplateBehavior [ RunTime:0.020051s ]
INFO: [ view_parse ] --END-- [ RunTime:0.020203s ]
INFO: [ view_filter ] --START--
INFO: Run Behavior\WriteHtmlCacheBehavior [ RunTime:0.000642s ]
INFO: Run Behavior\TokenBuildBehavior [ RunTime:0.001127s ]
INFO: [ view_filter ] --END-- [ RunTime:0.001899s ]
INFO: [ app_end ] --START--
INFO: Run Behavior\ShowPageTraceBehavior [ RunTime:0.001082s ]
INFO: [ app_end ] --END-- [ RunTime:0.001194s ]

[ 2016-09-30T23:51:00+08:00 ] 127.0.0.1 /Home/Order/index/status/daishouhuo.html
INFO: [ app_init ] --START--
INFO: Run Behavior\BuildLiteBehavior [ RunTime:0.000025s ]
INFO: [ app_init ] --END-- [ RunTime:0.000623s ]
INFO: [ app_begin ] --START--
INFO: Run Behavior\ReadHtmlCacheBehavior [ RunTime:0.000966s ]
INFO: [ app_begin ] --END-- [ RunTime:0.001071s ]
NOTIC: [2] file_get_contents(): Unable to find the wrapper &quot;https&quot; - did you forget to enable it when you configured PHP? E:\wamp\www\jiangzipinpin\Application\Home\Controller\FontEndController.class.php 第 139 行.
NOTIC: [2] file_get_contents(https://api.weixin.qq.com/cgi-bin/token?grant_type=client_credential&amp;appid=wx6231a8932405bdaf&amp;secret=05406ab511f4d9bd46ac09982065b102): failed to open stream: No such file or directory E:\wamp\www\jiangzipinpin\Application\Home\Controller\FontEndController.class.php 第 139 行.
NOTIC: [2] unlink(../Application/Runtime/Temp/d86c828583c5c6160e8acfee88ba1590.php): No such file or directory E:\wamp\www\jiangzipinpin\ThinkPHP\Library\Think\Cache\Driver\File.class.php 第 157 行.
NOTIC: [2] file_get_contents(): Unable to find the wrapper &quot;https&quot; - did you forget to enable it when you configured PHP? E:\wamp\www\jiangzipinpin\Application\Home\Controller\FontEndController.class.php 第 147 行.
NOTIC: [2] file_get_contents(https://api.weixin.qq.com/cgi-bin/ticket/getticket?access_token=&amp;type=jsapi): failed to open stream: No such file or directory E:\wamp\www\jiangzipinpin\Application\Home\Controller\FontEndController.class.php 第 147 行.
NOTIC: [2] unlink(../Application/Runtime/Temp/e344c187b5ce3b018775638c2dc0c114.php): No such file or directory E:\wamp\www\jiangzipinpin\ThinkPHP\Library\Think\Cache\Driver\File.class.php 第 157 行.
NOTIC: [2] file_get_contents(): Unable to find the wrapper &quot;https&quot; - did you forget to enable it when you configured PHP? E:\wamp\www\jiangzipinpin\Application\Home\Controller\FontEndController.class.php 第 139 行.
NOTIC: [2] file_get_contents(https://api.weixin.qq.com/cgi-bin/token?grant_type=client_credential&amp;appid=wx6231a8932405bdaf&amp;secret=05406ab511f4d9bd46ac09982065b102): failed to open stream: No such file or directory E:\wamp\www\jiangzipinpin\Application\Home\Controller\FontEndController.class.php 第 139 行.
NOTIC: [2] unlink(../Application/Runtime/Temp/d86c828583c5c6160e8acfee88ba1590.php): No such file or directory E:\wamp\www\jiangzipinpin\ThinkPHP\Library\Think\Cache\Driver\File.class.php 第 157 行.
NOTIC: [2] file_get_contents(): Unable to find the wrapper &quot;https&quot; - did you forget to enable it when you configured PHP? E:\wamp\www\jiangzipinpin\Application\Home\Controller\FontEndController.class.php 第 147 行.
NOTIC: [2] file_get_contents(https://api.weixin.qq.com/cgi-bin/ticket/getticket?access_token=&amp;type=jsapi): failed to open stream: No such file or directory E:\wamp\www\jiangzipinpin\Application\Home\Controller\FontEndController.class.php 第 147 行.
NOTIC: [2] unlink(../Application/Runtime/Temp/e344c187b5ce3b018775638c2dc0c114.php): No such file or directory E:\wamp\www\jiangzipinpin\ThinkPHP\Library\Think\Cache\Driver\File.class.php 第 157 行.
SQL: SHOW COLUMNS FROM `m_admin_infor` [ RunTime:0.0057s ]
SQL: SELECT * FROM `m_admin_infor` WHERE ( id=1 ) LIMIT 1   [ RunTime:0.0003s ]
SQL: SELECT COUNT(*) AS tp_count FROM `m_order` WHERE ( user_id=90 and deleted=0 ) LIMIT 1   [ RunTime:0.0004s ]
SQL: SELECT COUNT(*) AS tp_count FROM `m_order` WHERE ( user_id=90 and pay_status=0 and deleted=0  and status<6 ) LIMIT 1   [ RunTime:0.0003s ]
SQL: SELECT COUNT(*) AS tp_count FROM `m_order` WHERE ( user_id=90 and pay_status=1 and (status=2 or (tuan_no=0 and status=1)) and deleted=0 ) LIMIT 1   [ RunTime:0.0003s ]
SQL: SELECT COUNT(*) AS tp_count FROM `m_order` WHERE ( user_id=90 and pay_status=1 and status=3 and deleted=0 ) LIMIT 1   [ RunTime:0.0004s ]
SQL: SELECT COUNT(*) AS tp_count FROM `m_order` WHERE ( user_id=90 and pay_status=1 and status=4 and deleted=0 ) LIMIT 1   [ RunTime:0.0003s ]
SQL: SELECT COUNT(*) AS tp_count FROM `m_order` WHERE ( user_id=90 and pay_status>1 and deleted=0 ) LIMIT 1   [ RunTime:0.0003s ]
NOTIC: [8] Use of undefined constant status_count - assumed 'status_count' E:\wamp\www\jiangzipinpin\Application\Home\Controller\OrderController.class.php 第 16 行.
NOTIC: [8] Use of undefined constant selected - assumed 'selected' E:\wamp\www\jiangzipinpin\Application\Home\Controller\OrderController.class.php 第 62 行.
SQL: SELECT COUNT(*) AS tp_count FROM `m_order` WHERE ( user_id=90 and pay_status=1 and status=3 and deleted=0 ) LIMIT 1   [ RunTime:0.0003s ]
SQL: SHOW COLUMNS FROM `m_order` [ RunTime:0.0062s ]
SQL: SELECT t1.order_id,t1.order_no,t1.goods_id,t1.goods_name,t1.shop_name,t1.status,t1.pay_status,t1.updated,t2.goods_img,t1.price,t1.dues,t1.tuan_no,t1.tuan_number,t1.fenxiang FROM m_order t1,m_goods t2 WHERE ( t1.deleted=0 and t1.user_id=90 and t1.pay_status=1 and t1.status=3 and t1.goods_id=t2.goods_id ) ORDER BY t1.created desc LIMIT 0,10   [ RunTime:0.0006s ]
INFO: [ view_parse ] --START--
INFO: [ template_filter ] --START--
INFO: Run Behavior\ContentReplaceBehavior [ RunTime:0.000195s ]
INFO: [ template_filter ] --END-- [ RunTime:0.000292s ]
INFO: Run Behavior\ParseTemplateBehavior [ RunTime:0.021133s ]
INFO: [ view_parse ] --END-- [ RunTime:0.021243s ]
INFO: [ view_filter ] --START--
INFO: Run Behavior\WriteHtmlCacheBehavior [ RunTime:0.000619s ]
INFO: Run Behavior\TokenBuildBehavior [ RunTime:0.001197s ]
INFO: [ view_filter ] --END-- [ RunTime:0.001962s ]
INFO: [ app_end ] --START--
INFO: Run Behavior\ShowPageTraceBehavior [ RunTime:0.001042s ]
INFO: [ app_end ] --END-- [ RunTime:0.001141s ]

