[ 2016-09-08T01:18:18+08:00 ] 127.0.0.1 /Home/Member/xuanze_address_manage
INFO: [ app_init ] --START--
INFO: Run Behavior\BuildLiteBehavior [ RunTime:0.000051s ]
INFO: [ app_init ] --END-- [ RunTime:0.001163s ]
INFO: [ app_begin ] --START--
INFO: Run Behavior\ReadHtmlCacheBehavior [ RunTime:0.001384s ]
INFO: [ app_begin ] --END-- [ RunTime:0.001495s ]
NOTIC: [2] file_get_contents(): Unable to find the wrapper &quot;https&quot; - did you forget to enable it when you configured PHP? E:\wamp\www\jiangzipinpin\Application\Home\Controller\FontEndController.class.php 第 139 行.
NOTIC: [2] file_get_contents(https://api.weixin.qq.com/cgi-bin/token?grant_type=client_credential&amp;appid=wx6231a8932405bdaf&amp;secret=05406ab511f4d9bd46ac09982065b102): failed to open stream: No such file or directory E:\wamp\www\jiangzipinpin\Application\Home\Controller\FontEndController.class.php 第 139 行.
NOTIC: [2] unlink(../Application/Runtime/Temp/d86c828583c5c6160e8acfee88ba1590.php): No such file or directory E:\wamp\www\jiangzipinpin\ThinkPHP\Library\Think\Cache\Driver\File.class.php 第 157 行.
NOTIC: [2] file_get_contents(): Unable to find the wrapper &quot;https&quot; - did you forget to enable it when you configured PHP? E:\wamp\www\jiangzipinpin\Application\Home\Controller\FontEndController.class.php 第 147 行.
NOTIC: [2] file_get_contents(https://api.weixin.qq.com/cgi-bin/ticket/getticket?access_token=&amp;type=jsapi): failed to open stream: No such file or directory E:\wamp\www\jiangzipinpin\Application\Home\Controller\FontEndController.class.php 第 147 行.
NOTIC: [2] unlink(../Application/Runtime/Temp/e344c187b5ce3b018775638c2dc0c114.php): No such file or directory E:\wamp\www\jiangzipinpin\ThinkPHP\Library\Think\Cache\Driver\File.class.php 第 157 行.
NOTIC: [2] file_get_contents(): Unable to find the wrapper &quot;https&quot; - did you forget to enable it when you configured PHP? E:\wamp\www\jiangzipinpin\Application\Home\Controller\FontEndController.class.php 第 139 行.
NOTIC: [2] file_get_contents(https://api.weixin.qq.com/cgi-bin/token?grant_type=client_credential&amp;appid=wx6231a8932405bdaf&amp;secret=05406ab511f4d9bd46ac09982065b102): failed to open stream: No such file or directory E:\wamp\www\jiangzipinpin\Application\Home\Controller\FontEndController.class.php 第 139 行.
NOTIC: [2] unlink(../Application/Runtime/Temp/d86c828583c5c6160e8acfee88ba1590.php): No such file or directory E:\wamp\www\jiangzipinpin\ThinkPHP\Library\Think\Cache\Driver\File.class.php 第 157 行.
NOTIC: [2] file_get_contents(): Unable to find the wrapper &quot;https&quot; - did you forget to enable it when you configured PHP? E:\wamp\www\jiangzipinpin\Application\Home\Controller\FontEndController.class.php 第 147 行.
NOTIC: [2] file_get_contents(https://api.weixin.qq.com/cgi-bin/ticket/getticket?access_token=&amp;type=jsapi): failed to open stream: No such file or directory E:\wamp\www\jiangzipinpin\Application\Home\Controller\FontEndController.class.php 第 147 行.
NOTIC: [2] unlink(../Application/Runtime/Temp/e344c187b5ce3b018775638c2dc0c114.php): No such file or directory E:\wamp\www\jiangzipinpin\ThinkPHP\Library\Think\Cache\Driver\File.class.php 第 157 行.
SQL: SHOW COLUMNS FROM `m_admin_infor` [ RunTime:0.0407s ]
SQL: SELECT * FROM `m_admin_infor` WHERE ( id=1 ) LIMIT 1   [ RunTime:0.0024s ]
INFO: [ app_end ] --START--
INFO: Run Behavior\ShowPageTraceBehavior [ RunTime:0.001497s ]
INFO: [ app_end ] --END-- [ RunTime:0.001622s ]

[ 2016-09-08T01:18:20+08:00 ] 127.0.0.1 /Home/Member/xuanze_address_manage
INFO: [ app_init ] --START--
INFO: Run Behavior\BuildLiteBehavior [ RunTime:0.000024s ]
INFO: [ app_init ] --END-- [ RunTime:0.000607s ]
INFO: [ app_begin ] --START--
INFO: Run Behavior\ReadHtmlCacheBehavior [ RunTime:0.000681s ]
INFO: [ app_begin ] --END-- [ RunTime:0.000781s ]
NOTIC: [2] file_get_contents(): Unable to find the wrapper &quot;https&quot; - did you forget to enable it when you configured PHP? E:\wamp\www\jiangzipinpin\Application\Home\Controller\FontEndController.class.php 第 139 行.
NOTIC: [2] file_get_contents(https://api.weixin.qq.com/cgi-bin/token?grant_type=client_credential&amp;appid=wx6231a8932405bdaf&amp;secret=05406ab511f4d9bd46ac09982065b102): failed to open stream: No such file or directory E:\wamp\www\jiangzipinpin\Application\Home\Controller\FontEndController.class.php 第 139 行.
NOTIC: [2] unlink(../Application/Runtime/Temp/d86c828583c5c6160e8acfee88ba1590.php): No such file or directory E:\wamp\www\jiangzipinpin\ThinkPHP\Library\Think\Cache\Driver\File.class.php 第 157 行.
NOTIC: [2] file_get_contents(): Unable to find the wrapper &quot;https&quot; - did you forget to enable it when you configured PHP? E:\wamp\www\jiangzipinpin\Application\Home\Controller\FontEndController.class.php 第 147 行.
NOTIC: [2] file_get_contents(https://api.weixin.qq.com/cgi-bin/ticket/getticket?access_token=&amp;type=jsapi): failed to open stream: No such file or directory E:\wamp\www\jiangzipinpin\Application\Home\Controller\FontEndController.class.php 第 147 行.
NOTIC: [2] unlink(../Application/Runtime/Temp/e344c187b5ce3b018775638c2dc0c114.php): No such file or directory E:\wamp\www\jiangzipinpin\ThinkPHP\Library\Think\Cache\Driver\File.class.php 第 157 行.
NOTIC: [2] file_get_contents(): Unable to find the wrapper &quot;https&quot; - did you forget to enable it when you configured PHP? E:\wamp\www\jiangzipinpin\Application\Home\Controller\FontEndController.class.php 第 139 行.
NOTIC: [2] file_get_contents(https://api.weixin.qq.com/cgi-bin/token?grant_type=client_credential&amp;appid=wx6231a8932405bdaf&amp;secret=05406ab511f4d9bd46ac09982065b102): failed to open stream: No such file or directory E:\wamp\www\jiangzipinpin\Application\Home\Controller\FontEndController.class.php 第 139 行.
NOTIC: [2] unlink(../Application/Runtime/Temp/d86c828583c5c6160e8acfee88ba1590.php): No such file or directory E:\wamp\www\jiangzipinpin\ThinkPHP\Library\Think\Cache\Driver\File.class.php 第 157 行.
NOTIC: [2] file_get_contents(): Unable to find the wrapper &quot;https&quot; - did you forget to enable it when you configured PHP? E:\wamp\www\jiangzipinpin\Application\Home\Controller\FontEndController.class.php 第 147 行.
NOTIC: [2] file_get_contents(https://api.weixin.qq.com/cgi-bin/ticket/getticket?access_token=&amp;type=jsapi): failed to open stream: No such file or directory E:\wamp\www\jiangzipinpin\Application\Home\Controller\FontEndController.class.php 第 147 行.
NOTIC: [2] unlink(../Application/Runtime/Temp/e344c187b5ce3b018775638c2dc0c114.php): No such file or directory E:\wamp\www\jiangzipinpin\ThinkPHP\Library\Think\Cache\Driver\File.class.php 第 157 行.
SQL: SHOW COLUMNS FROM `m_admin_infor` [ RunTime:0.0094s ]
SQL: SELECT * FROM `m_admin_infor` WHERE ( id=1 ) LIMIT 1   [ RunTime:0.0004s ]
INFO: [ app_end ] --START--
INFO: Run Behavior\ShowPageTraceBehavior [ RunTime:0.001642s ]
INFO: [ app_end ] --END-- [ RunTime:0.001802s ]

