[ 2016-10-08T23:57:21+08:00 ] 127.0.0.1 /Home/Index/get_new_order
INFO: [ app_init ] --START--
INFO: Run Behavior\BuildLiteBehavior [ RunTime:0.000024s ]
INFO: [ app_init ] --END-- [ RunTime:0.000603s ]
INFO: [ app_begin ] --START--
INFO: Run Behavior\ReadHtmlCacheBehavior [ RunTime:0.000867s ]
INFO: [ app_begin ] --END-- [ RunTime:0.000942s ]
NOTIC: [2] file_get_contents(): Unable to find the wrapper &quot;https&quot; - did you forget to enable it when you configured PHP? E:\wamp\www\jiangzipinpin\Application\Home\Controller\FontEndController.class.php 第 139 行.
NOTIC: [2] file_get_contents(https://api.weixin.qq.com/cgi-bin/token?grant_type=client_credential&amp;appid=wx6231a8932405bdaf&amp;secret=05406ab511f4d9bd46ac09982065b102): failed to open stream: No such file or directory E:\wamp\www\jiangzipinpin\Application\Home\Controller\FontEndController.class.php 第 139 行.
NOTIC: [2] unlink(../Application/Runtime/Temp/d86c828583c5c6160e8acfee88ba1590.php): No such file or directory E:\wamp\www\jiangzipinpin\ThinkPHP\Library\Think\Cache\Driver\File.class.php 第 157 行.
NOTIC: [2] file_get_contents(): Unable to find the wrapper &quot;https&quot; - did you forget to enable it when you configured PHP? E:\wamp\www\jiangzipinpin\Application\Home\Controller\FontEndController.class.php 第 147 行.
NOTIC: [2] file_get_contents(https://api.weixin.qq.com/cgi-bin/ticket/getticket?access_token=&amp;type=jsapi): failed to open stream: No such file or directory E:\wamp\www\jiangzipinpin\Application\Home\Controller\FontEndController.class.php 第 147 行.
NOTIC: [2] unlink(../Application/Runtime/Temp/e344c187b5ce3b018775638c2dc0c114.php): No such file or directory E:\wamp\www\jiangzipinpin\ThinkPHP\Library\Think\Cache\Driver\File.class.php 第 157 行.
NOTIC: [2] file_get_contents(): Unable to find the wrapper &quot;https&quot; - did you forget to enable it when you configured PHP? E:\wamp\www\jiangzipinpin\Application\Home\Controller\FontEndController.class.php 第 139 行.
NOTIC: [2] file_get_contents(https://api.weixin.qq.com/cgi-bin/token?grant_type=client_credential&amp;appid=wx6231a8932405bdaf&amp;secret=05406ab511f4d9bd46ac09982065b102): failed to open stream: No such file or directory E:\wamp\www\jiangzipinpin\Application\Home\Controller\FontEndController.class.php 第 139 行.
NOTIC: [2] unlink(../Application/Runtime/Temp/d86c828583c5c6160e8acfee88ba1590.php): No such file or directory E:\wamp\www\jiangzipinpin\ThinkPHP\Library\Think\Cache\Driver\File.class.php 第 157 行.
NOTIC: [2] file_get_contents(): Unable to find the wrapper &quot;https&quot; - did you forget to enable it when you configured PHP? E:\wamp\www\jiangzipinpin\Application\Home\Controller\FontEndController.class.php 第 147 行.
NOTIC: [2] file_get_contents(https://api.weixin.qq.com/cgi-bin/ticket/getticket?access_token=&amp;type=jsapi): failed to open stream: No such file or directory E:\wamp\www\jiangzipinpin\Application\Home\Controller\FontEndController.class.php 第 147 行.
NOTIC: [2] unlink(../Application/Runtime/Temp/e344c187b5ce3b018775638c2dc0c114.php): No such file or directory E:\wamp\www\jiangzipinpin\ThinkPHP\Library\Think\Cache\Driver\File.class.php 第 157 行.
SQL: SHOW COLUMNS FROM `m_admin_infor` [ RunTime:0.0225s ]
SQL: SELECT * FROM `m_admin_infor` WHERE ( id=1 ) LIMIT 1   [ RunTime:0.0003s ]
SQL: SELECT `order_id`,`user_id`,`created`,`order_address` FROM `m_order` WHERE ( order_id>738 ) ORDER BY order_id desc LIMIT 6   [ RunTime:0.0004s ]
NOTIC: [8] Undefined offset: 0 E:\wamp\www\jiangzipinpin\Application\Home\Controller\IndexController.class.php 第 192 行.

[ 2016-10-08T23:57:30+08:00 ] 127.0.0.1 /Home/Index/get_new_order
INFO: [ app_init ] --START--
INFO: Run Behavior\BuildLiteBehavior [ RunTime:0.000023s ]
INFO: [ app_init ] --END-- [ RunTime:0.000595s ]
INFO: [ app_begin ] --START--
INFO: Run Behavior\ReadHtmlCacheBehavior [ RunTime:0.000750s ]
INFO: [ app_begin ] --END-- [ RunTime:0.000825s ]
NOTIC: [2] file_get_contents(): Unable to find the wrapper &quot;https&quot; - did you forget to enable it when you configured PHP? E:\wamp\www\jiangzipinpin\Application\Home\Controller\FontEndController.class.php 第 139 行.
NOTIC: [2] file_get_contents(https://api.weixin.qq.com/cgi-bin/token?grant_type=client_credential&amp;appid=wx6231a8932405bdaf&amp;secret=05406ab511f4d9bd46ac09982065b102): failed to open stream: No such file or directory E:\wamp\www\jiangzipinpin\Application\Home\Controller\FontEndController.class.php 第 139 行.
NOTIC: [2] unlink(../Application/Runtime/Temp/d86c828583c5c6160e8acfee88ba1590.php): No such file or directory E:\wamp\www\jiangzipinpin\ThinkPHP\Library\Think\Cache\Driver\File.class.php 第 157 行.
NOTIC: [2] file_get_contents(): Unable to find the wrapper &quot;https&quot; - did you forget to enable it when you configured PHP? E:\wamp\www\jiangzipinpin\Application\Home\Controller\FontEndController.class.php 第 147 行.
NOTIC: [2] file_get_contents(https://api.weixin.qq.com/cgi-bin/ticket/getticket?access_token=&amp;type=jsapi): failed to open stream: No such file or directory E:\wamp\www\jiangzipinpin\Application\Home\Controller\FontEndController.class.php 第 147 行.
NOTIC: [2] unlink(../Application/Runtime/Temp/e344c187b5ce3b018775638c2dc0c114.php): No such file or directory E:\wamp\www\jiangzipinpin\ThinkPHP\Library\Think\Cache\Driver\File.class.php 第 157 行.
NOTIC: [2] file_get_contents(): Unable to find the wrapper &quot;https&quot; - did you forget to enable it when you configured PHP? E:\wamp\www\jiangzipinpin\Application\Home\Controller\FontEndController.class.php 第 139 行.
NOTIC: [2] file_get_contents(https://api.weixin.qq.com/cgi-bin/token?grant_type=client_credential&amp;appid=wx6231a8932405bdaf&amp;secret=05406ab511f4d9bd46ac09982065b102): failed to open stream: No such file or directory E:\wamp\www\jiangzipinpin\Application\Home\Controller\FontEndController.class.php 第 139 行.
NOTIC: [2] unlink(../Application/Runtime/Temp/d86c828583c5c6160e8acfee88ba1590.php): No such file or directory E:\wamp\www\jiangzipinpin\ThinkPHP\Library\Think\Cache\Driver\File.class.php 第 157 行.
NOTIC: [2] file_get_contents(): Unable to find the wrapper &quot;https&quot; - did you forget to enable it when you configured PHP? E:\wamp\www\jiangzipinpin\Application\Home\Controller\FontEndController.class.php 第 147 行.
NOTIC: [2] file_get_contents(https://api.weixin.qq.com/cgi-bin/ticket/getticket?access_token=&amp;type=jsapi): failed to open stream: No such file or directory E:\wamp\www\jiangzipinpin\Application\Home\Controller\FontEndController.class.php 第 147 行.
NOTIC: [2] unlink(../Application/Runtime/Temp/e344c187b5ce3b018775638c2dc0c114.php): No such file or directory E:\wamp\www\jiangzipinpin\ThinkPHP\Library\Think\Cache\Driver\File.class.php 第 157 行.
SQL: SHOW COLUMNS FROM `m_admin_infor` [ RunTime:0.0067s ]
SQL: SELECT * FROM `m_admin_infor` WHERE ( id=1 ) LIMIT 1   [ RunTime:0.0004s ]
SQL: SELECT `order_id`,`user_id`,`created`,`order_address` FROM `m_order` WHERE ( order_id>738 ) ORDER BY order_id desc LIMIT 6   [ RunTime:0.0005s ]
NOTIC: [8] Undefined offset: 0 E:\wamp\www\jiangzipinpin\Application\Home\Controller\IndexController.class.php 第 192 行.

[ 2016-10-08T23:57:40+08:00 ] 127.0.0.1 /Home/Index/get_new_order
INFO: [ app_init ] --START--
INFO: Run Behavior\BuildLiteBehavior [ RunTime:0.000028s ]
INFO: [ app_init ] --END-- [ RunTime:0.001258s ]
INFO: [ app_begin ] --START--
INFO: Run Behavior\ReadHtmlCacheBehavior [ RunTime:0.000775s ]
INFO: [ app_begin ] --END-- [ RunTime:0.000876s ]
NOTIC: [2] file_get_contents(): Unable to find the wrapper &quot;https&quot; - did you forget to enable it when you configured PHP? E:\wamp\www\jiangzipinpin\Application\Home\Controller\FontEndController.class.php 第 139 行.
NOTIC: [2] file_get_contents(https://api.weixin.qq.com/cgi-bin/token?grant_type=client_credential&amp;appid=wx6231a8932405bdaf&amp;secret=05406ab511f4d9bd46ac09982065b102): failed to open stream: No such file or directory E:\wamp\www\jiangzipinpin\Application\Home\Controller\FontEndController.class.php 第 139 行.
NOTIC: [2] unlink(../Application/Runtime/Temp/d86c828583c5c6160e8acfee88ba1590.php): No such file or directory E:\wamp\www\jiangzipinpin\ThinkPHP\Library\Think\Cache\Driver\File.class.php 第 157 行.
NOTIC: [2] file_get_contents(): Unable to find the wrapper &quot;https&quot; - did you forget to enable it when you configured PHP? E:\wamp\www\jiangzipinpin\Application\Home\Controller\FontEndController.class.php 第 147 行.
NOTIC: [2] file_get_contents(https://api.weixin.qq.com/cgi-bin/ticket/getticket?access_token=&amp;type=jsapi): failed to open stream: No such file or directory E:\wamp\www\jiangzipinpin\Application\Home\Controller\FontEndController.class.php 第 147 行.
NOTIC: [2] unlink(../Application/Runtime/Temp/e344c187b5ce3b018775638c2dc0c114.php): No such file or directory E:\wamp\www\jiangzipinpin\ThinkPHP\Library\Think\Cache\Driver\File.class.php 第 157 行.
NOTIC: [2] file_get_contents(): Unable to find the wrapper &quot;https&quot; - did you forget to enable it when you configured PHP? E:\wamp\www\jiangzipinpin\Application\Home\Controller\FontEndController.class.php 第 139 行.
NOTIC: [2] file_get_contents(https://api.weixin.qq.com/cgi-bin/token?grant_type=client_credential&amp;appid=wx6231a8932405bdaf&amp;secret=05406ab511f4d9bd46ac09982065b102): failed to open stream: No such file or directory E:\wamp\www\jiangzipinpin\Application\Home\Controller\FontEndController.class.php 第 139 行.
NOTIC: [2] unlink(../Application/Runtime/Temp/d86c828583c5c6160e8acfee88ba1590.php): No such file or directory E:\wamp\www\jiangzipinpin\ThinkPHP\Library\Think\Cache\Driver\File.class.php 第 157 行.
NOTIC: [2] file_get_contents(): Unable to find the wrapper &quot;https&quot; - did you forget to enable it when you configured PHP? E:\wamp\www\jiangzipinpin\Application\Home\Controller\FontEndController.class.php 第 147 行.
NOTIC: [2] file_get_contents(https://api.weixin.qq.com/cgi-bin/ticket/getticket?access_token=&amp;type=jsapi): failed to open stream: No such file or directory E:\wamp\www\jiangzipinpin\Application\Home\Controller\FontEndController.class.php 第 147 行.
NOTIC: [2] unlink(../Application/Runtime/Temp/e344c187b5ce3b018775638c2dc0c114.php): No such file or directory E:\wamp\www\jiangzipinpin\ThinkPHP\Library\Think\Cache\Driver\File.class.php 第 157 行.
SQL: SHOW COLUMNS FROM `m_admin_infor` [ RunTime:0.0061s ]
SQL: SELECT * FROM `m_admin_infor` WHERE ( id=1 ) LIMIT 1   [ RunTime:0.0003s ]
SQL: SELECT `order_id`,`user_id`,`created`,`order_address` FROM `m_order` WHERE ( order_id>738 ) ORDER BY order_id desc LIMIT 6   [ RunTime:0.0003s ]
NOTIC: [8] Undefined offset: 0 E:\wamp\www\jiangzipinpin\Application\Home\Controller\IndexController.class.php 第 192 行.

[ 2016-10-08T23:57:50+08:00 ] 127.0.0.1 /Home/Index/get_new_order
INFO: [ app_init ] --START--
INFO: Run Behavior\BuildLiteBehavior [ RunTime:0.000023s ]
INFO: [ app_init ] --END-- [ RunTime:0.000575s ]
INFO: [ app_begin ] --START--
INFO: Run Behavior\ReadHtmlCacheBehavior [ RunTime:0.000688s ]
INFO: [ app_begin ] --END-- [ RunTime:0.000772s ]
NOTIC: [2] file_get_contents(): Unable to find the wrapper &quot;https&quot; - did you forget to enable it when you configured PHP? E:\wamp\www\jiangzipinpin\Application\Home\Controller\FontEndController.class.php 第 139 行.
NOTIC: [2] file_get_contents(https://api.weixin.qq.com/cgi-bin/token?grant_type=client_credential&amp;appid=wx6231a8932405bdaf&amp;secret=05406ab511f4d9bd46ac09982065b102): failed to open stream: No such file or directory E:\wamp\www\jiangzipinpin\Application\Home\Controller\FontEndController.class.php 第 139 行.
NOTIC: [2] unlink(../Application/Runtime/Temp/d86c828583c5c6160e8acfee88ba1590.php): No such file or directory E:\wamp\www\jiangzipinpin\ThinkPHP\Library\Think\Cache\Driver\File.class.php 第 157 行.
NOTIC: [2] file_get_contents(): Unable to find the wrapper &quot;https&quot; - did you forget to enable it when you configured PHP? E:\wamp\www\jiangzipinpin\Application\Home\Controller\FontEndController.class.php 第 147 行.
NOTIC: [2] file_get_contents(https://api.weixin.qq.com/cgi-bin/ticket/getticket?access_token=&amp;type=jsapi): failed to open stream: No such file or directory E:\wamp\www\jiangzipinpin\Application\Home\Controller\FontEndController.class.php 第 147 行.
NOTIC: [2] unlink(../Application/Runtime/Temp/e344c187b5ce3b018775638c2dc0c114.php): No such file or directory E:\wamp\www\jiangzipinpin\ThinkPHP\Library\Think\Cache\Driver\File.class.php 第 157 行.
NOTIC: [2] file_get_contents(): Unable to find the wrapper &quot;https&quot; - did you forget to enable it when you configured PHP? E:\wamp\www\jiangzipinpin\Application\Home\Controller\FontEndController.class.php 第 139 行.
NOTIC: [2] file_get_contents(https://api.weixin.qq.com/cgi-bin/token?grant_type=client_credential&amp;appid=wx6231a8932405bdaf&amp;secret=05406ab511f4d9bd46ac09982065b102): failed to open stream: No such file or directory E:\wamp\www\jiangzipinpin\Application\Home\Controller\FontEndController.class.php 第 139 行.
NOTIC: [2] unlink(../Application/Runtime/Temp/d86c828583c5c6160e8acfee88ba1590.php): No such file or directory E:\wamp\www\jiangzipinpin\ThinkPHP\Library\Think\Cache\Driver\File.class.php 第 157 行.
NOTIC: [2] file_get_contents(): Unable to find the wrapper &quot;https&quot; - did you forget to enable it when you configured PHP? E:\wamp\www\jiangzipinpin\Application\Home\Controller\FontEndController.class.php 第 147 行.
NOTIC: [2] file_get_contents(https://api.weixin.qq.com/cgi-bin/ticket/getticket?access_token=&amp;type=jsapi): failed to open stream: No such file or directory E:\wamp\www\jiangzipinpin\Application\Home\Controller\FontEndController.class.php 第 147 行.
NOTIC: [2] unlink(../Application/Runtime/Temp/e344c187b5ce3b018775638c2dc0c114.php): No such file or directory E:\wamp\www\jiangzipinpin\ThinkPHP\Library\Think\Cache\Driver\File.class.php 第 157 行.
SQL: SHOW COLUMNS FROM `m_admin_infor` [ RunTime:0.0061s ]
SQL: SELECT * FROM `m_admin_infor` WHERE ( id=1 ) LIMIT 1   [ RunTime:0.0003s ]
SQL: SELECT `order_id`,`user_id`,`created`,`order_address` FROM `m_order` WHERE ( order_id>738 ) ORDER BY order_id desc LIMIT 6   [ RunTime:0.0003s ]
NOTIC: [8] Undefined offset: 0 E:\wamp\www\jiangzipinpin\Application\Home\Controller\IndexController.class.php 第 192 行.

[ 2016-10-08T23:58:00+08:00 ] 127.0.0.1 /Home/Index/get_new_order
INFO: [ app_init ] --START--
INFO: Run Behavior\BuildLiteBehavior [ RunTime:0.000034s ]
INFO: [ app_init ] --END-- [ RunTime:0.000603s ]
INFO: [ app_begin ] --START--
INFO: Run Behavior\ReadHtmlCacheBehavior [ RunTime:0.000673s ]
INFO: [ app_begin ] --END-- [ RunTime:0.000748s ]
NOTIC: [2] file_get_contents(): Unable to find the wrapper &quot;https&quot; - did you forget to enable it when you configured PHP? E:\wamp\www\jiangzipinpin\Application\Home\Controller\FontEndController.class.php 第 139 行.
NOTIC: [2] file_get_contents(https://api.weixin.qq.com/cgi-bin/token?grant_type=client_credential&amp;appid=wx6231a8932405bdaf&amp;secret=05406ab511f4d9bd46ac09982065b102): failed to open stream: No such file or directory E:\wamp\www\jiangzipinpin\Application\Home\Controller\FontEndController.class.php 第 139 行.
NOTIC: [2] unlink(../Application/Runtime/Temp/d86c828583c5c6160e8acfee88ba1590.php): No such file or directory E:\wamp\www\jiangzipinpin\ThinkPHP\Library\Think\Cache\Driver\File.class.php 第 157 行.
NOTIC: [2] file_get_contents(): Unable to find the wrapper &quot;https&quot; - did you forget to enable it when you configured PHP? E:\wamp\www\jiangzipinpin\Application\Home\Controller\FontEndController.class.php 第 147 行.
NOTIC: [2] file_get_contents(https://api.weixin.qq.com/cgi-bin/ticket/getticket?access_token=&amp;type=jsapi): failed to open stream: No such file or directory E:\wamp\www\jiangzipinpin\Application\Home\Controller\FontEndController.class.php 第 147 行.
NOTIC: [2] unlink(../Application/Runtime/Temp/e344c187b5ce3b018775638c2dc0c114.php): No such file or directory E:\wamp\www\jiangzipinpin\ThinkPHP\Library\Think\Cache\Driver\File.class.php 第 157 行.
NOTIC: [2] file_get_contents(): Unable to find the wrapper &quot;https&quot; - did you forget to enable it when you configured PHP? E:\wamp\www\jiangzipinpin\Application\Home\Controller\FontEndController.class.php 第 139 行.
NOTIC: [2] file_get_contents(https://api.weixin.qq.com/cgi-bin/token?grant_type=client_credential&amp;appid=wx6231a8932405bdaf&amp;secret=05406ab511f4d9bd46ac09982065b102): failed to open stream: No such file or directory E:\wamp\www\jiangzipinpin\Application\Home\Controller\FontEndController.class.php 第 139 行.
NOTIC: [2] unlink(../Application/Runtime/Temp/d86c828583c5c6160e8acfee88ba1590.php): No such file or directory E:\wamp\www\jiangzipinpin\ThinkPHP\Library\Think\Cache\Driver\File.class.php 第 157 行.
NOTIC: [2] file_get_contents(): Unable to find the wrapper &quot;https&quot; - did you forget to enable it when you configured PHP? E:\wamp\www\jiangzipinpin\Application\Home\Controller\FontEndController.class.php 第 147 行.
NOTIC: [2] file_get_contents(https://api.weixin.qq.com/cgi-bin/ticket/getticket?access_token=&amp;type=jsapi): failed to open stream: No such file or directory E:\wamp\www\jiangzipinpin\Application\Home\Controller\FontEndController.class.php 第 147 行.
NOTIC: [2] unlink(../Application/Runtime/Temp/e344c187b5ce3b018775638c2dc0c114.php): No such file or directory E:\wamp\www\jiangzipinpin\ThinkPHP\Library\Think\Cache\Driver\File.class.php 第 157 行.
SQL: SHOW COLUMNS FROM `m_admin_infor` [ RunTime:0.0188s ]
SQL: SELECT * FROM `m_admin_infor` WHERE ( id=1 ) LIMIT 1   [ RunTime:0.0003s ]
SQL: SELECT `order_id`,`user_id`,`created`,`order_address` FROM `m_order` WHERE ( order_id>738 ) ORDER BY order_id desc LIMIT 6   [ RunTime:0.0004s ]
NOTIC: [8] Undefined offset: 0 E:\wamp\www\jiangzipinpin\Application\Home\Controller\IndexController.class.php 第 192 行.

[ 2016-10-08T23:58:10+08:00 ] 127.0.0.1 /Home/Index/get_new_order
INFO: [ app_init ] --START--
INFO: Run Behavior\BuildLiteBehavior [ RunTime:0.000023s ]
INFO: [ app_init ] --END-- [ RunTime:0.000576s ]
INFO: [ app_begin ] --START--
INFO: Run Behavior\ReadHtmlCacheBehavior [ RunTime:0.000669s ]
INFO: [ app_begin ] --END-- [ RunTime:0.000743s ]
NOTIC: [2] file_get_contents(): Unable to find the wrapper &quot;https&quot; - did you forget to enable it when you configured PHP? E:\wamp\www\jiangzipinpin\Application\Home\Controller\FontEndController.class.php 第 139 行.
NOTIC: [2] file_get_contents(https://api.weixin.qq.com/cgi-bin/token?grant_type=client_credential&amp;appid=wx6231a8932405bdaf&amp;secret=05406ab511f4d9bd46ac09982065b102): failed to open stream: No such file or directory E:\wamp\www\jiangzipinpin\Application\Home\Controller\FontEndController.class.php 第 139 行.
NOTIC: [2] unlink(../Application/Runtime/Temp/d86c828583c5c6160e8acfee88ba1590.php): No such file or directory E:\wamp\www\jiangzipinpin\ThinkPHP\Library\Think\Cache\Driver\File.class.php 第 157 行.
NOTIC: [2] file_get_contents(): Unable to find the wrapper &quot;https&quot; - did you forget to enable it when you configured PHP? E:\wamp\www\jiangzipinpin\Application\Home\Controller\FontEndController.class.php 第 147 行.
NOTIC: [2] file_get_contents(https://api.weixin.qq.com/cgi-bin/ticket/getticket?access_token=&amp;type=jsapi): failed to open stream: No such file or directory E:\wamp\www\jiangzipinpin\Application\Home\Controller\FontEndController.class.php 第 147 行.
NOTIC: [2] unlink(../Application/Runtime/Temp/e344c187b5ce3b018775638c2dc0c114.php): No such file or directory E:\wamp\www\jiangzipinpin\ThinkPHP\Library\Think\Cache\Driver\File.class.php 第 157 行.
NOTIC: [2] file_get_contents(): Unable to find the wrapper &quot;https&quot; - did you forget to enable it when you configured PHP? E:\wamp\www\jiangzipinpin\Application\Home\Controller\FontEndController.class.php 第 139 行.
NOTIC: [2] file_get_contents(https://api.weixin.qq.com/cgi-bin/token?grant_type=client_credential&amp;appid=wx6231a8932405bdaf&amp;secret=05406ab511f4d9bd46ac09982065b102): failed to open stream: No such file or directory E:\wamp\www\jiangzipinpin\Application\Home\Controller\FontEndController.class.php 第 139 行.
NOTIC: [2] unlink(../Application/Runtime/Temp/d86c828583c5c6160e8acfee88ba1590.php): No such file or directory E:\wamp\www\jiangzipinpin\ThinkPHP\Library\Think\Cache\Driver\File.class.php 第 157 行.
NOTIC: [2] file_get_contents(): Unable to find the wrapper &quot;https&quot; - did you forget to enable it when you configured PHP? E:\wamp\www\jiangzipinpin\Application\Home\Controller\FontEndController.class.php 第 147 行.
NOTIC: [2] file_get_contents(https://api.weixin.qq.com/cgi-bin/ticket/getticket?access_token=&amp;type=jsapi): failed to open stream: No such file or directory E:\wamp\www\jiangzipinpin\Application\Home\Controller\FontEndController.class.php 第 147 行.
NOTIC: [2] unlink(../Application/Runtime/Temp/e344c187b5ce3b018775638c2dc0c114.php): No such file or directory E:\wamp\www\jiangzipinpin\ThinkPHP\Library\Think\Cache\Driver\File.class.php 第 157 行.
SQL: SHOW COLUMNS FROM `m_admin_infor` [ RunTime:0.0050s ]
SQL: SELECT * FROM `m_admin_infor` WHERE ( id=1 ) LIMIT 1   [ RunTime:0.0003s ]
SQL: SELECT `order_id`,`user_id`,`created`,`order_address` FROM `m_order` WHERE ( order_id>738 ) ORDER BY order_id desc LIMIT 6   [ RunTime:0.0003s ]
NOTIC: [8] Undefined offset: 0 E:\wamp\www\jiangzipinpin\Application\Home\Controller\IndexController.class.php 第 192 行.

[ 2016-10-08T23:58:20+08:00 ] 127.0.0.1 /Home/Index/get_new_order
INFO: [ app_init ] --START--
INFO: Run Behavior\BuildLiteBehavior [ RunTime:0.000025s ]
INFO: [ app_init ] --END-- [ RunTime:0.000564s ]
INFO: [ app_begin ] --START--
INFO: Run Behavior\ReadHtmlCacheBehavior [ RunTime:0.000769s ]
INFO: [ app_begin ] --END-- [ RunTime:0.000856s ]
NOTIC: [2] file_get_contents(): Unable to find the wrapper &quot;https&quot; - did you forget to enable it when you configured PHP? E:\wamp\www\jiangzipinpin\Application\Home\Controller\FontEndController.class.php 第 139 行.
NOTIC: [2] file_get_contents(https://api.weixin.qq.com/cgi-bin/token?grant_type=client_credential&amp;appid=wx6231a8932405bdaf&amp;secret=05406ab511f4d9bd46ac09982065b102): failed to open stream: No such file or directory E:\wamp\www\jiangzipinpin\Application\Home\Controller\FontEndController.class.php 第 139 行.
NOTIC: [2] unlink(../Application/Runtime/Temp/d86c828583c5c6160e8acfee88ba1590.php): No such file or directory E:\wamp\www\jiangzipinpin\ThinkPHP\Library\Think\Cache\Driver\File.class.php 第 157 行.
NOTIC: [2] file_get_contents(): Unable to find the wrapper &quot;https&quot; - did you forget to enable it when you configured PHP? E:\wamp\www\jiangzipinpin\Application\Home\Controller\FontEndController.class.php 第 147 行.
NOTIC: [2] file_get_contents(https://api.weixin.qq.com/cgi-bin/ticket/getticket?access_token=&amp;type=jsapi): failed to open stream: No such file or directory E:\wamp\www\jiangzipinpin\Application\Home\Controller\FontEndController.class.php 第 147 行.
NOTIC: [2] unlink(../Application/Runtime/Temp/e344c187b5ce3b018775638c2dc0c114.php): No such file or directory E:\wamp\www\jiangzipinpin\ThinkPHP\Library\Think\Cache\Driver\File.class.php 第 157 行.
NOTIC: [2] file_get_contents(): Unable to find the wrapper &quot;https&quot; - did you forget to enable it when you configured PHP? E:\wamp\www\jiangzipinpin\Application\Home\Controller\FontEndController.class.php 第 139 行.
NOTIC: [2] file_get_contents(https://api.weixin.qq.com/cgi-bin/token?grant_type=client_credential&amp;appid=wx6231a8932405bdaf&amp;secret=05406ab511f4d9bd46ac09982065b102): failed to open stream: No such file or directory E:\wamp\www\jiangzipinpin\Application\Home\Controller\FontEndController.class.php 第 139 行.
NOTIC: [2] unlink(../Application/Runtime/Temp/d86c828583c5c6160e8acfee88ba1590.php): No such file or directory E:\wamp\www\jiangzipinpin\ThinkPHP\Library\Think\Cache\Driver\File.class.php 第 157 行.
NOTIC: [2] file_get_contents(): Unable to find the wrapper &quot;https&quot; - did you forget to enable it when you configured PHP? E:\wamp\www\jiangzipinpin\Application\Home\Controller\FontEndController.class.php 第 147 行.
NOTIC: [2] file_get_contents(https://api.weixin.qq.com/cgi-bin/ticket/getticket?access_token=&amp;type=jsapi): failed to open stream: No such file or directory E:\wamp\www\jiangzipinpin\Application\Home\Controller\FontEndController.class.php 第 147 行.
NOTIC: [2] unlink(../Application/Runtime/Temp/e344c187b5ce3b018775638c2dc0c114.php): No such file or directory E:\wamp\www\jiangzipinpin\ThinkPHP\Library\Think\Cache\Driver\File.class.php 第 157 行.
SQL: SHOW COLUMNS FROM `m_admin_infor` [ RunTime:0.0123s ]
SQL: SELECT * FROM `m_admin_infor` WHERE ( id=1 ) LIMIT 1   [ RunTime:0.0004s ]
SQL: SELECT `order_id`,`user_id`,`created`,`order_address` FROM `m_order` WHERE ( order_id>738 ) ORDER BY order_id desc LIMIT 6   [ RunTime:0.0004s ]
NOTIC: [8] Undefined offset: 0 E:\wamp\www\jiangzipinpin\Application\Home\Controller\IndexController.class.php 第 192 行.

[ 2016-10-08T23:58:30+08:00 ] 127.0.0.1 /Home/Index/get_new_order
INFO: [ app_init ] --START--
INFO: Run Behavior\BuildLiteBehavior [ RunTime:0.000023s ]
INFO: [ app_init ] --END-- [ RunTime:0.000564s ]
INFO: [ app_begin ] --START--
INFO: Run Behavior\ReadHtmlCacheBehavior [ RunTime:0.000671s ]
INFO: [ app_begin ] --END-- [ RunTime:0.000745s ]
NOTIC: [2] file_get_contents(): Unable to find the wrapper &quot;https&quot; - did you forget to enable it when you configured PHP? E:\wamp\www\jiangzipinpin\Application\Home\Controller\FontEndController.class.php 第 139 行.
NOTIC: [2] file_get_contents(https://api.weixin.qq.com/cgi-bin/token?grant_type=client_credential&amp;appid=wx6231a8932405bdaf&amp;secret=05406ab511f4d9bd46ac09982065b102): failed to open stream: No such file or directory E:\wamp\www\jiangzipinpin\Application\Home\Controller\FontEndController.class.php 第 139 行.
NOTIC: [2] unlink(../Application/Runtime/Temp/d86c828583c5c6160e8acfee88ba1590.php): No such file or directory E:\wamp\www\jiangzipinpin\ThinkPHP\Library\Think\Cache\Driver\File.class.php 第 157 行.
NOTIC: [2] file_get_contents(): Unable to find the wrapper &quot;https&quot; - did you forget to enable it when you configured PHP? E:\wamp\www\jiangzipinpin\Application\Home\Controller\FontEndController.class.php 第 147 行.
NOTIC: [2] file_get_contents(https://api.weixin.qq.com/cgi-bin/ticket/getticket?access_token=&amp;type=jsapi): failed to open stream: No such file or directory E:\wamp\www\jiangzipinpin\Application\Home\Controller\FontEndController.class.php 第 147 行.
NOTIC: [2] unlink(../Application/Runtime/Temp/e344c187b5ce3b018775638c2dc0c114.php): No such file or directory E:\wamp\www\jiangzipinpin\ThinkPHP\Library\Think\Cache\Driver\File.class.php 第 157 行.
NOTIC: [2] file_get_contents(): Unable to find the wrapper &quot;https&quot; - did you forget to enable it when you configured PHP? E:\wamp\www\jiangzipinpin\Application\Home\Controller\FontEndController.class.php 第 139 行.
NOTIC: [2] file_get_contents(https://api.weixin.qq.com/cgi-bin/token?grant_type=client_credential&amp;appid=wx6231a8932405bdaf&amp;secret=05406ab511f4d9bd46ac09982065b102): failed to open stream: No such file or directory E:\wamp\www\jiangzipinpin\Application\Home\Controller\FontEndController.class.php 第 139 行.
NOTIC: [2] unlink(../Application/Runtime/Temp/d86c828583c5c6160e8acfee88ba1590.php): No such file or directory E:\wamp\www\jiangzipinpin\ThinkPHP\Library\Think\Cache\Driver\File.class.php 第 157 行.
NOTIC: [2] file_get_contents(): Unable to find the wrapper &quot;https&quot; - did you forget to enable it when you configured PHP? E:\wamp\www\jiangzipinpin\Application\Home\Controller\FontEndController.class.php 第 147 行.
NOTIC: [2] file_get_contents(https://api.weixin.qq.com/cgi-bin/ticket/getticket?access_token=&amp;type=jsapi): failed to open stream: No such file or directory E:\wamp\www\jiangzipinpin\Application\Home\Controller\FontEndController.class.php 第 147 行.
NOTIC: [2] unlink(../Application/Runtime/Temp/e344c187b5ce3b018775638c2dc0c114.php): No such file or directory E:\wamp\www\jiangzipinpin\ThinkPHP\Library\Think\Cache\Driver\File.class.php 第 157 行.
SQL: SHOW COLUMNS FROM `m_admin_infor` [ RunTime:0.0054s ]
SQL: SELECT * FROM `m_admin_infor` WHERE ( id=1 ) LIMIT 1   [ RunTime:0.0003s ]
SQL: SELECT `order_id`,`user_id`,`created`,`order_address` FROM `m_order` WHERE ( order_id>738 ) ORDER BY order_id desc LIMIT 6   [ RunTime:0.0004s ]
NOTIC: [8] Undefined offset: 0 E:\wamp\www\jiangzipinpin\Application\Home\Controller\IndexController.class.php 第 192 行.

[ 2016-10-08T23:58:40+08:00 ] 127.0.0.1 /Home/Index/get_new_order
INFO: [ app_init ] --START--
INFO: Run Behavior\BuildLiteBehavior [ RunTime:0.000025s ]
INFO: [ app_init ] --END-- [ RunTime:0.000576s ]
INFO: [ app_begin ] --START--
INFO: Run Behavior\ReadHtmlCacheBehavior [ RunTime:0.000669s ]
INFO: [ app_begin ] --END-- [ RunTime:0.000742s ]
NOTIC: [2] file_get_contents(): Unable to find the wrapper &quot;https&quot; - did you forget to enable it when you configured PHP? E:\wamp\www\jiangzipinpin\Application\Home\Controller\FontEndController.class.php 第 139 行.
NOTIC: [2] file_get_contents(https://api.weixin.qq.com/cgi-bin/token?grant_type=client_credential&amp;appid=wx6231a8932405bdaf&amp;secret=05406ab511f4d9bd46ac09982065b102): failed to open stream: No such file or directory E:\wamp\www\jiangzipinpin\Application\Home\Controller\FontEndController.class.php 第 139 行.
NOTIC: [2] unlink(../Application/Runtime/Temp/d86c828583c5c6160e8acfee88ba1590.php): No such file or directory E:\wamp\www\jiangzipinpin\ThinkPHP\Library\Think\Cache\Driver\File.class.php 第 157 行.
NOTIC: [2] file_get_contents(): Unable to find the wrapper &quot;https&quot; - did you forget to enable it when you configured PHP? E:\wamp\www\jiangzipinpin\Application\Home\Controller\FontEndController.class.php 第 147 行.
NOTIC: [2] file_get_contents(https://api.weixin.qq.com/cgi-bin/ticket/getticket?access_token=&amp;type=jsapi): failed to open stream: No such file or directory E:\wamp\www\jiangzipinpin\Application\Home\Controller\FontEndController.class.php 第 147 行.
NOTIC: [2] unlink(../Application/Runtime/Temp/e344c187b5ce3b018775638c2dc0c114.php): No such file or directory E:\wamp\www\jiangzipinpin\ThinkPHP\Library\Think\Cache\Driver\File.class.php 第 157 行.
NOTIC: [2] file_get_contents(): Unable to find the wrapper &quot;https&quot; - did you forget to enable it when you configured PHP? E:\wamp\www\jiangzipinpin\Application\Home\Controller\FontEndController.class.php 第 139 行.
NOTIC: [2] file_get_contents(https://api.weixin.qq.com/cgi-bin/token?grant_type=client_credential&amp;appid=wx6231a8932405bdaf&amp;secret=05406ab511f4d9bd46ac09982065b102): failed to open stream: No such file or directory E:\wamp\www\jiangzipinpin\Application\Home\Controller\FontEndController.class.php 第 139 行.
NOTIC: [2] unlink(../Application/Runtime/Temp/d86c828583c5c6160e8acfee88ba1590.php): No such file or directory E:\wamp\www\jiangzipinpin\ThinkPHP\Library\Think\Cache\Driver\File.class.php 第 157 行.
NOTIC: [2] file_get_contents(): Unable to find the wrapper &quot;https&quot; - did you forget to enable it when you configured PHP? E:\wamp\www\jiangzipinpin\Application\Home\Controller\FontEndController.class.php 第 147 行.
NOTIC: [2] file_get_contents(https://api.weixin.qq.com/cgi-bin/ticket/getticket?access_token=&amp;type=jsapi): failed to open stream: No such file or directory E:\wamp\www\jiangzipinpin\Application\Home\Controller\FontEndController.class.php 第 147 行.
NOTIC: [2] unlink(../Application/Runtime/Temp/e344c187b5ce3b018775638c2dc0c114.php): No such file or directory E:\wamp\www\jiangzipinpin\ThinkPHP\Library\Think\Cache\Driver\File.class.php 第 157 行.
SQL: SHOW COLUMNS FROM `m_admin_infor` [ RunTime:0.0057s ]
SQL: SELECT * FROM `m_admin_infor` WHERE ( id=1 ) LIMIT 1   [ RunTime:0.0003s ]
SQL: SELECT `order_id`,`user_id`,`created`,`order_address` FROM `m_order` WHERE ( order_id>738 ) ORDER BY order_id desc LIMIT 6   [ RunTime:0.0003s ]
NOTIC: [8] Undefined offset: 0 E:\wamp\www\jiangzipinpin\Application\Home\Controller\IndexController.class.php 第 192 行.

[ 2016-10-08T23:58:50+08:00 ] 127.0.0.1 /Home/Index/get_new_order
INFO: [ app_init ] --START--
INFO: Run Behavior\BuildLiteBehavior [ RunTime:0.000024s ]
INFO: [ app_init ] --END-- [ RunTime:0.000569s ]
INFO: [ app_begin ] --START--
INFO: Run Behavior\ReadHtmlCacheBehavior [ RunTime:0.000687s ]
INFO: [ app_begin ] --END-- [ RunTime:0.000775s ]
NOTIC: [2] file_get_contents(): Unable to find the wrapper &quot;https&quot; - did you forget to enable it when you configured PHP? E:\wamp\www\jiangzipinpin\Application\Home\Controller\FontEndController.class.php 第 139 行.
NOTIC: [2] file_get_contents(https://api.weixin.qq.com/cgi-bin/token?grant_type=client_credential&amp;appid=wx6231a8932405bdaf&amp;secret=05406ab511f4d9bd46ac09982065b102): failed to open stream: No such file or directory E:\wamp\www\jiangzipinpin\Application\Home\Controller\FontEndController.class.php 第 139 行.
NOTIC: [2] unlink(../Application/Runtime/Temp/d86c828583c5c6160e8acfee88ba1590.php): No such file or directory E:\wamp\www\jiangzipinpin\ThinkPHP\Library\Think\Cache\Driver\File.class.php 第 157 行.
NOTIC: [2] file_get_contents(): Unable to find the wrapper &quot;https&quot; - did you forget to enable it when you configured PHP? E:\wamp\www\jiangzipinpin\Application\Home\Controller\FontEndController.class.php 第 147 行.
NOTIC: [2] file_get_contents(https://api.weixin.qq.com/cgi-bin/ticket/getticket?access_token=&amp;type=jsapi): failed to open stream: No such file or directory E:\wamp\www\jiangzipinpin\Application\Home\Controller\FontEndController.class.php 第 147 行.
NOTIC: [2] unlink(../Application/Runtime/Temp/e344c187b5ce3b018775638c2dc0c114.php): No such file or directory E:\wamp\www\jiangzipinpin\ThinkPHP\Library\Think\Cache\Driver\File.class.php 第 157 行.
NOTIC: [2] file_get_contents(): Unable to find the wrapper &quot;https&quot; - did you forget to enable it when you configured PHP? E:\wamp\www\jiangzipinpin\Application\Home\Controller\FontEndController.class.php 第 139 行.
NOTIC: [2] file_get_contents(https://api.weixin.qq.com/cgi-bin/token?grant_type=client_credential&amp;appid=wx6231a8932405bdaf&amp;secret=05406ab511f4d9bd46ac09982065b102): failed to open stream: No such file or directory E:\wamp\www\jiangzipinpin\Application\Home\Controller\FontEndController.class.php 第 139 行.
NOTIC: [2] unlink(../Application/Runtime/Temp/d86c828583c5c6160e8acfee88ba1590.php): No such file or directory E:\wamp\www\jiangzipinpin\ThinkPHP\Library\Think\Cache\Driver\File.class.php 第 157 行.
NOTIC: [2] file_get_contents(): Unable to find the wrapper &quot;https&quot; - did you forget to enable it when you configured PHP? E:\wamp\www\jiangzipinpin\Application\Home\Controller\FontEndController.class.php 第 147 行.
NOTIC: [2] file_get_contents(https://api.weixin.qq.com/cgi-bin/ticket/getticket?access_token=&amp;type=jsapi): failed to open stream: No such file or directory E:\wamp\www\jiangzipinpin\Application\Home\Controller\FontEndController.class.php 第 147 行.
NOTIC: [2] unlink(../Application/Runtime/Temp/e344c187b5ce3b018775638c2dc0c114.php): No such file or directory E:\wamp\www\jiangzipinpin\ThinkPHP\Library\Think\Cache\Driver\File.class.php 第 157 行.
SQL: SHOW COLUMNS FROM `m_admin_infor` [ RunTime:0.0062s ]
SQL: SELECT * FROM `m_admin_infor` WHERE ( id=1 ) LIMIT 1   [ RunTime:0.0003s ]
SQL: SELECT `order_id`,`user_id`,`created`,`order_address` FROM `m_order` WHERE ( order_id>738 ) ORDER BY order_id desc LIMIT 6   [ RunTime:0.0003s ]
NOTIC: [8] Undefined offset: 0 E:\wamp\www\jiangzipinpin\Application\Home\Controller\IndexController.class.php 第 192 行.

[ 2016-10-08T23:59:00+08:00 ] 127.0.0.1 /Home/Index/get_new_order
INFO: [ app_init ] --START--
INFO: Run Behavior\BuildLiteBehavior [ RunTime:0.000032s ]
INFO: [ app_init ] --END-- [ RunTime:0.000619s ]
INFO: [ app_begin ] --START--
INFO: Run Behavior\ReadHtmlCacheBehavior [ RunTime:0.001374s ]
INFO: [ app_begin ] --END-- [ RunTime:0.001513s ]
NOTIC: [2] file_get_contents(): Unable to find the wrapper &quot;https&quot; - did you forget to enable it when you configured PHP? E:\wamp\www\jiangzipinpin\Application\Home\Controller\FontEndController.class.php 第 139 行.
NOTIC: [2] file_get_contents(https://api.weixin.qq.com/cgi-bin/token?grant_type=client_credential&amp;appid=wx6231a8932405bdaf&amp;secret=05406ab511f4d9bd46ac09982065b102): failed to open stream: No such file or directory E:\wamp\www\jiangzipinpin\Application\Home\Controller\FontEndController.class.php 第 139 行.
NOTIC: [2] unlink(../Application/Runtime/Temp/d86c828583c5c6160e8acfee88ba1590.php): No such file or directory E:\wamp\www\jiangzipinpin\ThinkPHP\Library\Think\Cache\Driver\File.class.php 第 157 行.
NOTIC: [2] file_get_contents(): Unable to find the wrapper &quot;https&quot; - did you forget to enable it when you configured PHP? E:\wamp\www\jiangzipinpin\Application\Home\Controller\FontEndController.class.php 第 147 行.
NOTIC: [2] file_get_contents(https://api.weixin.qq.com/cgi-bin/ticket/getticket?access_token=&amp;type=jsapi): failed to open stream: No such file or directory E:\wamp\www\jiangzipinpin\Application\Home\Controller\FontEndController.class.php 第 147 行.
NOTIC: [2] unlink(../Application/Runtime/Temp/e344c187b5ce3b018775638c2dc0c114.php): No such file or directory E:\wamp\www\jiangzipinpin\ThinkPHP\Library\Think\Cache\Driver\File.class.php 第 157 行.
NOTIC: [2] file_get_contents(): Unable to find the wrapper &quot;https&quot; - did you forget to enable it when you configured PHP? E:\wamp\www\jiangzipinpin\Application\Home\Controller\FontEndController.class.php 第 139 行.
NOTIC: [2] file_get_contents(https://api.weixin.qq.com/cgi-bin/token?grant_type=client_credential&amp;appid=wx6231a8932405bdaf&amp;secret=05406ab511f4d9bd46ac09982065b102): failed to open stream: No such file or directory E:\wamp\www\jiangzipinpin\Application\Home\Controller\FontEndController.class.php 第 139 行.
NOTIC: [2] unlink(../Application/Runtime/Temp/d86c828583c5c6160e8acfee88ba1590.php): No such file or directory E:\wamp\www\jiangzipinpin\ThinkPHP\Library\Think\Cache\Driver\File.class.php 第 157 行.
NOTIC: [2] file_get_contents(): Unable to find the wrapper &quot;https&quot; - did you forget to enable it when you configured PHP? E:\wamp\www\jiangzipinpin\Application\Home\Controller\FontEndController.class.php 第 147 行.
NOTIC: [2] file_get_contents(https://api.weixin.qq.com/cgi-bin/ticket/getticket?access_token=&amp;type=jsapi): failed to open stream: No such file or directory E:\wamp\www\jiangzipinpin\Application\Home\Controller\FontEndController.class.php 第 147 行.
NOTIC: [2] unlink(../Application/Runtime/Temp/e344c187b5ce3b018775638c2dc0c114.php): No such file or directory E:\wamp\www\jiangzipinpin\ThinkPHP\Library\Think\Cache\Driver\File.class.php 第 157 行.
SQL: SHOW COLUMNS FROM `m_admin_infor` [ RunTime:0.0078s ]
SQL: SELECT * FROM `m_admin_infor` WHERE ( id=1 ) LIMIT 1   [ RunTime:0.0004s ]
SQL: SELECT `order_id`,`user_id`,`created`,`order_address` FROM `m_order` WHERE ( order_id>738 ) ORDER BY order_id desc LIMIT 6   [ RunTime:0.0004s ]
NOTIC: [8] Undefined offset: 0 E:\wamp\www\jiangzipinpin\Application\Home\Controller\IndexController.class.php 第 192 行.

[ 2016-10-08T23:59:10+08:00 ] 127.0.0.1 /Home/Index/get_new_order
INFO: [ app_init ] --START--
INFO: Run Behavior\BuildLiteBehavior [ RunTime:0.000022s ]
INFO: [ app_init ] --END-- [ RunTime:0.000548s ]
INFO: [ app_begin ] --START--
INFO: Run Behavior\ReadHtmlCacheBehavior [ RunTime:0.000654s ]
INFO: [ app_begin ] --END-- [ RunTime:0.000726s ]
NOTIC: [2] file_get_contents(): Unable to find the wrapper &quot;https&quot; - did you forget to enable it when you configured PHP? E:\wamp\www\jiangzipinpin\Application\Home\Controller\FontEndController.class.php 第 139 行.
NOTIC: [2] file_get_contents(https://api.weixin.qq.com/cgi-bin/token?grant_type=client_credential&amp;appid=wx6231a8932405bdaf&amp;secret=05406ab511f4d9bd46ac09982065b102): failed to open stream: No such file or directory E:\wamp\www\jiangzipinpin\Application\Home\Controller\FontEndController.class.php 第 139 行.
NOTIC: [2] unlink(../Application/Runtime/Temp/d86c828583c5c6160e8acfee88ba1590.php): No such file or directory E:\wamp\www\jiangzipinpin\ThinkPHP\Library\Think\Cache\Driver\File.class.php 第 157 行.
NOTIC: [2] file_get_contents(): Unable to find the wrapper &quot;https&quot; - did you forget to enable it when you configured PHP? E:\wamp\www\jiangzipinpin\Application\Home\Controller\FontEndController.class.php 第 147 行.
NOTIC: [2] file_get_contents(https://api.weixin.qq.com/cgi-bin/ticket/getticket?access_token=&amp;type=jsapi): failed to open stream: No such file or directory E:\wamp\www\jiangzipinpin\Application\Home\Controller\FontEndController.class.php 第 147 行.
NOTIC: [2] unlink(../Application/Runtime/Temp/e344c187b5ce3b018775638c2dc0c114.php): No such file or directory E:\wamp\www\jiangzipinpin\ThinkPHP\Library\Think\Cache\Driver\File.class.php 第 157 行.
NOTIC: [2] file_get_contents(): Unable to find the wrapper &quot;https&quot; - did you forget to enable it when you configured PHP? E:\wamp\www\jiangzipinpin\Application\Home\Controller\FontEndController.class.php 第 139 行.
NOTIC: [2] file_get_contents(https://api.weixin.qq.com/cgi-bin/token?grant_type=client_credential&amp;appid=wx6231a8932405bdaf&amp;secret=05406ab511f4d9bd46ac09982065b102): failed to open stream: No such file or directory E:\wamp\www\jiangzipinpin\Application\Home\Controller\FontEndController.class.php 第 139 行.
NOTIC: [2] unlink(../Application/Runtime/Temp/d86c828583c5c6160e8acfee88ba1590.php): No such file or directory E:\wamp\www\jiangzipinpin\ThinkPHP\Library\Think\Cache\Driver\File.class.php 第 157 行.
NOTIC: [2] file_get_contents(): Unable to find the wrapper &quot;https&quot; - did you forget to enable it when you configured PHP? E:\wamp\www\jiangzipinpin\Application\Home\Controller\FontEndController.class.php 第 147 行.
NOTIC: [2] file_get_contents(https://api.weixin.qq.com/cgi-bin/ticket/getticket?access_token=&amp;type=jsapi): failed to open stream: No such file or directory E:\wamp\www\jiangzipinpin\Application\Home\Controller\FontEndController.class.php 第 147 行.
NOTIC: [2] unlink(../Application/Runtime/Temp/e344c187b5ce3b018775638c2dc0c114.php): No such file or directory E:\wamp\www\jiangzipinpin\ThinkPHP\Library\Think\Cache\Driver\File.class.php 第 157 行.
SQL: SHOW COLUMNS FROM `m_admin_infor` [ RunTime:0.0059s ]
SQL: SELECT * FROM `m_admin_infor` WHERE ( id=1 ) LIMIT 1   [ RunTime:0.0003s ]
SQL: SELECT `order_id`,`user_id`,`created`,`order_address` FROM `m_order` WHERE ( order_id>738 ) ORDER BY order_id desc LIMIT 6   [ RunTime:0.0006s ]
NOTIC: [8] Undefined offset: 0 E:\wamp\www\jiangzipinpin\Application\Home\Controller\IndexController.class.php 第 192 行.

[ 2016-10-08T23:59:20+08:00 ] 127.0.0.1 /Home/Index/get_new_order
INFO: [ app_init ] --START--
INFO: Run Behavior\BuildLiteBehavior [ RunTime:0.000023s ]
INFO: [ app_init ] --END-- [ RunTime:0.000572s ]
INFO: [ app_begin ] --START--
INFO: Run Behavior\ReadHtmlCacheBehavior [ RunTime:0.000663s ]
INFO: [ app_begin ] --END-- [ RunTime:0.000737s ]
NOTIC: [2] file_get_contents(): Unable to find the wrapper &quot;https&quot; - did you forget to enable it when you configured PHP? E:\wamp\www\jiangzipinpin\Application\Home\Controller\FontEndController.class.php 第 139 行.
NOTIC: [2] file_get_contents(https://api.weixin.qq.com/cgi-bin/token?grant_type=client_credential&amp;appid=wx6231a8932405bdaf&amp;secret=05406ab511f4d9bd46ac09982065b102): failed to open stream: No such file or directory E:\wamp\www\jiangzipinpin\Application\Home\Controller\FontEndController.class.php 第 139 行.
NOTIC: [2] unlink(../Application/Runtime/Temp/d86c828583c5c6160e8acfee88ba1590.php): No such file or directory E:\wamp\www\jiangzipinpin\ThinkPHP\Library\Think\Cache\Driver\File.class.php 第 157 行.
NOTIC: [2] file_get_contents(): Unable to find the wrapper &quot;https&quot; - did you forget to enable it when you configured PHP? E:\wamp\www\jiangzipinpin\Application\Home\Controller\FontEndController.class.php 第 147 行.
NOTIC: [2] file_get_contents(https://api.weixin.qq.com/cgi-bin/ticket/getticket?access_token=&amp;type=jsapi): failed to open stream: No such file or directory E:\wamp\www\jiangzipinpin\Application\Home\Controller\FontEndController.class.php 第 147 行.
NOTIC: [2] unlink(../Application/Runtime/Temp/e344c187b5ce3b018775638c2dc0c114.php): No such file or directory E:\wamp\www\jiangzipinpin\ThinkPHP\Library\Think\Cache\Driver\File.class.php 第 157 行.
NOTIC: [2] file_get_contents(): Unable to find the wrapper &quot;https&quot; - did you forget to enable it when you configured PHP? E:\wamp\www\jiangzipinpin\Application\Home\Controller\FontEndController.class.php 第 139 行.
NOTIC: [2] file_get_contents(https://api.weixin.qq.com/cgi-bin/token?grant_type=client_credential&amp;appid=wx6231a8932405bdaf&amp;secret=05406ab511f4d9bd46ac09982065b102): failed to open stream: No such file or directory E:\wamp\www\jiangzipinpin\Application\Home\Controller\FontEndController.class.php 第 139 行.
NOTIC: [2] unlink(../Application/Runtime/Temp/d86c828583c5c6160e8acfee88ba1590.php): No such file or directory E:\wamp\www\jiangzipinpin\ThinkPHP\Library\Think\Cache\Driver\File.class.php 第 157 行.
NOTIC: [2] file_get_contents(): Unable to find the wrapper &quot;https&quot; - did you forget to enable it when you configured PHP? E:\wamp\www\jiangzipinpin\Application\Home\Controller\FontEndController.class.php 第 147 行.
NOTIC: [2] file_get_contents(https://api.weixin.qq.com/cgi-bin/ticket/getticket?access_token=&amp;type=jsapi): failed to open stream: No such file or directory E:\wamp\www\jiangzipinpin\Application\Home\Controller\FontEndController.class.php 第 147 行.
NOTIC: [2] unlink(../Application/Runtime/Temp/e344c187b5ce3b018775638c2dc0c114.php): No such file or directory E:\wamp\www\jiangzipinpin\ThinkPHP\Library\Think\Cache\Driver\File.class.php 第 157 行.
SQL: SHOW COLUMNS FROM `m_admin_infor` [ RunTime:0.0058s ]
SQL: SELECT * FROM `m_admin_infor` WHERE ( id=1 ) LIMIT 1   [ RunTime:0.0003s ]
SQL: SELECT `order_id`,`user_id`,`created`,`order_address` FROM `m_order` WHERE ( order_id>738 ) ORDER BY order_id desc LIMIT 6   [ RunTime:0.0004s ]
NOTIC: [8] Undefined offset: 0 E:\wamp\www\jiangzipinpin\Application\Home\Controller\IndexController.class.php 第 192 行.

[ 2016-10-08T23:59:30+08:00 ] 127.0.0.1 /Home/Index/get_new_order
INFO: [ app_init ] --START--
INFO: Run Behavior\BuildLiteBehavior [ RunTime:0.000024s ]
INFO: [ app_init ] --END-- [ RunTime:0.000578s ]
INFO: [ app_begin ] --START--
INFO: Run Behavior\ReadHtmlCacheBehavior [ RunTime:0.000669s ]
INFO: [ app_begin ] --END-- [ RunTime:0.000741s ]
NOTIC: [2] file_get_contents(): Unable to find the wrapper &quot;https&quot; - did you forget to enable it when you configured PHP? E:\wamp\www\jiangzipinpin\Application\Home\Controller\FontEndController.class.php 第 139 行.
NOTIC: [2] file_get_contents(https://api.weixin.qq.com/cgi-bin/token?grant_type=client_credential&amp;appid=wx6231a8932405bdaf&amp;secret=05406ab511f4d9bd46ac09982065b102): failed to open stream: No such file or directory E:\wamp\www\jiangzipinpin\Application\Home\Controller\FontEndController.class.php 第 139 行.
NOTIC: [2] unlink(../Application/Runtime/Temp/d86c828583c5c6160e8acfee88ba1590.php): No such file or directory E:\wamp\www\jiangzipinpin\ThinkPHP\Library\Think\Cache\Driver\File.class.php 第 157 行.
NOTIC: [2] file_get_contents(): Unable to find the wrapper &quot;https&quot; - did you forget to enable it when you configured PHP? E:\wamp\www\jiangzipinpin\Application\Home\Controller\FontEndController.class.php 第 147 行.
NOTIC: [2] file_get_contents(https://api.weixin.qq.com/cgi-bin/ticket/getticket?access_token=&amp;type=jsapi): failed to open stream: No such file or directory E:\wamp\www\jiangzipinpin\Application\Home\Controller\FontEndController.class.php 第 147 行.
NOTIC: [2] unlink(../Application/Runtime/Temp/e344c187b5ce3b018775638c2dc0c114.php): No such file or directory E:\wamp\www\jiangzipinpin\ThinkPHP\Library\Think\Cache\Driver\File.class.php 第 157 行.
NOTIC: [2] file_get_contents(): Unable to find the wrapper &quot;https&quot; - did you forget to enable it when you configured PHP? E:\wamp\www\jiangzipinpin\Application\Home\Controller\FontEndController.class.php 第 139 行.
NOTIC: [2] file_get_contents(https://api.weixin.qq.com/cgi-bin/token?grant_type=client_credential&amp;appid=wx6231a8932405bdaf&amp;secret=05406ab511f4d9bd46ac09982065b102): failed to open stream: No such file or directory E:\wamp\www\jiangzipinpin\Application\Home\Controller\FontEndController.class.php 第 139 行.
NOTIC: [2] unlink(../Application/Runtime/Temp/d86c828583c5c6160e8acfee88ba1590.php): No such file or directory E:\wamp\www\jiangzipinpin\ThinkPHP\Library\Think\Cache\Driver\File.class.php 第 157 行.
NOTIC: [2] file_get_contents(): Unable to find the wrapper &quot;https&quot; - did you forget to enable it when you configured PHP? E:\wamp\www\jiangzipinpin\Application\Home\Controller\FontEndController.class.php 第 147 行.
NOTIC: [2] file_get_contents(https://api.weixin.qq.com/cgi-bin/ticket/getticket?access_token=&amp;type=jsapi): failed to open stream: No such file or directory E:\wamp\www\jiangzipinpin\Application\Home\Controller\FontEndController.class.php 第 147 行.
NOTIC: [2] unlink(../Application/Runtime/Temp/e344c187b5ce3b018775638c2dc0c114.php): No such file or directory E:\wamp\www\jiangzipinpin\ThinkPHP\Library\Think\Cache\Driver\File.class.php 第 157 行.
SQL: SHOW COLUMNS FROM `m_admin_infor` [ RunTime:0.0059s ]
SQL: SELECT * FROM `m_admin_infor` WHERE ( id=1 ) LIMIT 1   [ RunTime:0.0004s ]
SQL: SELECT `order_id`,`user_id`,`created`,`order_address` FROM `m_order` WHERE ( order_id>738 ) ORDER BY order_id desc LIMIT 6   [ RunTime:0.0004s ]
NOTIC: [8] Undefined offset: 0 E:\wamp\www\jiangzipinpin\Application\Home\Controller\IndexController.class.php 第 192 行.

[ 2016-10-08T23:59:40+08:00 ] 127.0.0.1 /Home/Index/get_new_order
INFO: [ app_init ] --START--
INFO: Run Behavior\BuildLiteBehavior [ RunTime:0.000024s ]
INFO: [ app_init ] --END-- [ RunTime:0.000605s ]
INFO: [ app_begin ] --START--
INFO: Run Behavior\ReadHtmlCacheBehavior [ RunTime:0.000754s ]
INFO: [ app_begin ] --END-- [ RunTime:0.000828s ]
NOTIC: [2] file_get_contents(): Unable to find the wrapper &quot;https&quot; - did you forget to enable it when you configured PHP? E:\wamp\www\jiangzipinpin\Application\Home\Controller\FontEndController.class.php 第 139 行.
NOTIC: [2] file_get_contents(https://api.weixin.qq.com/cgi-bin/token?grant_type=client_credential&amp;appid=wx6231a8932405bdaf&amp;secret=05406ab511f4d9bd46ac09982065b102): failed to open stream: No such file or directory E:\wamp\www\jiangzipinpin\Application\Home\Controller\FontEndController.class.php 第 139 行.
NOTIC: [2] unlink(../Application/Runtime/Temp/d86c828583c5c6160e8acfee88ba1590.php): No such file or directory E:\wamp\www\jiangzipinpin\ThinkPHP\Library\Think\Cache\Driver\File.class.php 第 157 行.
NOTIC: [2] file_get_contents(): Unable to find the wrapper &quot;https&quot; - did you forget to enable it when you configured PHP? E:\wamp\www\jiangzipinpin\Application\Home\Controller\FontEndController.class.php 第 147 行.
NOTIC: [2] file_get_contents(https://api.weixin.qq.com/cgi-bin/ticket/getticket?access_token=&amp;type=jsapi): failed to open stream: No such file or directory E:\wamp\www\jiangzipinpin\Application\Home\Controller\FontEndController.class.php 第 147 行.
NOTIC: [2] unlink(../Application/Runtime/Temp/e344c187b5ce3b018775638c2dc0c114.php): No such file or directory E:\wamp\www\jiangzipinpin\ThinkPHP\Library\Think\Cache\Driver\File.class.php 第 157 行.
NOTIC: [2] file_get_contents(): Unable to find the wrapper &quot;https&quot; - did you forget to enable it when you configured PHP? E:\wamp\www\jiangzipinpin\Application\Home\Controller\FontEndController.class.php 第 139 行.
NOTIC: [2] file_get_contents(https://api.weixin.qq.com/cgi-bin/token?grant_type=client_credential&amp;appid=wx6231a8932405bdaf&amp;secret=05406ab511f4d9bd46ac09982065b102): failed to open stream: No such file or directory E:\wamp\www\jiangzipinpin\Application\Home\Controller\FontEndController.class.php 第 139 行.
NOTIC: [2] unlink(../Application/Runtime/Temp/d86c828583c5c6160e8acfee88ba1590.php): No such file or directory E:\wamp\www\jiangzipinpin\ThinkPHP\Library\Think\Cache\Driver\File.class.php 第 157 行.
NOTIC: [2] file_get_contents(): Unable to find the wrapper &quot;https&quot; - did you forget to enable it when you configured PHP? E:\wamp\www\jiangzipinpin\Application\Home\Controller\FontEndController.class.php 第 147 行.
NOTIC: [2] file_get_contents(https://api.weixin.qq.com/cgi-bin/ticket/getticket?access_token=&amp;type=jsapi): failed to open stream: No such file or directory E:\wamp\www\jiangzipinpin\Application\Home\Controller\FontEndController.class.php 第 147 行.
NOTIC: [2] unlink(../Application/Runtime/Temp/e344c187b5ce3b018775638c2dc0c114.php): No such file or directory E:\wamp\www\jiangzipinpin\ThinkPHP\Library\Think\Cache\Driver\File.class.php 第 157 行.
SQL: SHOW COLUMNS FROM `m_admin_infor` [ RunTime:0.0072s ]
SQL: SELECT * FROM `m_admin_infor` WHERE ( id=1 ) LIMIT 1   [ RunTime:0.0003s ]
SQL: SELECT `order_id`,`user_id`,`created`,`order_address` FROM `m_order` WHERE ( order_id>738 ) ORDER BY order_id desc LIMIT 6   [ RunTime:0.0003s ]
NOTIC: [8] Undefined offset: 0 E:\wamp\www\jiangzipinpin\Application\Home\Controller\IndexController.class.php 第 192 行.

[ 2016-10-08T23:59:50+08:00 ] 127.0.0.1 /Home/Index/get_new_order
INFO: [ app_init ] --START--
INFO: Run Behavior\BuildLiteBehavior [ RunTime:0.000023s ]
INFO: [ app_init ] --END-- [ RunTime:0.000551s ]
INFO: [ app_begin ] --START--
INFO: Run Behavior\ReadHtmlCacheBehavior [ RunTime:0.000654s ]
INFO: [ app_begin ] --END-- [ RunTime:0.000726s ]
NOTIC: [2] file_get_contents(): Unable to find the wrapper &quot;https&quot; - did you forget to enable it when you configured PHP? E:\wamp\www\jiangzipinpin\Application\Home\Controller\FontEndController.class.php 第 139 行.
NOTIC: [2] file_get_contents(https://api.weixin.qq.com/cgi-bin/token?grant_type=client_credential&amp;appid=wx6231a8932405bdaf&amp;secret=05406ab511f4d9bd46ac09982065b102): failed to open stream: No such file or directory E:\wamp\www\jiangzipinpin\Application\Home\Controller\FontEndController.class.php 第 139 行.
NOTIC: [2] unlink(../Application/Runtime/Temp/d86c828583c5c6160e8acfee88ba1590.php): No such file or directory E:\wamp\www\jiangzipinpin\ThinkPHP\Library\Think\Cache\Driver\File.class.php 第 157 行.
NOTIC: [2] file_get_contents(): Unable to find the wrapper &quot;https&quot; - did you forget to enable it when you configured PHP? E:\wamp\www\jiangzipinpin\Application\Home\Controller\FontEndController.class.php 第 147 行.
NOTIC: [2] file_get_contents(https://api.weixin.qq.com/cgi-bin/ticket/getticket?access_token=&amp;type=jsapi): failed to open stream: No such file or directory E:\wamp\www\jiangzipinpin\Application\Home\Controller\FontEndController.class.php 第 147 行.
NOTIC: [2] unlink(../Application/Runtime/Temp/e344c187b5ce3b018775638c2dc0c114.php): No such file or directory E:\wamp\www\jiangzipinpin\ThinkPHP\Library\Think\Cache\Driver\File.class.php 第 157 行.
NOTIC: [2] file_get_contents(): Unable to find the wrapper &quot;https&quot; - did you forget to enable it when you configured PHP? E:\wamp\www\jiangzipinpin\Application\Home\Controller\FontEndController.class.php 第 139 行.
NOTIC: [2] file_get_contents(https://api.weixin.qq.com/cgi-bin/token?grant_type=client_credential&amp;appid=wx6231a8932405bdaf&amp;secret=05406ab511f4d9bd46ac09982065b102): failed to open stream: No such file or directory E:\wamp\www\jiangzipinpin\Application\Home\Controller\FontEndController.class.php 第 139 行.
NOTIC: [2] unlink(../Application/Runtime/Temp/d86c828583c5c6160e8acfee88ba1590.php): No such file or directory E:\wamp\www\jiangzipinpin\ThinkPHP\Library\Think\Cache\Driver\File.class.php 第 157 行.
NOTIC: [2] file_get_contents(): Unable to find the wrapper &quot;https&quot; - did you forget to enable it when you configured PHP? E:\wamp\www\jiangzipinpin\Application\Home\Controller\FontEndController.class.php 第 147 行.
NOTIC: [2] file_get_contents(https://api.weixin.qq.com/cgi-bin/ticket/getticket?access_token=&amp;type=jsapi): failed to open stream: No such file or directory E:\wamp\www\jiangzipinpin\Application\Home\Controller\FontEndController.class.php 第 147 行.
NOTIC: [2] unlink(../Application/Runtime/Temp/e344c187b5ce3b018775638c2dc0c114.php): No such file or directory E:\wamp\www\jiangzipinpin\ThinkPHP\Library\Think\Cache\Driver\File.class.php 第 157 行.
SQL: SHOW COLUMNS FROM `m_admin_infor` [ RunTime:0.0054s ]
SQL: SELECT * FROM `m_admin_infor` WHERE ( id=1 ) LIMIT 1   [ RunTime:0.0003s ]
SQL: SELECT `order_id`,`user_id`,`created`,`order_address` FROM `m_order` WHERE ( order_id>738 ) ORDER BY order_id desc LIMIT 6   [ RunTime:0.0003s ]
NOTIC: [8] Undefined offset: 0 E:\wamp\www\jiangzipinpin\Application\Home\Controller\IndexController.class.php 第 192 行.

