[ 2016-09-02T20:39:41+08:00 ] 127.0.0.1 /Public/Uploads/image/goods/20160829/thumb/14724009937242996717.JPG
INFO: [ app_init ] --START--
INFO: Run Behavior\BuildLiteBehavior [ RunTime:0.000028s ]
INFO: [ app_init ] --END-- [ RunTime:0.000652s ]
ERR: 无法加载模块:Public

[ 2016-09-02T20:39:41+08:00 ] 127.0.0.1 /Public/Uploads/image/goods/20160829/thumb/14724038767862015979.JPG
INFO: [ app_init ] --START--
INFO: Run Behavior\BuildLiteBehavior [ RunTime:0.000038s ]
INFO: [ app_init ] --END-- [ RunTime:0.000854s ]
ERR: 无法加载模块:Public

[ 2016-09-02T20:39:41+08:00 ] 127.0.0.1 /Public/Uploads/image/goods/20160828/thumb/14723993643695373622.JPG
INFO: [ app_init ] --START--
INFO: Run Behavior\BuildLiteBehavior [ RunTime:0.000027s ]
INFO: [ app_init ] --END-- [ RunTime:0.000587s ]
ERR: 无法加载模块:Public

[ 2016-09-02T20:55:49+08:00 ] 127.0.0.1 /Public/Uploads/image/goods/20160829/thumb/14724038767862015979.JPG
INFO: [ app_init ] --START--
INFO: Run Behavior\BuildLiteBehavior [ RunTime:0.000048s ]
INFO: [ app_init ] --END-- [ RunTime:0.001881s ]
ERR: 无法加载模块:Public

[ 2016-09-02T20:55:50+08:00 ] 127.0.0.1 /Public/Uploads/image/goods/20160829/thumb/14724020382020664602.JPG
INFO: [ app_init ] --START--
INFO: Run Behavior\BuildLiteBehavior [ RunTime:0.000041s ]
INFO: [ app_init ] --END-- [ RunTime:0.001039s ]
ERR: 无法加载模块:Public

[ 2016-09-02T20:55:49+08:00 ] 127.0.0.1 /Public/Uploads/image/goods/20160829/thumb/14724002885261415171.JPG
INFO: [ app_init ] --START--
INFO: Run Behavior\BuildLiteBehavior [ RunTime:0.000040s ]
INFO: [ app_init ] --END-- [ RunTime:0.000974s ]
ERR: 无法加载模块:Public

[ 2016-09-02T22:21:17+08:00 ] 127.0.0.1 /Public/Uploads/image/goods/20160829/thumb/14724020382020664602.JPG
INFO: [ app_init ] --START--
INFO: Run Behavior\BuildLiteBehavior [ RunTime:0.000040s ]
INFO: [ app_init ] --END-- [ RunTime:0.000800s ]
ERR: 无法加载模块:Public

[ 2016-09-02T22:21:17+08:00 ] 127.0.0.1 /Public/Uploads/image/goods/20160829/thumb/14724009937242996717.JPG
INFO: [ app_init ] --START--
INFO: Run Behavior\BuildLiteBehavior [ RunTime:0.000036s ]
INFO: [ app_init ] --END-- [ RunTime:0.001024s ]
ERR: 无法加载模块:Public

[ 2016-09-02T22:21:17+08:00 ] 127.0.0.1 /Public/Uploads/image/goods/20160829/thumb/14724002885261415171.JPG
INFO: [ app_init ] --START--
INFO: Run Behavior\BuildLiteBehavior [ RunTime:0.000040s ]
INFO: [ app_init ] --END-- [ RunTime:0.000989s ]
ERR: 无法加载模块:Public

[ 2016-09-02T22:21:17+08:00 ] 127.0.0.1 /Public/Uploads/image/goods/20160829/thumb/14724038767862015979.JPG
INFO: [ app_init ] --START--
INFO: Run Behavior\BuildLiteBehavior [ RunTime:0.000040s ]
INFO: [ app_init ] --END-- [ RunTime:0.000889s ]
ERR: 无法加载模块:Public

[ 2016-09-02T22:21:17+08:00 ] 127.0.0.1 /Public/Uploads/image/goods/20160828/thumb/14723993643695373622.JPG
INFO: [ app_init ] --START--
INFO: Run Behavior\BuildLiteBehavior [ RunTime:0.000043s ]
INFO: [ app_init ] --END-- [ RunTime:0.001038s ]
ERR: 无法加载模块:Public

[ 2016-09-02T22:25:15+08:00 ] 127.0.0.1 /Public/Uploads/image/goods/20160828/thumb/14723993643695373622.JPG
INFO: [ app_init ] --START--
INFO: Run Behavior\BuildLiteBehavior [ RunTime:0.000043s ]
INFO: [ app_init ] --END-- [ RunTime:0.001946s ]
ERR: 无法加载模块:Public

[ 2016-09-02T22:25:15+08:00 ] 127.0.0.1 /Public/Uploads/image/goods/20160829/thumb/14724002885261415171.JPG
INFO: [ app_init ] --START--
INFO: Run Behavior\BuildLiteBehavior [ RunTime:0.000042s ]
INFO: [ app_init ] --END-- [ RunTime:0.000992s ]
ERR: 无法加载模块:Public

[ 2016-09-02T22:25:15+08:00 ] 127.0.0.1 /Public/Uploads/image/goods/20160829/thumb/14724020382020664602.JPG
INFO: [ app_init ] --START--
INFO: Run Behavior\BuildLiteBehavior [ RunTime:0.000044s ]
INFO: [ app_init ] --END-- [ RunTime:0.000922s ]
ERR: 无法加载模块:Public

[ 2016-09-02T22:25:15+08:00 ] 127.0.0.1 /Public/Uploads/image/goods/20160829/thumb/14724009937242996717.JPG
INFO: [ app_init ] --START--
INFO: Run Behavior\BuildLiteBehavior [ RunTime:0.000065s ]
INFO: [ app_init ] --END-- [ RunTime:0.008087s ]
ERR: 无法加载模块:Public

[ 2016-09-02T22:25:15+08:00 ] 127.0.0.1 /Public/Uploads/image/goods/20160829/thumb/14724038767862015979.JPG
INFO: [ app_init ] --START--
INFO: Run Behavior\BuildLiteBehavior [ RunTime:0.000044s ]
INFO: [ app_init ] --END-- [ RunTime:0.008432s ]
ERR: 无法加载模块:Public

