[ 2016-08-26T14:10:12+08:00 ] 127.0.0.1 /Public/Home/Css/index.css
INFO: [ app_init ] --START--
INFO: Run Behavior\BuildLiteBehavior [ RunTime:0.000025s ]
INFO: [ app_init ] --END-- [ RunTime:0.000798s ]
ERR: 无法加载模块:Public

[ 2016-08-26T14:10:12+08:00 ] 127.0.0.1 /Public/Home/Css/head.css
INFO: [ app_init ] --START--
INFO: Run Behavior\BuildLiteBehavior [ RunTime:0.000026s ]
INFO: [ app_init ] --END-- [ RunTime:0.000850s ]
ERR: 无法加载模块:Public

[ 2016-08-26T14:10:12+08:00 ] 127.0.0.1 /Public/Home/Css/footer.css
INFO: [ app_init ] --START--
INFO: Run Behavior\BuildLiteBehavior [ RunTime:0.000040s ]
INFO: [ app_init ] --END-- [ RunTime:0.001137s ]
ERR: 无法加载模块:Public

[ 2016-08-26T14:10:12+08:00 ] 127.0.0.1 /Public/Home/Css/index.css
INFO: [ app_init ] --START--
INFO: Run Behavior\BuildLiteBehavior [ RunTime:0.000023s ]
INFO: [ app_init ] --END-- [ RunTime:0.000834s ]
ERR: 无法加载模块:Public

[ 2016-08-26T14:10:23+08:00 ] 127.0.0.1 /Public/Uploads/image/goods/20160826/14721768026540376039.jpg
INFO: [ app_init ] --START--
INFO: Run Behavior\BuildLiteBehavior [ RunTime:0.000039s ]
INFO: [ app_init ] --END-- [ RunTime:0.000906s ]
ERR: 无法加载模块:Public

[ 2016-08-26T14:10:23+08:00 ] 127.0.0.1 /Public/Uploads/image/goods/20160825/14720929059238846383.jpg
INFO: [ app_init ] --START--
INFO: Run Behavior\BuildLiteBehavior [ RunTime:0.000038s ]
INFO: [ app_init ] --END-- [ RunTime:0.001026s ]
ERR: 无法加载模块:Public

[ 2016-08-26T14:10:23+08:00 ] 127.0.0.1 /Public/Uploads/image/goods/20160825/14720945504602348863.jpg
INFO: [ app_init ] --START--
INFO: Run Behavior\BuildLiteBehavior [ RunTime:0.000043s ]
INFO: [ app_init ] --END-- [ RunTime:0.003210s ]
ERR: 无法加载模块:Public

[ 2016-08-26T14:10:23+08:00 ] 127.0.0.1 /Public/Uploads/image/goods/20160825/14721166816842394061.JPG
INFO: [ app_init ] --START--
INFO: Run Behavior\BuildLiteBehavior [ RunTime:0.000037s ]
INFO: [ app_init ] --END-- [ RunTime:0.000955s ]
ERR: 无法加载模块:Public

[ 2016-08-26T14:10:23+08:00 ] 127.0.0.1 /Public/Uploads/image/goods/20160825/14721238925450962785.JPG
INFO: [ app_init ] --START--
INFO: Run Behavior\BuildLiteBehavior [ RunTime:0.000041s ]
INFO: [ app_init ] --END-- [ RunTime:0.001198s ]
ERR: 无法加载模块:Public

[ 2016-08-26T14:10:23+08:00 ] 127.0.0.1 /Public/Uploads/image/goods/20160825/14721075688856588354.jpg
INFO: [ app_init ] --START--
INFO: Run Behavior\BuildLiteBehavior [ RunTime:0.000042s ]
INFO: [ app_init ] --END-- [ RunTime:0.001037s ]
ERR: 无法加载模块:Public

[ 2016-08-26T14:10:23+08:00 ] 127.0.0.1 /Public/Uploads/image/goods/20160826/14721768026540376039.jpg
INFO: [ app_init ] --START--
INFO: Run Behavior\BuildLiteBehavior [ RunTime:0.000041s ]
INFO: [ app_init ] --END-- [ RunTime:0.001312s ]
ERR: 无法加载模块:Public

[ 2016-08-26T14:10:23+08:00 ] 127.0.0.1 /Public/Uploads/image/goods/20160825/14720929059238846383.jpg
INFO: [ app_init ] --START--
INFO: Run Behavior\BuildLiteBehavior [ RunTime:0.000040s ]
INFO: [ app_init ] --END-- [ RunTime:0.000955s ]
ERR: 无法加载模块:Public

[ 2016-08-26T14:10:24+08:00 ] 127.0.0.1 /Public/Uploads/image/goods/20160825/14721238925450962785.JPG
INFO: [ app_init ] --START--
INFO: Run Behavior\BuildLiteBehavior [ RunTime:0.000042s ]
INFO: [ app_init ] --END-- [ RunTime:0.001282s ]
ERR: 无法加载模块:Public

[ 2016-08-26T14:10:24+08:00 ] 127.0.0.1 /Public/Uploads/image/goods/20160825/14721166816842394061.JPG
INFO: [ app_init ] --START--
INFO: Run Behavior\BuildLiteBehavior [ RunTime:0.000050s ]
INFO: [ app_init ] --END-- [ RunTime:0.001168s ]
ERR: 无法加载模块:Public

[ 2016-08-26T14:10:24+08:00 ] 127.0.0.1 /Public/Uploads/image/goods/20160825/14720945504602348863.jpg
INFO: [ app_init ] --START--
INFO: Run Behavior\BuildLiteBehavior [ RunTime:0.000044s ]
INFO: [ app_init ] --END-- [ RunTime:0.001051s ]
ERR: 无法加载模块:Public

[ 2016-08-26T14:10:24+08:00 ] 127.0.0.1 /Public/Uploads/image/goods/20160825/14721075688856588354.jpg
INFO: [ app_init ] --START--
INFO: Run Behavior\BuildLiteBehavior [ RunTime:0.000046s ]
INFO: [ app_init ] --END-- [ RunTime:0.001338s ]
ERR: 无法加载模块:Public

[ 2016-08-26T14:10:27+08:00 ] 127.0.0.1 /Public/Uploads/image/goods/20160826/14721822391044803653.jpg
INFO: [ app_init ] --START--
INFO: Run Behavior\BuildLiteBehavior [ RunTime:0.000038s ]
INFO: [ app_init ] --END-- [ RunTime:0.001029s ]
ERR: 无法加载模块:Public

[ 2016-08-26T14:10:27+08:00 ] 127.0.0.1 /Public/Uploads/image/goods/20160826/14721902247790071229.jpg
INFO: [ app_init ] --START--
INFO: Run Behavior\BuildLiteBehavior [ RunTime:0.000044s ]
INFO: [ app_init ] --END-- [ RunTime:0.001328s ]
ERR: 无法加载模块:Public

[ 2016-08-26T14:10:27+08:00 ] 127.0.0.1 /Public/Uploads/image/goods/20160826/14721813619782659632.jpg
INFO: [ app_init ] --START--
INFO: Run Behavior\BuildLiteBehavior [ RunTime:0.000040s ]
INFO: [ app_init ] --END-- [ RunTime:0.001108s ]
ERR: 无法加载模块:Public

[ 2016-08-26T14:10:27+08:00 ] 127.0.0.1 /Public/Uploads/image/goods/20160826/14721844086480754519.jpg
INFO: [ app_init ] --START--
INFO: Run Behavior\BuildLiteBehavior [ RunTime:0.000040s ]
INFO: [ app_init ] --END-- [ RunTime:0.000957s ]
ERR: 无法加载模块:Public

[ 2016-08-26T14:10:27+08:00 ] 127.0.0.1 /Public/Uploads/image/goods/20160826/14721803631686465385.jpg
INFO: [ app_init ] --START--
INFO: Run Behavior\BuildLiteBehavior [ RunTime:0.000038s ]
INFO: [ app_init ] --END-- [ RunTime:0.000973s ]
ERR: 无法加载模块:Public

[ 2016-08-26T14:10:27+08:00 ] 127.0.0.1 /Public/Uploads/image/goods/20160826/14721913696372423176.jpg
INFO: [ app_init ] --START--
INFO: Run Behavior\BuildLiteBehavior [ RunTime:0.000038s ]
INFO: [ app_init ] --END-- [ RunTime:0.001020s ]
ERR: 无法加载模块:Public

[ 2016-08-26T14:10:27+08:00 ] 127.0.0.1 /Public/Uploads/image/goods/20160826/14721831572126457544.jpg
INFO: [ app_init ] --START--
INFO: Run Behavior\BuildLiteBehavior [ RunTime:0.000037s ]
INFO: [ app_init ] --END-- [ RunTime:0.000955s ]
ERR: 无法加载模块:Public

[ 2016-08-26T14:10:27+08:00 ] 127.0.0.1 /Public/Uploads/image/goods/20160826/14721791895658899111.jpg
INFO: [ app_init ] --START--
INFO: Run Behavior\BuildLiteBehavior [ RunTime:0.000053s ]
INFO: [ app_init ] --END-- [ RunTime:0.003197s ]
ERR: 无法加载模块:Public

[ 2016-08-26T14:10:27+08:00 ] 127.0.0.1 /Public/Uploads/image/goods/20160826/14721782117631588848.jpg
INFO: [ app_init ] --START--
INFO: Run Behavior\BuildLiteBehavior [ RunTime:0.000041s ]
INFO: [ app_init ] --END-- [ RunTime:0.001256s ]
ERR: 无法加载模块:Public

[ 2016-08-26T14:10:28+08:00 ] 127.0.0.1 /Public/Uploads/image/goods/20160825/14721390040649807549.JPG
INFO: [ app_init ] --START--
INFO: Run Behavior\BuildLiteBehavior [ RunTime:0.000041s ]
INFO: [ app_init ] --END-- [ RunTime:0.000998s ]
ERR: 无法加载模块:Public

[ 2016-08-26T14:10:28+08:00 ] 127.0.0.1 /Public/Uploads/image/goods/20160826/14721813619782659632.jpg
INFO: [ app_init ] --START--
INFO: Run Behavior\BuildLiteBehavior [ RunTime:0.000040s ]
INFO: [ app_init ] --END-- [ RunTime:0.000917s ]
ERR: 无法加载模块:Public

[ 2016-08-26T14:10:28+08:00 ] 127.0.0.1 /Public/Uploads/image/goods/20160826/14721831572126457544.jpg
INFO: [ app_init ] --START--
INFO: Run Behavior\BuildLiteBehavior [ RunTime:0.000045s ]
INFO: [ app_init ] --END-- [ RunTime:0.003372s ]
ERR: 无法加载模块:Public

[ 2016-08-26T14:10:28+08:00 ] 127.0.0.1 /Public/Uploads/image/goods/20160826/14721902247790071229.jpg
INFO: [ app_init ] --START--
INFO: Run Behavior\BuildLiteBehavior [ RunTime:0.000041s ]
INFO: [ app_init ] --END-- [ RunTime:0.001306s ]
ERR: 无法加载模块:Public

[ 2016-08-26T14:10:28+08:00 ] 127.0.0.1 /Public/Uploads/image/goods/20160826/14721913696372423176.jpg
INFO: [ app_init ] --START--
INFO: Run Behavior\BuildLiteBehavior [ RunTime:0.000040s ]
INFO: [ app_init ] --END-- [ RunTime:0.009877s ]
ERR: 无法加载模块:Public

[ 2016-08-26T14:10:28+08:00 ] 127.0.0.1 /Public/Uploads/image/goods/20160826/14721844086480754519.jpg
INFO: [ app_init ] --START--
INFO: Run Behavior\BuildLiteBehavior [ RunTime:0.000046s ]
INFO: [ app_init ] --END-- [ RunTime:0.001198s ]
ERR: 无法加载模块:Public

[ 2016-08-26T14:10:28+08:00 ] 127.0.0.1 /Public/Uploads/image/goods/20160826/14721822391044803653.jpg
INFO: [ app_init ] --START--
INFO: Run Behavior\BuildLiteBehavior [ RunTime:0.000045s ]
INFO: [ app_init ] --END-- [ RunTime:0.001179s ]
ERR: 无法加载模块:Public

[ 2016-08-26T14:10:28+08:00 ] 127.0.0.1 /Public/Uploads/image/goods/20160826/14721791895658899111.jpg
INFO: [ app_init ] --START--
INFO: Run Behavior\BuildLiteBehavior [ RunTime:0.000041s ]
INFO: [ app_init ] --END-- [ RunTime:0.001119s ]
ERR: 无法加载模块:Public

[ 2016-08-26T14:10:28+08:00 ] 127.0.0.1 /Public/Uploads/image/goods/20160826/14721803631686465385.jpg
INFO: [ app_init ] --START--
INFO: Run Behavior\BuildLiteBehavior [ RunTime:0.000042s ]
INFO: [ app_init ] --END-- [ RunTime:0.001706s ]
ERR: 无法加载模块:Public

[ 2016-08-26T14:10:28+08:00 ] 127.0.0.1 /Public/Uploads/image/goods/20160826/14721782117631588848.jpg
INFO: [ app_init ] --START--
INFO: Run Behavior\BuildLiteBehavior [ RunTime:0.000045s ]
INFO: [ app_init ] --END-- [ RunTime:0.003646s ]
ERR: 无法加载模块:Public

[ 2016-08-26T14:10:28+08:00 ] 127.0.0.1 /Public/Uploads/image/goods/20160825/14721390040649807549.JPG
INFO: [ app_init ] --START--
INFO: Run Behavior\BuildLiteBehavior [ RunTime:0.000038s ]
INFO: [ app_init ] --END-- [ RunTime:0.000967s ]
ERR: 无法加载模块:Public

[ 2016-08-26T14:11:27+08:00 ] 127.0.0.1 /Public/Uploads/image/goods/20160825/14721166816842394061.JPG
INFO: [ app_init ] --START--
INFO: Run Behavior\BuildLiteBehavior [ RunTime:0.000042s ]
INFO: [ app_init ] --END-- [ RunTime:0.001061s ]
ERR: 无法加载模块:Public

[ 2016-08-26T14:11:27+08:00 ] 127.0.0.1 /Public/Uploads/image/goods/20160825/14721075688856588354.jpg
INFO: [ app_init ] --START--
INFO: Run Behavior\BuildLiteBehavior [ RunTime:0.000047s ]
INFO: [ app_init ] --END-- [ RunTime:0.003073s ]
ERR: 无法加载模块:Public

[ 2016-08-26T14:11:27+08:00 ] 127.0.0.1 /Public/Uploads/image/goods/20160825/14720929059238846383.jpg
INFO: [ app_init ] --START--
INFO: Run Behavior\BuildLiteBehavior [ RunTime:0.000047s ]
INFO: [ app_init ] --END-- [ RunTime:0.000999s ]
ERR: 无法加载模块:Public

[ 2016-08-26T14:11:27+08:00 ] 127.0.0.1 /Public/Uploads/image/goods/20160826/14721768026540376039.jpg
INFO: [ app_init ] --START--
INFO: Run Behavior\BuildLiteBehavior [ RunTime:0.000040s ]
INFO: [ app_init ] --END-- [ RunTime:0.001104s ]
ERR: 无法加载模块:Public

[ 2016-08-26T14:11:27+08:00 ] 127.0.0.1 /Public/Uploads/image/goods/20160825/14720945504602348863.jpg
INFO: [ app_init ] --START--
INFO: Run Behavior\BuildLiteBehavior [ RunTime:0.000042s ]
INFO: [ app_init ] --END-- [ RunTime:0.001187s ]
ERR: 无法加载模块:Public

[ 2016-08-26T14:11:27+08:00 ] 127.0.0.1 /Public/Uploads/image/goods/20160825/14721238925450962785.JPG
INFO: [ app_init ] --START--
INFO: Run Behavior\BuildLiteBehavior [ RunTime:0.000043s ]
INFO: [ app_init ] --END-- [ RunTime:0.001327s ]
ERR: 无法加载模块:Public

[ 2016-08-26T14:11:27+08:00 ] 127.0.0.1 /Public/Uploads/image/goods/20160825/14721075688856588354.jpg
INFO: [ app_init ] --START--
INFO: Run Behavior\BuildLiteBehavior [ RunTime:0.000051s ]
INFO: [ app_init ] --END-- [ RunTime:0.001351s ]
ERR: 无法加载模块:Public

[ 2016-08-26T14:11:27+08:00 ] 127.0.0.1 /Public/Uploads/image/goods/20160825/14721166816842394061.JPG
INFO: [ app_init ] --START--
INFO: Run Behavior\BuildLiteBehavior [ RunTime:0.000040s ]
INFO: [ app_init ] --END-- [ RunTime:0.001513s ]
ERR: 无法加载模块:Public

[ 2016-08-26T14:11:30+08:00 ] 127.0.0.1 /Public/Uploads/image/goods/20160826/14721902247790071229.jpg
INFO: [ app_init ] --START--
INFO: Run Behavior\BuildLiteBehavior [ RunTime:0.000039s ]
INFO: [ app_init ] --END-- [ RunTime:0.000946s ]
ERR: 无法加载模块:Public

[ 2016-08-26T14:11:30+08:00 ] 127.0.0.1 /Public/Uploads/image/goods/20160826/14721844086480754519.jpg
INFO: [ app_init ] --START--
INFO: Run Behavior\BuildLiteBehavior [ RunTime:0.000041s ]
INFO: [ app_init ] --END-- [ RunTime:0.000979s ]
ERR: 无法加载模块:Public

[ 2016-08-26T14:11:30+08:00 ] 127.0.0.1 /Public/Uploads/image/goods/20160826/14721813619782659632.jpg
INFO: [ app_init ] --START--
INFO: Run Behavior\BuildLiteBehavior [ RunTime:0.000040s ]
INFO: [ app_init ] --END-- [ RunTime:0.000942s ]
ERR: 无法加载模块:Public

[ 2016-08-26T14:11:30+08:00 ] 127.0.0.1 /Public/Uploads/image/goods/20160826/14721803631686465385.jpg
INFO: [ app_init ] --START--
INFO: Run Behavior\BuildLiteBehavior [ RunTime:0.000043s ]
INFO: [ app_init ] --END-- [ RunTime:0.001025s ]
ERR: 无法加载模块:Public

[ 2016-08-26T14:11:30+08:00 ] 127.0.0.1 /Public/Uploads/image/goods/20160826/14721831572126457544.jpg
INFO: [ app_init ] --START--
INFO: Run Behavior\BuildLiteBehavior [ RunTime:0.000048s ]
INFO: [ app_init ] --END-- [ RunTime:0.013326s ]
ERR: 无法加载模块:Public

[ 2016-08-26T14:11:30+08:00 ] 127.0.0.1 /Public/Uploads/image/goods/20160826/14721913696372423176.jpg
INFO: [ app_init ] --START--
INFO: Run Behavior\BuildLiteBehavior [ RunTime:0.000044s ]
INFO: [ app_init ] --END-- [ RunTime:0.001237s ]
ERR: 无法加载模块:Public

[ 2016-08-26T14:11:30+08:00 ] 127.0.0.1 /Public/Uploads/image/goods/20160826/14721822391044803653.jpg
INFO: [ app_init ] --START--
INFO: Run Behavior\BuildLiteBehavior [ RunTime:0.000044s ]
INFO: [ app_init ] --END-- [ RunTime:0.001751s ]
ERR: 无法加载模块:Public

[ 2016-08-26T14:11:30+08:00 ] 127.0.0.1 /Public/Uploads/image/goods/20160826/14721782117631588848.jpg
INFO: [ app_init ] --START--
INFO: Run Behavior\BuildLiteBehavior [ RunTime:0.000040s ]
INFO: [ app_init ] --END-- [ RunTime:0.000929s ]
ERR: 无法加载模块:Public

[ 2016-08-26T14:11:30+08:00 ] 127.0.0.1 /Public/Uploads/image/goods/20160825/14721390040649807549.JPG
INFO: [ app_init ] --START--
INFO: Run Behavior\BuildLiteBehavior [ RunTime:0.000052s ]
INFO: [ app_init ] --END-- [ RunTime:0.001088s ]
ERR: 无法加载模块:Public

[ 2016-08-26T14:11:30+08:00 ] 127.0.0.1 /Public/Uploads/image/goods/20160826/14721791895658899111.jpg
INFO: [ app_init ] --START--
INFO: Run Behavior\BuildLiteBehavior [ RunTime:0.000043s ]
INFO: [ app_init ] --END-- [ RunTime:0.001081s ]
ERR: 无法加载模块:Public

[ 2016-08-26T14:11:30+08:00 ] 127.0.0.1 /Public/Uploads/image/goods/20160826/14721902247790071229.jpg
INFO: [ app_init ] --START--
INFO: Run Behavior\BuildLiteBehavior [ RunTime:0.000045s ]
INFO: [ app_init ] --END-- [ RunTime:0.001459s ]
ERR: 无法加载模块:Public

[ 2016-08-26T14:11:30+08:00 ] 127.0.0.1 /Public/Uploads/image/goods/20160826/14721844086480754519.jpg
INFO: [ app_init ] --START--
INFO: Run Behavior\BuildLiteBehavior [ RunTime:0.000045s ]
INFO: [ app_init ] --END-- [ RunTime:0.001238s ]
ERR: 无法加载模块:Public

[ 2016-08-26T14:11:32+08:00 ] 127.0.0.1 /Public/Uploads/image/goods/20160825/14721349915834875276.jpg
INFO: [ app_init ] --START--
INFO: Run Behavior\BuildLiteBehavior [ RunTime:0.000039s ]
INFO: [ app_init ] --END-- [ RunTime:0.000914s ]
ERR: 无法加载模块:Public

[ 2016-08-26T14:11:32+08:00 ] 127.0.0.1 /Public/Uploads/image/goods/20160825/14721391477264299210.jpg
INFO: [ app_init ] --START--
INFO: Run Behavior\BuildLiteBehavior [ RunTime:0.000042s ]
INFO: [ app_init ] --END-- [ RunTime:0.001380s ]
ERR: 无法加载模块:Public

[ 2016-08-26T14:11:32+08:00 ] 127.0.0.1 /Public/Uploads/image/goods/20160825/14721360670283628324.JPG
INFO: [ app_init ] --START--
INFO: Run Behavior\BuildLiteBehavior [ RunTime:0.000040s ]
INFO: [ app_init ] --END-- [ RunTime:0.000924s ]
ERR: 无法加载模块:Public

[ 2016-08-26T14:11:32+08:00 ] 127.0.0.1 /Public/Uploads/image/goods/20160825/14721361958083916459.jpg
INFO: [ app_init ] --START--
INFO: Run Behavior\BuildLiteBehavior [ RunTime:0.000045s ]
INFO: [ app_init ] --END-- [ RunTime:0.002436s ]
ERR: 无法加载模块:Public

[ 2016-08-26T14:11:32+08:00 ] 127.0.0.1 /Public/Uploads/image/goods/20160825/14721380433434327849.jpg
INFO: [ app_init ] --START--
INFO: Run Behavior\BuildLiteBehavior [ RunTime:0.000047s ]
INFO: [ app_init ] --END-- [ RunTime:0.001084s ]
ERR: 无法加载模块:Public

[ 2016-08-26T14:11:32+08:00 ] 127.0.0.1 /Public/Uploads/image/goods/20160825/14721391477264299210.jpg
INFO: [ app_init ] --START--
INFO: Run Behavior\BuildLiteBehavior [ RunTime:0.000045s ]
INFO: [ app_init ] --END-- [ RunTime:0.004728s ]
ERR: 无法加载模块:Public

[ 2016-08-26T14:11:32+08:00 ] 127.0.0.1 /Public/Uploads/image/goods/20160825/14721349915834875276.jpg
INFO: [ app_init ] --START--
INFO: Run Behavior\BuildLiteBehavior [ RunTime:0.000039s ]
INFO: [ app_init ] --END-- [ RunTime:0.000951s ]
ERR: 无法加载模块:Public

[ 2016-08-26T14:11:32+08:00 ] 127.0.0.1 /Public/Uploads/image/goods/20160825/14721360670283628324.JPG
INFO: [ app_init ] --START--
INFO: Run Behavior\BuildLiteBehavior [ RunTime:0.000038s ]
INFO: [ app_init ] --END-- [ RunTime:0.000952s ]
ERR: 无法加载模块:Public

[ 2016-08-26T14:32:54+08:00 ] 127.0.0.1 /Public/Home/Css/footer.css
INFO: [ app_init ] --START--
INFO: Run Behavior\BuildLiteBehavior [ RunTime:0.000042s ]
INFO: [ app_init ] --END-- [ RunTime:0.000967s ]
ERR: 无法加载模块:Public

[ 2016-08-26T14:32:54+08:00 ] 127.0.0.1 /Public/Home/Css/head.css
INFO: [ app_init ] --START--
INFO: Run Behavior\BuildLiteBehavior [ RunTime:0.000063s ]
INFO: [ app_init ] --END-- [ RunTime:0.001311s ]
ERR: 无法加载模块:Public

[ 2016-08-26T14:32:54+08:00 ] 127.0.0.1 /Public/Home/Css/index.css
INFO: [ app_init ] --START--
INFO: Run Behavior\BuildLiteBehavior [ RunTime:0.000022s ]
INFO: [ app_init ] --END-- [ RunTime:0.000819s ]
ERR: 无法加载模块:Public

[ 2016-08-26T14:33:17+08:00 ] 127.0.0.1 /Public/Uploads/image/goods/20160825/thumb/14721239063153789410.JPG
INFO: [ app_init ] --START--
INFO: Run Behavior\BuildLiteBehavior [ RunTime:0.000043s ]
INFO: [ app_init ] --END-- [ RunTime:0.000997s ]
ERR: 无法加载模块:Public

[ 2016-08-26T14:33:17+08:00 ] 127.0.0.1 /Public/Uploads/image/goods/20160825/thumb/14720945610250863132.jpg
INFO: [ app_init ] --START--
INFO: Run Behavior\BuildLiteBehavior [ RunTime:0.000044s ]
INFO: [ app_init ] --END-- [ RunTime:0.001086s ]
ERR: 无法加载模块:Public

[ 2016-08-26T14:33:17+08:00 ] 127.0.0.1 /Public/Uploads/image/goods/20160825/thumb/14721350089449157986.jpg
INFO: [ app_init ] --START--
INFO: Run Behavior\BuildLiteBehavior [ RunTime:0.000045s ]
INFO: [ app_init ] --END-- [ RunTime:0.001204s ]
ERR: 无法加载模块:Public

[ 2016-08-26T14:33:17+08:00 ] 127.0.0.1 /Public/Uploads/image/goods/20160825/thumb/14721075786332574856.jpg
INFO: [ app_init ] --START--
INFO: Run Behavior\BuildLiteBehavior [ RunTime:0.000043s ]
INFO: [ app_init ] --END-- [ RunTime:0.000942s ]
ERR: 无法加载模块:Public

[ 2016-08-26T14:33:17+08:00 ] 127.0.0.1 /Public/Uploads/image/goods/20160825/thumb/14720929922657599685.jpg
INFO: [ app_init ] --START--
INFO: Run Behavior\BuildLiteBehavior [ RunTime:0.000044s ]
INFO: [ app_init ] --END-- [ RunTime:0.001147s ]
ERR: 无法加载模块:Public

[ 2016-08-26T14:33:17+08:00 ] 127.0.0.1 /Public/Uploads/image/goods/20160825/thumb/14721166962863085346.jpg
INFO: [ app_init ] --START--
INFO: Run Behavior\BuildLiteBehavior [ RunTime:0.000072s ]
INFO: [ app_init ] --END-- [ RunTime:0.001308s ]
ERR: 无法加载模块:Public

[ 2016-08-26T14:33:17+08:00 ] 127.0.0.1 /Public/Uploads/image/goods/20160825/thumb/14721361469450334865.JPG
INFO: [ app_init ] --START--
INFO: Run Behavior\BuildLiteBehavior [ RunTime:0.000044s ]
INFO: [ app_init ] --END-- [ RunTime:0.001008s ]
ERR: 无法加载模块:Public

[ 2016-08-26T14:33:17+08:00 ] 127.0.0.1 /Public/Uploads/image/goods/20160825/thumb/14721383848560058523.jpg
INFO: [ app_init ] --START--
INFO: Run Behavior\BuildLiteBehavior [ RunTime:0.000043s ]
INFO: [ app_init ] --END-- [ RunTime:0.001144s ]
ERR: 无法加载模块:Public

[ 2016-08-26T14:33:17+08:00 ] 127.0.0.1 /Public/Uploads/image/goods/20160825/thumb/14721391591667246472.jpg
INFO: [ app_init ] --START--
INFO: Run Behavior\BuildLiteBehavior [ RunTime:0.000040s ]
INFO: [ app_init ] --END-- [ RunTime:0.000940s ]
ERR: 无法加载模块:Public

[ 2016-08-26T14:33:17+08:00 ] 127.0.0.1 /Public/Uploads/image/goods/20160825/thumb/14721367009486176501.jpg
INFO: [ app_init ] --START--
INFO: Run Behavior\BuildLiteBehavior [ RunTime:0.000048s ]
INFO: [ app_init ] --END-- [ RunTime:0.001219s ]
ERR: 无法加载模块:Public

[ 2016-08-26T14:33:17+08:00 ] 127.0.0.1 /Public/Uploads/image/goods/20160825/thumb/14721390347686474113.JPG
INFO: [ app_init ] --START--
INFO: Run Behavior\BuildLiteBehavior [ RunTime:0.000049s ]
INFO: [ app_init ] --END-- [ RunTime:0.001373s ]
ERR: 无法加载模块:Public

[ 2016-08-26T14:33:17+08:00 ] 127.0.0.1 /Public/Uploads/image/goods/20160826/thumb/14721785877951977147.jpg
INFO: [ app_init ] --START--
INFO: Run Behavior\BuildLiteBehavior [ RunTime:0.000045s ]
INFO: [ app_init ] --END-- [ RunTime:0.010047s ]
ERR: 无法加载模块:Public

[ 2016-08-26T14:33:17+08:00 ] 127.0.0.1 /Public/Uploads/image/goods/20160826/thumb/14721822539489248482.jpg
INFO: [ app_init ] --START--
INFO: Run Behavior\BuildLiteBehavior [ RunTime:0.000041s ]
INFO: [ app_init ] --END-- [ RunTime:0.001129s ]
ERR: 无法加载模块:Public

[ 2016-08-26T14:33:17+08:00 ] 127.0.0.1 /Public/Uploads/image/goods/20160826/thumb/14721803758825543271.jpg
INFO: [ app_init ] --START--
INFO: Run Behavior\BuildLiteBehavior [ RunTime:0.000041s ]
INFO: [ app_init ] --END-- [ RunTime:0.000968s ]
ERR: 无法加载模块:Public

[ 2016-08-26T14:33:17+08:00 ] 127.0.0.1 /Public/Uploads/image/goods/20160826/thumb/14721791992077725439.jpg
INFO: [ app_init ] --START--
INFO: Run Behavior\BuildLiteBehavior [ RunTime:0.000051s ]
INFO: [ app_init ] --END-- [ RunTime:0.002876s ]
ERR: 无法加载模块:Public

[ 2016-08-26T14:33:17+08:00 ] 127.0.0.1 /Public/Uploads/image/goods/20160826/thumb/14721768186090761141.jpg
INFO: [ app_init ] --START--
INFO: Run Behavior\BuildLiteBehavior [ RunTime:0.000042s ]
INFO: [ app_init ] --END-- [ RunTime:0.000997s ]
ERR: 无法加载模块:Public

[ 2016-08-26T14:33:17+08:00 ] 127.0.0.1 /Public/Uploads/image/goods/20160826/thumb/14721902386193281482.jpg
INFO: [ app_init ] --START--
INFO: Run Behavior\BuildLiteBehavior [ RunTime:0.000043s ]
INFO: [ app_init ] --END-- [ RunTime:0.001034s ]
ERR: 无法加载模块:Public

[ 2016-08-26T14:33:17+08:00 ] 127.0.0.1 /Public/Uploads/image/goods/20160826/thumb/14721831870736451442.jpg
INFO: [ app_init ] --START--
INFO: Run Behavior\BuildLiteBehavior [ RunTime:0.000043s ]
INFO: [ app_init ] --END-- [ RunTime:0.001041s ]
ERR: 无法加载模块:Public

[ 2016-08-26T14:33:17+08:00 ] 127.0.0.1 /Public/Uploads/image/goods/20160826/thumb/14721813705243475196.jpg
INFO: [ app_init ] --START--
INFO: Run Behavior\BuildLiteBehavior [ RunTime:0.000039s ]
INFO: [ app_init ] --END-- [ RunTime:0.000953s ]
ERR: 无法加载模块:Public

[ 2016-08-26T14:33:17+08:00 ] 127.0.0.1 /Public/Uploads/image/goods/20160826/thumb/14721913797476616435.jpg
INFO: [ app_init ] --START--
INFO: Run Behavior\BuildLiteBehavior [ RunTime:0.000045s ]
INFO: [ app_init ] --END-- [ RunTime:0.002919s ]
ERR: 无法加载模块:Public

[ 2016-08-26T14:33:17+08:00 ] 127.0.0.1 /Public/Uploads/image/goods/20160826/thumb/14721844194682544139.jpg
INFO: [ app_init ] --START--
INFO: Run Behavior\BuildLiteBehavior [ RunTime:0.000046s ]
INFO: [ app_init ] --END-- [ RunTime:0.001922s ]
ERR: 无法加载模块:Public

[ 2016-08-26T14:37:46+08:00 ] 127.0.0.1 /Public/Uploads/image/goods/20160825/thumb/14720929922657599685.jpg
INFO: [ app_init ] --START--
INFO: Run Behavior\BuildLiteBehavior [ RunTime:0.000039s ]
INFO: [ app_init ] --END-- [ RunTime:0.001121s ]
ERR: 无法加载模块:Public

[ 2016-08-26T14:37:46+08:00 ] 127.0.0.1 /Public/Uploads/image/goods/20160825/thumb/14721075786332574856.jpg
INFO: [ app_init ] --START--
INFO: Run Behavior\BuildLiteBehavior [ RunTime:0.000038s ]
INFO: [ app_init ] --END-- [ RunTime:0.001035s ]
ERR: 无法加载模块:Public

[ 2016-08-26T14:37:46+08:00 ] 127.0.0.1 /Public/Uploads/image/goods/20160825/thumb/14721350089449157986.jpg
INFO: [ app_init ] --START--
INFO: Run Behavior\BuildLiteBehavior [ RunTime:0.000367s ]
INFO: [ app_init ] --END-- [ RunTime:0.001372s ]
ERR: 无法加载模块:Public

[ 2016-08-26T14:37:46+08:00 ] 127.0.0.1 /Public/Uploads/image/goods/20160825/thumb/14721239063153789410.JPG
INFO: [ app_init ] --START--
INFO: Run Behavior\BuildLiteBehavior [ RunTime:0.000042s ]
INFO: [ app_init ] --END-- [ RunTime:0.001139s ]
ERR: 无法加载模块:Public

[ 2016-08-26T14:37:46+08:00 ] 127.0.0.1 /Public/Uploads/image/goods/20160825/thumb/14721166962863085346.jpg
INFO: [ app_init ] --START--
INFO: Run Behavior\BuildLiteBehavior [ RunTime:0.000100s ]
INFO: [ app_init ] --END-- [ RunTime:0.001473s ]
ERR: 无法加载模块:Public

[ 2016-08-26T14:37:46+08:00 ] 127.0.0.1 /Public/Uploads/image/goods/20160825/thumb/14720945610250863132.jpg
INFO: [ app_init ] --START--
INFO: Run Behavior\BuildLiteBehavior [ RunTime:0.000047s ]
INFO: [ app_init ] --END-- [ RunTime:0.002064s ]
ERR: 无法加载模块:Public

[ 2016-08-26T14:37:46+08:00 ] 127.0.0.1 /Public/Uploads/image/goods/20160825/thumb/14721361469450334865.JPG
INFO: [ app_init ] --START--
INFO: Run Behavior\BuildLiteBehavior [ RunTime:0.000047s ]
INFO: [ app_init ] --END-- [ RunTime:0.002786s ]
ERR: 无法加载模块:Public

[ 2016-08-26T14:37:46+08:00 ] 127.0.0.1 /Public/Uploads/image/goods/20160825/thumb/14721367009486176501.jpg
INFO: [ app_init ] --START--
INFO: Run Behavior\BuildLiteBehavior [ RunTime:0.000044s ]
INFO: [ app_init ] --END-- [ RunTime:0.001009s ]
ERR: 无法加载模块:Public

[ 2016-08-26T14:37:46+08:00 ] 127.0.0.1 /Public/Uploads/image/goods/20160825/thumb/14721383848560058523.jpg
INFO: [ app_init ] --START--
INFO: Run Behavior\BuildLiteBehavior [ RunTime:0.000040s ]
INFO: [ app_init ] --END-- [ RunTime:0.000966s ]
ERR: 无法加载模块:Public

[ 2016-08-26T14:37:46+08:00 ] 127.0.0.1 /Public/Uploads/image/goods/20160825/thumb/14721390347686474113.JPG
INFO: [ app_init ] --START--
INFO: Run Behavior\BuildLiteBehavior [ RunTime:0.000041s ]
INFO: [ app_init ] --END-- [ RunTime:0.001013s ]
ERR: 无法加载模块:Public

[ 2016-08-26T14:37:46+08:00 ] 127.0.0.1 /Public/Uploads/image/goods/20160826/thumb/14721768186090761141.jpg
INFO: [ app_init ] --START--
INFO: Run Behavior\BuildLiteBehavior [ RunTime:0.000042s ]
INFO: [ app_init ] --END-- [ RunTime:0.001093s ]
ERR: 无法加载模块:Public

[ 2016-08-26T14:37:46+08:00 ] 127.0.0.1 /Public/Uploads/image/goods/20160826/thumb/14721791992077725439.jpg
INFO: [ app_init ] --START--
INFO: Run Behavior\BuildLiteBehavior [ RunTime:0.000037s ]
INFO: [ app_init ] --END-- [ RunTime:0.000918s ]
ERR: 无法加载模块:Public

[ 2016-08-26T14:37:46+08:00 ] 127.0.0.1 /Public/Uploads/image/goods/20160825/thumb/14721391591667246472.jpg
INFO: [ app_init ] --START--
INFO: Run Behavior\BuildLiteBehavior [ RunTime:0.000044s ]
INFO: [ app_init ] --END-- [ RunTime:0.000994s ]
ERR: 无法加载模块:Public

[ 2016-08-26T14:37:46+08:00 ] 127.0.0.1 /Public/Uploads/image/goods/20160826/thumb/14721785877951977147.jpg
INFO: [ app_init ] --START--
INFO: Run Behavior\BuildLiteBehavior [ RunTime:0.000038s ]
INFO: [ app_init ] --END-- [ RunTime:0.001034s ]
ERR: 无法加载模块:Public

[ 2016-08-26T14:37:46+08:00 ] 127.0.0.1 /Public/Uploads/image/goods/20160826/thumb/14721803758825543271.jpg
INFO: [ app_init ] --START--
INFO: Run Behavior\BuildLiteBehavior [ RunTime:0.000062s ]
INFO: [ app_init ] --END-- [ RunTime:0.006245s ]
ERR: 无法加载模块:Public

[ 2016-08-26T14:37:46+08:00 ] 127.0.0.1 /Public/Uploads/image/goods/20160826/thumb/14721822539489248482.jpg
INFO: [ app_init ] --START--
INFO: Run Behavior\BuildLiteBehavior [ RunTime:0.000040s ]
INFO: [ app_init ] --END-- [ RunTime:0.000951s ]
ERR: 无法加载模块:Public

[ 2016-08-26T14:37:46+08:00 ] 127.0.0.1 /Public/Uploads/image/goods/20160826/thumb/14721813705243475196.jpg
INFO: [ app_init ] --START--
INFO: Run Behavior\BuildLiteBehavior [ RunTime:0.000044s ]
INFO: [ app_init ] --END-- [ RunTime:0.013195s ]
ERR: 无法加载模块:Public

[ 2016-08-26T14:37:46+08:00 ] 127.0.0.1 /Public/Uploads/image/goods/20160826/thumb/14721831870736451442.jpg
INFO: [ app_init ] --START--
INFO: Run Behavior\BuildLiteBehavior [ RunTime:0.000040s ]
INFO: [ app_init ] --END-- [ RunTime:0.000979s ]
ERR: 无法加载模块:Public

[ 2016-08-26T14:37:46+08:00 ] 127.0.0.1 /Public/Uploads/image/goods/20160826/thumb/14721844194682544139.jpg
INFO: [ app_init ] --START--
INFO: Run Behavior\BuildLiteBehavior [ RunTime:0.000040s ]
INFO: [ app_init ] --END-- [ RunTime:0.000925s ]
ERR: 无法加载模块:Public

[ 2016-08-26T14:37:46+08:00 ] 127.0.0.1 /Public/Uploads/image/goods/20160826/thumb/14721902386193281482.jpg
INFO: [ app_init ] --START--
INFO: Run Behavior\BuildLiteBehavior [ RunTime:0.000045s ]
INFO: [ app_init ] --END-- [ RunTime:0.001238s ]
ERR: 无法加载模块:Public

[ 2016-08-26T14:37:46+08:00 ] 127.0.0.1 /Public/Uploads/image/goods/20160826/thumb/14721913797476616435.jpg
INFO: [ app_init ] --START--
INFO: Run Behavior\BuildLiteBehavior [ RunTime:0.000043s ]
INFO: [ app_init ] --END-- [ RunTime:0.001054s ]
ERR: 无法加载模块:Public

[ 2016-08-26T14:37:46+08:00 ] 127.0.0.1 /Public/Uploads/image/goods/20160826/thumb/14721791992077725439.jpg
INFO: [ app_init ] --START--
INFO: Run Behavior\BuildLiteBehavior [ RunTime:0.000025s ]
INFO: [ app_init ] --END-- [ RunTime:0.000678s ]
ERR: 无法加载模块:Public

[ 2016-08-26T14:37:46+08:00 ] 127.0.0.1 /Public/Uploads/image/goods/20160825/thumb/14721239063153789410.JPG
INFO: [ app_init ] --START--
INFO: Run Behavior\BuildLiteBehavior [ RunTime:0.000048s ]
INFO: [ app_init ] --END-- [ RunTime:0.004701s ]
ERR: 无法加载模块:Public

[ 2016-08-26T14:37:46+08:00 ] 127.0.0.1 /Public/Uploads/image/goods/20160825/thumb/14721166962863085346.jpg
INFO: [ app_init ] --START--
INFO: Run Behavior\BuildLiteBehavior [ RunTime:0.000046s ]
INFO: [ app_init ] --END-- [ RunTime:0.004179s ]
ERR: 无法加载模块:Public

[ 2016-08-26T14:37:46+08:00 ] 127.0.0.1 /Public/Uploads/image/goods/20160825/thumb/14720929922657599685.jpg
INFO: [ app_init ] --START--
INFO: Run Behavior\BuildLiteBehavior [ RunTime:0.000046s ]
INFO: [ app_init ] --END-- [ RunTime:0.001268s ]
ERR: 无法加载模块:Public

[ 2016-08-26T14:37:46+08:00 ] 127.0.0.1 /Public/Uploads/image/goods/20160825/thumb/14721075786332574856.jpg
INFO: [ app_init ] --START--
INFO: Run Behavior\BuildLiteBehavior [ RunTime:0.000046s ]
INFO: [ app_init ] --END-- [ RunTime:0.013931s ]
ERR: 无法加载模块:Public

[ 2016-08-26T14:37:46+08:00 ] 127.0.0.1 /Public/Uploads/image/goods/20160825/thumb/14721361469450334865.JPG
INFO: [ app_init ] --START--
INFO: Run Behavior\BuildLiteBehavior [ RunTime:0.000183s ]
INFO: [ app_init ] --END-- [ RunTime:0.001447s ]
ERR: 无法加载模块:Public

[ 2016-08-26T14:37:46+08:00 ] 127.0.0.1 /Public/Uploads/image/goods/20160825/thumb/14721350089449157986.jpg
INFO: [ app_init ] --START--
INFO: Run Behavior\BuildLiteBehavior [ RunTime:0.000048s ]
INFO: [ app_init ] --END-- [ RunTime:0.004845s ]
ERR: 无法加载模块:Public

[ 2016-08-26T14:37:46+08:00 ] 127.0.0.1 /Public/Uploads/image/goods/20160825/thumb/14721367009486176501.jpg
INFO: [ app_init ] --START--
INFO: Run Behavior\BuildLiteBehavior [ RunTime:0.000040s ]
INFO: [ app_init ] --END-- [ RunTime:0.001604s ]
ERR: 无法加载模块:Public

[ 2016-08-26T14:37:46+08:00 ] 127.0.0.1 /Public/Uploads/image/goods/20160825/thumb/14720945610250863132.jpg
INFO: [ app_init ] --START--
INFO: Run Behavior\BuildLiteBehavior [ RunTime:0.000038s ]
INFO: [ app_init ] --END-- [ RunTime:0.001038s ]
ERR: 无法加载模块:Public

[ 2016-08-26T14:37:46+08:00 ] 127.0.0.1 /Public/Uploads/image/goods/20160825/thumb/14721391591667246472.jpg
INFO: [ app_init ] --START--
INFO: Run Behavior\BuildLiteBehavior [ RunTime:0.000041s ]
INFO: [ app_init ] --END-- [ RunTime:0.001533s ]
ERR: 无法加载模块:Public

[ 2016-08-26T14:37:46+08:00 ] 127.0.0.1 /Public/Uploads/image/goods/20160825/thumb/14721390347686474113.JPG
INFO: [ app_init ] --START--
INFO: Run Behavior\BuildLiteBehavior [ RunTime:0.000039s ]
INFO: [ app_init ] --END-- [ RunTime:0.000971s ]
ERR: 无法加载模块:Public

[ 2016-08-26T14:37:46+08:00 ] 127.0.0.1 /Public/Uploads/image/goods/20160825/thumb/14721383848560058523.jpg
INFO: [ app_init ] --START--
INFO: Run Behavior\BuildLiteBehavior [ RunTime:0.000044s ]
INFO: [ app_init ] --END-- [ RunTime:0.001605s ]
ERR: 无法加载模块:Public

[ 2016-08-26T14:37:46+08:00 ] 127.0.0.1 /Public/Uploads/image/goods/20160826/thumb/14721768186090761141.jpg
INFO: [ app_init ] --START--
INFO: Run Behavior\BuildLiteBehavior [ RunTime:0.000045s ]
INFO: [ app_init ] --END-- [ RunTime:0.001258s ]
ERR: 无法加载模块:Public

