[ 2016-09-19T00:27:58+08:00 ] 127.0.0.1 /Public/Home/Mobile/Css/iconfont/iconfont_zhuce/iconfont.css
INFO: [ app_init ] --START--
INFO: Run Behavior\BuildLiteBehavior [ RunTime:0.000040s ]
INFO: [ app_init ] --END-- [ RunTime:0.000824s ]
ERR: 无法加载模块:Public

[ 2016-09-19T00:27:58+08:00 ] 127.0.0.1 /Public/Home/Mobile/Css/iconfont/iconfont_jiantou/iconfont.css
INFO: [ app_init ] --START--
INFO: Run Behavior\BuildLiteBehavior [ RunTime:0.000044s ]
INFO: [ app_init ] --END-- [ RunTime:0.001440s ]
ERR: 无法加载模块:Public

[ 2016-09-19T00:29:46+08:00 ] 127.0.0.1 /Public/Uploads/image/goods/20160829/thumb/14724009937242996717.JPG
INFO: [ app_init ] --START--
INFO: Run Behavior\BuildLiteBehavior [ RunTime:0.001154s ]
INFO: [ app_init ] --END-- [ RunTime:0.002044s ]
ERR: 无法加载模块:Public

[ 2016-09-19T00:29:46+08:00 ] 127.0.0.1 /Public/Uploads/image/goods/20160829/thumb/14724020382020664602.JPG
INFO: [ app_init ] --START--
INFO: Run Behavior\BuildLiteBehavior [ RunTime:0.000043s ]
INFO: [ app_init ] --END-- [ RunTime:0.000876s ]
ERR: 无法加载模块:Public

[ 2016-09-19T00:29:46+08:00 ] 127.0.0.1 /Public/Uploads/image/goods/20160828/thumb/14723993643695373622.JPG
INFO: [ app_init ] --START--
INFO: Run Behavior\BuildLiteBehavior [ RunTime:0.000041s ]
INFO: [ app_init ] --END-- [ RunTime:0.001887s ]
ERR: 无法加载模块:Public

[ 2016-09-19T00:29:46+08:00 ] 127.0.0.1 /Public/Uploads/image/goods/20160829/thumb/14724038767862015979.JPG
INFO: [ app_init ] --START--
INFO: Run Behavior\BuildLiteBehavior [ RunTime:0.000043s ]
INFO: [ app_init ] --END-- [ RunTime:0.000988s ]
ERR: 无法加载模块:Public

[ 2016-09-19T00:29:46+08:00 ] 127.0.0.1 /Public/Uploads/image/goods/20160829/thumb/14724002885261415171.JPG
INFO: [ app_init ] --START--
INFO: Run Behavior\BuildLiteBehavior [ RunTime:0.000041s ]
INFO: [ app_init ] --END-- [ RunTime:0.000919s ]
ERR: 无法加载模块:Public

[ 2016-09-19T00:34:43+08:00 ] 127.0.0.1 /Public/Uploads/image/goods/20160828/thumb/14723993643695373622.JPG
INFO: [ app_init ] --START--
INFO: Run Behavior\BuildLiteBehavior [ RunTime:0.000043s ]
INFO: [ app_init ] --END-- [ RunTime:0.001528s ]
ERR: 无法加载模块:Public

[ 2016-09-19T00:34:43+08:00 ] 127.0.0.1 /Public/Uploads/image/goods/20160829/thumb/14724020382020664602.JPG
INFO: [ app_init ] --START--
INFO: Run Behavior\BuildLiteBehavior [ RunTime:0.000038s ]
INFO: [ app_init ] --END-- [ RunTime:0.001142s ]
ERR: 无法加载模块:Public

[ 2016-09-19T00:34:43+08:00 ] 127.0.0.1 /Public/Uploads/image/goods/20160829/thumb/14724038767862015979.JPG
INFO: [ app_init ] --START--
INFO: Run Behavior\BuildLiteBehavior [ RunTime:0.000038s ]
INFO: [ app_init ] --END-- [ RunTime:0.000883s ]
ERR: 无法加载模块:Public

[ 2016-09-19T00:34:43+08:00 ] 127.0.0.1 /Public/Uploads/image/goods/20160829/thumb/14724009937242996717.JPG
INFO: [ app_init ] --START--
INFO: Run Behavior\BuildLiteBehavior [ RunTime:0.000046s ]
INFO: [ app_init ] --END-- [ RunTime:0.001095s ]
ERR: 无法加载模块:Public

[ 2016-09-19T00:34:43+08:00 ] 127.0.0.1 /Public/Uploads/image/goods/20160829/thumb/14724002885261415171.JPG
INFO: [ app_init ] --START--
INFO: Run Behavior\BuildLiteBehavior [ RunTime:0.000045s ]
INFO: [ app_init ] --END-- [ RunTime:0.001313s ]
ERR: 无法加载模块:Public

[ 2016-09-19T00:34:51+08:00 ] 127.0.0.1 /null
INFO: [ app_init ] --START--
INFO: Run Behavior\BuildLiteBehavior [ RunTime:0.000032s ]
INFO: [ app_init ] --END-- [ RunTime:0.000622s ]
ERR: 无法加载模块:Null

[ 2016-09-19T00:34:54+08:00 ] 127.0.0.1 /Public/Common/Images/login_icon.png
INFO: [ app_init ] --START--
INFO: Run Behavior\BuildLiteBehavior [ RunTime:0.000042s ]
INFO: [ app_init ] --END-- [ RunTime:0.000823s ]
ERR: 无法加载模块:Public

[ 2016-09-19T09:15:24+08:00 ] 127.0.0.1 /Public/Common/Images/login_icon.png
INFO: [ app_init ] --START--
INFO: Run Behavior\BuildLiteBehavior [ RunTime:0.000027s ]
INFO: [ app_init ] --END-- [ RunTime:0.000558s ]
ERR: 无法加载模块:Public

[ 2016-09-19T19:19:12+08:00 ] 127.0.0.1 /Public/Uploads/image/goods/20160828/thumb/14723993643695373622.JPG
INFO: [ app_init ] --START--
INFO: Run Behavior\BuildLiteBehavior [ RunTime:0.000040s ]
INFO: [ app_init ] --END-- [ RunTime:0.001133s ]
ERR: 无法加载模块:Public

[ 2016-09-19T19:19:12+08:00 ] 127.0.0.1 /Public/Uploads/image/goods/20160829/thumb/14724020382020664602.JPG
INFO: [ app_init ] --START--
INFO: Run Behavior\BuildLiteBehavior [ RunTime:0.000025s ]
INFO: [ app_init ] --END-- [ RunTime:0.000607s ]
ERR: 无法加载模块:Public

[ 2016-09-19T19:19:12+08:00 ] 127.0.0.1 /Public/Uploads/image/goods/20160829/thumb/14724002885261415171.JPG
INFO: [ app_init ] --START--
INFO: Run Behavior\BuildLiteBehavior [ RunTime:0.000032s ]
INFO: [ app_init ] --END-- [ RunTime:0.000652s ]
ERR: 无法加载模块:Public

[ 2016-09-19T19:19:14+08:00 ] 127.0.0.1 /Public/Uploads/image/goods/20160828/thumb/14723993643695373622.JPG
INFO: [ app_init ] --START--
INFO: Run Behavior\BuildLiteBehavior [ RunTime:0.000039s ]
INFO: [ app_init ] --END-- [ RunTime:0.000919s ]
ERR: 无法加载模块:Public

[ 2016-09-19T19:19:14+08:00 ] 127.0.0.1 /Public/Uploads/image/goods/20160829/thumb/14724020382020664602.JPG
INFO: [ app_init ] --START--
INFO: Run Behavior\BuildLiteBehavior [ RunTime:0.000026s ]
INFO: [ app_init ] --END-- [ RunTime:0.000649s ]
ERR: 无法加载模块:Public

[ 2016-09-19T19:19:14+08:00 ] 127.0.0.1 /Public/Uploads/image/goods/20160829/thumb/14724038767862015979.JPG
INFO: [ app_init ] --START--
INFO: Run Behavior\BuildLiteBehavior [ RunTime:0.000027s ]
INFO: [ app_init ] --END-- [ RunTime:0.000541s ]
ERR: 无法加载模块:Public

[ 2016-09-19T19:19:14+08:00 ] 127.0.0.1 /Public/Uploads/image/goods/20160829/thumb/14724009937242996717.JPG
INFO: [ app_init ] --START--
INFO: Run Behavior\BuildLiteBehavior [ RunTime:0.000035s ]
INFO: [ app_init ] --END-- [ RunTime:0.000632s ]
ERR: 无法加载模块:Public

[ 2016-09-19T19:19:25+08:00 ] 127.0.0.1 /null
INFO: [ app_init ] --START--
INFO: Run Behavior\BuildLiteBehavior [ RunTime:0.000022s ]
INFO: [ app_init ] --END-- [ RunTime:0.000544s ]
ERR: 无法加载模块:Null

[ 2016-09-19T19:19:27+08:00 ] 127.0.0.1 /Public/Common/Images/login_icon.png
INFO: [ app_init ] --START--
INFO: Run Behavior\BuildLiteBehavior [ RunTime:0.000038s ]
INFO: [ app_init ] --END-- [ RunTime:0.000789s ]
ERR: 无法加载模块:Public

