[ 2016-10-23T22:53:40+08:00 ] 127.0.0.1 /Public/Uploads/image/goods/20160828/thumb/14723993643695373622.JPG
INFO: [ app_init ] --START--
INFO: Run Behavior\BuildLiteBehavior [ RunTime:0.000051s ]
INFO: [ app_init ] --END-- [ RunTime:0.001260s ]
ERR: 无法加载模块:Public

[ 2016-10-23T22:53:40+08:00 ] 127.0.0.1 /Public/Uploads/image/goods/20160928/thumb/14750680884176038928.png
INFO: [ app_init ] --START--
INFO: Run Behavior\BuildLiteBehavior [ RunTime:0.000036s ]
INFO: [ app_init ] --END-- [ RunTime:0.001398s ]
ERR: 无法加载模块:Public

[ 2016-10-23T22:53:40+08:00 ] 127.0.0.1 /Public/Uploads/image/goods/20160829/thumb/14724009937242996717.JPG
INFO: [ app_init ] --START--
INFO: Run Behavior\BuildLiteBehavior [ RunTime:0.000041s ]
INFO: [ app_init ] --END-- [ RunTime:0.002074s ]
ERR: 无法加载模块:Public

[ 2016-10-23T22:53:40+08:00 ] 127.0.0.1 /Public/Uploads/image/goods/20160829/thumb/14724002885261415171.JPG
INFO: [ app_init ] --START--
INFO: Run Behavior\BuildLiteBehavior [ RunTime:0.000042s ]
INFO: [ app_init ] --END-- [ RunTime:0.001049s ]
ERR: 无法加载模块:Public

[ 2016-10-23T22:53:40+08:00 ] 127.0.0.1 /Public/Uploads/image/goods/20160829/thumb/14724020382020664602.JPG
INFO: [ app_init ] --START--
INFO: Run Behavior\BuildLiteBehavior [ RunTime:0.000044s ]
INFO: [ app_init ] --END-- [ RunTime:0.002938s ]
ERR: 无法加载模块:Public

[ 2016-10-23T22:53:40+08:00 ] 127.0.0.1 /Public/Uploads/image/goods/20160829/thumb/14724038767862015979.JPG
INFO: [ app_init ] --START--
INFO: Run Behavior\BuildLiteBehavior [ RunTime:0.000219s ]
INFO: [ app_init ] --END-- [ RunTime:0.002032s ]
ERR: 无法加载模块:Public

[ 2016-10-23T22:53:44+08:00 ] 127.0.0.1 /Public/Home/Images/public/circle_f6f6f6.png
INFO: [ app_init ] --START--
INFO: Run Behavior\BuildLiteBehavior [ RunTime:0.000026s ]
INFO: [ app_init ] --END-- [ RunTime:0.000561s ]
ERR: 无法加载模块:Public

