[ 2016-10-08T00:01:32+08:00 ] 127.0.0.1 /Public/Uploads/image/goods/20160928/thumb/14750680884176038928.png
INFO: [ app_init ] --START--
INFO: Run Behavior\BuildLiteBehavior [ RunTime:0.000042s ]
INFO: [ app_init ] --END-- [ RunTime:0.000981s ]
ERR: 无法加载模块:Public

[ 2016-10-08T00:01:32+08:00 ] 127.0.0.1 /Public/Uploads/image/goods/20160829/thumb/14724020382020664602.JPG
INFO: [ app_init ] --START--
INFO: Run Behavior\BuildLiteBehavior [ RunTime:0.000041s ]
INFO: [ app_init ] --END-- [ RunTime:0.000973s ]
ERR: 无法加载模块:Public

[ 2016-10-08T00:01:32+08:00 ] 127.0.0.1 /Public/Uploads/image/goods/20160829/thumb/14724038767862015979.JPG
INFO: [ app_init ] --START--
INFO: Run Behavior\BuildLiteBehavior [ RunTime:0.000045s ]
INFO: [ app_init ] --END-- [ RunTime:0.002619s ]
ERR: 无法加载模块:Public

[ 2016-10-08T00:01:32+08:00 ] 127.0.0.1 /Public/Uploads/image/goods/20160828/thumb/14723993643695373622.JPG
INFO: [ app_init ] --START--
INFO: Run Behavior\BuildLiteBehavior [ RunTime:0.000038s ]
INFO: [ app_init ] --END-- [ RunTime:0.000926s ]
ERR: 无法加载模块:Public

[ 2016-10-08T00:01:32+08:00 ] 127.0.0.1 /Public/Uploads/image/goods/20160829/thumb/14724002885261415171.JPG
INFO: [ app_init ] --START--
INFO: Run Behavior\BuildLiteBehavior [ RunTime:0.000041s ]
INFO: [ app_init ] --END-- [ RunTime:0.005503s ]
ERR: 无法加载模块:Public

[ 2016-10-08T00:01:32+08:00 ] 127.0.0.1 /Public/Uploads/image/goods/20160829/thumb/14724009937242996717.JPG
INFO: [ app_init ] --START--
INFO: Run Behavior\BuildLiteBehavior [ RunTime:0.000174s ]
INFO: [ app_init ] --END-- [ RunTime:0.002076s ]
ERR: 无法加载模块:Public

[ 2016-10-08T00:06:45+08:00 ] 127.0.0.1 /Public/Uploads/image/goods/20160829/thumb/14724020382020664602.JPG
INFO: [ app_init ] --START--
INFO: Run Behavior\BuildLiteBehavior [ RunTime:0.000036s ]
INFO: [ app_init ] --END-- [ RunTime:0.000809s ]
ERR: 无法加载模块:Public

[ 2016-10-08T00:06:45+08:00 ] 127.0.0.1 /Public/Uploads/image/goods/20160829/thumb/14724009937242996717.JPG
INFO: [ app_init ] --START--
INFO: Run Behavior\BuildLiteBehavior [ RunTime:0.000046s ]
INFO: [ app_init ] --END-- [ RunTime:0.001326s ]
ERR: 无法加载模块:Public

[ 2016-10-08T00:06:45+08:00 ] 127.0.0.1 /Public/Uploads/image/goods/20160928/thumb/14750680884176038928.png
INFO: [ app_init ] --START--
INFO: Run Behavior\BuildLiteBehavior [ RunTime:0.000289s ]
INFO: [ app_init ] --END-- [ RunTime:0.001742s ]
ERR: 无法加载模块:Public

[ 2016-10-08T00:06:45+08:00 ] 127.0.0.1 /Public/Uploads/image/goods/20160829/thumb/14724002885261415171.JPG
INFO: [ app_init ] --START--
INFO: Run Behavior\BuildLiteBehavior [ RunTime:0.000044s ]
INFO: [ app_init ] --END-- [ RunTime:0.001603s ]
ERR: 无法加载模块:Public

[ 2016-10-08T00:06:45+08:00 ] 127.0.0.1 /Public/Uploads/image/goods/20160829/thumb/14724038767862015979.JPG
INFO: [ app_init ] --START--
INFO: Run Behavior\BuildLiteBehavior [ RunTime:0.000046s ]
INFO: [ app_init ] --END-- [ RunTime:0.003430s ]
ERR: 无法加载模块:Public

[ 2016-10-08T00:06:45+08:00 ] 127.0.0.1 /Public/Uploads/image/goods/20160828/thumb/14723993643695373622.JPG
INFO: [ app_init ] --START--
INFO: Run Behavior\BuildLiteBehavior [ RunTime:0.000042s ]
INFO: [ app_init ] --END-- [ RunTime:0.001056s ]
ERR: 无法加载模块:Public

[ 2016-10-08T00:06:45+08:00 ] 127.0.0.1 /Public/Uploads/image/goods/20160928/thumb/14750680884176038928.png
INFO: [ app_init ] --START--
INFO: Run Behavior\BuildLiteBehavior [ RunTime:0.000038s ]
INFO: [ app_init ] --END-- [ RunTime:0.001385s ]
ERR: 无法加载模块:Public

[ 2016-10-08T00:06:45+08:00 ] 127.0.0.1 /Public/Uploads/image/goods/20160829/thumb/14724009937242996717.JPG
INFO: [ app_init ] --START--
INFO: Run Behavior\BuildLiteBehavior [ RunTime:0.000041s ]
INFO: [ app_init ] --END-- [ RunTime:0.001101s ]
ERR: 无法加载模块:Public

[ 2016-10-08T00:06:45+08:00 ] 127.0.0.1 /Public/Uploads/image/goods/20160829/thumb/14724020382020664602.JPG
INFO: [ app_init ] --START--
INFO: Run Behavior\BuildLiteBehavior [ RunTime:0.000039s ]
INFO: [ app_init ] --END-- [ RunTime:0.001043s ]
ERR: 无法加载模块:Public

[ 2016-10-08T00:07:00+08:00 ] 127.0.0.1 /Public/Uploads/image/goods/20160928/thumb/14750680884176038928.png
INFO: [ app_init ] --START--
INFO: Run Behavior\BuildLiteBehavior [ RunTime:0.000051s ]
INFO: [ app_init ] --END-- [ RunTime:0.001586s ]
ERR: 无法加载模块:Public

[ 2016-10-08T00:07:00+08:00 ] 127.0.0.1 /Public/Uploads/image/goods/20160829/thumb/14724038767862015979.JPG
INFO: [ app_init ] --START--
INFO: Run Behavior\BuildLiteBehavior [ RunTime:0.000058s ]
INFO: [ app_init ] --END-- [ RunTime:0.000849s ]
ERR: 无法加载模块:Public

[ 2016-10-08T00:07:00+08:00 ] 127.0.0.1 /Public/Uploads/image/goods/20160829/thumb/14724009937242996717.JPG
INFO: [ app_init ] --START--
INFO: Run Behavior\BuildLiteBehavior [ RunTime:0.007912s ]
INFO: [ app_init ] --END-- [ RunTime:0.010120s ]
ERR: 无法加载模块:Public

[ 2016-10-08T00:07:00+08:00 ] 127.0.0.1 /Public/Uploads/image/goods/20160829/thumb/14724020382020664602.JPG
INFO: [ app_init ] --START--
INFO: Run Behavior\BuildLiteBehavior [ RunTime:0.000090s ]
INFO: [ app_init ] --END-- [ RunTime:0.006321s ]
ERR: 无法加载模块:Public

[ 2016-10-08T00:07:00+08:00 ] 127.0.0.1 /Public/Uploads/image/goods/20160829/thumb/14724002885261415171.JPG
INFO: [ app_init ] --START--
INFO: Run Behavior\BuildLiteBehavior [ RunTime:0.000041s ]
INFO: [ app_init ] --END-- [ RunTime:0.001066s ]
ERR: 无法加载模块:Public

[ 2016-10-08T00:07:00+08:00 ] 127.0.0.1 /Public/Uploads/image/goods/20160828/thumb/14723993643695373622.JPG
INFO: [ app_init ] --START--
INFO: Run Behavior\BuildLiteBehavior [ RunTime:0.000075s ]
INFO: [ app_init ] --END-- [ RunTime:0.004948s ]
ERR: 无法加载模块:Public

[ 2016-10-08T00:07:00+08:00 ] 127.0.0.1 /Public/Uploads/image/goods/20160928/thumb/14750680884176038928.png
INFO: [ app_init ] --START--
INFO: Run Behavior\BuildLiteBehavior [ RunTime:0.000027s ]
INFO: [ app_init ] --END-- [ RunTime:0.000597s ]
ERR: 无法加载模块:Public

