[ 2016-10-05T09:57:32+08:00 ] 127.0.0.1 /Public/Home/Mobile/Css/iconfont/iconfont_public/iconfont.css
INFO: [ app_init ] --START--
INFO: Run Behavior\BuildLiteBehavior [ RunTime:0.000041s ]
INFO: [ app_init ] --END-- [ RunTime:0.000850s ]
ERR: 无法加载模块:Public

[ 2016-10-05T09:59:27+08:00 ] 127.0.0.1 /Public/Home/Mobile/Css/iconfont/iconfont_public/iconfont.css
INFO: [ app_init ] --START--
INFO: Run Behavior\BuildLiteBehavior [ RunTime:0.000047s ]
INFO: [ app_init ] --END-- [ RunTime:0.001247s ]
ERR: 无法加载模块:Public

[ 2016-10-05T14:10:28+08:00 ] 127.0.0.1 /Public/Home/Images/public/circle_f6f6f6.png
INFO: [ app_init ] --START--
INFO: Run Behavior\BuildLiteBehavior [ RunTime:0.000046s ]
INFO: [ app_init ] --END-- [ RunTime:0.001287s ]
ERR: 无法加载模块:Public

[ 2016-10-05T14:10:34+08:00 ] 127.0.0.1 /Public/Home/Mobile/Css/iconfont/iconfont_public/iconfont.css
INFO: [ app_init ] --START--
INFO: Run Behavior\BuildLiteBehavior [ RunTime:0.000039s ]
INFO: [ app_init ] --END-- [ RunTime:0.000905s ]
ERR: 无法加载模块:Public

[ 2016-10-05T14:10:38+08:00 ] 127.0.0.1 /Public/Home/Mobile/Css/iconfont/iconfont_public/iconfont.css
INFO: [ app_init ] --START--
INFO: Run Behavior\BuildLiteBehavior [ RunTime:0.000042s ]
INFO: [ app_init ] --END-- [ RunTime:0.001118s ]
ERR: 无法加载模块:Public

[ 2016-10-05T14:10:40+08:00 ] 127.0.0.1 /Public/Home/Mobile/Css/iconfont/iconfont_public/iconfont.css
INFO: [ app_init ] --START--
INFO: Run Behavior\BuildLiteBehavior [ RunTime:0.000036s ]
INFO: [ app_init ] --END-- [ RunTime:0.000546s ]
ERR: 无法加载模块:Public

[ 2016-10-05T14:36:18+08:00 ] 127.0.0.1 /Public/Home/Mobile/Css/iconfont/iconfont_public/iconfont.css
INFO: [ app_init ] --START--
INFO: Run Behavior\BuildLiteBehavior [ RunTime:0.000040s ]
INFO: [ app_init ] --END-- [ RunTime:0.000914s ]
ERR: 无法加载模块:Public

[ 2016-10-05T14:36:20+08:00 ] 127.0.0.1 /Public/Home/Mobile/Css/iconfont/iconfont_public/iconfont.css
INFO: [ app_init ] --START--
INFO: Run Behavior\BuildLiteBehavior [ RunTime:0.000038s ]
INFO: [ app_init ] --END-- [ RunTime:0.000952s ]
ERR: 无法加载模块:Public

[ 2016-10-05T14:36:35+08:00 ] 127.0.0.1 /Public/Home/Mobile/Css/iconfont/iconfont_public/iconfont.css
INFO: [ app_init ] --START--
INFO: Run Behavior\BuildLiteBehavior [ RunTime:0.000038s ]
INFO: [ app_init ] --END-- [ RunTime:0.000798s ]
ERR: 无法加载模块:Public

[ 2016-10-05T14:37:19+08:00 ] 127.0.0.1 /Public/Home/Mobile/Css/iconfont/iconfont_public/iconfont.css
INFO: [ app_init ] --START--
INFO: Run Behavior\BuildLiteBehavior [ RunTime:0.000045s ]
INFO: [ app_init ] --END-- [ RunTime:0.000957s ]
ERR: 无法加载模块:Public

[ 2016-10-05T14:38:33+08:00 ] 127.0.0.1 /Public/Home/Mobile/Css/iconfont/iconfont_public/iconfont.css
INFO: [ app_init ] --START--
INFO: Run Behavior\BuildLiteBehavior [ RunTime:0.000046s ]
INFO: [ app_init ] --END-- [ RunTime:0.001106s ]
ERR: 无法加载模块:Public

[ 2016-10-05T14:39:48+08:00 ] 127.0.0.1 /Public/Home/Mobile/Css/iconfont/iconfont_public/iconfont.css
INFO: [ app_init ] --START--
INFO: Run Behavior\BuildLiteBehavior [ RunTime:0.000044s ]
INFO: [ app_init ] --END-- [ RunTime:0.000991s ]
ERR: 无法加载模块:Public

[ 2016-10-05T14:39:50+08:00 ] 127.0.0.1 /Public/Home/Mobile/Css/iconfont/iconfont_public/iconfont.css
INFO: [ app_init ] --START--
INFO: Run Behavior\BuildLiteBehavior [ RunTime:0.000040s ]
INFO: [ app_init ] --END-- [ RunTime:0.000923s ]
ERR: 无法加载模块:Public

[ 2016-10-05T14:40:23+08:00 ] 127.0.0.1 /Public/Home/Mobile/Css/iconfont/iconfont_public/iconfont.css
INFO: [ app_init ] --START--
INFO: Run Behavior\BuildLiteBehavior [ RunTime:0.000102s ]
INFO: [ app_init ] --END-- [ RunTime:0.001179s ]
ERR: 无法加载模块:Public

[ 2016-10-05T14:40:24+08:00 ] 127.0.0.1 /Public/Home/Mobile/Css/iconfont/iconfont_public/iconfont.css
INFO: [ app_init ] --START--
INFO: Run Behavior\BuildLiteBehavior [ RunTime:0.000040s ]
INFO: [ app_init ] --END-- [ RunTime:0.000945s ]
ERR: 无法加载模块:Public

[ 2016-10-05T14:44:51+08:00 ] 127.0.0.1 /Public/Home/Mobile/Css/iconfont/iconfont_public/iconfont.css
INFO: [ app_init ] --START--
INFO: Run Behavior\BuildLiteBehavior [ RunTime:0.000044s ]
INFO: [ app_init ] --END-- [ RunTime:0.001378s ]
ERR: 无法加载模块:Public

[ 2016-10-05T14:47:28+08:00 ] 127.0.0.1 /Public/Home/Images/public/circle_f6f6f6.png
INFO: [ app_init ] --START--
INFO: Run Behavior\BuildLiteBehavior [ RunTime:0.000028s ]
INFO: [ app_init ] --END-- [ RunTime:0.000655s ]
ERR: 无法加载模块:Public

[ 2016-10-05T14:53:27+08:00 ] 127.0.0.1 /Public/Home/Mobile/Css/iconfont/iconfont_public/iconfont.css
INFO: [ app_init ] --START--
INFO: Run Behavior\BuildLiteBehavior [ RunTime:0.000026s ]
INFO: [ app_init ] --END-- [ RunTime:0.000581s ]
ERR: 无法加载模块:Public

[ 2016-10-05T14:53:47+08:00 ] 127.0.0.1 /Public/Home/Images/public/circle_f6f6f6.png
INFO: [ app_init ] --START--
INFO: Run Behavior\BuildLiteBehavior [ RunTime:0.000046s ]
INFO: [ app_init ] --END-- [ RunTime:0.001115s ]
ERR: 无法加载模块:Public

[ 2016-10-05T14:53:52+08:00 ] 127.0.0.1 /Public/Home/Mobile/Css/iconfont/iconfont_public/iconfont.css
INFO: [ app_init ] --START--
INFO: Run Behavior\BuildLiteBehavior [ RunTime:0.000047s ]
INFO: [ app_init ] --END-- [ RunTime:0.001022s ]
ERR: 无法加载模块:Public

[ 2016-10-05T14:53:55+08:00 ] 127.0.0.1 /Public/Home/Mobile/Css/iconfont/iconfont_public/iconfont.css
INFO: [ app_init ] --START--
INFO: Run Behavior\BuildLiteBehavior [ RunTime:0.000041s ]
INFO: [ app_init ] --END-- [ RunTime:0.000856s ]
ERR: 无法加载模块:Public

[ 2016-10-05T14:53:57+08:00 ] 127.0.0.1 /Public/Home/Images/public/circle_f6f6f6.png
INFO: [ app_init ] --START--
INFO: Run Behavior\BuildLiteBehavior [ RunTime:0.000042s ]
INFO: [ app_init ] --END-- [ RunTime:0.000857s ]
ERR: 无法加载模块:Public

[ 2016-10-05T15:09:54+08:00 ] 127.0.0.1 /Public/Home/Images/public/circle_f6f6f6.png
INFO: [ app_init ] --START--
INFO: Run Behavior\BuildLiteBehavior [ RunTime:0.000044s ]
INFO: [ app_init ] --END-- [ RunTime:0.001025s ]
ERR: 无法加载模块:Public

[ 2016-10-05T15:09:56+08:00 ] 127.0.0.1 /Public/Home/Images/public/circle_f6f6f6.png
INFO: [ app_init ] --START--
INFO: Run Behavior\BuildLiteBehavior [ RunTime:0.000028s ]
INFO: [ app_init ] --END-- [ RunTime:0.000643s ]
ERR: 无法加载模块:Public

[ 2016-10-05T15:10:21+08:00 ] 127.0.0.1 /Public/Home/Images/public/circle_f6f6f6.png
INFO: [ app_init ] --START--
INFO: Run Behavior\BuildLiteBehavior [ RunTime:0.000029s ]
INFO: [ app_init ] --END-- [ RunTime:0.000610s ]
ERR: 无法加载模块:Public

[ 2016-10-05T15:10:26+08:00 ] 127.0.0.1 /Public/Home/Images/public/circle_f6f6f6.png
INFO: [ app_init ] --START--
INFO: Run Behavior\BuildLiteBehavior [ RunTime:0.000044s ]
INFO: [ app_init ] --END-- [ RunTime:0.000915s ]
ERR: 无法加载模块:Public

[ 2016-10-05T15:10:31+08:00 ] 127.0.0.1 /Public/Home/Images/public/circle_f6f6f6.png
INFO: [ app_init ] --START--
INFO: Run Behavior\BuildLiteBehavior [ RunTime:0.000050s ]
INFO: [ app_init ] --END-- [ RunTime:0.001077s ]
ERR: 无法加载模块:Public

[ 2016-10-05T15:10:35+08:00 ] 127.0.0.1 /Public/Home/Images/public/circle_f6f6f6.png
INFO: [ app_init ] --START--
INFO: Run Behavior\BuildLiteBehavior [ RunTime:0.000044s ]
INFO: [ app_init ] --END-- [ RunTime:0.001229s ]
ERR: 无法加载模块:Public

[ 2016-10-05T15:10:42+08:00 ] 127.0.0.1 /Public/Home/Images/public/circle_f6f6f6.png
INFO: [ app_init ] --START--
INFO: Run Behavior\BuildLiteBehavior [ RunTime:0.000027s ]
INFO: [ app_init ] --END-- [ RunTime:0.000539s ]
ERR: 无法加载模块:Public

[ 2016-10-05T15:10:44+08:00 ] 127.0.0.1 /Public/Home/Images/public/circle_f6f6f6.png
INFO: [ app_init ] --START--
INFO: Run Behavior\BuildLiteBehavior [ RunTime:0.000047s ]
INFO: [ app_init ] --END-- [ RunTime:0.001065s ]
ERR: 无法加载模块:Public

[ 2016-10-05T15:11:06+08:00 ] 127.0.0.1 /Public/Home/Images/public/circle_f6f6f6.png
INFO: [ app_init ] --START--
INFO: Run Behavior\BuildLiteBehavior [ RunTime:0.000044s ]
INFO: [ app_init ] --END-- [ RunTime:0.000946s ]
ERR: 无法加载模块:Public

