[ 2016-10-10T15:56:59+08:00 ] 127.0.0.1 /Public/Uploads/image/goods/20160829/thumb/14724002885261415171.JPG
INFO: [ app_init ] --START--
INFO: Run Behavior\BuildLiteBehavior [ RunTime:0.000041s ]
INFO: [ app_init ] --END-- [ RunTime:0.000925s ]
ERR: 无法加载模块:Public

[ 2016-10-10T15:56:59+08:00 ] 127.0.0.1 /Public/Uploads/image/goods/20160829/thumb/14724009937242996717.JPG
INFO: [ app_init ] --START--
INFO: Run Behavior\BuildLiteBehavior [ RunTime:0.000036s ]
INFO: [ app_init ] --END-- [ RunTime:0.000911s ]
ERR: 无法加载模块:Public

[ 2016-10-10T15:56:59+08:00 ] 127.0.0.1 /Public/Uploads/image/goods/20160829/thumb/14724020382020664602.JPG
INFO: [ app_init ] --START--
INFO: Run Behavior\BuildLiteBehavior [ RunTime:0.000049s ]
INFO: [ app_init ] --END-- [ RunTime:0.000926s ]
ERR: 无法加载模块:Public

[ 2016-10-10T15:56:59+08:00 ] 127.0.0.1 /Public/Uploads/image/goods/20160828/thumb/14723993643695373622.JPG
INFO: [ app_init ] --START--
INFO: Run Behavior\BuildLiteBehavior [ RunTime:0.000043s ]
INFO: [ app_init ] --END-- [ RunTime:0.001351s ]
ERR: 无法加载模块:Public

[ 2016-10-10T15:56:59+08:00 ] 127.0.0.1 /Public/Uploads/image/goods/20160829/thumb/14724038767862015979.JPG
INFO: [ app_init ] --START--
INFO: Run Behavior\BuildLiteBehavior [ RunTime:0.000028s ]
INFO: [ app_init ] --END-- [ RunTime:0.000781s ]
ERR: 无法加载模块:Public

[ 2016-10-10T15:56:59+08:00 ] 127.0.0.1 /Public/Uploads/image/goods/20160928/thumb/14750680884176038928.png
INFO: [ app_init ] --START--
INFO: Run Behavior\BuildLiteBehavior [ RunTime:0.000042s ]
INFO: [ app_init ] --END-- [ RunTime:0.000821s ]
ERR: 无法加载模块:Public

[ 2016-10-10T15:57:03+08:00 ] 127.0.0.1 /Public/Home/Images/public/circle_f6f6f6.png
INFO: [ app_init ] --START--
INFO: Run Behavior\BuildLiteBehavior [ RunTime:0.000024s ]
INFO: [ app_init ] --END-- [ RunTime:0.000581s ]
ERR: 无法加载模块:Public

[ 2016-10-10T15:57:11+08:00 ] 127.0.0.1 /Public/Home/Mobile/Css/iconfont/iconfont_public/iconfont.css
INFO: [ app_init ] --START--
INFO: Run Behavior\BuildLiteBehavior [ RunTime:0.000040s ]
INFO: [ app_init ] --END-- [ RunTime:0.000662s ]
ERR: 无法加载模块:Public

[ 2016-10-10T15:58:15+08:00 ] 127.0.0.1 /Public/Home/Mobile/Css/iconfont/iconfont_public/iconfont.css
INFO: [ app_init ] --START--
INFO: Run Behavior\BuildLiteBehavior [ RunTime:0.000084s ]
INFO: [ app_init ] --END-- [ RunTime:0.001445s ]
ERR: 无法加载模块:Public

[ 2016-10-10T15:58:33+08:00 ] 127.0.0.1 /Public/Home/Mobile/Css/iconfont/iconfont_public/iconfont.css
INFO: [ app_init ] --START--
INFO: Run Behavior\BuildLiteBehavior [ RunTime:0.000028s ]
INFO: [ app_init ] --END-- [ RunTime:0.000603s ]
ERR: 无法加载模块:Public

[ 2016-10-10T15:58:39+08:00 ] 127.0.0.1 /Public/Home/Mobile/Css/iconfont/iconfont_public/iconfont.css
INFO: [ app_init ] --START--
INFO: Run Behavior\BuildLiteBehavior [ RunTime:0.000028s ]
INFO: [ app_init ] --END-- [ RunTime:0.000588s ]
ERR: 无法加载模块:Public

[ 2016-10-10T15:59:40+08:00 ] 127.0.0.1 /Public/Home/Mobile/Css/iconfont/iconfont_public/iconfont.css
INFO: [ app_init ] --START--
INFO: Run Behavior\BuildLiteBehavior [ RunTime:0.000028s ]
INFO: [ app_init ] --END-- [ RunTime:0.000850s ]
ERR: 无法加载模块:Public

[ 2016-10-10T16:00:03+08:00 ] 127.0.0.1 /Public/Home/Mobile/Css/iconfont/iconfont_public/iconfont.css
INFO: [ app_init ] --START--
INFO: Run Behavior\BuildLiteBehavior [ RunTime:0.000042s ]
INFO: [ app_init ] --END-- [ RunTime:0.000876s ]
ERR: 无法加载模块:Public

[ 2016-10-10T16:00:17+08:00 ] 127.0.0.1 /Public/Home/Mobile/Css/iconfont/iconfont_public/iconfont.css
INFO: [ app_init ] --START--
INFO: Run Behavior\BuildLiteBehavior [ RunTime:0.000047s ]
INFO: [ app_init ] --END-- [ RunTime:0.001006s ]
ERR: 无法加载模块:Public

[ 2016-10-10T16:00:18+08:00 ] 127.0.0.1 /Public/Home/Mobile/Css/iconfont/iconfont_public/iconfont.css
INFO: [ app_init ] --START--
INFO: Run Behavior\BuildLiteBehavior [ RunTime:0.000042s ]
INFO: [ app_init ] --END-- [ RunTime:0.000945s ]
ERR: 无法加载模块:Public

[ 2016-10-10T16:01:03+08:00 ] 127.0.0.1 /Public/Home/Mobile/Css/iconfont/iconfont_public/iconfont.css
INFO: [ app_init ] --START--
INFO: Run Behavior\BuildLiteBehavior [ RunTime:0.000040s ]
INFO: [ app_init ] --END-- [ RunTime:0.001254s ]
ERR: 无法加载模块:Public

[ 2016-10-10T16:01:20+08:00 ] 127.0.0.1 /Public/Home/Mobile/Css/iconfont/iconfont_public/iconfont.css
INFO: [ app_init ] --START--
INFO: Run Behavior\BuildLiteBehavior [ RunTime:0.000040s ]
INFO: [ app_init ] --END-- [ RunTime:0.000974s ]
ERR: 无法加载模块:Public

[ 2016-10-10T16:01:36+08:00 ] 127.0.0.1 /Public/Home/Mobile/Css/iconfont/iconfont_public/iconfont.css
INFO: [ app_init ] --START--
INFO: Run Behavior\BuildLiteBehavior [ RunTime:0.000042s ]
INFO: [ app_init ] --END-- [ RunTime:0.001047s ]
ERR: 无法加载模块:Public

[ 2016-10-10T16:02:05+08:00 ] 127.0.0.1 /Public/Home/Mobile/Css/iconfont/iconfont_public/iconfont.css
INFO: [ app_init ] --START--
INFO: Run Behavior\BuildLiteBehavior [ RunTime:0.000042s ]
INFO: [ app_init ] --END-- [ RunTime:0.001228s ]
ERR: 无法加载模块:Public

[ 2016-10-10T16:12:00+08:00 ] 127.0.0.1 /Public/Home/Mobile/Css/iconfont/iconfont_public/iconfont.css
INFO: [ app_init ] --START--
INFO: Run Behavior\BuildLiteBehavior [ RunTime:0.000027s ]
INFO: [ app_init ] --END-- [ RunTime:0.000612s ]
ERR: 无法加载模块:Public

[ 2016-10-10T16:13:01+08:00 ] 127.0.0.1 /Public/Home/Mobile/Css/iconfont/iconfont_public/iconfont.css
INFO: [ app_init ] --START--
INFO: Run Behavior\BuildLiteBehavior [ RunTime:0.000044s ]
INFO: [ app_init ] --END-- [ RunTime:0.000989s ]
ERR: 无法加载模块:Public

[ 2016-10-10T16:14:58+08:00 ] 127.0.0.1 /Public/Home/Mobile/Css/iconfont/iconfont_public/iconfont.css
INFO: [ app_init ] --START--
INFO: Run Behavior\BuildLiteBehavior [ RunTime:0.000042s ]
INFO: [ app_init ] --END-- [ RunTime:0.000775s ]
ERR: 无法加载模块:Public

[ 2016-10-10T16:37:04+08:00 ] 127.0.0.1 /Public/Home/Mobile/Css/iconfont/iconfont_public/iconfont.css
INFO: [ app_init ] --START--
INFO: Run Behavior\BuildLiteBehavior [ RunTime:0.000024s ]
INFO: [ app_init ] --END-- [ RunTime:0.000662s ]
ERR: 无法加载模块:Public

