[ 2016-10-01T21:56:54+08:00 ] 127.0.0.1 /Public/Uploads/image/member/20160922/14745497975142533113.jpg
INFO: [ app_init ] --START--
INFO: Run Behavior\BuildLiteBehavior [ RunTime:0.000042s ]
INFO: [ app_init ] --END-- [ RunTime:0.000893s ]
ERR: 无法加载模块:Public

[ 2016-10-01T21:58:25+08:00 ] 127.0.0.1 /Public/Uploads/image/member/20160922/14745497975142533113.jpg
INFO: [ app_init ] --START--
INFO: Run Behavior\BuildLiteBehavior [ RunTime:0.000040s ]
INFO: [ app_init ] --END-- [ RunTime:0.000887s ]
ERR: 无法加载模块:Public

[ 2016-10-01T22:02:46+08:00 ] 127.0.0.1 /Public/Uploads/image/member/20160922/14745497975142533113.jpg
INFO: [ app_init ] --START--
INFO: Run Behavior\BuildLiteBehavior [ RunTime:0.000028s ]
INFO: [ app_init ] --END-- [ RunTime:0.000701s ]
ERR: 无法加载模块:Public

[ 2016-10-01T22:08:47+08:00 ] 127.0.0.1 /Public/Uploads/image/member/20160922/14745497975142533113.jpg
INFO: [ app_init ] --START--
INFO: Run Behavior\BuildLiteBehavior [ RunTime:0.000046s ]
INFO: [ app_init ] --END-- [ RunTime:0.000990s ]
ERR: 无法加载模块:Public

[ 2016-10-01T22:08:49+08:00 ] 127.0.0.1 /Public/Uploads/image/member/20160922/14745497975142533113.jpg
INFO: [ app_init ] --START--
INFO: Run Behavior\BuildLiteBehavior [ RunTime:0.000027s ]
INFO: [ app_init ] --END-- [ RunTime:0.000618s ]
ERR: 无法加载模块:Public

[ 2016-10-01T22:08:54+08:00 ] 127.0.0.1 /Public/Uploads/image/member/20160922/14745497975142533113.jpg
INFO: [ app_init ] --START--
INFO: Run Behavior\BuildLiteBehavior [ RunTime:0.000027s ]
INFO: [ app_init ] --END-- [ RunTime:0.000932s ]
ERR: 无法加载模块:Public

[ 2016-10-01T22:09:05+08:00 ] 127.0.0.1 /Public/Uploads/image/member/20160922/14745497975142533113.jpg
INFO: [ app_init ] --START--
INFO: Run Behavior\BuildLiteBehavior [ RunTime:0.000030s ]
INFO: [ app_init ] --END-- [ RunTime:0.000705s ]
ERR: 无法加载模块:Public

[ 2016-10-01T22:09:07+08:00 ] 127.0.0.1 /Public/Uploads/image/member/20160922/14745497975142533113.jpg
INFO: [ app_init ] --START--
INFO: Run Behavior\BuildLiteBehavior [ RunTime:0.000046s ]
INFO: [ app_init ] --END-- [ RunTime:0.002820s ]
ERR: 无法加载模块:Public

[ 2016-10-01T22:09:08+08:00 ] 127.0.0.1 /Public/Uploads/image/member/20160922/14745497975142533113.jpg
INFO: [ app_init ] --START--
INFO: Run Behavior\BuildLiteBehavior [ RunTime:0.000088s ]
INFO: [ app_init ] --END-- [ RunTime:0.002708s ]
ERR: 无法加载模块:Public

[ 2016-10-01T22:10:05+08:00 ] 127.0.0.1 /Public/Uploads/image/member/20160922/14745497975142533113.jpg
INFO: [ app_init ] --START--
INFO: Run Behavior\BuildLiteBehavior [ RunTime:0.000048s ]
INFO: [ app_init ] --END-- [ RunTime:0.001035s ]
ERR: 无法加载模块:Public

[ 2016-10-01T22:10:06+08:00 ] 127.0.0.1 /Public/Uploads/image/member/20160922/14745497975142533113.jpg
INFO: [ app_init ] --START--
INFO: Run Behavior\BuildLiteBehavior [ RunTime:0.000043s ]
INFO: [ app_init ] --END-- [ RunTime:0.000952s ]
ERR: 无法加载模块:Public

[ 2016-10-01T22:10:07+08:00 ] 127.0.0.1 /Public/Uploads/image/member/20160922/14745497975142533113.jpg
INFO: [ app_init ] --START--
INFO: Run Behavior\BuildLiteBehavior [ RunTime:0.000041s ]
INFO: [ app_init ] --END-- [ RunTime:0.000859s ]
ERR: 无法加载模块:Public

[ 2016-10-01T22:11:50+08:00 ] 127.0.0.1 /Public/Uploads/image/member/20160922/14745497975142533113.jpg
INFO: [ app_init ] --START--
INFO: Run Behavior\BuildLiteBehavior [ RunTime:0.000028s ]
INFO: [ app_init ] --END-- [ RunTime:0.000592s ]
ERR: 无法加载模块:Public

[ 2016-10-01T22:13:08+08:00 ] 127.0.0.1 /Public/Uploads/image/member/20160922/14745497975142533113.jpg
INFO: [ app_init ] --START--
INFO: Run Behavior\BuildLiteBehavior [ RunTime:0.000025s ]
INFO: [ app_init ] --END-- [ RunTime:0.000564s ]
ERR: 无法加载模块:Public

[ 2016-10-01T22:14:10+08:00 ] 127.0.0.1 /Public/Uploads/image/member/20160922/14745497975142533113.jpg
INFO: [ app_init ] --START--
INFO: Run Behavior\BuildLiteBehavior [ RunTime:0.000047s ]
INFO: [ app_init ] --END-- [ RunTime:0.001270s ]
ERR: 无法加载模块:Public

[ 2016-10-01T22:14:11+08:00 ] 127.0.0.1 /Public/Uploads/image/member/20160922/14745497975142533113.jpg
INFO: [ app_init ] --START--
INFO: Run Behavior\BuildLiteBehavior [ RunTime:0.000093s ]
INFO: [ app_init ] --END-- [ RunTime:0.000927s ]
ERR: 无法加载模块:Public

[ 2016-10-01T22:14:17+08:00 ] 127.0.0.1 /Public/Uploads/image/member/20160922/14745497975142533113.jpg
INFO: [ app_init ] --START--
INFO: Run Behavior\BuildLiteBehavior [ RunTime:0.000055s ]
INFO: [ app_init ] --END-- [ RunTime:0.002408s ]
ERR: 无法加载模块:Public

[ 2016-10-01T22:14:18+08:00 ] 127.0.0.1 /Public/Uploads/image/member/20160922/14745497975142533113.jpg
INFO: [ app_init ] --START--
INFO: Run Behavior\BuildLiteBehavior [ RunTime:0.000051s ]
INFO: [ app_init ] --END-- [ RunTime:0.001691s ]
ERR: 无法加载模块:Public

[ 2016-10-01T22:14:31+08:00 ] 127.0.0.1 /Public/Uploads/image/member/20160922/14745497975142533113.jpg
INFO: [ app_init ] --START--
INFO: Run Behavior\BuildLiteBehavior [ RunTime:0.000044s ]
INFO: [ app_init ] --END-- [ RunTime:0.000992s ]
ERR: 无法加载模块:Public

[ 2016-10-01T22:14:32+08:00 ] 127.0.0.1 /Public/Uploads/image/member/20160922/14745497975142533113.jpg
INFO: [ app_init ] --START--
INFO: Run Behavior\BuildLiteBehavior [ RunTime:0.000041s ]
INFO: [ app_init ] --END-- [ RunTime:0.001413s ]
ERR: 无法加载模块:Public

[ 2016-10-01T22:15:09+08:00 ] 127.0.0.1 /Public/Uploads/image/member/20160922/14745497975142533113.jpg
INFO: [ app_init ] --START--
INFO: Run Behavior\BuildLiteBehavior [ RunTime:0.000048s ]
INFO: [ app_init ] --END-- [ RunTime:0.000888s ]
ERR: 无法加载模块:Public

[ 2016-10-01T22:15:09+08:00 ] 127.0.0.1 /Public/Uploads/image/member/20160922/14745497975142533113.jpg
INFO: [ app_init ] --START--
INFO: Run Behavior\BuildLiteBehavior [ RunTime:0.000043s ]
INFO: [ app_init ] --END-- [ RunTime:0.001187s ]
ERR: 无法加载模块:Public

[ 2016-10-01T22:15:32+08:00 ] 127.0.0.1 /Public/Uploads/image/member/20160922/14745497975142533113.jpg
INFO: [ app_init ] --START--
INFO: Run Behavior\BuildLiteBehavior [ RunTime:0.000047s ]
INFO: [ app_init ] --END-- [ RunTime:0.001012s ]
ERR: 无法加载模块:Public

[ 2016-10-01T22:15:33+08:00 ] 127.0.0.1 /Public/Uploads/image/member/20160922/14745497975142533113.jpg
INFO: [ app_init ] --START--
INFO: Run Behavior\BuildLiteBehavior [ RunTime:0.000043s ]
INFO: [ app_init ] --END-- [ RunTime:0.001132s ]
ERR: 无法加载模块:Public

[ 2016-10-01T22:15:35+08:00 ] 127.0.0.1 /Public/Uploads/image/member/20160922/14745497975142533113.jpg
INFO: [ app_init ] --START--
INFO: Run Behavior\BuildLiteBehavior [ RunTime:0.000048s ]
INFO: [ app_init ] --END-- [ RunTime:0.001919s ]
ERR: 无法加载模块:Public

[ 2016-10-01T22:48:22+08:00 ] 127.0.0.1 /Public/Uploads/image/member/20160922/14745497975142533113.jpg
INFO: [ app_init ] --START--
INFO: Run Behavior\BuildLiteBehavior [ RunTime:0.000028s ]
INFO: [ app_init ] --END-- [ RunTime:0.000613s ]
ERR: 无法加载模块:Public

[ 2016-10-01T22:48:58+08:00 ] 127.0.0.1 /Public/Uploads/image/member/20160922/14745497975142533113.jpg
INFO: [ app_init ] --START--
INFO: Run Behavior\BuildLiteBehavior [ RunTime:0.000027s ]
INFO: [ app_init ] --END-- [ RunTime:0.000653s ]
ERR: 无法加载模块:Public

[ 2016-10-01T22:49:35+08:00 ] 127.0.0.1 /Public/Uploads/image/member/20160922/14745497975142533113.jpg
INFO: [ app_init ] --START--
INFO: Run Behavior\BuildLiteBehavior [ RunTime:0.000030s ]
INFO: [ app_init ] --END-- [ RunTime:0.000671s ]
ERR: 无法加载模块:Public

[ 2016-10-01T22:50:26+08:00 ] 127.0.0.1 /Public/Uploads/image/member/20160922/14745497975142533113.jpg
INFO: [ app_init ] --START--
INFO: Run Behavior\BuildLiteBehavior [ RunTime:0.000047s ]
INFO: [ app_init ] --END-- [ RunTime:0.001238s ]
ERR: 无法加载模块:Public

[ 2016-10-01T22:50:52+08:00 ] 127.0.0.1 /Public/Uploads/image/member/20160922/14745497975142533113.jpg
INFO: [ app_init ] --START--
INFO: Run Behavior\BuildLiteBehavior [ RunTime:0.000042s ]
INFO: [ app_init ] --END-- [ RunTime:0.001015s ]
ERR: 无法加载模块:Public

[ 2016-10-01T23:37:45+08:00 ] 127.0.0.1 /Public/Uploads/image/member/20160922/14745497975142533113.jpg
INFO: [ app_init ] --START--
INFO: Run Behavior\BuildLiteBehavior [ RunTime:0.000043s ]
INFO: [ app_init ] --END-- [ RunTime:0.000943s ]
ERR: 无法加载模块:Public

[ 2016-10-01T23:44:20+08:00 ] 127.0.0.1 /Public/Uploads/image/member/20160922/14745497975142533113.jpg
INFO: [ app_init ] --START--
INFO: Run Behavior\BuildLiteBehavior [ RunTime:0.000035s ]
INFO: [ app_init ] --END-- [ RunTime:0.000783s ]
ERR: 无法加载模块:Public

[ 2016-10-01T23:44:22+08:00 ] 127.0.0.1 /Public/Uploads/image/member/20160922/14745497975142533113.jpg
INFO: [ app_init ] --START--
INFO: Run Behavior\BuildLiteBehavior [ RunTime:0.000031s ]
INFO: [ app_init ] --END-- [ RunTime:0.000585s ]
ERR: 无法加载模块:Public

[ 2016-10-01T23:44:35+08:00 ] 127.0.0.1 /Public/Uploads/image/member/20160922/14745497975142533113.jpg
INFO: [ app_init ] --START--
INFO: Run Behavior\BuildLiteBehavior [ RunTime:0.000044s ]
INFO: [ app_init ] --END-- [ RunTime:0.001014s ]
ERR: 无法加载模块:Public

[ 2016-10-01T23:45:10+08:00 ] 127.0.0.1 /Public/Uploads/image/member/20160922/14745497975142533113.jpg
INFO: [ app_init ] --START--
INFO: Run Behavior\BuildLiteBehavior [ RunTime:0.000037s ]
INFO: [ app_init ] --END-- [ RunTime:0.000826s ]
ERR: 无法加载模块:Public

[ 2016-10-01T23:48:03+08:00 ] 127.0.0.1 /Public/Uploads/image/member/20160922/14745497975142533113.jpg
INFO: [ app_init ] --START--
INFO: Run Behavior\BuildLiteBehavior [ RunTime:0.000066s ]
INFO: [ app_init ] --END-- [ RunTime:0.001615s ]
ERR: 无法加载模块:Public

[ 2016-10-01T23:48:09+08:00 ] 127.0.0.1 /Public/Uploads/image/member/20160922/14745497975142533113.jpg
INFO: [ app_init ] --START--
INFO: Run Behavior\BuildLiteBehavior [ RunTime:0.000042s ]
INFO: [ app_init ] --END-- [ RunTime:0.000949s ]
ERR: 无法加载模块:Public

[ 2016-10-01T23:50:02+08:00 ] 127.0.0.1 /Public/Uploads/image/member/20160922/14745497975142533113.jpg
INFO: [ app_init ] --START--
INFO: Run Behavior\BuildLiteBehavior [ RunTime:0.000047s ]
INFO: [ app_init ] --END-- [ RunTime:0.001399s ]
ERR: 无法加载模块:Public

