[ 2016-08-26T08:45:29+08:00 ] 127.0.0.1 /Admin/login/login.html
INFO: [ app_init ] --START--
INFO: Run Behavior\BuildLiteBehavior [ RunTime:0.000037s ]
INFO: [ app_init ] --END-- [ RunTime:0.001237s ]
INFO: [ app_begin ] --START--
INFO: Run Behavior\ReadHtmlCacheBehavior [ RunTime:0.002045s ]
INFO: [ app_begin ] --END-- [ RunTime:0.002208s ]
SQL: SHOW COLUMNS FROM `m_admin_infor` [ RunTime:0.0519s ]
SQL: SELECT * FROM `m_admin_infor` WHERE ( id=1 ) LIMIT 1   [ RunTime:0.0187s ]
SQL: SHOW COLUMNS FROM `m_admin_user` [ RunTime:0.0187s ]
SQL: SELECT COUNT(*) AS tp_count FROM `m_admin_user` WHERE ( mobile_phone='13574506835' ) LIMIT 1   [ RunTime:0.0228s ]
SQL: SELECT `ad_salt` FROM `m_admin_user` WHERE ( mobile_phone='13574506835' ) LIMIT 1   [ RunTime:0.0149s ]
SQL: SELECT COUNT(*) AS tp_count FROM `m_admin_user` WHERE ( mobile_phone='13574506835' and password='f9241fc0fe6db8097a92f8f978e9586a' ) LIMIT 1   [ RunTime:0.0005s ]

[ 2016-08-26T08:45:30+08:00 ] 127.0.0.1 /Admin/Login/chenggong.html
INFO: [ app_init ] --START--
INFO: Run Behavior\BuildLiteBehavior [ RunTime:0.000036s ]
INFO: [ app_init ] --END-- [ RunTime:0.000710s ]
INFO: [ app_begin ] --START--
INFO: Run Behavior\ReadHtmlCacheBehavior [ RunTime:0.000840s ]
INFO: [ app_begin ] --END-- [ RunTime:0.000943s ]
SQL: SHOW COLUMNS FROM `m_admin_infor` [ RunTime:0.0334s ]
SQL: SELECT * FROM `m_admin_infor` WHERE ( id=1 ) LIMIT 1   [ RunTime:0.0007s ]
NOTIC: [8] Undefined variable: dlm E:\wamp\www\jiangzipinpin\Application\Admin\Controller\LoginController.class.php 第 52 行.
NOTIC: [8] Undefined variable: mima E:\wamp\www\jiangzipinpin\Application\Admin\Controller\LoginController.class.php 第 52 行.
SQL: SHOW COLUMNS FROM `m_admin_user` [ RunTime:0.0501s ]
NOTIC: [2048] mktime(): You should be using the time() function instead E:\wamp\www\jiangzipinpin\Application\Admin\Controller\LoginController.class.php 第 58 行.
SQL: UPDATE `m_admin_user` SET `last_login`='1472172330',`last_ip`='127.0.0.1' WHERE ( mobile_phone='13574506835' ) [ RunTime:0.0228s ]
SQL: SELECT `user_id` FROM `m_admin_user` WHERE ( mobile_phone='13574506835' ) LIMIT 1   [ RunTime:0.0004s ]
SQL: SELECT `user_name` FROM `m_admin_user` WHERE ( mobile_phone='13574506835' ) LIMIT 1   [ RunTime:0.0003s ]
SQL: SELECT `last_login` FROM `m_admin_user` WHERE ( mobile_phone='13574506835' ) LIMIT 1   [ RunTime:0.0003s ]

[ 2016-08-26T08:45:30+08:00 ] 127.0.0.1 /Admin/index/index.html
INFO: [ app_init ] --START--
INFO: Run Behavior\BuildLiteBehavior [ RunTime:0.000035s ]
INFO: [ app_init ] --END-- [ RunTime:0.000811s ]
INFO: [ app_begin ] --START--
INFO: Run Behavior\ReadHtmlCacheBehavior [ RunTime:0.001123s ]
INFO: [ app_begin ] --END-- [ RunTime:0.001287s ]
SQL: SHOW COLUMNS FROM `m_admin_infor` [ RunTime:0.0199s ]
SQL: SELECT * FROM `m_admin_infor` WHERE ( id=1 ) LIMIT 1   [ RunTime:0.0008s ]
INFO: [ view_parse ] --START--
INFO: [ template_filter ] --START--
INFO: Run Behavior\ContentReplaceBehavior [ RunTime:0.000153s ]
INFO: [ template_filter ] --END-- [ RunTime:0.000339s ]
INFO: Run Behavior\ParseTemplateBehavior [ RunTime:0.051158s ]
INFO: [ view_parse ] --END-- [ RunTime:0.051364s ]
INFO: [ view_filter ] --START--
INFO: Run Behavior\WriteHtmlCacheBehavior [ RunTime:0.001539s ]
INFO: Run Behavior\TokenBuildBehavior [ RunTime:0.001701s ]
INFO: [ view_filter ] --END-- [ RunTime:0.003499s ]
INFO: [ app_end ] --START--
INFO: Run Behavior\ShowPageTraceBehavior [ RunTime:0.001945s ]
INFO: [ app_end ] --END-- [ RunTime:0.002124s ]

[ 2016-08-26T08:45:30+08:00 ] 127.0.0.1 /Admin/Index/top.html
INFO: [ app_init ] --START--
INFO: Run Behavior\BuildLiteBehavior [ RunTime:0.000051s ]
INFO: [ app_init ] --END-- [ RunTime:0.003400s ]
INFO: [ app_begin ] --START--
INFO: Run Behavior\ReadHtmlCacheBehavior [ RunTime:0.001546s ]
INFO: [ app_begin ] --END-- [ RunTime:0.001668s ]
SQL: SHOW COLUMNS FROM `m_admin_infor` [ RunTime:0.0355s ]
SQL: SELECT * FROM `m_admin_infor` WHERE ( id=1 ) LIMIT 1   [ RunTime:0.0005s ]
INFO: [ view_parse ] --START--
INFO: [ template_filter ] --START--
INFO: Run Behavior\ContentReplaceBehavior [ RunTime:0.000095s ]
INFO: [ template_filter ] --END-- [ RunTime:0.000201s ]
INFO: Run Behavior\ParseTemplateBehavior [ RunTime:0.063004s ]
INFO: [ view_parse ] --END-- [ RunTime:0.063153s ]
INFO: [ view_filter ] --START--
INFO: Run Behavior\WriteHtmlCacheBehavior [ RunTime:0.000832s ]
INFO: Run Behavior\TokenBuildBehavior [ RunTime:0.000979s ]
INFO: [ view_filter ] --END-- [ RunTime:0.001993s ]
INFO: [ app_end ] --START--
INFO: Run Behavior\ShowPageTraceBehavior [ RunTime:0.001096s ]
INFO: [ app_end ] --END-- [ RunTime:0.001196s ]

[ 2016-08-26T08:45:31+08:00 ] 127.0.0.1 /Admin/Index/menu.html
INFO: [ app_init ] --START--
INFO: Run Behavior\BuildLiteBehavior [ RunTime:0.000256s ]
INFO: [ app_init ] --END-- [ RunTime:0.004265s ]
INFO: [ app_begin ] --START--
INFO: Run Behavior\ReadHtmlCacheBehavior [ RunTime:0.002344s ]
INFO: [ app_begin ] --END-- [ RunTime:0.002544s ]
SQL: SHOW COLUMNS FROM `m_admin_infor` [ RunTime:0.0292s ]
SQL: SELECT * FROM `m_admin_infor` WHERE ( id=1 ) LIMIT 1   [ RunTime:0.0006s ]
INFO: [ view_parse ] --START--
INFO: [ template_filter ] --START--
INFO: Run Behavior\ContentReplaceBehavior [ RunTime:0.000216s ]
INFO: [ template_filter ] --END-- [ RunTime:0.000402s ]
INFO: Run Behavior\ParseTemplateBehavior [ RunTime:0.048310s ]
INFO: [ view_parse ] --END-- [ RunTime:0.048660s ]
INFO: [ view_filter ] --START--
INFO: Run Behavior\WriteHtmlCacheBehavior [ RunTime:0.002021s ]
INFO: Run Behavior\TokenBuildBehavior [ RunTime:0.002619s ]
INFO: [ view_filter ] --END-- [ RunTime:0.004958s ]
INFO: [ app_end ] --START--
INFO: Run Behavior\ShowPageTraceBehavior [ RunTime:0.003188s ]
INFO: [ app_end ] --END-- [ RunTime:0.003395s ]

[ 2016-08-26T08:45:31+08:00 ] 127.0.0.1 /Admin/Index/main.html
INFO: [ app_init ] --START--
INFO: Run Behavior\BuildLiteBehavior [ RunTime:0.000044s ]
INFO: [ app_init ] --END-- [ RunTime:0.001225s ]
INFO: [ app_begin ] --START--
INFO: Run Behavior\ReadHtmlCacheBehavior [ RunTime:0.002053s ]
INFO: [ app_begin ] --END-- [ RunTime:0.002222s ]
SQL: SHOW COLUMNS FROM `m_admin_infor` [ RunTime:0.0198s ]
SQL: SELECT * FROM `m_admin_infor` WHERE ( id=1 ) LIMIT 1   [ RunTime:0.0005s ]
INFO: [ view_parse ] --START--
INFO: [ template_filter ] --START--
INFO: Run Behavior\ContentReplaceBehavior [ RunTime:0.000107s ]
INFO: [ template_filter ] --END-- [ RunTime:0.000237s ]
INFO: Run Behavior\ParseTemplateBehavior [ RunTime:0.034837s ]
INFO: [ view_parse ] --END-- [ RunTime:0.035002s ]
INFO: [ view_filter ] --START--
INFO: Run Behavior\WriteHtmlCacheBehavior [ RunTime:0.000969s ]
INFO: Run Behavior\TokenBuildBehavior [ RunTime:0.001231s ]
INFO: [ view_filter ] --END-- [ RunTime:0.002349s ]
INFO: [ app_end ] --START--
INFO: Run Behavior\ShowPageTraceBehavior [ RunTime:0.002051s ]
INFO: [ app_end ] --END-- [ RunTime:0.002211s ]

[ 2016-08-26T08:45:31+08:00 ] 127.0.0.1 /Admin/Index/drag.html
INFO: [ app_init ] --START--
INFO: Run Behavior\BuildLiteBehavior [ RunTime:0.000027s ]
INFO: [ app_init ] --END-- [ RunTime:0.000763s ]
INFO: [ app_begin ] --START--
INFO: Run Behavior\ReadHtmlCacheBehavior [ RunTime:0.001056s ]
INFO: [ app_begin ] --END-- [ RunTime:0.001158s ]
SQL: SHOW COLUMNS FROM `m_admin_infor` [ RunTime:0.0217s ]
SQL: SELECT * FROM `m_admin_infor` WHERE ( id=1 ) LIMIT 1   [ RunTime:0.0007s ]
INFO: [ view_parse ] --START--
INFO: [ template_filter ] --START--
INFO: Run Behavior\ContentReplaceBehavior [ RunTime:0.000146s ]
INFO: [ template_filter ] --END-- [ RunTime:0.000338s ]
INFO: Run Behavior\ParseTemplateBehavior [ RunTime:0.019984s ]
INFO: [ view_parse ] --END-- [ RunTime:0.020148s ]
INFO: [ view_filter ] --START--
INFO: Run Behavior\WriteHtmlCacheBehavior [ RunTime:0.000767s ]
INFO: Run Behavior\TokenBuildBehavior [ RunTime:0.000968s ]
INFO: [ view_filter ] --END-- [ RunTime:0.001934s ]
INFO: [ app_end ] --START--
INFO: Run Behavior\ShowPageTraceBehavior [ RunTime:0.001394s ]
INFO: [ app_end ] --END-- [ RunTime:0.001515s ]

[ 2016-08-26T08:45:35+08:00 ] 127.0.0.1 /Admin/Goodsmanage/index.html
INFO: [ app_init ] --START--
INFO: Run Behavior\BuildLiteBehavior [ RunTime:0.000046s ]
INFO: [ app_init ] --END-- [ RunTime:0.001458s ]
INFO: [ app_begin ] --START--
INFO: Run Behavior\ReadHtmlCacheBehavior [ RunTime:0.001186s ]
INFO: [ app_begin ] --END-- [ RunTime:0.001352s ]
SQL: SHOW COLUMNS FROM `m_admin_infor` [ RunTime:0.0180s ]
SQL: SELECT * FROM `m_admin_infor` WHERE ( id=1 ) LIMIT 1   [ RunTime:0.0004s ]
SQL: SHOW COLUMNS FROM `m_category` [ RunTime:0.0182s ]
SQL: SELECT `cat_name` FROM `m_category` WHERE ( pid<>0 and deleted=0 )  [ RunTime:0.0104s ]
SQL: SHOW COLUMNS FROM `m_goods` [ RunTime:0.0194s ]
NOTIC: [8] Undefined index: serch E:\wamp\www\jiangzipinpin\Application\Admin\Controller\GoodsmanageController.class.php 第 20 行.
SQL: SELECT COUNT(*) AS tp_count FROM `m_goods` WHERE ( cat_name='水果' and is_delete=0 ) LIMIT 1   [ RunTime:0.0042s ]
SQL: SELECT * FROM `m_goods` WHERE ( cat_name='水果' and is_delete=0 ) ORDER BY goods_id desc LIMIT 0,10   [ RunTime:0.0007s ]
INFO: [ view_parse ] --START--
INFO: [ template_filter ] --START--
INFO: Run Behavior\ContentReplaceBehavior [ RunTime:0.000125s ]
INFO: [ template_filter ] --END-- [ RunTime:0.000227s ]
NOTIC: [8] Undefined variable: 鲜榨果汁 E:\wamp\www\jiangzipinpin\Application\Runtime\Cache\Admin\44be48c52c819b74b3b0b16f06fea967.php 第 38 行.
NOTIC: [8] Undefined variable: 甜品 E:\wamp\www\jiangzipinpin\Application\Runtime\Cache\Admin\44be48c52c819b74b3b0b16f06fea967.php 第 38 行.
INFO: Run Behavior\ParseTemplateBehavior [ RunTime:0.026091s ]
INFO: [ view_parse ] --END-- [ RunTime:0.026223s ]
INFO: [ view_filter ] --START--
INFO: Run Behavior\WriteHtmlCacheBehavior [ RunTime:0.000839s ]
INFO: Run Behavior\TokenBuildBehavior [ RunTime:0.001047s ]
INFO: [ view_filter ] --END-- [ RunTime:0.002029s ]
INFO: [ app_end ] --START--
INFO: Run Behavior\ShowPageTraceBehavior [ RunTime:0.001507s ]
INFO: [ app_end ] --END-- [ RunTime:0.001641s ]

[ 2016-08-26T08:45:36+08:00 ] 127.0.0.1 /Admin/Goodsmanage/goods_editor/goods_id/229.html
INFO: [ app_init ] --START--
INFO: Run Behavior\BuildLiteBehavior [ RunTime:0.000038s ]
INFO: [ app_init ] --END-- [ RunTime:0.000893s ]
INFO: [ app_begin ] --START--
INFO: Run Behavior\ReadHtmlCacheBehavior [ RunTime:0.002036s ]
INFO: [ app_begin ] --END-- [ RunTime:0.002372s ]
SQL: SHOW COLUMNS FROM `m_admin_infor` [ RunTime:0.0214s ]
SQL: SELECT * FROM `m_admin_infor` WHERE ( id=1 ) LIMIT 1   [ RunTime:0.0005s ]
SQL: SHOW COLUMNS FROM `m_shops` [ RunTime:0.0199s ]
SQL: SELECT `shop_name` FROM `m_shops`  [ RunTime:0.0006s ]
SQL: SHOW COLUMNS FROM `m_goods` [ RunTime:0.0191s ]
SQL: SELECT * FROM `m_goods` WHERE ( goods_id=229 ) LIMIT 1   [ RunTime:0.0006s ]
SQL: SHOW COLUMNS FROM `m_category` [ RunTime:0.0236s ]
SQL: SELECT `cat_name` FROM `m_category`  [ RunTime:0.0054s ]
SQL: SELECT `shuxing` FROM `m_category` WHERE ( cat_name='水果' ) LIMIT 1   [ RunTime:0.0004s ]
INFO: [ view_parse ] --START--
INFO: [ template_filter ] --START--
INFO: Run Behavior\ContentReplaceBehavior [ RunTime:0.000342s ]
INFO: [ template_filter ] --END-- [ RunTime:0.000488s ]
NOTIC: [8] Undefined variable: 鲜榨果汁 E:\wamp\www\jiangzipinpin\Application\Runtime\Cache\Admin\cced33554f449b6a496b0f71c6f7ff10.php 第 40 行.
NOTIC: [8] Undefined variable: 水果甜品 E:\wamp\www\jiangzipinpin\Application\Runtime\Cache\Admin\cced33554f449b6a496b0f71c6f7ff10.php 第 40 行.
NOTIC: [8] Undefined variable: 甜品 E:\wamp\www\jiangzipinpin\Application\Runtime\Cache\Admin\cced33554f449b6a496b0f71c6f7ff10.php 第 40 行.
NOTIC: [8] Undefined variable: 食品 E:\wamp\www\jiangzipinpin\Application\Runtime\Cache\Admin\cced33554f449b6a496b0f71c6f7ff10.php 第 40 行.
NOTIC: [8] Undefined variable: 菠萝 E:\wamp\www\jiangzipinpin\Application\Runtime\Cache\Admin\cced33554f449b6a496b0f71c6f7ff10.php 第 144 行.
NOTIC: [8] Undefined variable: 火龙果 E:\wamp\www\jiangzipinpin\Application\Runtime\Cache\Admin\cced33554f449b6a496b0f71c6f7ff10.php 第 144 行.
NOTIC: [8] Use of undefined constant goods_img - assumed 'goods_img' E:\wamp\www\jiangzipinpin\Application\Runtime\Cache\Admin\cced33554f449b6a496b0f71c6f7ff10.php 第 254 行.
INFO: Run Behavior\ParseTemplateBehavior [ RunTime:0.062487s ]
INFO: [ view_parse ] --END-- [ RunTime:0.062609s ]
INFO: [ view_filter ] --START--
INFO: Run Behavior\WriteHtmlCacheBehavior [ RunTime:0.001062s ]
INFO: Run Behavior\TokenBuildBehavior [ RunTime:0.001748s ]
INFO: [ view_filter ] --END-- [ RunTime:0.002980s ]
INFO: [ app_end ] --START--
INFO: Run Behavior\ShowPageTraceBehavior [ RunTime:0.001472s ]
INFO: [ app_end ] --END-- [ RunTime:0.001575s ]

[ 2016-08-26T08:45:43+08:00 ] 127.0.0.1 /Admin/Goodsmanage/bianji_check/goods_id/229.html
INFO: [ app_init ] --START--
INFO: Run Behavior\BuildLiteBehavior [ RunTime:0.000050s ]
INFO: [ app_init ] --END-- [ RunTime:0.001126s ]
INFO: [ app_begin ] --START--
INFO: Run Behavior\ReadHtmlCacheBehavior [ RunTime:0.001621s ]
INFO: [ app_begin ] --END-- [ RunTime:0.001808s ]
SQL: SHOW COLUMNS FROM `m_admin_infor` [ RunTime:0.0179s ]
SQL: SELECT * FROM `m_admin_infor` WHERE ( id=1 ) LIMIT 1   [ RunTime:0.0004s ]
SQL: SHOW COLUMNS FROM `m_goods` [ RunTime:0.0182s ]
SQL: SELECT * FROM `m_goods` WHERE ( goods_id=229 ) LIMIT 1   [ RunTime:0.0005s ]
SQL: SHOW COLUMNS FROM `m_shops` [ RunTime:0.0206s ]
SQL: SELECT `shop_id` FROM `m_shops` WHERE ( shop_name='酱紫水果' ) LIMIT 1   [ RunTime:0.0004s ]
NOTIC: [8] Use of undefined constant Admin_user - assumed 'Admin_user' E:\wamp\www\jiangzipinpin\Application\Admin\Controller\GoodsmanageController.class.php 第 195 行.
SQL: SHOW COLUMNS FROM `m_admin_user` [ RunTime:0.0191s ]
SQL: SELECT `user_name` FROM `m_admin_user` WHERE ( user_id=1 ) LIMIT 1   [ RunTime:0.0004s ]
SQL: SHOW COLUMNS FROM `m_category` [ RunTime:0.0166s ]
SQL: SELECT * FROM `m_category` WHERE ( cat_name='水果' ) LIMIT 1   [ RunTime:0.0003s ]
SQL: UPDATE `m_goods` SET `cat_id`='1',`cat_name`='水果',`fabu_name`='杨靖',`shop_id`='1',`shop_name`='酱紫水果',`goods_name`='sdfsad ',`goods_jianjie`='sdfasd 131232131231231',`units`='sdf',`1yuangou`='1',`choujiang`='1',`yuan_price`='4',`price`='4',`tuan_price`='4',`tuan_number`='2',`fahuo_day`='1',`shuxing`='a:1:{s:6:\"分类\";s:6:\"榴莲\";}',`goods_shuxing`='a:2:{s:6:\"颜色\";a:2:{i:0;s:6:\"红色\";i:1;s:6:\"绿色\";}s:6:\"大小\";a:3:{i:0;s:3:\"小\";i:1;s:3:\"中\";i:2;s:3:\"大\";}}',`goods_img`='/Public/Uploads/image/goods/20160825/14720918837062618393.jpg',`goods_img_qita`='a:1:{i:0;s:61:\"/Public/Uploads/image/goods/20160825/14720918857312331260.jpg\";}',`daijinquan`='1',`goods_desc`='sadfsa',`last_update`='1472172343' WHERE ( goods_id=229 ) [ RunTime:0.0502s ]
INFO: [ view_parse ] --START--
INFO: [ template_filter ] --START--
INFO: Run Behavior\ContentReplaceBehavior [ RunTime:0.000140s ]
INFO: [ template_filter ] --END-- [ RunTime:0.000313s ]
INFO: Run Behavior\ParseTemplateBehavior [ RunTime:0.026381s ]
INFO: [ view_parse ] --END-- [ RunTime:0.026557s ]
INFO: [ view_filter ] --START--
INFO: Run Behavior\WriteHtmlCacheBehavior [ RunTime:0.000847s ]
INFO: Run Behavior\TokenBuildBehavior [ RunTime:0.001024s ]
INFO: [ view_filter ] --END-- [ RunTime:0.002038s ]
INFO: [ app_end ] --START--
INFO: Run Behavior\ShowPageTraceBehavior [ RunTime:0.001302s ]
INFO: [ app_end ] --END-- [ RunTime:0.001451s ]

[ 2016-08-26T08:45:46+08:00 ] 127.0.0.1 /Admin/Goodsmanage/index.html
INFO: [ app_init ] --START--
INFO: Run Behavior\BuildLiteBehavior [ RunTime:0.000060s ]
INFO: [ app_init ] --END-- [ RunTime:0.002318s ]
INFO: [ app_begin ] --START--
INFO: Run Behavior\ReadHtmlCacheBehavior [ RunTime:0.002403s ]
INFO: [ app_begin ] --END-- [ RunTime:0.002628s ]
SQL: SHOW COLUMNS FROM `m_admin_infor` [ RunTime:0.0430s ]
SQL: SELECT * FROM `m_admin_infor` WHERE ( id=1 ) LIMIT 1   [ RunTime:0.0020s ]
SQL: SHOW COLUMNS FROM `m_category` [ RunTime:0.0316s ]
SQL: SELECT `cat_name` FROM `m_category` WHERE ( pid<>0 and deleted=0 )  [ RunTime:0.0006s ]
SQL: SHOW COLUMNS FROM `m_goods` [ RunTime:0.0422s ]
NOTIC: [8] Undefined index: serch E:\wamp\www\jiangzipinpin\Application\Admin\Controller\GoodsmanageController.class.php 第 20 行.
SQL: SELECT COUNT(*) AS tp_count FROM `m_goods` WHERE ( cat_name='水果' and is_delete=0 ) LIMIT 1   [ RunTime:0.0004s ]
SQL: SELECT * FROM `m_goods` WHERE ( cat_name='水果' and is_delete=0 ) ORDER BY goods_id desc LIMIT 0,10   [ RunTime:0.0005s ]
INFO: [ view_parse ] --START--
INFO: [ template_filter ] --START--
INFO: Run Behavior\ContentReplaceBehavior [ RunTime:0.000117s ]
INFO: [ template_filter ] --END-- [ RunTime:0.000221s ]
NOTIC: [8] Undefined variable: 鲜榨果汁 E:\wamp\www\jiangzipinpin\Application\Runtime\Cache\Admin\44be48c52c819b74b3b0b16f06fea967.php 第 38 行.
NOTIC: [8] Undefined variable: 甜品 E:\wamp\www\jiangzipinpin\Application\Runtime\Cache\Admin\44be48c52c819b74b3b0b16f06fea967.php 第 38 行.
INFO: Run Behavior\ParseTemplateBehavior [ RunTime:0.020239s ]
INFO: [ view_parse ] --END-- [ RunTime:0.020346s ]
INFO: [ view_filter ] --START--
INFO: Run Behavior\WriteHtmlCacheBehavior [ RunTime:0.000749s ]
INFO: Run Behavior\TokenBuildBehavior [ RunTime:0.001232s ]
INFO: [ view_filter ] --END-- [ RunTime:0.002171s ]
INFO: [ app_end ] --START--
INFO: Run Behavior\ShowPageTraceBehavior [ RunTime:0.002023s ]
INFO: [ app_end ] --END-- [ RunTime:0.002208s ]

[ 2016-08-26T13:26:32+08:00 ] 127.0.0.1 /admin
INFO: [ app_init ] --START--
INFO: Run Behavior\BuildLiteBehavior [ RunTime:0.000087s ]
INFO: [ app_init ] --END-- [ RunTime:0.011140s ]
INFO: [ app_begin ] --START--
INFO: Run Behavior\ReadHtmlCacheBehavior [ RunTime:0.001239s ]
INFO: [ app_begin ] --END-- [ RunTime:0.001345s ]
SQL: SHOW COLUMNS FROM `m_admin_infor` [ RunTime:0.0715s ]
SQL: SELECT * FROM `m_admin_infor` WHERE ( id=1 ) LIMIT 1   [ RunTime:0.0134s ]
INFO: [ view_parse ] --START--
INFO: [ template_filter ] --START--
INFO: Run Behavior\ContentReplaceBehavior [ RunTime:0.000107s ]
INFO: [ template_filter ] --END-- [ RunTime:0.000260s ]
INFO: Run Behavior\ParseTemplateBehavior [ RunTime:0.041630s ]
INFO: [ view_parse ] --END-- [ RunTime:0.041733s ]
INFO: [ view_filter ] --START--
INFO: Run Behavior\WriteHtmlCacheBehavior [ RunTime:0.000919s ]
INFO: Run Behavior\TokenBuildBehavior [ RunTime:0.001105s ]
INFO: [ view_filter ] --END-- [ RunTime:0.002181s ]
INFO: [ app_end ] --START--
INFO: Run Behavior\ShowPageTraceBehavior [ RunTime:0.001224s ]
INFO: [ app_end ] --END-- [ RunTime:0.001309s ]

[ 2016-08-26T13:26:32+08:00 ] 127.0.0.1 /Admin/Index/top.html
INFO: [ app_init ] --START--
INFO: Run Behavior\BuildLiteBehavior [ RunTime:0.000024s ]
INFO: [ app_init ] --END-- [ RunTime:0.000679s ]
INFO: [ app_begin ] --START--
INFO: Run Behavior\ReadHtmlCacheBehavior [ RunTime:0.001107s ]
INFO: [ app_begin ] --END-- [ RunTime:0.001227s ]
SQL: SHOW COLUMNS FROM `m_admin_infor` [ RunTime:0.0236s ]
SQL: SELECT * FROM `m_admin_infor` WHERE ( id=1 ) LIMIT 1   [ RunTime:0.0005s ]
INFO: [ view_parse ] --START--
INFO: [ template_filter ] --START--
INFO: Run Behavior\ContentReplaceBehavior [ RunTime:0.000165s ]
INFO: [ template_filter ] --END-- [ RunTime:0.000307s ]
INFO: Run Behavior\ParseTemplateBehavior [ RunTime:0.041610s ]
INFO: [ view_parse ] --END-- [ RunTime:0.041781s ]
INFO: [ view_filter ] --START--
INFO: Run Behavior\WriteHtmlCacheBehavior [ RunTime:0.001193s ]
INFO: Run Behavior\TokenBuildBehavior [ RunTime:0.001105s ]
INFO: [ view_filter ] --END-- [ RunTime:0.002572s ]
INFO: [ app_end ] --START--
INFO: Run Behavior\ShowPageTraceBehavior [ RunTime:0.001533s ]
INFO: [ app_end ] --END-- [ RunTime:0.001662s ]

[ 2016-08-26T13:26:32+08:00 ] 127.0.0.1 /Admin/Index/drag.html
INFO: [ app_init ] --START--
INFO: Run Behavior\BuildLiteBehavior [ RunTime:0.000043s ]
INFO: [ app_init ] --END-- [ RunTime:0.003513s ]
INFO: [ app_begin ] --START--
INFO: Run Behavior\ReadHtmlCacheBehavior [ RunTime:0.002090s ]
INFO: [ app_begin ] --END-- [ RunTime:0.002370s ]
SQL: SHOW COLUMNS FROM `m_admin_infor` [ RunTime:0.0206s ]
SQL: SELECT * FROM `m_admin_infor` WHERE ( id=1 ) LIMIT 1   [ RunTime:0.0003s ]
INFO: [ view_parse ] --START--
INFO: [ template_filter ] --START--
INFO: Run Behavior\ContentReplaceBehavior [ RunTime:0.000133s ]
INFO: [ template_filter ] --END-- [ RunTime:0.000294s ]
INFO: Run Behavior\ParseTemplateBehavior [ RunTime:0.039836s ]
INFO: [ view_parse ] --END-- [ RunTime:0.039967s ]
INFO: [ view_filter ] --START--
INFO: Run Behavior\WriteHtmlCacheBehavior [ RunTime:0.000951s ]
INFO: Run Behavior\TokenBuildBehavior [ RunTime:0.001165s ]
INFO: [ view_filter ] --END-- [ RunTime:0.002268s ]
INFO: [ app_end ] --START--
INFO: Run Behavior\ShowPageTraceBehavior [ RunTime:0.001596s ]
INFO: [ app_end ] --END-- [ RunTime:0.001702s ]

[ 2016-08-26T13:26:33+08:00 ] 127.0.0.1 /Admin/Index/main.html
INFO: [ app_init ] --START--
INFO: Run Behavior\BuildLiteBehavior [ RunTime:0.000043s ]
INFO: [ app_init ] --END-- [ RunTime:0.001150s ]
INFO: [ app_begin ] --START--
INFO: Run Behavior\ReadHtmlCacheBehavior [ RunTime:0.001767s ]
INFO: [ app_begin ] --END-- [ RunTime:0.001963s ]
SQL: SHOW COLUMNS FROM `m_admin_infor` [ RunTime:0.0283s ]
SQL: SELECT * FROM `m_admin_infor` WHERE ( id=1 ) LIMIT 1   [ RunTime:0.0032s ]
INFO: [ view_parse ] --START--
INFO: [ template_filter ] --START--
INFO: Run Behavior\ContentReplaceBehavior [ RunTime:0.000112s ]
INFO: [ template_filter ] --END-- [ RunTime:0.000244s ]
INFO: Run Behavior\ParseTemplateBehavior [ RunTime:0.021567s ]
INFO: [ view_parse ] --END-- [ RunTime:0.021717s ]
INFO: [ view_filter ] --START--
INFO: Run Behavior\WriteHtmlCacheBehavior [ RunTime:0.000858s ]
INFO: Run Behavior\TokenBuildBehavior [ RunTime:0.002160s ]
INFO: [ view_filter ] --END-- [ RunTime:0.003209s ]
INFO: [ app_end ] --START--
INFO: Run Behavior\ShowPageTraceBehavior [ RunTime:0.001100s ]
INFO: [ app_end ] --END-- [ RunTime:0.001199s ]

[ 2016-08-26T13:26:33+08:00 ] 127.0.0.1 /Admin/Index/menu.html
INFO: [ app_init ] --START--
INFO: Run Behavior\BuildLiteBehavior [ RunTime:0.000042s ]
INFO: [ app_init ] --END-- [ RunTime:0.001431s ]
INFO: [ app_begin ] --START--
INFO: Run Behavior\ReadHtmlCacheBehavior [ RunTime:0.001513s ]
INFO: [ app_begin ] --END-- [ RunTime:0.001694s ]
SQL: SHOW COLUMNS FROM `m_admin_infor` [ RunTime:0.0242s ]
SQL: SELECT * FROM `m_admin_infor` WHERE ( id=1 ) LIMIT 1   [ RunTime:0.0004s ]
INFO: [ view_parse ] --START--
INFO: [ template_filter ] --START--
INFO: Run Behavior\ContentReplaceBehavior [ RunTime:0.000126s ]
INFO: [ template_filter ] --END-- [ RunTime:0.000230s ]
INFO: Run Behavior\ParseTemplateBehavior [ RunTime:0.089984s ]
INFO: [ view_parse ] --END-- [ RunTime:0.090126s ]
INFO: [ view_filter ] --START--
INFO: Run Behavior\WriteHtmlCacheBehavior [ RunTime:0.000861s ]
INFO: Run Behavior\TokenBuildBehavior [ RunTime:0.001055s ]
INFO: [ view_filter ] --END-- [ RunTime:0.002045s ]
INFO: [ app_end ] --START--
INFO: Run Behavior\ShowPageTraceBehavior [ RunTime:0.000927s ]
INFO: [ app_end ] --END-- [ RunTime:0.001006s ]

[ 2016-08-26T13:26:37+08:00 ] 127.0.0.1 /Admin/Shopsmanage/add_shop.html
INFO: [ app_init ] --START--
INFO: Run Behavior\BuildLiteBehavior [ RunTime:0.000024s ]
INFO: [ app_init ] --END-- [ RunTime:0.000672s ]
INFO: [ app_begin ] --START--
INFO: Run Behavior\ReadHtmlCacheBehavior [ RunTime:0.000822s ]
INFO: [ app_begin ] --END-- [ RunTime:0.000937s ]
SQL: SHOW COLUMNS FROM `m_admin_infor` [ RunTime:0.0151s ]
SQL: SELECT * FROM `m_admin_infor` WHERE ( id=1 ) LIMIT 1   [ RunTime:0.0004s ]
INFO: [ view_parse ] --START--
INFO: [ template_filter ] --START--
INFO: Run Behavior\ContentReplaceBehavior [ RunTime:0.000106s ]
INFO: [ template_filter ] --END-- [ RunTime:0.000200s ]
INFO: Run Behavior\ParseTemplateBehavior [ RunTime:0.111785s ]
INFO: [ view_parse ] --END-- [ RunTime:0.111889s ]
INFO: [ view_filter ] --START--
INFO: Run Behavior\WriteHtmlCacheBehavior [ RunTime:0.000764s ]
INFO: Run Behavior\TokenBuildBehavior [ RunTime:0.000842s ]
INFO: [ view_filter ] --END-- [ RunTime:0.001734s ]
INFO: [ app_end ] --START--
INFO: Run Behavior\ShowPageTraceBehavior [ RunTime:0.000980s ]
INFO: [ app_end ] --END-- [ RunTime:0.001062s ]

[ 2016-08-26T13:26:43+08:00 ] 127.0.0.1 /Admin/Shopsmanage/add_shop.html
INFO: [ app_init ] --START--
INFO: Run Behavior\BuildLiteBehavior [ RunTime:0.000024s ]
INFO: [ app_init ] --END-- [ RunTime:0.000680s ]
INFO: [ app_begin ] --START--
INFO: Run Behavior\ReadHtmlCacheBehavior [ RunTime:0.000805s ]
INFO: [ app_begin ] --END-- [ RunTime:0.000962s ]
SQL: SHOW COLUMNS FROM `m_admin_infor` [ RunTime:0.0165s ]
SQL: SELECT * FROM `m_admin_infor` WHERE ( id=1 ) LIMIT 1   [ RunTime:0.0004s ]
INFO: [ view_parse ] --START--
INFO: [ template_filter ] --START--
INFO: Run Behavior\ContentReplaceBehavior [ RunTime:0.000184s ]
INFO: [ template_filter ] --END-- [ RunTime:0.000353s ]
INFO: Run Behavior\ParseTemplateBehavior [ RunTime:0.016408s ]
INFO: [ view_parse ] --END-- [ RunTime:0.016512s ]
INFO: [ view_filter ] --START--
INFO: Run Behavior\WriteHtmlCacheBehavior [ RunTime:0.000780s ]
INFO: Run Behavior\TokenBuildBehavior [ RunTime:0.000861s ]
INFO: [ view_filter ] --END-- [ RunTime:0.001783s ]
INFO: [ app_end ] --START--
INFO: Run Behavior\ShowPageTraceBehavior [ RunTime:0.001057s ]
INFO: [ app_end ] --END-- [ RunTime:0.001151s ]

[ 2016-08-26T13:26:49+08:00 ] 127.0.0.1 /Admin/Shopsmanage/title_ajax.html
INFO: [ app_init ] --START--
INFO: Run Behavior\BuildLiteBehavior [ RunTime:0.000042s ]
INFO: [ app_init ] --END-- [ RunTime:0.000687s ]
INFO: [ app_begin ] --START--
INFO: Run Behavior\ReadHtmlCacheBehavior [ RunTime:0.000821s ]
INFO: [ app_begin ] --END-- [ RunTime:0.000916s ]
SQL: SHOW COLUMNS FROM `m_admin_infor` [ RunTime:0.0156s ]
SQL: SELECT * FROM `m_admin_infor` WHERE ( id=1 ) LIMIT 1   [ RunTime:0.0003s ]
SQL: SHOW COLUMNS FROM `m_shops` [ RunTime:0.1221s ]
SQL: SELECT COUNT(*) AS tp_count FROM `m_shops` WHERE ( shop_name='呃呃呃呃' ) LIMIT 1   [ RunTime:0.0511s ]

[ 2016-08-26T13:26:54+08:00 ] 127.0.0.1 /Admin/Shopsmanage/title_ajax.html
INFO: [ app_init ] --START--
INFO: Run Behavior\BuildLiteBehavior [ RunTime:0.000040s ]
INFO: [ app_init ] --END-- [ RunTime:0.000863s ]
INFO: [ app_begin ] --START--
INFO: Run Behavior\ReadHtmlCacheBehavior [ RunTime:0.001448s ]
INFO: [ app_begin ] --END-- [ RunTime:0.001565s ]
SQL: SHOW COLUMNS FROM `m_admin_infor` [ RunTime:0.0202s ]
SQL: SELECT * FROM `m_admin_infor` WHERE ( id=1 ) LIMIT 1   [ RunTime:0.0013s ]
SQL: SHOW COLUMNS FROM `m_shops` [ RunTime:0.0189s ]
SQL: SELECT COUNT(*) AS tp_count FROM `m_shops` WHERE ( shop_name='呃呃呃呃' ) LIMIT 1   [ RunTime:0.0003s ]

[ 2016-08-26T13:26:55+08:00 ] 127.0.0.1 /Admin/Shopsmanage/title_ajax.html
INFO: [ app_init ] --START--
INFO: Run Behavior\BuildLiteBehavior [ RunTime:0.000041s ]
INFO: [ app_init ] --END-- [ RunTime:0.001081s ]
INFO: [ app_begin ] --START--
INFO: Run Behavior\ReadHtmlCacheBehavior [ RunTime:0.001130s ]
INFO: [ app_begin ] --END-- [ RunTime:0.001292s ]
SQL: SHOW COLUMNS FROM `m_admin_infor` [ RunTime:0.0149s ]
SQL: SELECT * FROM `m_admin_infor` WHERE ( id=1 ) LIMIT 1   [ RunTime:0.0003s ]
SQL: SHOW COLUMNS FROM `m_shops` [ RunTime:0.0149s ]
SQL: SELECT COUNT(*) AS tp_count FROM `m_shops` WHERE ( shop_name='呃呃呃呃' ) LIMIT 1   [ RunTime:0.0003s ]

[ 2016-08-26T13:27:20+08:00 ] 127.0.0.1 /Admin/Shopsmanage/add_shop.html
INFO: [ app_init ] --START--
INFO: Run Behavior\BuildLiteBehavior [ RunTime:0.000048s ]
INFO: [ app_init ] --END-- [ RunTime:0.000979s ]
INFO: [ app_begin ] --START--
INFO: Run Behavior\ReadHtmlCacheBehavior [ RunTime:0.000786s ]
INFO: [ app_begin ] --END-- [ RunTime:0.000901s ]
SQL: SHOW COLUMNS FROM `m_admin_infor` [ RunTime:0.0199s ]
SQL: SELECT * FROM `m_admin_infor` WHERE ( id=1 ) LIMIT 1   [ RunTime:0.0004s ]
INFO: [ view_parse ] --START--
INFO: [ template_filter ] --START--
INFO: Run Behavior\ContentReplaceBehavior [ RunTime:0.000118s ]
INFO: [ template_filter ] --END-- [ RunTime:0.000227s ]
INFO: Run Behavior\ParseTemplateBehavior [ RunTime:0.022456s ]
INFO: [ view_parse ] --END-- [ RunTime:0.022610s ]
INFO: [ view_filter ] --START--
INFO: Run Behavior\WriteHtmlCacheBehavior [ RunTime:0.000894s ]
INFO: Run Behavior\TokenBuildBehavior [ RunTime:0.000933s ]
INFO: [ view_filter ] --END-- [ RunTime:0.001987s ]
INFO: [ app_end ] --START--
INFO: Run Behavior\ShowPageTraceBehavior [ RunTime:0.001129s ]
INFO: [ app_end ] --END-- [ RunTime:0.001230s ]

[ 2016-08-26T13:27:21+08:00 ] 127.0.0.1 /Admin/Shopsmanage/title_ajax.html
INFO: [ app_init ] --START--
INFO: Run Behavior\BuildLiteBehavior [ RunTime:0.000023s ]
INFO: [ app_init ] --END-- [ RunTime:0.000680s ]
INFO: [ app_begin ] --START--
INFO: Run Behavior\ReadHtmlCacheBehavior [ RunTime:0.000942s ]
INFO: [ app_begin ] --END-- [ RunTime:0.001063s ]
SQL: SHOW COLUMNS FROM `m_admin_infor` [ RunTime:0.0164s ]
SQL: SELECT * FROM `m_admin_infor` WHERE ( id=1 ) LIMIT 1   [ RunTime:0.0004s ]
SQL: SHOW COLUMNS FROM `m_shops` [ RunTime:0.0161s ]
SQL: SELECT COUNT(*) AS tp_count FROM `m_shops` WHERE ( shop_name='呃呃呃呃' ) LIMIT 1   [ RunTime:0.0003s ]

[ 2016-08-26T13:27:53+08:00 ] 127.0.0.1 /Admin/Shopsmanage/add_shop.html
INFO: [ app_init ] --START--
INFO: Run Behavior\BuildLiteBehavior [ RunTime:0.000024s ]
INFO: [ app_init ] --END-- [ RunTime:0.000646s ]
INFO: [ app_begin ] --START--
INFO: Run Behavior\ReadHtmlCacheBehavior [ RunTime:0.002343s ]
INFO: [ app_begin ] --END-- [ RunTime:0.002528s ]
SQL: SHOW COLUMNS FROM `m_admin_infor` [ RunTime:0.0182s ]
SQL: SELECT * FROM `m_admin_infor` WHERE ( id=1 ) LIMIT 1   [ RunTime:0.0003s ]
INFO: [ view_parse ] --START--
INFO: [ template_filter ] --START--
INFO: Run Behavior\ContentReplaceBehavior [ RunTime:0.000121s ]
INFO: [ template_filter ] --END-- [ RunTime:0.000234s ]
INFO: Run Behavior\ParseTemplateBehavior [ RunTime:0.015643s ]
INFO: [ view_parse ] --END-- [ RunTime:0.015741s ]
INFO: [ view_filter ] --START--
INFO: Run Behavior\WriteHtmlCacheBehavior [ RunTime:0.000726s ]
INFO: Run Behavior\TokenBuildBehavior [ RunTime:0.000907s ]
INFO: [ view_filter ] --END-- [ RunTime:0.001784s ]
INFO: [ app_end ] --START--
INFO: Run Behavior\ShowPageTraceBehavior [ RunTime:0.001020s ]
INFO: [ app_end ] --END-- [ RunTime:0.001110s ]

[ 2016-08-26T13:27:59+08:00 ] 127.0.0.1 /Admin/Shopsmanage/title_ajax.html
INFO: [ app_init ] --START--
INFO: Run Behavior\BuildLiteBehavior [ RunTime:0.000022s ]
INFO: [ app_init ] --END-- [ RunTime:0.000733s ]
INFO: [ app_begin ] --START--
INFO: Run Behavior\ReadHtmlCacheBehavior [ RunTime:0.000976s ]
INFO: [ app_begin ] --END-- [ RunTime:0.001104s ]
SQL: SHOW COLUMNS FROM `m_admin_infor` [ RunTime:0.0156s ]
SQL: SELECT * FROM `m_admin_infor` WHERE ( id=1 ) LIMIT 1   [ RunTime:0.0003s ]
SQL: SHOW COLUMNS FROM `m_shops` [ RunTime:0.0188s ]
SQL: SELECT COUNT(*) AS tp_count FROM `m_shops` WHERE ( shop_name='呃呃呃呃' ) LIMIT 1   [ RunTime:0.0003s ]

[ 2016-08-26T13:28:07+08:00 ] 127.0.0.1 /Admin/Shopsmanage/add_shop.html
INFO: [ app_init ] --START--
INFO: Run Behavior\BuildLiteBehavior [ RunTime:0.000026s ]
INFO: [ app_init ] --END-- [ RunTime:0.000670s ]
INFO: [ app_begin ] --START--
INFO: Run Behavior\ReadHtmlCacheBehavior [ RunTime:0.000745s ]
INFO: [ app_begin ] --END-- [ RunTime:0.000838s ]
SQL: SHOW COLUMNS FROM `m_admin_infor` [ RunTime:0.0152s ]
SQL: SELECT * FROM `m_admin_infor` WHERE ( id=1 ) LIMIT 1   [ RunTime:0.0003s ]
INFO: [ view_parse ] --START--
INFO: [ template_filter ] --START--
INFO: Run Behavior\ContentReplaceBehavior [ RunTime:0.000106s ]
INFO: [ template_filter ] --END-- [ RunTime:0.000199s ]
INFO: Run Behavior\ParseTemplateBehavior [ RunTime:0.021202s ]
INFO: [ view_parse ] --END-- [ RunTime:0.021301s ]
INFO: [ view_filter ] --START--
INFO: Run Behavior\WriteHtmlCacheBehavior [ RunTime:0.000766s ]
INFO: Run Behavior\TokenBuildBehavior [ RunTime:0.000732s ]
INFO: [ view_filter ] --END-- [ RunTime:0.001626s ]
INFO: [ app_end ] --START--
INFO: Run Behavior\ShowPageTraceBehavior [ RunTime:0.000873s ]
INFO: [ app_end ] --END-- [ RunTime:0.000954s ]

[ 2016-08-26T13:28:09+08:00 ] 127.0.0.1 /Admin/Shopsmanage/title_ajax.html
INFO: [ app_init ] --START--
INFO: Run Behavior\BuildLiteBehavior [ RunTime:0.000030s ]
INFO: [ app_init ] --END-- [ RunTime:0.000708s ]
INFO: [ app_begin ] --START--
INFO: Run Behavior\ReadHtmlCacheBehavior [ RunTime:0.000974s ]
INFO: [ app_begin ] --END-- [ RunTime:0.001077s ]
SQL: SHOW COLUMNS FROM `m_admin_infor` [ RunTime:0.0160s ]
SQL: SELECT * FROM `m_admin_infor` WHERE ( id=1 ) LIMIT 1   [ RunTime:0.0004s ]
SQL: SHOW COLUMNS FROM `m_shops` [ RunTime:0.0162s ]
SQL: SELECT COUNT(*) AS tp_count FROM `m_shops` WHERE ( shop_name='呃呃呃呃' ) LIMIT 1   [ RunTime:0.0003s ]

[ 2016-08-26T13:29:30+08:00 ] 127.0.0.1 /Admin/Shopsmanage/add_shop.html
INFO: [ app_init ] --START--
INFO: Run Behavior\BuildLiteBehavior [ RunTime:0.000025s ]
INFO: [ app_init ] --END-- [ RunTime:0.000818s ]
INFO: [ app_begin ] --START--
INFO: Run Behavior\ReadHtmlCacheBehavior [ RunTime:0.001064s ]
INFO: [ app_begin ] --END-- [ RunTime:0.001158s ]
SQL: SHOW COLUMNS FROM `m_admin_infor` [ RunTime:0.0246s ]
SQL: SELECT * FROM `m_admin_infor` WHERE ( id=1 ) LIMIT 1   [ RunTime:0.0004s ]
INFO: [ view_parse ] --START--
INFO: [ template_filter ] --START--
INFO: Run Behavior\ContentReplaceBehavior [ RunTime:0.000158s ]
INFO: [ template_filter ] --END-- [ RunTime:0.000261s ]
INFO: Run Behavior\ParseTemplateBehavior [ RunTime:0.014367s ]
INFO: [ view_parse ] --END-- [ RunTime:0.014470s ]
INFO: [ view_filter ] --START--
INFO: Run Behavior\WriteHtmlCacheBehavior [ RunTime:0.000878s ]
INFO: Run Behavior\TokenBuildBehavior [ RunTime:0.001176s ]
INFO: [ view_filter ] --END-- [ RunTime:0.002237s ]
INFO: [ app_end ] --START--
INFO: Run Behavior\ShowPageTraceBehavior [ RunTime:0.001062s ]
INFO: [ app_end ] --END-- [ RunTime:0.001159s ]

[ 2016-08-26T13:29:32+08:00 ] 127.0.0.1 /Admin/Shopsmanage/title_ajax.html
INFO: [ app_init ] --START--
INFO: Run Behavior\BuildLiteBehavior [ RunTime:0.000025s ]
INFO: [ app_init ] --END-- [ RunTime:0.000657s ]
INFO: [ app_begin ] --START--
INFO: Run Behavior\ReadHtmlCacheBehavior [ RunTime:0.000927s ]
INFO: [ app_begin ] --END-- [ RunTime:0.001015s ]
SQL: SHOW COLUMNS FROM `m_admin_infor` [ RunTime:0.0184s ]
SQL: SELECT * FROM `m_admin_infor` WHERE ( id=1 ) LIMIT 1   [ RunTime:0.0004s ]
SQL: SHOW COLUMNS FROM `m_shops` [ RunTime:0.0191s ]
SQL: SELECT COUNT(*) AS tp_count FROM `m_shops` WHERE ( shop_name='呃呃呃呃' ) LIMIT 1   [ RunTime:0.0004s ]

[ 2016-08-26T13:29:33+08:00 ] 127.0.0.1 /Admin/Shopsmanage/release_check.html
INFO: [ app_init ] --START--
INFO: Run Behavior\BuildLiteBehavior [ RunTime:0.000026s ]
INFO: [ app_init ] --END-- [ RunTime:0.000686s ]
INFO: [ app_begin ] --START--
INFO: Run Behavior\ReadHtmlCacheBehavior [ RunTime:0.000950s ]
INFO: [ app_begin ] --END-- [ RunTime:0.001060s ]
SQL: SHOW COLUMNS FROM `m_admin_infor` [ RunTime:0.0186s ]
SQL: SELECT * FROM `m_admin_infor` WHERE ( id=1 ) LIMIT 1   [ RunTime:0.0003s ]
SQL: SHOW COLUMNS FROM `m_shops` [ RunTime:0.0175s ]
SQL: INSERT INTO `m_shops` (`head_url`,`status`,`shop_name`,`qq`,`tel`,`created`) VALUES ('/Public/Home/Mobile/Images/public/jzpp_logo.jpg','0','呃呃呃呃','12','13454322345','1472189373') [ RunTime:0.0671s ]
INFO: [ view_parse ] --START--
INFO: [ template_filter ] --START--
INFO: Run Behavior\ContentReplaceBehavior [ RunTime:0.000072s ]
INFO: [ template_filter ] --END-- [ RunTime:0.000172s ]
INFO: Run Behavior\ParseTemplateBehavior [ RunTime:0.012756s ]
INFO: [ view_parse ] --END-- [ RunTime:0.012920s ]
INFO: [ view_filter ] --START--
INFO: Run Behavior\WriteHtmlCacheBehavior [ RunTime:0.000897s ]
INFO: Run Behavior\TokenBuildBehavior [ RunTime:0.000972s ]
INFO: [ view_filter ] --END-- [ RunTime:0.002065s ]
INFO: [ app_end ] --START--
INFO: Run Behavior\ShowPageTraceBehavior [ RunTime:0.001410s ]
INFO: [ app_end ] --END-- [ RunTime:0.001601s ]

[ 2016-08-26T13:29:36+08:00 ] 127.0.0.1 /Admin/Shopsmanage/index.html
INFO: [ app_init ] --START--
INFO: Run Behavior\BuildLiteBehavior [ RunTime:0.000026s ]
INFO: [ app_init ] --END-- [ RunTime:0.000758s ]
INFO: [ app_begin ] --START--
INFO: Run Behavior\ReadHtmlCacheBehavior [ RunTime:0.001077s ]
INFO: [ app_begin ] --END-- [ RunTime:0.001187s ]
SQL: SHOW COLUMNS FROM `m_admin_infor` [ RunTime:0.0161s ]
SQL: SELECT * FROM `m_admin_infor` WHERE ( id=1 ) LIMIT 1   [ RunTime:0.0004s ]
SQL: SHOW COLUMNS FROM `m_shops` [ RunTime:0.0170s ]
SQL: SELECT COUNT(*) AS tp_count FROM `m_shops` LIMIT 1   [ RunTime:0.0004s ]
SQL: SELECT * FROM `m_shops` LIMIT 0,10   [ RunTime:0.0004s ]
INFO: [ view_parse ] --START--
INFO: [ template_filter ] --START--
INFO: Run Behavior\ContentReplaceBehavior [ RunTime:0.000108s ]
INFO: [ template_filter ] --END-- [ RunTime:0.000220s ]
NOTIC: [8] Undefined variable: serch_name E:\wamp\www\jiangzipinpin\Application\Runtime\Cache\Admin\db245e93f550f0c3edfe96471ae40573.php 第 38 行.
INFO: Run Behavior\ParseTemplateBehavior [ RunTime:0.039537s ]
INFO: [ view_parse ] --END-- [ RunTime:0.039657s ]
INFO: [ view_filter ] --START--
INFO: Run Behavior\WriteHtmlCacheBehavior [ RunTime:0.000865s ]
INFO: Run Behavior\TokenBuildBehavior [ RunTime:0.001037s ]
INFO: [ view_filter ] --END-- [ RunTime:0.002032s ]
INFO: [ app_end ] --START--
INFO: Run Behavior\ShowPageTraceBehavior [ RunTime:0.001001s ]
INFO: [ app_end ] --END-- [ RunTime:0.001081s ]

[ 2016-08-26T14:10:20+08:00 ] 127.0.0.1 /admin
INFO: [ app_init ] --START--
INFO: Run Behavior\BuildLiteBehavior [ RunTime:0.000027s ]
INFO: [ app_init ] --END-- [ RunTime:0.000880s ]
INFO: [ app_begin ] --START--
INFO: Run Behavior\ReadHtmlCacheBehavior [ RunTime:0.001460s ]
INFO: [ app_begin ] --END-- [ RunTime:0.001561s ]
SQL: SHOW COLUMNS FROM `m_admin_infor` [ RunTime:0.0176s ]
SQL: SELECT * FROM `m_admin_infor` WHERE ( id=1 ) LIMIT 1   [ RunTime:0.0006s ]
INFO: [ view_parse ] --START--
INFO: [ template_filter ] --START--
INFO: Run Behavior\ContentReplaceBehavior [ RunTime:0.000106s ]
INFO: [ template_filter ] --END-- [ RunTime:0.000264s ]
INFO: Run Behavior\ParseTemplateBehavior [ RunTime:0.053714s ]
INFO: [ view_parse ] --END-- [ RunTime:0.053852s ]
INFO: [ view_filter ] --START--
INFO: Run Behavior\WriteHtmlCacheBehavior [ RunTime:0.001158s ]
INFO: Run Behavior\TokenBuildBehavior [ RunTime:0.001365s ]
INFO: [ view_filter ] --END-- [ RunTime:0.002654s ]
INFO: [ app_end ] --START--
INFO: Run Behavior\ShowPageTraceBehavior [ RunTime:0.001527s ]
INFO: [ app_end ] --END-- [ RunTime:0.001611s ]

[ 2016-08-26T14:10:20+08:00 ] 127.0.0.1 /Admin/Index/drag.html
INFO: [ app_init ] --START--
INFO: Run Behavior\BuildLiteBehavior [ RunTime:0.000041s ]
INFO: [ app_init ] --END-- [ RunTime:0.000963s ]
INFO: [ app_begin ] --START--
INFO: Run Behavior\ReadHtmlCacheBehavior [ RunTime:0.001555s ]
INFO: [ app_begin ] --END-- [ RunTime:0.001743s ]
SQL: SHOW COLUMNS FROM `m_admin_infor` [ RunTime:0.0185s ]
SQL: SELECT * FROM `m_admin_infor` WHERE ( id=1 ) LIMIT 1   [ RunTime:0.0003s ]
INFO: [ view_parse ] --START--
INFO: [ template_filter ] --START--
INFO: Run Behavior\ContentReplaceBehavior [ RunTime:0.000102s ]
INFO: [ template_filter ] --END-- [ RunTime:0.000264s ]
INFO: Run Behavior\ParseTemplateBehavior [ RunTime:0.014919s ]
INFO: [ view_parse ] --END-- [ RunTime:0.015047s ]
INFO: [ view_filter ] --START--
INFO: Run Behavior\WriteHtmlCacheBehavior [ RunTime:0.000767s ]
INFO: Run Behavior\TokenBuildBehavior [ RunTime:0.000947s ]
INFO: [ view_filter ] --END-- [ RunTime:0.001861s ]
INFO: [ app_end ] --START--
INFO: Run Behavior\ShowPageTraceBehavior [ RunTime:0.001014s ]
INFO: [ app_end ] --END-- [ RunTime:0.001104s ]

[ 2016-08-26T14:10:20+08:00 ] 127.0.0.1 /Admin/Index/menu.html
INFO: [ app_init ] --START--
INFO: Run Behavior\BuildLiteBehavior [ RunTime:0.000039s ]
INFO: [ app_init ] --END-- [ RunTime:0.000927s ]
INFO: [ app_begin ] --START--
INFO: Run Behavior\ReadHtmlCacheBehavior [ RunTime:0.002902s ]
INFO: [ app_begin ] --END-- [ RunTime:0.003120s ]
SQL: SHOW COLUMNS FROM `m_admin_infor` [ RunTime:0.0172s ]
SQL: SELECT * FROM `m_admin_infor` WHERE ( id=1 ) LIMIT 1   [ RunTime:0.0004s ]
INFO: [ view_parse ] --START--
INFO: [ template_filter ] --START--
INFO: Run Behavior\ContentReplaceBehavior [ RunTime:0.000131s ]
INFO: [ template_filter ] --END-- [ RunTime:0.000246s ]
INFO: Run Behavior\ParseTemplateBehavior [ RunTime:0.039646s ]
INFO: [ view_parse ] --END-- [ RunTime:0.039803s ]
INFO: [ view_filter ] --START--
INFO: Run Behavior\WriteHtmlCacheBehavior [ RunTime:0.000847s ]
INFO: Run Behavior\TokenBuildBehavior [ RunTime:0.001094s ]
INFO: [ view_filter ] --END-- [ RunTime:0.002093s ]
INFO: [ app_end ] --START--
INFO: Run Behavior\ShowPageTraceBehavior [ RunTime:0.001032s ]
INFO: [ app_end ] --END-- [ RunTime:0.001136s ]

[ 2016-08-26T14:10:20+08:00 ] 127.0.0.1 /Admin/Index/main.html
INFO: [ app_init ] --START--
INFO: Run Behavior\BuildLiteBehavior [ RunTime:0.000042s ]
INFO: [ app_init ] --END-- [ RunTime:0.001192s ]
INFO: [ app_begin ] --START--
INFO: Run Behavior\ReadHtmlCacheBehavior [ RunTime:0.001107s ]
INFO: [ app_begin ] --END-- [ RunTime:0.001262s ]
SQL: SHOW COLUMNS FROM `m_admin_infor` [ RunTime:0.0144s ]
SQL: SELECT * FROM `m_admin_infor` WHERE ( id=1 ) LIMIT 1   [ RunTime:0.0004s ]
INFO: [ view_parse ] --START--
INFO: [ template_filter ] --START--
INFO: Run Behavior\ContentReplaceBehavior [ RunTime:0.000096s ]
INFO: [ template_filter ] --END-- [ RunTime:0.000215s ]
INFO: Run Behavior\ParseTemplateBehavior [ RunTime:0.039222s ]
INFO: [ view_parse ] --END-- [ RunTime:0.039396s ]
INFO: [ view_filter ] --START--
INFO: Run Behavior\WriteHtmlCacheBehavior [ RunTime:0.000721s ]
INFO: Run Behavior\TokenBuildBehavior [ RunTime:0.000791s ]
INFO: [ view_filter ] --END-- [ RunTime:0.001663s ]
INFO: [ app_end ] --START--
INFO: Run Behavior\ShowPageTraceBehavior [ RunTime:0.000870s ]
INFO: [ app_end ] --END-- [ RunTime:0.000961s ]

[ 2016-08-26T14:10:20+08:00 ] 127.0.0.1 /Admin/Index/top.html
INFO: [ app_init ] --START--
INFO: Run Behavior\BuildLiteBehavior [ RunTime:0.000027s ]
INFO: [ app_init ] --END-- [ RunTime:0.000915s ]
INFO: [ app_begin ] --START--
INFO: Run Behavior\ReadHtmlCacheBehavior [ RunTime:0.001490s ]
INFO: [ app_begin ] --END-- [ RunTime:0.001608s ]
SQL: SHOW COLUMNS FROM `m_admin_infor` [ RunTime:0.0229s ]
SQL: SELECT * FROM `m_admin_infor` WHERE ( id=1 ) LIMIT 1   [ RunTime:0.0005s ]
INFO: [ view_parse ] --START--
INFO: [ template_filter ] --START--
INFO: Run Behavior\ContentReplaceBehavior [ RunTime:0.000092s ]
INFO: [ template_filter ] --END-- [ RunTime:0.000194s ]
INFO: Run Behavior\ParseTemplateBehavior [ RunTime:0.024595s ]
INFO: [ view_parse ] --END-- [ RunTime:0.024748s ]
INFO: [ view_filter ] --START--
INFO: Run Behavior\WriteHtmlCacheBehavior [ RunTime:0.001234s ]
INFO: Run Behavior\TokenBuildBehavior [ RunTime:0.001413s ]
INFO: [ view_filter ] --END-- [ RunTime:0.002817s ]
INFO: [ app_end ] --START--
INFO: Run Behavior\ShowPageTraceBehavior [ RunTime:0.001519s ]
INFO: [ app_end ] --END-- [ RunTime:0.001620s ]

[ 2016-08-26T14:10:23+08:00 ] 127.0.0.1 /Admin/Goodsmanage/index.html
INFO: [ app_init ] --START--
INFO: Run Behavior\BuildLiteBehavior [ RunTime:0.000025s ]
INFO: [ app_init ] --END-- [ RunTime:0.000705s ]
INFO: [ app_begin ] --START--
INFO: Run Behavior\ReadHtmlCacheBehavior [ RunTime:0.000938s ]
INFO: [ app_begin ] --END-- [ RunTime:0.001031s ]
SQL: SHOW COLUMNS FROM `m_admin_infor` [ RunTime:0.0152s ]
SQL: SELECT * FROM `m_admin_infor` WHERE ( id=1 ) LIMIT 1   [ RunTime:0.0003s ]
SQL: SHOW COLUMNS FROM `m_category` [ RunTime:0.0155s ]
SQL: SELECT `cat_name` FROM `m_category` WHERE ( pid<>0 and deleted=0 )  [ RunTime:0.0012s ]
SQL: SHOW COLUMNS FROM `m_goods` [ RunTime:0.0372s ]
NOTIC: [8] Undefined index: serch E:\wamp\www\jiangzipinpin\Application\Admin\Controller\GoodsmanageController.class.php 第 20 行.
SQL: SELECT COUNT(*) AS tp_count FROM `m_goods` WHERE ( cat_name='水果' and is_delete=0 ) LIMIT 1   [ RunTime:0.0283s ]
SQL: SELECT * FROM `m_goods` WHERE ( cat_name='水果' and is_delete=0 ) ORDER BY goods_id desc LIMIT 0,10   [ RunTime:0.0006s ]
INFO: [ view_parse ] --START--
INFO: [ template_filter ] --START--
INFO: Run Behavior\ContentReplaceBehavior [ RunTime:0.000106s ]
INFO: [ template_filter ] --END-- [ RunTime:0.000203s ]
NOTIC: [8] Undefined variable: 鲜榨果汁 E:\wamp\www\jiangzipinpin\Application\Runtime\Cache\Admin\44be48c52c819b74b3b0b16f06fea967.php 第 38 行.
NOTIC: [8] Undefined variable: 甜品 E:\wamp\www\jiangzipinpin\Application\Runtime\Cache\Admin\44be48c52c819b74b3b0b16f06fea967.php 第 38 行.
NOTIC: [8] Undefined variable: 零食 E:\wamp\www\jiangzipinpin\Application\Runtime\Cache\Admin\44be48c52c819b74b3b0b16f06fea967.php 第 38 行.
INFO: Run Behavior\ParseTemplateBehavior [ RunTime:0.051391s ]
INFO: [ view_parse ] --END-- [ RunTime:0.051484s ]
INFO: [ view_filter ] --START--
INFO: Run Behavior\WriteHtmlCacheBehavior [ RunTime:0.000840s ]
INFO: Run Behavior\TokenBuildBehavior [ RunTime:0.001838s ]
INFO: [ view_filter ] --END-- [ RunTime:0.002860s ]
INFO: [ app_end ] --START--
INFO: Run Behavior\ShowPageTraceBehavior [ RunTime:0.001178s ]
INFO: [ app_end ] --END-- [ RunTime:0.001314s ]

[ 2016-08-26T14:10:27+08:00 ] 127.0.0.1 /Admin/Goodsmanage/index.html
INFO: [ app_init ] --START--
INFO: Run Behavior\BuildLiteBehavior [ RunTime:0.000025s ]
INFO: [ app_init ] --END-- [ RunTime:0.000665s ]
INFO: [ app_begin ] --START--
INFO: Run Behavior\ReadHtmlCacheBehavior [ RunTime:0.000918s ]
INFO: [ app_begin ] --END-- [ RunTime:0.001017s ]
SQL: SHOW COLUMNS FROM `m_admin_infor` [ RunTime:0.0159s ]
SQL: SELECT * FROM `m_admin_infor` WHERE ( id=1 ) LIMIT 1   [ RunTime:0.0004s ]
SQL: SHOW COLUMNS FROM `m_category` [ RunTime:0.0156s ]
SQL: SELECT `cat_name` FROM `m_category` WHERE ( pid<>0 and deleted=0 )  [ RunTime:0.0003s ]
SQL: SHOW COLUMNS FROM `m_goods` [ RunTime:0.0153s ]
SQL: SELECT COUNT(*) AS tp_count FROM `m_goods` WHERE ( cat_name='零食' and is_delete=0 ) LIMIT 1   [ RunTime:0.0004s ]
SQL: SELECT * FROM `m_goods` WHERE ( cat_name='零食' and is_delete=0 ) ORDER BY goods_id desc LIMIT 0,10   [ RunTime:0.0007s ]
INFO: [ view_parse ] --START--
INFO: [ template_filter ] --START--
INFO: Run Behavior\ContentReplaceBehavior [ RunTime:0.000104s ]
INFO: [ template_filter ] --END-- [ RunTime:0.000193s ]
NOTIC: [8] Undefined variable: 水果 E:\wamp\www\jiangzipinpin\Application\Runtime\Cache\Admin\44be48c52c819b74b3b0b16f06fea967.php 第 38 行.
NOTIC: [8] Undefined variable: 鲜榨果汁 E:\wamp\www\jiangzipinpin\Application\Runtime\Cache\Admin\44be48c52c819b74b3b0b16f06fea967.php 第 38 行.
NOTIC: [8] Undefined variable: 甜品 E:\wamp\www\jiangzipinpin\Application\Runtime\Cache\Admin\44be48c52c819b74b3b0b16f06fea967.php 第 38 行.
INFO: Run Behavior\ParseTemplateBehavior [ RunTime:0.017512s ]
INFO: [ view_parse ] --END-- [ RunTime:0.017615s ]
INFO: [ view_filter ] --START--
INFO: Run Behavior\WriteHtmlCacheBehavior [ RunTime:0.000757s ]
INFO: Run Behavior\TokenBuildBehavior [ RunTime:0.001613s ]
INFO: [ view_filter ] --END-- [ RunTime:0.002537s ]
INFO: [ app_end ] --START--
INFO: Run Behavior\ShowPageTraceBehavior [ RunTime:0.001075s ]
INFO: [ app_end ] --END-- [ RunTime:0.001163s ]

[ 2016-08-26T14:11:25+08:00 ] 127.0.0.1 /admin
INFO: [ app_init ] --START--
INFO: Run Behavior\BuildLiteBehavior [ RunTime:0.000028s ]
INFO: [ app_init ] --END-- [ RunTime:0.000693s ]
INFO: [ app_begin ] --START--
INFO: Run Behavior\ReadHtmlCacheBehavior [ RunTime:0.000941s ]
INFO: [ app_begin ] --END-- [ RunTime:0.001045s ]
SQL: SHOW COLUMNS FROM `m_admin_infor` [ RunTime:0.0154s ]
SQL: SELECT * FROM `m_admin_infor` WHERE ( id=1 ) LIMIT 1   [ RunTime:0.0004s ]
INFO: [ view_parse ] --START--
INFO: [ template_filter ] --START--
INFO: Run Behavior\ContentReplaceBehavior [ RunTime:0.000080s ]
INFO: [ template_filter ] --END-- [ RunTime:0.000178s ]
INFO: Run Behavior\ParseTemplateBehavior [ RunTime:0.014518s ]
INFO: [ view_parse ] --END-- [ RunTime:0.014650s ]
INFO: [ view_filter ] --START--
INFO: Run Behavior\WriteHtmlCacheBehavior [ RunTime:0.000798s ]
INFO: Run Behavior\TokenBuildBehavior [ RunTime:0.000953s ]
INFO: [ view_filter ] --END-- [ RunTime:0.001886s ]
INFO: [ app_end ] --START--
INFO: Run Behavior\ShowPageTraceBehavior [ RunTime:0.001010s ]
INFO: [ app_end ] --END-- [ RunTime:0.001106s ]

[ 2016-08-26T14:11:25+08:00 ] 127.0.0.1 /Admin/Index/top.html
INFO: [ app_init ] --START--
INFO: Run Behavior\BuildLiteBehavior [ RunTime:0.000042s ]
INFO: [ app_init ] --END-- [ RunTime:0.001226s ]
INFO: [ app_begin ] --START--
INFO: Run Behavior\ReadHtmlCacheBehavior [ RunTime:0.001465s ]
INFO: [ app_begin ] --END-- [ RunTime:0.001645s ]
SQL: SHOW COLUMNS FROM `m_admin_infor` [ RunTime:0.0187s ]
SQL: SELECT * FROM `m_admin_infor` WHERE ( id=1 ) LIMIT 1   [ RunTime:0.0003s ]
INFO: [ view_parse ] --START--
INFO: [ template_filter ] --START--
INFO: Run Behavior\ContentReplaceBehavior [ RunTime:0.000094s ]
INFO: [ template_filter ] --END-- [ RunTime:0.000207s ]
INFO: Run Behavior\ParseTemplateBehavior [ RunTime:0.014802s ]
INFO: [ view_parse ] --END-- [ RunTime:0.014914s ]
INFO: [ view_filter ] --START--
INFO: Run Behavior\WriteHtmlCacheBehavior [ RunTime:0.000767s ]
INFO: Run Behavior\TokenBuildBehavior [ RunTime:0.000942s ]
INFO: [ view_filter ] --END-- [ RunTime:0.001873s ]
INFO: [ app_end ] --START--
INFO: Run Behavior\ShowPageTraceBehavior [ RunTime:0.000988s ]
INFO: [ app_end ] --END-- [ RunTime:0.001079s ]

[ 2016-08-26T14:11:25+08:00 ] 127.0.0.1 /Admin/Index/menu.html
INFO: [ app_init ] --START--
INFO: Run Behavior\BuildLiteBehavior [ RunTime:0.000043s ]
INFO: [ app_init ] --END-- [ RunTime:0.001163s ]
INFO: [ app_begin ] --START--
INFO: Run Behavior\ReadHtmlCacheBehavior [ RunTime:0.002054s ]
INFO: [ app_begin ] --END-- [ RunTime:0.002243s ]
SQL: SHOW COLUMNS FROM `m_admin_infor` [ RunTime:0.0197s ]
SQL: SELECT * FROM `m_admin_infor` WHERE ( id=1 ) LIMIT 1   [ RunTime:0.0004s ]
INFO: [ view_parse ] --START--
INFO: [ template_filter ] --START--
INFO: Run Behavior\ContentReplaceBehavior [ RunTime:0.000152s ]
INFO: [ template_filter ] --END-- [ RunTime:0.000274s ]
INFO: Run Behavior\ParseTemplateBehavior [ RunTime:0.026813s ]
INFO: [ view_parse ] --END-- [ RunTime:0.026961s ]
INFO: [ view_filter ] --START--
INFO: Run Behavior\WriteHtmlCacheBehavior [ RunTime:0.001134s ]
INFO: Run Behavior\TokenBuildBehavior [ RunTime:0.001425s ]
INFO: [ view_filter ] --END-- [ RunTime:0.002719s ]
INFO: [ app_end ] --START--
INFO: Run Behavior\ShowPageTraceBehavior [ RunTime:0.001605s ]
INFO: [ app_end ] --END-- [ RunTime:0.001710s ]

[ 2016-08-26T14:11:25+08:00 ] 127.0.0.1 /Admin/Index/main.html
INFO: [ app_init ] --START--
INFO: Run Behavior\BuildLiteBehavior [ RunTime:0.000479s ]
INFO: [ app_init ] --END-- [ RunTime:0.001653s ]
INFO: [ app_begin ] --START--
INFO: Run Behavior\ReadHtmlCacheBehavior [ RunTime:0.001557s ]
INFO: [ app_begin ] --END-- [ RunTime:0.001718s ]
SQL: SHOW COLUMNS FROM `m_admin_infor` [ RunTime:0.0246s ]
SQL: SELECT * FROM `m_admin_infor` WHERE ( id=1 ) LIMIT 1   [ RunTime:0.0004s ]
INFO: [ view_parse ] --START--
INFO: [ template_filter ] --START--
INFO: Run Behavior\ContentReplaceBehavior [ RunTime:0.000148s ]
INFO: [ template_filter ] --END-- [ RunTime:0.000363s ]
INFO: Run Behavior\ParseTemplateBehavior [ RunTime:0.019130s ]
INFO: [ view_parse ] --END-- [ RunTime:0.019328s ]
INFO: [ view_filter ] --START--
INFO: Run Behavior\WriteHtmlCacheBehavior [ RunTime:0.001247s ]
INFO: Run Behavior\TokenBuildBehavior [ RunTime:0.001265s ]
INFO: [ view_filter ] --END-- [ RunTime:0.002702s ]
INFO: [ app_end ] --START--
INFO: Run Behavior\ShowPageTraceBehavior [ RunTime:0.001031s ]
INFO: [ app_end ] --END-- [ RunTime:0.001123s ]

[ 2016-08-26T14:11:25+08:00 ] 127.0.0.1 /Admin/Index/drag.html
INFO: [ app_init ] --START--
INFO: Run Behavior\BuildLiteBehavior [ RunTime:0.000041s ]
INFO: [ app_init ] --END-- [ RunTime:0.001107s ]
INFO: [ app_begin ] --START--
INFO: Run Behavior\ReadHtmlCacheBehavior [ RunTime:0.001148s ]
INFO: [ app_begin ] --END-- [ RunTime:0.001329s ]
SQL: SHOW COLUMNS FROM `m_admin_infor` [ RunTime:0.0237s ]
SQL: SELECT * FROM `m_admin_infor` WHERE ( id=1 ) LIMIT 1   [ RunTime:0.0003s ]
INFO: [ view_parse ] --START--
INFO: [ template_filter ] --START--
INFO: Run Behavior\ContentReplaceBehavior [ RunTime:0.000088s ]
INFO: [ template_filter ] --END-- [ RunTime:0.000195s ]
INFO: Run Behavior\ParseTemplateBehavior [ RunTime:0.015193s ]
INFO: [ view_parse ] --END-- [ RunTime:0.015357s ]
INFO: [ view_filter ] --START--
INFO: Run Behavior\WriteHtmlCacheBehavior [ RunTime:0.000884s ]
INFO: Run Behavior\TokenBuildBehavior [ RunTime:0.000944s ]
INFO: [ view_filter ] --END-- [ RunTime:0.001991s ]
INFO: [ app_end ] --START--
INFO: Run Behavior\ShowPageTraceBehavior [ RunTime:0.001066s ]
INFO: [ app_end ] --END-- [ RunTime:0.001165s ]

[ 2016-08-26T14:11:27+08:00 ] 127.0.0.1 /Admin/Goodsmanage/index.html
INFO: [ app_init ] --START--
INFO: Run Behavior\BuildLiteBehavior [ RunTime:0.000022s ]
INFO: [ app_init ] --END-- [ RunTime:0.000714s ]
INFO: [ app_begin ] --START--
INFO: Run Behavior\ReadHtmlCacheBehavior [ RunTime:0.001935s ]
INFO: [ app_begin ] --END-- [ RunTime:0.002121s ]
SQL: SHOW COLUMNS FROM `m_admin_infor` [ RunTime:0.0141s ]
SQL: SELECT * FROM `m_admin_infor` WHERE ( id=1 ) LIMIT 1   [ RunTime:0.0003s ]
SQL: SHOW COLUMNS FROM `m_category` [ RunTime:0.0163s ]
SQL: SELECT `cat_name` FROM `m_category` WHERE ( pid<>0 and deleted=0 )  [ RunTime:0.0004s ]
SQL: SHOW COLUMNS FROM `m_goods` [ RunTime:0.0153s ]
NOTIC: [8] Undefined index: serch E:\wamp\www\jiangzipinpin\Application\Admin\Controller\GoodsmanageController.class.php 第 20 行.
SQL: SELECT COUNT(*) AS tp_count FROM `m_goods` WHERE ( cat_name='水果' and is_delete=0 ) LIMIT 1   [ RunTime:0.0004s ]
SQL: SELECT * FROM `m_goods` WHERE ( cat_name='水果' and is_delete=0 ) ORDER BY goods_id desc LIMIT 0,10   [ RunTime:0.0156s ]
INFO: [ view_parse ] --START--
INFO: [ template_filter ] --START--
INFO: Run Behavior\ContentReplaceBehavior [ RunTime:0.000160s ]
INFO: [ template_filter ] --END-- [ RunTime:0.000280s ]
NOTIC: [8] Undefined variable: 鲜榨果汁 E:\wamp\www\jiangzipinpin\Application\Runtime\Cache\Admin\44be48c52c819b74b3b0b16f06fea967.php 第 38 行.
NOTIC: [8] Undefined variable: 甜品 E:\wamp\www\jiangzipinpin\Application\Runtime\Cache\Admin\44be48c52c819b74b3b0b16f06fea967.php 第 38 行.
NOTIC: [8] Undefined variable: 零食 E:\wamp\www\jiangzipinpin\Application\Runtime\Cache\Admin\44be48c52c819b74b3b0b16f06fea967.php 第 38 行.
INFO: Run Behavior\ParseTemplateBehavior [ RunTime:0.018830s ]
INFO: [ view_parse ] --END-- [ RunTime:0.018937s ]
INFO: [ view_filter ] --START--
INFO: Run Behavior\WriteHtmlCacheBehavior [ RunTime:0.001203s ]
INFO: Run Behavior\TokenBuildBehavior [ RunTime:0.001375s ]
INFO: [ view_filter ] --END-- [ RunTime:0.002711s ]
INFO: [ app_end ] --START--
INFO: Run Behavior\ShowPageTraceBehavior [ RunTime:0.001184s ]
INFO: [ app_end ] --END-- [ RunTime:0.001266s ]

[ 2016-08-26T14:11:30+08:00 ] 127.0.0.1 /Admin/Goodsmanage/index.html?server_content=%E9%9B%B6%E9%A3%9F&serch=&__hash__=194adfd3de384e69a5585c6efef9efe9_41a0de8aadcad6ea954b1e943119a580
INFO: [ app_init ] --START--
INFO: Run Behavior\BuildLiteBehavior [ RunTime:0.000030s ]
INFO: [ app_init ] --END-- [ RunTime:0.000728s ]
INFO: [ app_begin ] --START--
INFO: Run Behavior\ReadHtmlCacheBehavior [ RunTime:0.001802s ]
INFO: [ app_begin ] --END-- [ RunTime:0.001938s ]
SQL: SHOW COLUMNS FROM `m_admin_infor` [ RunTime:0.0164s ]
SQL: SELECT * FROM `m_admin_infor` WHERE ( id=1 ) LIMIT 1   [ RunTime:0.0003s ]
SQL: SHOW COLUMNS FROM `m_category` [ RunTime:0.0181s ]
SQL: SELECT `cat_name` FROM `m_category` WHERE ( pid<>0 and deleted=0 )  [ RunTime:0.0005s ]
SQL: SHOW COLUMNS FROM `m_goods` [ RunTime:0.0209s ]
NOTIC: [8] Undefined index: serch E:\wamp\www\jiangzipinpin\Application\Admin\Controller\GoodsmanageController.class.php 第 20 行.
SQL: SELECT COUNT(*) AS tp_count FROM `m_goods` WHERE ( cat_name='零食' and is_delete=0 ) LIMIT 1   [ RunTime:0.0005s ]
SQL: SELECT * FROM `m_goods` WHERE ( cat_name='零食' and is_delete=0 ) ORDER BY goods_id desc LIMIT 0,10   [ RunTime:0.0010s ]
INFO: [ view_parse ] --START--
INFO: [ template_filter ] --START--
INFO: Run Behavior\ContentReplaceBehavior [ RunTime:0.000199s ]
INFO: [ template_filter ] --END-- [ RunTime:0.000383s ]
NOTIC: [8] Undefined variable: 水果 E:\wamp\www\jiangzipinpin\Application\Runtime\Cache\Admin\44be48c52c819b74b3b0b16f06fea967.php 第 38 行.
NOTIC: [8] Undefined variable: 鲜榨果汁 E:\wamp\www\jiangzipinpin\Application\Runtime\Cache\Admin\44be48c52c819b74b3b0b16f06fea967.php 第 38 行.
NOTIC: [8] Undefined variable: 甜品 E:\wamp\www\jiangzipinpin\Application\Runtime\Cache\Admin\44be48c52c819b74b3b0b16f06fea967.php 第 38 行.
INFO: Run Behavior\ParseTemplateBehavior [ RunTime:0.026607s ]
INFO: [ view_parse ] --END-- [ RunTime:0.026721s ]
INFO: [ view_filter ] --START--
INFO: Run Behavior\WriteHtmlCacheBehavior [ RunTime:0.001388s ]
INFO: Run Behavior\TokenBuildBehavior [ RunTime:0.001664s ]
INFO: [ view_filter ] --END-- [ RunTime:0.003213s ]
INFO: [ app_end ] --START--
INFO: Run Behavior\ShowPageTraceBehavior [ RunTime:0.001265s ]
INFO: [ app_end ] --END-- [ RunTime:0.001360s ]

[ 2016-08-26T14:11:32+08:00 ] 127.0.0.1 /Admin/Goodsmanage/index/server_content/%E9%9B%B6%E9%A3%9F/__hash__/194adfd3de384e69a5585c6efef9efe9_41a0de8aadcad6ea954b1e943119a580/p/2.html
INFO: [ app_init ] --START--
INFO: Run Behavior\BuildLiteBehavior [ RunTime:0.000024s ]
INFO: [ app_init ] --END-- [ RunTime:0.000717s ]
INFO: [ app_begin ] --START--
INFO: Run Behavior\ReadHtmlCacheBehavior [ RunTime:0.001185s ]
INFO: [ app_begin ] --END-- [ RunTime:0.001281s ]
SQL: SHOW COLUMNS FROM `m_admin_infor` [ RunTime:0.0149s ]
SQL: SELECT * FROM `m_admin_infor` WHERE ( id=1 ) LIMIT 1   [ RunTime:0.0003s ]
SQL: SHOW COLUMNS FROM `m_category` [ RunTime:0.0168s ]
SQL: SELECT `cat_name` FROM `m_category` WHERE ( pid<>0 and deleted=0 )  [ RunTime:0.0003s ]
SQL: SHOW COLUMNS FROM `m_goods` [ RunTime:0.0172s ]
NOTIC: [8] Undefined index: serch E:\wamp\www\jiangzipinpin\Application\Admin\Controller\GoodsmanageController.class.php 第 20 行.
SQL: SELECT COUNT(*) AS tp_count FROM `m_goods` WHERE ( cat_name='零食' and is_delete=0 ) LIMIT 1   [ RunTime:0.0004s ]
SQL: SELECT * FROM `m_goods` WHERE ( cat_name='零食' and is_delete=0 ) ORDER BY goods_id desc LIMIT 10,10   [ RunTime:0.0008s ]
INFO: [ view_parse ] --START--
INFO: [ template_filter ] --START--
INFO: Run Behavior\ContentReplaceBehavior [ RunTime:0.000110s ]
INFO: [ template_filter ] --END-- [ RunTime:0.000214s ]
NOTIC: [8] Undefined variable: 水果 E:\wamp\www\jiangzipinpin\Application\Runtime\Cache\Admin\44be48c52c819b74b3b0b16f06fea967.php 第 38 行.
NOTIC: [8] Undefined variable: 鲜榨果汁 E:\wamp\www\jiangzipinpin\Application\Runtime\Cache\Admin\44be48c52c819b74b3b0b16f06fea967.php 第 38 行.
NOTIC: [8] Undefined variable: 甜品 E:\wamp\www\jiangzipinpin\Application\Runtime\Cache\Admin\44be48c52c819b74b3b0b16f06fea967.php 第 38 行.
INFO: Run Behavior\ParseTemplateBehavior [ RunTime:0.018238s ]
INFO: [ view_parse ] --END-- [ RunTime:0.018345s ]
INFO: [ view_filter ] --START--
INFO: Run Behavior\WriteHtmlCacheBehavior [ RunTime:0.001153s ]
INFO: Run Behavior\TokenBuildBehavior [ RunTime:0.001332s ]
INFO: [ view_filter ] --END-- [ RunTime:0.002611s ]
INFO: [ app_end ] --START--
INFO: Run Behavior\ShowPageTraceBehavior [ RunTime:0.001188s ]
INFO: [ app_end ] --END-- [ RunTime:0.001275s ]

