[ 2016-09-01T20:17:48+08:00 ] 127.0.0.1 /Admin/index/index.html
INFO: [ app_init ] --START--
INFO: Run Behavior\BuildLiteBehavior [ RunTime:0.000029s ]
INFO: [ app_init ] --END-- [ RunTime:0.008565s ]
INFO: [ app_begin ] --START--
INFO: Run Behavior\ReadHtmlCacheBehavior [ RunTime:0.001537s ]
INFO: [ app_begin ] --END-- [ RunTime:0.001651s ]
SQL: SHOW COLUMNS FROM `m_admin_infor` [ RunTime:0.1023s ]
SQL: SELECT * FROM `m_admin_infor` WHERE ( id=1 ) LIMIT 1   [ RunTime:0.0161s ]
INFO: [ view_parse ] --START--
INFO: [ template_filter ] --START--
INFO: Run Behavior\ContentReplaceBehavior [ RunTime:0.000105s ]
INFO: [ template_filter ] --END-- [ RunTime:0.000244s ]
INFO: Run Behavior\ParseTemplateBehavior [ RunTime:0.061749s ]
INFO: [ view_parse ] --END-- [ RunTime:0.061881s ]
INFO: [ view_filter ] --START--
INFO: Run Behavior\WriteHtmlCacheBehavior [ RunTime:0.001293s ]
INFO: Run Behavior\TokenBuildBehavior [ RunTime:0.001201s ]
INFO: [ view_filter ] --END-- [ RunTime:0.002661s ]
INFO: [ app_end ] --START--
INFO: Run Behavior\ShowPageTraceBehavior [ RunTime:0.001235s ]
INFO: [ app_end ] --END-- [ RunTime:0.001351s ]

[ 2016-09-01T20:17:48+08:00 ] 127.0.0.1 /Admin/Login/index.html
INFO: [ app_init ] --START--
INFO: Run Behavior\BuildLiteBehavior [ RunTime:0.000024s ]
INFO: [ app_init ] --END-- [ RunTime:0.000638s ]
INFO: [ app_begin ] --START--
INFO: Run Behavior\ReadHtmlCacheBehavior [ RunTime:0.000823s ]
INFO: [ app_begin ] --END-- [ RunTime:0.000932s ]
SQL: SHOW COLUMNS FROM `m_admin_infor` [ RunTime:0.0065s ]
SQL: SELECT * FROM `m_admin_infor` WHERE ( id=1 ) LIMIT 1   [ RunTime:0.0003s ]
NOTIC: [8] Undefined index: url_to E:\wamp\www\jiangzipinpin\Application\Admin\Controller\LoginController.class.php 第 10 行.
NOTIC: [8] Undefined index: url_to E:\wamp\www\jiangzipinpin\Application\Admin\Controller\LoginController.class.php 第 12 行.
INFO: [ view_parse ] --START--
INFO: [ template_filter ] --START--
INFO: Run Behavior\ContentReplaceBehavior [ RunTime:0.000085s ]
INFO: [ template_filter ] --END-- [ RunTime:0.000174s ]
NOTIC: [8] Undefined variable: infor_mima E:\wamp\www\jiangzipinpin\Application\Runtime\Cache\Admin\286f14c479e57cdb25987680ec610826.php 第 49 行.
INFO: Run Behavior\ParseTemplateBehavior [ RunTime:0.009733s ]
INFO: [ view_parse ] --END-- [ RunTime:0.009840s ]
INFO: [ view_filter ] --START--
INFO: Run Behavior\WriteHtmlCacheBehavior [ RunTime:0.000664s ]
INFO: Run Behavior\TokenBuildBehavior [ RunTime:0.000823s ]
INFO: [ view_filter ] --END-- [ RunTime:0.001648s ]
INFO: [ app_end ] --START--
INFO: Run Behavior\ShowPageTraceBehavior [ RunTime:0.000830s ]
INFO: [ app_end ] --END-- [ RunTime:0.000911s ]

[ 2016-09-01T20:17:50+08:00 ] 127.0.0.1 /Admin/login/login.html
INFO: [ app_init ] --START--
INFO: Run Behavior\BuildLiteBehavior [ RunTime:0.000024s ]
INFO: [ app_init ] --END-- [ RunTime:0.000594s ]
INFO: [ app_begin ] --START--
INFO: Run Behavior\ReadHtmlCacheBehavior [ RunTime:0.000869s ]
INFO: [ app_begin ] --END-- [ RunTime:0.000990s ]
SQL: SHOW COLUMNS FROM `m_admin_infor` [ RunTime:0.0079s ]
SQL: SELECT * FROM `m_admin_infor` WHERE ( id=1 ) LIMIT 1   [ RunTime:0.0004s ]
SQL: SHOW COLUMNS FROM `m_admin_user` [ RunTime:0.0092s ]
SQL: SELECT COUNT(*) AS tp_count FROM `m_admin_user` WHERE ( mobile_phone='13574506835' ) LIMIT 1   [ RunTime:0.0403s ]
SQL: SELECT `ad_salt` FROM `m_admin_user` WHERE ( mobile_phone='13574506835' ) LIMIT 1   [ RunTime:0.0003s ]
SQL: SELECT COUNT(*) AS tp_count FROM `m_admin_user` WHERE ( mobile_phone='13574506835' and password='f9241fc0fe6db8097a92f8f978e9586a' ) LIMIT 1   [ RunTime:0.0009s ]

[ 2016-09-01T20:17:50+08:00 ] 127.0.0.1 /Admin/Login/chenggong.html
INFO: [ app_init ] --START--
INFO: Run Behavior\BuildLiteBehavior [ RunTime:0.000023s ]
INFO: [ app_init ] --END-- [ RunTime:0.000583s ]
INFO: [ app_begin ] --START--
INFO: Run Behavior\ReadHtmlCacheBehavior [ RunTime:0.000809s ]
INFO: [ app_begin ] --END-- [ RunTime:0.000900s ]
SQL: SHOW COLUMNS FROM `m_admin_infor` [ RunTime:0.0053s ]
SQL: SELECT * FROM `m_admin_infor` WHERE ( id=1 ) LIMIT 1   [ RunTime:0.0003s ]
NOTIC: [8] Undefined variable: dlm E:\wamp\www\jiangzipinpin\Application\Admin\Controller\LoginController.class.php 第 52 行.
NOTIC: [8] Undefined variable: mima E:\wamp\www\jiangzipinpin\Application\Admin\Controller\LoginController.class.php 第 52 行.
SQL: SHOW COLUMNS FROM `m_admin_user` [ RunTime:0.0051s ]
NOTIC: [2048] mktime(): You should be using the time() function instead E:\wamp\www\jiangzipinpin\Application\Admin\Controller\LoginController.class.php 第 58 行.
SQL: UPDATE `m_admin_user` SET `last_login`='1472732270',`last_ip`='127.0.0.1' WHERE ( mobile_phone='13574506835' ) [ RunTime:0.0522s ]
SQL: SELECT `user_id` FROM `m_admin_user` WHERE ( mobile_phone='13574506835' ) LIMIT 1   [ RunTime:0.0003s ]
SQL: SELECT `user_name` FROM `m_admin_user` WHERE ( mobile_phone='13574506835' ) LIMIT 1   [ RunTime:0.0003s ]
SQL: SELECT `last_login` FROM `m_admin_user` WHERE ( mobile_phone='13574506835' ) LIMIT 1   [ RunTime:0.0006s ]

[ 2016-09-01T20:17:50+08:00 ] 127.0.0.1 /Admin/index/index.html
INFO: [ app_init ] --START--
INFO: Run Behavior\BuildLiteBehavior [ RunTime:0.000026s ]
INFO: [ app_init ] --END-- [ RunTime:0.000619s ]
INFO: [ app_begin ] --START--
INFO: Run Behavior\ReadHtmlCacheBehavior [ RunTime:0.001234s ]
INFO: [ app_begin ] --END-- [ RunTime:0.001420s ]
SQL: SHOW COLUMNS FROM `m_admin_infor` [ RunTime:0.0066s ]
SQL: SELECT * FROM `m_admin_infor` WHERE ( id=1 ) LIMIT 1   [ RunTime:0.0004s ]
INFO: [ view_parse ] --START--
INFO: [ template_filter ] --START--
INFO: Run Behavior\ContentReplaceBehavior [ RunTime:0.000101s ]
INFO: [ template_filter ] --END-- [ RunTime:0.000215s ]
INFO: Run Behavior\ParseTemplateBehavior [ RunTime:0.016203s ]
INFO: [ view_parse ] --END-- [ RunTime:0.016396s ]
INFO: [ view_filter ] --START--
INFO: Run Behavior\WriteHtmlCacheBehavior [ RunTime:0.000911s ]
INFO: Run Behavior\TokenBuildBehavior [ RunTime:0.001278s ]
INFO: [ view_filter ] --END-- [ RunTime:0.002457s ]
INFO: [ app_end ] --START--
INFO: Run Behavior\ShowPageTraceBehavior [ RunTime:0.001307s ]
INFO: [ app_end ] --END-- [ RunTime:0.001454s ]

[ 2016-09-01T20:17:50+08:00 ] 127.0.0.1 /Admin/Index/top.html
INFO: [ app_init ] --START--
INFO: Run Behavior\BuildLiteBehavior [ RunTime:0.000042s ]
INFO: [ app_init ] --END-- [ RunTime:0.000873s ]
INFO: [ app_begin ] --START--
INFO: Run Behavior\ReadHtmlCacheBehavior [ RunTime:0.001245s ]
INFO: [ app_begin ] --END-- [ RunTime:0.001424s ]
SQL: SHOW COLUMNS FROM `m_admin_infor` [ RunTime:0.0077s ]
SQL: SELECT * FROM `m_admin_infor` WHERE ( id=1 ) LIMIT 1   [ RunTime:0.0004s ]
INFO: [ view_parse ] --START--
INFO: [ template_filter ] --START--
INFO: Run Behavior\ContentReplaceBehavior [ RunTime:0.000153s ]
INFO: [ template_filter ] --END-- [ RunTime:0.000357s ]
INFO: Run Behavior\ParseTemplateBehavior [ RunTime:0.018521s ]
INFO: [ view_parse ] --END-- [ RunTime:0.018688s ]
INFO: [ view_filter ] --START--
INFO: Run Behavior\WriteHtmlCacheBehavior [ RunTime:0.004504s ]
INFO: Run Behavior\TokenBuildBehavior [ RunTime:0.001632s ]
INFO: [ view_filter ] --END-- [ RunTime:0.006465s ]
INFO: [ app_end ] --START--
INFO: Run Behavior\ShowPageTraceBehavior [ RunTime:0.002219s ]
INFO: [ app_end ] --END-- [ RunTime:0.002403s ]

[ 2016-09-01T20:17:50+08:00 ] 127.0.0.1 /Admin/Index/menu.html
INFO: [ app_init ] --START--
INFO: Run Behavior\BuildLiteBehavior [ RunTime:0.000044s ]
INFO: [ app_init ] --END-- [ RunTime:0.000917s ]
INFO: [ app_begin ] --START--
INFO: Run Behavior\ReadHtmlCacheBehavior [ RunTime:0.001225s ]
INFO: [ app_begin ] --END-- [ RunTime:0.001410s ]
SQL: SHOW COLUMNS FROM `m_admin_infor` [ RunTime:0.0100s ]
SQL: SELECT * FROM `m_admin_infor` WHERE ( id=1 ) LIMIT 1   [ RunTime:0.0004s ]
INFO: [ view_parse ] --START--
INFO: [ template_filter ] --START--
INFO: Run Behavior\ContentReplaceBehavior [ RunTime:0.000215s ]
INFO: [ template_filter ] --END-- [ RunTime:0.000392s ]
INFO: Run Behavior\ParseTemplateBehavior [ RunTime:0.023941s ]
INFO: [ view_parse ] --END-- [ RunTime:0.024130s ]
INFO: [ view_filter ] --START--
INFO: Run Behavior\WriteHtmlCacheBehavior [ RunTime:0.001310s ]
INFO: Run Behavior\TokenBuildBehavior [ RunTime:0.025777s ]
INFO: [ view_filter ] --END-- [ RunTime:0.027386s ]
INFO: [ app_end ] --START--
INFO: Run Behavior\ShowPageTraceBehavior [ RunTime:0.001340s ]
INFO: [ app_end ] --END-- [ RunTime:0.001519s ]

[ 2016-09-01T20:17:51+08:00 ] 127.0.0.1 /Admin/Index/drag.html
INFO: [ app_init ] --START--
INFO: Run Behavior\BuildLiteBehavior [ RunTime:0.000097s ]
INFO: [ app_init ] --END-- [ RunTime:0.000954s ]
INFO: [ app_begin ] --START--
INFO: Run Behavior\ReadHtmlCacheBehavior [ RunTime:0.001132s ]
INFO: [ app_begin ] --END-- [ RunTime:0.001264s ]
SQL: SHOW COLUMNS FROM `m_admin_infor` [ RunTime:0.0070s ]
SQL: SELECT * FROM `m_admin_infor` WHERE ( id=1 ) LIMIT 1   [ RunTime:0.0005s ]
INFO: [ view_parse ] --START--
INFO: [ template_filter ] --START--
INFO: Run Behavior\ContentReplaceBehavior [ RunTime:0.000158s ]
INFO: [ template_filter ] --END-- [ RunTime:0.000343s ]
INFO: Run Behavior\ParseTemplateBehavior [ RunTime:0.017204s ]
INFO: [ view_parse ] --END-- [ RunTime:0.017409s ]
INFO: [ view_filter ] --START--
INFO: Run Behavior\WriteHtmlCacheBehavior [ RunTime:0.001164s ]
INFO: Run Behavior\TokenBuildBehavior [ RunTime:0.001506s ]
INFO: [ view_filter ] --END-- [ RunTime:0.002966s ]
INFO: [ app_end ] --START--
INFO: Run Behavior\ShowPageTraceBehavior [ RunTime:0.001603s ]
INFO: [ app_end ] --END-- [ RunTime:0.001783s ]

[ 2016-09-01T20:17:51+08:00 ] 127.0.0.1 /Admin/Index/main.html
INFO: [ app_init ] --START--
INFO: Run Behavior\BuildLiteBehavior [ RunTime:0.000027s ]
INFO: [ app_init ] --END-- [ RunTime:0.000591s ]
INFO: [ app_begin ] --START--
INFO: Run Behavior\ReadHtmlCacheBehavior [ RunTime:0.000969s ]
INFO: [ app_begin ] --END-- [ RunTime:0.001093s ]
SQL: SHOW COLUMNS FROM `m_admin_infor` [ RunTime:0.0057s ]
SQL: SELECT * FROM `m_admin_infor` WHERE ( id=1 ) LIMIT 1   [ RunTime:0.0003s ]
INFO: [ view_parse ] --START--
INFO: [ template_filter ] --START--
INFO: Run Behavior\ContentReplaceBehavior [ RunTime:0.000088s ]
INFO: [ template_filter ] --END-- [ RunTime:0.000193s ]
INFO: Run Behavior\ParseTemplateBehavior [ RunTime:0.017510s ]
INFO: [ view_parse ] --END-- [ RunTime:0.017696s ]
INFO: [ view_filter ] --START--
INFO: Run Behavior\WriteHtmlCacheBehavior [ RunTime:0.000817s ]
INFO: Run Behavior\TokenBuildBehavior [ RunTime:0.001353s ]
INFO: [ view_filter ] --END-- [ RunTime:0.002430s ]
INFO: [ app_end ] --START--
INFO: Run Behavior\ShowPageTraceBehavior [ RunTime:0.001276s ]
INFO: [ app_end ] --END-- [ RunTime:0.001404s ]

[ 2016-09-01T20:17:53+08:00 ] 127.0.0.1 /Admin/Advert/advert.html
INFO: [ app_init ] --START--
INFO: Run Behavior\BuildLiteBehavior [ RunTime:0.000048s ]
INFO: [ app_init ] --END-- [ RunTime:0.000879s ]
INFO: [ app_begin ] --START--
INFO: Run Behavior\ReadHtmlCacheBehavior [ RunTime:0.000751s ]
INFO: [ app_begin ] --END-- [ RunTime:0.000851s ]
SQL: SHOW COLUMNS FROM `m_admin_infor` [ RunTime:0.0058s ]
SQL: SELECT * FROM `m_admin_infor` WHERE ( id=1 ) LIMIT 1   [ RunTime:0.0003s ]
SQL: SHOW COLUMNS FROM `m_admin_advert` [ RunTime:0.0420s ]
SQL: SELECT * FROM `m_admin_advert` WHERE ( position='轮播' )  [ RunTime:0.0340s ]
INFO: [ view_parse ] --START--
INFO: [ template_filter ] --START--
INFO: Run Behavior\ContentReplaceBehavior [ RunTime:0.000129s ]
INFO: [ template_filter ] --END-- [ RunTime:0.000222s ]
INFO: Run Behavior\ParseTemplateBehavior [ RunTime:0.041146s ]
INFO: [ view_parse ] --END-- [ RunTime:0.041284s ]
INFO: [ view_filter ] --START--
INFO: Run Behavior\WriteHtmlCacheBehavior [ RunTime:0.000643s ]
INFO: Run Behavior\TokenBuildBehavior [ RunTime:0.000880s ]
INFO: [ view_filter ] --END-- [ RunTime:0.001655s ]
INFO: [ app_end ] --START--
INFO: Run Behavior\ShowPageTraceBehavior [ RunTime:0.000801s ]
INFO: [ app_end ] --END-- [ RunTime:0.000885s ]

[ 2016-09-01T20:19:02+08:00 ] 127.0.0.1 /admin/advert/xqbj?xuhao=1
INFO: [ app_init ] --START--
INFO: Run Behavior\BuildLiteBehavior [ RunTime:0.000023s ]
INFO: [ app_init ] --END-- [ RunTime:0.000627s ]
INFO: [ app_begin ] --START--
INFO: Run Behavior\ReadHtmlCacheBehavior [ RunTime:0.000784s ]
INFO: [ app_begin ] --END-- [ RunTime:0.000902s ]
SQL: SHOW COLUMNS FROM `m_admin_infor` [ RunTime:0.0054s ]
SQL: SELECT * FROM `m_admin_infor` WHERE ( id=1 ) LIMIT 1   [ RunTime:0.0004s ]
SQL: SHOW COLUMNS FROM `m_admin_advert` [ RunTime:0.0056s ]
SQL: SELECT `advert_desc`,`position` FROM `m_admin_advert` WHERE ( xuhao='1' ) LIMIT 1   [ RunTime:0.0242s ]
INFO: [ view_parse ] --START--
INFO: [ template_filter ] --START--
INFO: Run Behavior\ContentReplaceBehavior [ RunTime:0.000082s ]
INFO: [ template_filter ] --END-- [ RunTime:0.000212s ]
INFO: Run Behavior\ParseTemplateBehavior [ RunTime:0.011563s ]
INFO: [ view_parse ] --END-- [ RunTime:0.011699s ]
INFO: [ view_filter ] --START--
INFO: Run Behavior\WriteHtmlCacheBehavior [ RunTime:0.000648s ]
INFO: Run Behavior\TokenBuildBehavior [ RunTime:0.000826s ]
INFO: [ view_filter ] --END-- [ RunTime:0.001613s ]
INFO: [ app_end ] --START--
INFO: Run Behavior\ShowPageTraceBehavior [ RunTime:0.000818s ]
INFO: [ app_end ] --END-- [ RunTime:0.000897s ]

[ 2016-09-01T20:22:59+08:00 ] 127.0.0.1 /Admin/Advert/advert.html
INFO: [ app_init ] --START--
INFO: Run Behavior\BuildLiteBehavior [ RunTime:0.000025s ]
INFO: [ app_init ] --END-- [ RunTime:0.000708s ]
INFO: [ app_begin ] --START--
INFO: Run Behavior\ReadHtmlCacheBehavior [ RunTime:0.000818s ]
INFO: [ app_begin ] --END-- [ RunTime:0.000912s ]
SQL: SHOW COLUMNS FROM `m_admin_infor` [ RunTime:0.0050s ]
SQL: SELECT * FROM `m_admin_infor` WHERE ( id=1 ) LIMIT 1   [ RunTime:0.0004s ]
SQL: SHOW COLUMNS FROM `m_admin_advert` [ RunTime:0.0066s ]
SQL: SELECT * FROM `m_admin_advert` WHERE ( position='轮播' )  [ RunTime:0.0005s ]
INFO: [ view_parse ] --START--
INFO: [ template_filter ] --START--
INFO: Run Behavior\ContentReplaceBehavior [ RunTime:0.000096s ]
INFO: [ template_filter ] --END-- [ RunTime:0.000195s ]
INFO: Run Behavior\ParseTemplateBehavior [ RunTime:0.015256s ]
INFO: [ view_parse ] --END-- [ RunTime:0.015393s ]
INFO: [ view_filter ] --START--
INFO: Run Behavior\WriteHtmlCacheBehavior [ RunTime:0.000632s ]
INFO: Run Behavior\TokenBuildBehavior [ RunTime:0.000936s ]
INFO: [ view_filter ] --END-- [ RunTime:0.001706s ]
INFO: [ app_end ] --START--
INFO: Run Behavior\ShowPageTraceBehavior [ RunTime:0.000837s ]
INFO: [ app_end ] --END-- [ RunTime:0.000918s ]

[ 2016-09-01T20:24:04+08:00 ] 127.0.0.1 /admin/advert/xqbj?xuhao=1
INFO: [ app_init ] --START--
INFO: Run Behavior\BuildLiteBehavior [ RunTime:0.000025s ]
INFO: [ app_init ] --END-- [ RunTime:0.000650s ]
INFO: [ app_begin ] --START--
INFO: Run Behavior\ReadHtmlCacheBehavior [ RunTime:0.000864s ]
INFO: [ app_begin ] --END-- [ RunTime:0.000997s ]
SQL: SHOW COLUMNS FROM `m_admin_infor` [ RunTime:0.0057s ]
SQL: SELECT * FROM `m_admin_infor` WHERE ( id=1 ) LIMIT 1   [ RunTime:0.0004s ]
SQL: SHOW COLUMNS FROM `m_admin_advert` [ RunTime:0.0064s ]
SQL: SELECT `advert_desc`,`position` FROM `m_admin_advert` WHERE ( xuhao='1' ) LIMIT 1   [ RunTime:0.0003s ]
INFO: [ view_parse ] --START--
INFO: [ template_filter ] --START--
INFO: Run Behavior\ContentReplaceBehavior [ RunTime:0.000081s ]
INFO: [ template_filter ] --END-- [ RunTime:0.000174s ]
INFO: Run Behavior\ParseTemplateBehavior [ RunTime:0.009045s ]
INFO: [ view_parse ] --END-- [ RunTime:0.009139s ]
INFO: [ view_filter ] --START--
INFO: Run Behavior\WriteHtmlCacheBehavior [ RunTime:0.000577s ]
INFO: Run Behavior\TokenBuildBehavior [ RunTime:0.000877s ]
INFO: [ view_filter ] --END-- [ RunTime:0.001578s ]
INFO: [ app_end ] --START--
INFO: Run Behavior\ShowPageTraceBehavior [ RunTime:0.000920s ]
INFO: [ app_end ] --END-- [ RunTime:0.000999s ]

[ 2016-09-01T20:26:01+08:00 ] 127.0.0.1 /Admin/Advert/advert.html
INFO: [ app_init ] --START--
INFO: Run Behavior\BuildLiteBehavior [ RunTime:0.000023s ]
INFO: [ app_init ] --END-- [ RunTime:0.000531s ]
INFO: [ app_begin ] --START--
INFO: Run Behavior\ReadHtmlCacheBehavior [ RunTime:0.001003s ]
INFO: [ app_begin ] --END-- [ RunTime:0.001166s ]
SQL: SHOW COLUMNS FROM `m_admin_infor` [ RunTime:0.0049s ]
SQL: SELECT * FROM `m_admin_infor` WHERE ( id=1 ) LIMIT 1   [ RunTime:0.0004s ]
SQL: SHOW COLUMNS FROM `m_admin_advert` [ RunTime:0.0060s ]
SQL: SELECT * FROM `m_admin_advert` WHERE ( position='轮播' )  [ RunTime:0.0004s ]
INFO: [ view_parse ] --START--
INFO: [ template_filter ] --START--
INFO: Run Behavior\ContentReplaceBehavior [ RunTime:0.000129s ]
INFO: [ template_filter ] --END-- [ RunTime:0.000238s ]
INFO: Run Behavior\ParseTemplateBehavior [ RunTime:0.017457s ]
INFO: [ view_parse ] --END-- [ RunTime:0.017583s ]
INFO: [ view_filter ] --START--
INFO: Run Behavior\WriteHtmlCacheBehavior [ RunTime:0.000587s ]
INFO: Run Behavior\TokenBuildBehavior [ RunTime:0.001036s ]
INFO: [ view_filter ] --END-- [ RunTime:0.001822s ]
INFO: [ app_end ] --START--
INFO: Run Behavior\ShowPageTraceBehavior [ RunTime:0.000945s ]
INFO: [ app_end ] --END-- [ RunTime:0.001037s ]

[ 2016-09-01T20:26:21+08:00 ] 127.0.0.1 /Admin/Advert/advert.html
INFO: [ app_init ] --START--
INFO: Run Behavior\BuildLiteBehavior [ RunTime:0.000023s ]
INFO: [ app_init ] --END-- [ RunTime:0.000606s ]
INFO: [ app_begin ] --START--
INFO: Run Behavior\ReadHtmlCacheBehavior [ RunTime:0.002263s ]
INFO: [ app_begin ] --END-- [ RunTime:0.002674s ]
SQL: SHOW COLUMNS FROM `m_admin_infor` [ RunTime:0.0066s ]
SQL: SELECT * FROM `m_admin_infor` WHERE ( id=1 ) LIMIT 1   [ RunTime:0.0004s ]
SQL: SHOW COLUMNS FROM `m_admin_advert` [ RunTime:0.0055s ]
SQL: SELECT * FROM `m_admin_advert` WHERE ( position='轮播' )  [ RunTime:0.0004s ]
INFO: [ view_parse ] --START--
INFO: [ template_filter ] --START--
INFO: Run Behavior\ContentReplaceBehavior [ RunTime:0.000096s ]
INFO: [ template_filter ] --END-- [ RunTime:0.000182s ]
INFO: Run Behavior\ParseTemplateBehavior [ RunTime:0.014090s ]
INFO: [ view_parse ] --END-- [ RunTime:0.014201s ]
INFO: [ view_filter ] --START--
INFO: Run Behavior\WriteHtmlCacheBehavior [ RunTime:0.000595s ]
INFO: Run Behavior\TokenBuildBehavior [ RunTime:0.000920s ]
INFO: [ view_filter ] --END-- [ RunTime:0.001645s ]
INFO: [ app_end ] --START--
INFO: Run Behavior\ShowPageTraceBehavior [ RunTime:0.000985s ]
INFO: [ app_end ] --END-- [ RunTime:0.001070s ]

[ 2016-09-01T20:27:00+08:00 ] 127.0.0.1 /Admin/Advert/advert.html
INFO: [ app_init ] --START--
INFO: Run Behavior\BuildLiteBehavior [ RunTime:0.000024s ]
INFO: [ app_init ] --END-- [ RunTime:0.000620s ]
INFO: [ app_begin ] --START--
INFO: Run Behavior\ReadHtmlCacheBehavior [ RunTime:0.001094s ]
INFO: [ app_begin ] --END-- [ RunTime:0.001350s ]
SQL: SHOW COLUMNS FROM `m_admin_infor` [ RunTime:0.0060s ]
SQL: SELECT * FROM `m_admin_infor` WHERE ( id=1 ) LIMIT 1   [ RunTime:0.0003s ]
SQL: SHOW COLUMNS FROM `m_admin_advert` [ RunTime:0.0070s ]
SQL: SELECT * FROM `m_admin_advert` WHERE ( position='轮播' )  [ RunTime:0.0006s ]
INFO: [ view_parse ] --START--
INFO: [ template_filter ] --START--
INFO: Run Behavior\ContentReplaceBehavior [ RunTime:0.000115s ]
INFO: [ template_filter ] --END-- [ RunTime:0.000220s ]
INFO: Run Behavior\ParseTemplateBehavior [ RunTime:0.017573s ]
INFO: [ view_parse ] --END-- [ RunTime:0.017699s ]
INFO: [ view_filter ] --START--
INFO: Run Behavior\WriteHtmlCacheBehavior [ RunTime:0.000726s ]
INFO: Run Behavior\TokenBuildBehavior [ RunTime:0.001097s ]
INFO: [ view_filter ] --END-- [ RunTime:0.002012s ]
INFO: [ app_end ] --START--
INFO: Run Behavior\ShowPageTraceBehavior [ RunTime:0.001042s ]
INFO: [ app_end ] --END-- [ RunTime:0.001155s ]

[ 2016-09-01T20:33:22+08:00 ] 127.0.0.1 /Admin/Advert/advert.html
INFO: [ app_init ] --START--
INFO: Run Behavior\BuildLiteBehavior [ RunTime:0.000037s ]
INFO: [ app_init ] --END-- [ RunTime:0.000669s ]
INFO: [ app_begin ] --START--
INFO: Run Behavior\ReadHtmlCacheBehavior [ RunTime:0.000832s ]
INFO: [ app_begin ] --END-- [ RunTime:0.000944s ]
SQL: SHOW COLUMNS FROM `m_admin_infor` [ RunTime:0.0053s ]
SQL: SELECT * FROM `m_admin_infor` WHERE ( id=1 ) LIMIT 1   [ RunTime:0.0004s ]
SQL: SHOW COLUMNS FROM `m_admin_advert` [ RunTime:0.0055s ]
SQL: SELECT * FROM `m_admin_advert` WHERE ( position='轮播' )  [ RunTime:0.0004s ]
INFO: [ view_parse ] --START--
INFO: [ template_filter ] --START--
INFO: Run Behavior\ContentReplaceBehavior [ RunTime:0.000101s ]
INFO: [ template_filter ] --END-- [ RunTime:0.000212s ]
INFO: Run Behavior\ParseTemplateBehavior [ RunTime:0.014481s ]
INFO: [ view_parse ] --END-- [ RunTime:0.014581s ]
INFO: [ view_filter ] --START--
INFO: Run Behavior\WriteHtmlCacheBehavior [ RunTime:0.000636s ]
INFO: Run Behavior\TokenBuildBehavior [ RunTime:0.000950s ]
INFO: [ view_filter ] --END-- [ RunTime:0.001723s ]
INFO: [ app_end ] --START--
INFO: Run Behavior\ShowPageTraceBehavior [ RunTime:0.000820s ]
INFO: [ app_end ] --END-- [ RunTime:0.000904s ]

[ 2016-09-01T20:40:44+08:00 ] 127.0.0.1 /Admin/Advert/advert.html
INFO: [ app_init ] --START--
INFO: Run Behavior\BuildLiteBehavior [ RunTime:0.000028s ]
INFO: [ app_init ] --END-- [ RunTime:0.001175s ]
INFO: [ app_begin ] --START--
INFO: Run Behavior\ReadHtmlCacheBehavior [ RunTime:0.001385s ]
INFO: [ app_begin ] --END-- [ RunTime:0.001542s ]
SQL: SHOW COLUMNS FROM `m_admin_infor` [ RunTime:0.0060s ]
SQL: SELECT * FROM `m_admin_infor` WHERE ( id=1 ) LIMIT 1   [ RunTime:0.0007s ]
SQL: SHOW COLUMNS FROM `m_admin_advert` [ RunTime:0.0053s ]
SQL: SELECT * FROM `m_admin_advert` WHERE ( position='轮播' )  [ RunTime:0.0005s ]
INFO: [ view_parse ] --START--
INFO: [ template_filter ] --START--
INFO: Run Behavior\ContentReplaceBehavior [ RunTime:0.000096s ]
INFO: [ template_filter ] --END-- [ RunTime:0.000184s ]
INFO: Run Behavior\ParseTemplateBehavior [ RunTime:0.017782s ]
INFO: [ view_parse ] --END-- [ RunTime:0.017903s ]
INFO: [ view_filter ] --START--
INFO: Run Behavior\WriteHtmlCacheBehavior [ RunTime:0.002496s ]
INFO: Run Behavior\TokenBuildBehavior [ RunTime:0.001529s ]
INFO: [ view_filter ] --END-- [ RunTime:0.004180s ]
INFO: [ app_end ] --START--
INFO: Run Behavior\ShowPageTraceBehavior [ RunTime:0.001423s ]
INFO: [ app_end ] --END-- [ RunTime:0.001518s ]

[ 2016-09-01T20:44:47+08:00 ] 127.0.0.1 /Admin/Advert/advert.html
INFO: [ app_init ] --START--
INFO: Run Behavior\BuildLiteBehavior [ RunTime:0.000043s ]
INFO: [ app_init ] --END-- [ RunTime:0.000988s ]
INFO: [ app_begin ] --START--
INFO: Run Behavior\ReadHtmlCacheBehavior [ RunTime:0.001299s ]
INFO: [ app_begin ] --END-- [ RunTime:0.001414s ]
SQL: SHOW COLUMNS FROM `m_admin_infor` [ RunTime:0.0067s ]
SQL: SELECT * FROM `m_admin_infor` WHERE ( id=1 ) LIMIT 1   [ RunTime:0.0005s ]
SQL: SHOW COLUMNS FROM `m_admin_advert` [ RunTime:0.0064s ]
SQL: SELECT * FROM `m_admin_advert` WHERE ( position='轮播' )  [ RunTime:0.0005s ]
INFO: [ view_parse ] --START--
INFO: [ template_filter ] --START--
INFO: Run Behavior\ContentReplaceBehavior [ RunTime:0.000102s ]
INFO: [ template_filter ] --END-- [ RunTime:0.000194s ]
INFO: Run Behavior\ParseTemplateBehavior [ RunTime:0.018438s ]
INFO: [ view_parse ] --END-- [ RunTime:0.018541s ]
INFO: [ view_filter ] --START--
INFO: Run Behavior\WriteHtmlCacheBehavior [ RunTime:0.000938s ]
INFO: Run Behavior\TokenBuildBehavior [ RunTime:0.001328s ]
INFO: [ view_filter ] --END-- [ RunTime:0.002401s ]
INFO: [ app_end ] --START--
INFO: Run Behavior\ShowPageTraceBehavior [ RunTime:0.001218s ]
INFO: [ app_end ] --END-- [ RunTime:0.001304s ]

[ 2016-09-01T20:45:30+08:00 ] 127.0.0.1 /Admin/Advert/advert.html
INFO: [ app_init ] --START--
INFO: Run Behavior\BuildLiteBehavior [ RunTime:0.000026s ]
INFO: [ app_init ] --END-- [ RunTime:0.000602s ]
INFO: [ app_begin ] --START--
INFO: Run Behavior\ReadHtmlCacheBehavior [ RunTime:0.000896s ]
INFO: [ app_begin ] --END-- [ RunTime:0.000993s ]
SQL: SHOW COLUMNS FROM `m_admin_infor` [ RunTime:0.0059s ]
SQL: SELECT * FROM `m_admin_infor` WHERE ( id=1 ) LIMIT 1   [ RunTime:0.0004s ]
SQL: SHOW COLUMNS FROM `m_admin_advert` [ RunTime:0.0058s ]
SQL: SELECT * FROM `m_admin_advert` WHERE ( position='轮播' )  [ RunTime:0.0004s ]
INFO: [ view_parse ] --START--
INFO: [ template_filter ] --START--
INFO: Run Behavior\ContentReplaceBehavior [ RunTime:0.000140s ]
INFO: [ template_filter ] --END-- [ RunTime:0.000278s ]
INFO: Run Behavior\ParseTemplateBehavior [ RunTime:0.018111s ]
INFO: [ view_parse ] --END-- [ RunTime:0.018209s ]
INFO: [ view_filter ] --START--
INFO: Run Behavior\WriteHtmlCacheBehavior [ RunTime:0.000685s ]
INFO: Run Behavior\TokenBuildBehavior [ RunTime:0.001083s ]
INFO: [ view_filter ] --END-- [ RunTime:0.001896s ]
INFO: [ app_end ] --START--
INFO: Run Behavior\ShowPageTraceBehavior [ RunTime:0.000896s ]
INFO: [ app_end ] --END-- [ RunTime:0.000974s ]

[ 2016-09-01T20:46:55+08:00 ] 127.0.0.1 /Admin/Advert/advert.html
INFO: [ app_init ] --START--
INFO: Run Behavior\BuildLiteBehavior [ RunTime:0.000027s ]
INFO: [ app_init ] --END-- [ RunTime:0.000616s ]
INFO: [ app_begin ] --START--
INFO: Run Behavior\ReadHtmlCacheBehavior [ RunTime:0.001392s ]
INFO: [ app_begin ] --END-- [ RunTime:0.001558s ]
SQL: SHOW COLUMNS FROM `m_admin_infor` [ RunTime:0.0065s ]
SQL: SELECT * FROM `m_admin_infor` WHERE ( id=1 ) LIMIT 1   [ RunTime:0.0005s ]
SQL: SHOW COLUMNS FROM `m_admin_advert` [ RunTime:0.0076s ]
SQL: SELECT * FROM `m_admin_advert` WHERE ( position='轮播' )  [ RunTime:0.0004s ]
INFO: [ view_parse ] --START--
INFO: [ template_filter ] --START--
INFO: Run Behavior\ContentReplaceBehavior [ RunTime:0.000119s ]
INFO: [ template_filter ] --END-- [ RunTime:0.000227s ]
INFO: Run Behavior\ParseTemplateBehavior [ RunTime:0.017554s ]
INFO: [ view_parse ] --END-- [ RunTime:0.017701s ]
INFO: [ view_filter ] --START--
INFO: Run Behavior\WriteHtmlCacheBehavior [ RunTime:0.000749s ]
INFO: Run Behavior\TokenBuildBehavior [ RunTime:0.001165s ]
INFO: [ view_filter ] --END-- [ RunTime:0.002080s ]
INFO: [ app_end ] --START--
INFO: Run Behavior\ShowPageTraceBehavior [ RunTime:0.001022s ]
INFO: [ app_end ] --END-- [ RunTime:0.001123s ]

[ 2016-09-01T20:47:27+08:00 ] 127.0.0.1 /Admin/Advert/advert.html
INFO: [ app_init ] --START--
INFO: Run Behavior\BuildLiteBehavior [ RunTime:0.000025s ]
INFO: [ app_init ] --END-- [ RunTime:0.000636s ]
INFO: [ app_begin ] --START--
INFO: Run Behavior\ReadHtmlCacheBehavior [ RunTime:0.000859s ]
INFO: [ app_begin ] --END-- [ RunTime:0.000947s ]
SQL: SHOW COLUMNS FROM `m_admin_infor` [ RunTime:0.0059s ]
SQL: SELECT * FROM `m_admin_infor` WHERE ( id=1 ) LIMIT 1   [ RunTime:0.0004s ]
SQL: SHOW COLUMNS FROM `m_admin_advert` [ RunTime:0.0057s ]
SQL: SELECT * FROM `m_admin_advert` WHERE ( position='轮播' )  [ RunTime:0.0004s ]
INFO: [ view_parse ] --START--
INFO: [ template_filter ] --START--
INFO: Run Behavior\ContentReplaceBehavior [ RunTime:0.000150s ]
INFO: [ template_filter ] --END-- [ RunTime:0.000276s ]
INFO: Run Behavior\ParseTemplateBehavior [ RunTime:0.015188s ]
INFO: [ view_parse ] --END-- [ RunTime:0.015285s ]
INFO: [ view_filter ] --START--
INFO: Run Behavior\WriteHtmlCacheBehavior [ RunTime:0.000787s ]
INFO: Run Behavior\TokenBuildBehavior [ RunTime:0.001044s ]
INFO: [ view_filter ] --END-- [ RunTime:0.001982s ]
INFO: [ app_end ] --START--
INFO: Run Behavior\ShowPageTraceBehavior [ RunTime:0.000877s ]
INFO: [ app_end ] --END-- [ RunTime:0.000969s ]

[ 2016-09-01T20:48:54+08:00 ] 127.0.0.1 /Admin/Advert/advert.html
INFO: [ app_init ] --START--
INFO: Run Behavior\BuildLiteBehavior [ RunTime:0.000052s ]
INFO: [ app_init ] --END-- [ RunTime:0.002530s ]
INFO: [ app_begin ] --START--
INFO: Run Behavior\ReadHtmlCacheBehavior [ RunTime:0.001123s ]
INFO: [ app_begin ] --END-- [ RunTime:0.001250s ]
SQL: SHOW COLUMNS FROM `m_admin_infor` [ RunTime:0.0069s ]
SQL: SELECT * FROM `m_admin_infor` WHERE ( id=1 ) LIMIT 1   [ RunTime:0.0004s ]
SQL: SHOW COLUMNS FROM `m_admin_advert` [ RunTime:0.0052s ]
SQL: SELECT * FROM `m_admin_advert` WHERE ( position='轮播' )  [ RunTime:0.0004s ]
INFO: [ view_parse ] --START--
INFO: [ template_filter ] --START--
INFO: Run Behavior\ContentReplaceBehavior [ RunTime:0.000112s ]
INFO: [ template_filter ] --END-- [ RunTime:0.000210s ]
INFO: Run Behavior\ParseTemplateBehavior [ RunTime:0.015284s ]
INFO: [ view_parse ] --END-- [ RunTime:0.015376s ]
INFO: [ view_filter ] --START--
INFO: Run Behavior\WriteHtmlCacheBehavior [ RunTime:0.000667s ]
INFO: Run Behavior\TokenBuildBehavior [ RunTime:0.001033s ]
INFO: [ view_filter ] --END-- [ RunTime:0.001836s ]
INFO: [ app_end ] --START--
INFO: Run Behavior\ShowPageTraceBehavior [ RunTime:0.000926s ]
INFO: [ app_end ] --END-- [ RunTime:0.001011s ]

[ 2016-09-01T20:53:19+08:00 ] 127.0.0.1 /Admin/Advert/advert.html
INFO: [ app_init ] --START--
INFO: Run Behavior\BuildLiteBehavior [ RunTime:0.000037s ]
INFO: [ app_init ] --END-- [ RunTime:0.000885s ]
INFO: [ app_begin ] --START--
INFO: Run Behavior\ReadHtmlCacheBehavior [ RunTime:0.001180s ]
INFO: [ app_begin ] --END-- [ RunTime:0.001321s ]
SQL: SHOW COLUMNS FROM `m_admin_infor` [ RunTime:0.0075s ]
SQL: SELECT * FROM `m_admin_infor` WHERE ( id=1 ) LIMIT 1   [ RunTime:0.0004s ]
SQL: SHOW COLUMNS FROM `m_admin_advert` [ RunTime:0.0076s ]
SQL: SELECT * FROM `m_admin_advert` WHERE ( position='轮播' )  [ RunTime:0.0005s ]
INFO: [ view_parse ] --START--
INFO: [ template_filter ] --START--
INFO: Run Behavior\ContentReplaceBehavior [ RunTime:0.000212s ]
INFO: [ template_filter ] --END-- [ RunTime:0.000418s ]
INFO: Run Behavior\ParseTemplateBehavior [ RunTime:0.020557s ]
INFO: [ view_parse ] --END-- [ RunTime:0.020665s ]
INFO: [ view_filter ] --START--
INFO: Run Behavior\WriteHtmlCacheBehavior [ RunTime:0.000695s ]
INFO: Run Behavior\TokenBuildBehavior [ RunTime:0.001003s ]
INFO: [ view_filter ] --END-- [ RunTime:0.001843s ]
INFO: [ app_end ] --START--
INFO: Run Behavior\ShowPageTraceBehavior [ RunTime:0.000957s ]
INFO: [ app_end ] --END-- [ RunTime:0.001066s ]

[ 2016-09-01T20:54:42+08:00 ] 127.0.0.1 /Admin/Advert/advert.html
INFO: [ app_init ] --START--
INFO: Run Behavior\BuildLiteBehavior [ RunTime:0.000023s ]
INFO: [ app_init ] --END-- [ RunTime:0.000616s ]
INFO: [ app_begin ] --START--
INFO: Run Behavior\ReadHtmlCacheBehavior [ RunTime:0.000876s ]
INFO: [ app_begin ] --END-- [ RunTime:0.000965s ]
SQL: SHOW COLUMNS FROM `m_admin_infor` [ RunTime:0.0055s ]
SQL: SELECT * FROM `m_admin_infor` WHERE ( id=1 ) LIMIT 1   [ RunTime:0.0004s ]
SQL: SHOW COLUMNS FROM `m_admin_advert` [ RunTime:0.0055s ]
SQL: SELECT * FROM `m_admin_advert` WHERE ( position='轮播' )  [ RunTime:0.0004s ]
INFO: [ view_parse ] --START--
INFO: [ template_filter ] --START--
INFO: Run Behavior\ContentReplaceBehavior [ RunTime:0.000158s ]
INFO: [ template_filter ] --END-- [ RunTime:0.000297s ]
INFO: Run Behavior\ParseTemplateBehavior [ RunTime:0.014561s ]
INFO: [ view_parse ] --END-- [ RunTime:0.014666s ]
INFO: [ view_filter ] --START--
INFO: Run Behavior\WriteHtmlCacheBehavior [ RunTime:0.000835s ]
INFO: Run Behavior\TokenBuildBehavior [ RunTime:0.001017s ]
INFO: [ view_filter ] --END-- [ RunTime:0.001983s ]
INFO: [ app_end ] --START--
INFO: Run Behavior\ShowPageTraceBehavior [ RunTime:0.000869s ]
INFO: [ app_end ] --END-- [ RunTime:0.000949s ]

[ 2016-09-01T20:57:01+08:00 ] 127.0.0.1 /Admin/Advert/advert.html
INFO: [ app_init ] --START--
INFO: Run Behavior\BuildLiteBehavior [ RunTime:0.000025s ]
INFO: [ app_init ] --END-- [ RunTime:0.000648s ]
INFO: [ app_begin ] --START--
INFO: Run Behavior\ReadHtmlCacheBehavior [ RunTime:0.000919s ]
INFO: [ app_begin ] --END-- [ RunTime:0.001087s ]
SQL: SHOW COLUMNS FROM `m_admin_infor` [ RunTime:0.0062s ]
SQL: SELECT * FROM `m_admin_infor` WHERE ( id=1 ) LIMIT 1   [ RunTime:0.0004s ]
SQL: SHOW COLUMNS FROM `m_admin_advert` [ RunTime:0.0053s ]
SQL: SELECT * FROM `m_admin_advert` WHERE ( position='轮播' )  [ RunTime:0.0004s ]
INFO: [ view_parse ] --START--
INFO: [ template_filter ] --START--
INFO: Run Behavior\ContentReplaceBehavior [ RunTime:0.000098s ]
INFO: [ template_filter ] --END-- [ RunTime:0.000185s ]
INFO: Run Behavior\ParseTemplateBehavior [ RunTime:0.013839s ]
INFO: [ view_parse ] --END-- [ RunTime:0.013944s ]
INFO: [ view_filter ] --START--
INFO: Run Behavior\WriteHtmlCacheBehavior [ RunTime:0.000689s ]
INFO: Run Behavior\TokenBuildBehavior [ RunTime:0.001031s ]
INFO: [ view_filter ] --END-- [ RunTime:0.001901s ]
INFO: [ app_end ] --START--
INFO: Run Behavior\ShowPageTraceBehavior [ RunTime:0.001184s ]
INFO: [ app_end ] --END-- [ RunTime:0.001341s ]

[ 2016-09-01T20:59:41+08:00 ] 127.0.0.1 /Admin/Advert/file_jia.html
INFO: [ app_init ] --START--
INFO: Run Behavior\BuildLiteBehavior [ RunTime:0.000024s ]
INFO: [ app_init ] --END-- [ RunTime:0.000609s ]
INFO: [ app_begin ] --START--
INFO: Run Behavior\ReadHtmlCacheBehavior [ RunTime:0.000838s ]
INFO: [ app_begin ] --END-- [ RunTime:0.000921s ]
SQL: SHOW COLUMNS FROM `m_admin_infor` [ RunTime:0.0056s ]
SQL: SELECT * FROM `m_admin_infor` WHERE ( id=1 ) LIMIT 1   [ RunTime:0.0004s ]
NOTIC: [2] call_user_func() expects parameter 1 to be a valid callback, no array or string given E:\wamp\www\jiangzipinpin\ThinkPHP\Library\Think\Upload.class.php 第 170 行.
NOTIC: [8] Undefined index: file_1 E:\wamp\www\jiangzipinpin\Application\Admin\Controller\AdvertController.class.php 第 27 行.
NOTIC: [8] Undefined index: file_1 E:\wamp\www\jiangzipinpin\Application\Admin\Controller\AdvertController.class.php 第 27 行.
NOTIC: [8] Undefined index: file_2 E:\wamp\www\jiangzipinpin\Application\Admin\Controller\AdvertController.class.php 第 28 行.
NOTIC: [8] Undefined index: file_2 E:\wamp\www\jiangzipinpin\Application\Admin\Controller\AdvertController.class.php 第 28 行.
NOTIC: [8] Undefined index: file_3 E:\wamp\www\jiangzipinpin\Application\Admin\Controller\AdvertController.class.php 第 29 行.
NOTIC: [8] Undefined index: file_3 E:\wamp\www\jiangzipinpin\Application\Admin\Controller\AdvertController.class.php 第 29 行.
NOTIC: [8] Undefined index: file_4 E:\wamp\www\jiangzipinpin\Application\Admin\Controller\AdvertController.class.php 第 30 行.
NOTIC: [8] Undefined index: file_4 E:\wamp\www\jiangzipinpin\Application\Admin\Controller\AdvertController.class.php 第 30 行.

[ 2016-09-01T21:02:10+08:00 ] 127.0.0.1 /Admin/Advert/file_jia.html
INFO: [ app_init ] --START--
INFO: Run Behavior\BuildLiteBehavior [ RunTime:0.000025s ]
INFO: [ app_init ] --END-- [ RunTime:0.000590s ]
INFO: [ app_begin ] --START--
INFO: Run Behavior\ReadHtmlCacheBehavior [ RunTime:0.000868s ]
INFO: [ app_begin ] --END-- [ RunTime:0.000965s ]
SQL: SHOW COLUMNS FROM `m_admin_infor` [ RunTime:0.0051s ]
SQL: SELECT * FROM `m_admin_infor` WHERE ( id=1 ) LIMIT 1   [ RunTime:0.0014s ]
NOTIC: [2] call_user_func() expects parameter 1 to be a valid callback, no array or string given E:\wamp\www\jiangzipinpin\ThinkPHP\Library\Think\Upload.class.php 第 170 行.
NOTIC: [8] Undefined index: file_1 E:\wamp\www\jiangzipinpin\Application\Admin\Controller\AdvertController.class.php 第 27 行.
NOTIC: [8] Undefined index: file_2 E:\wamp\www\jiangzipinpin\Application\Admin\Controller\AdvertController.class.php 第 28 行.
NOTIC: [8] Undefined index: file_2 E:\wamp\www\jiangzipinpin\Application\Admin\Controller\AdvertController.class.php 第 28 行.
NOTIC: [8] Undefined index: file_3 E:\wamp\www\jiangzipinpin\Application\Admin\Controller\AdvertController.class.php 第 29 行.
NOTIC: [8] Undefined index: file_3 E:\wamp\www\jiangzipinpin\Application\Admin\Controller\AdvertController.class.php 第 29 行.
NOTIC: [8] Undefined index: file_4 E:\wamp\www\jiangzipinpin\Application\Admin\Controller\AdvertController.class.php 第 30 行.
NOTIC: [8] Undefined index: file_4 E:\wamp\www\jiangzipinpin\Application\Admin\Controller\AdvertController.class.php 第 30 行.

[ 2016-09-01T21:02:13+08:00 ] 127.0.0.1 /Admin/index/index.html
INFO: [ app_init ] --START--
INFO: Run Behavior\BuildLiteBehavior [ RunTime:0.000025s ]
INFO: [ app_init ] --END-- [ RunTime:0.000660s ]
INFO: [ app_begin ] --START--
INFO: Run Behavior\ReadHtmlCacheBehavior [ RunTime:0.001401s ]
INFO: [ app_begin ] --END-- [ RunTime:0.001525s ]
SQL: SHOW COLUMNS FROM `m_admin_infor` [ RunTime:0.0060s ]
SQL: SELECT * FROM `m_admin_infor` WHERE ( id=1 ) LIMIT 1   [ RunTime:0.0004s ]
INFO: [ view_parse ] --START--
INFO: [ template_filter ] --START--
INFO: Run Behavior\ContentReplaceBehavior [ RunTime:0.000080s ]
INFO: [ template_filter ] --END-- [ RunTime:0.000173s ]
INFO: Run Behavior\ParseTemplateBehavior [ RunTime:0.012391s ]
INFO: [ view_parse ] --END-- [ RunTime:0.012543s ]
INFO: [ view_filter ] --START--
INFO: Run Behavior\WriteHtmlCacheBehavior [ RunTime:0.000686s ]
INFO: Run Behavior\TokenBuildBehavior [ RunTime:0.000888s ]
INFO: [ view_filter ] --END-- [ RunTime:0.001703s ]
INFO: [ app_end ] --START--
INFO: Run Behavior\ShowPageTraceBehavior [ RunTime:0.001107s ]
INFO: [ app_end ] --END-- [ RunTime:0.001218s ]

[ 2016-09-01T21:02:14+08:00 ] 127.0.0.1 /Admin/Index/menu.html
INFO: [ app_init ] --START--
INFO: Run Behavior\BuildLiteBehavior [ RunTime:0.000026s ]
INFO: [ app_init ] --END-- [ RunTime:0.000613s ]
INFO: [ app_begin ] --START--
INFO: Run Behavior\ReadHtmlCacheBehavior [ RunTime:0.000903s ]
INFO: [ app_begin ] --END-- [ RunTime:0.001014s ]
SQL: SHOW COLUMNS FROM `m_admin_infor` [ RunTime:0.0068s ]
SQL: SELECT * FROM `m_admin_infor` WHERE ( id=1 ) LIMIT 1   [ RunTime:0.0004s ]
INFO: [ view_parse ] --START--
INFO: [ template_filter ] --START--
INFO: Run Behavior\ContentReplaceBehavior [ RunTime:0.000212s ]
INFO: [ template_filter ] --END-- [ RunTime:0.000398s ]
INFO: Run Behavior\ParseTemplateBehavior [ RunTime:0.059100s ]
INFO: [ view_parse ] --END-- [ RunTime:0.059221s ]
INFO: [ view_filter ] --START--
INFO: Run Behavior\WriteHtmlCacheBehavior [ RunTime:0.000667s ]
INFO: Run Behavior\TokenBuildBehavior [ RunTime:0.000985s ]
INFO: [ view_filter ] --END-- [ RunTime:0.001815s ]
INFO: [ app_end ] --START--
INFO: Run Behavior\ShowPageTraceBehavior [ RunTime:0.000870s ]
INFO: [ app_end ] --END-- [ RunTime:0.000971s ]

[ 2016-09-01T21:02:14+08:00 ] 127.0.0.1 /Admin/Index/top.html
INFO: [ app_init ] --START--
INFO: Run Behavior\BuildLiteBehavior [ RunTime:0.000070s ]
INFO: [ app_init ] --END-- [ RunTime:0.000809s ]
INFO: [ app_begin ] --START--
INFO: Run Behavior\ReadHtmlCacheBehavior [ RunTime:0.001561s ]
INFO: [ app_begin ] --END-- [ RunTime:0.002120s ]
SQL: SHOW COLUMNS FROM `m_admin_infor` [ RunTime:0.0112s ]
SQL: SELECT * FROM `m_admin_infor` WHERE ( id=1 ) LIMIT 1   [ RunTime:0.0004s ]
INFO: [ view_parse ] --START--
INFO: [ template_filter ] --START--
INFO: Run Behavior\ContentReplaceBehavior [ RunTime:0.000145s ]
INFO: [ template_filter ] --END-- [ RunTime:0.000303s ]
INFO: Run Behavior\ParseTemplateBehavior [ RunTime:0.016272s ]
INFO: [ view_parse ] --END-- [ RunTime:0.016502s ]
INFO: [ view_filter ] --START--
INFO: Run Behavior\WriteHtmlCacheBehavior [ RunTime:0.000651s ]
INFO: Run Behavior\TokenBuildBehavior [ RunTime:0.000853s ]
INFO: [ view_filter ] --END-- [ RunTime:0.001696s ]
INFO: [ app_end ] --START--
INFO: Run Behavior\ShowPageTraceBehavior [ RunTime:0.001106s ]
INFO: [ app_end ] --END-- [ RunTime:0.001271s ]

[ 2016-09-01T21:02:14+08:00 ] 127.0.0.1 /Admin/Index/main.html
INFO: [ app_init ] --START--
INFO: Run Behavior\BuildLiteBehavior [ RunTime:0.000041s ]
INFO: [ app_init ] --END-- [ RunTime:0.000967s ]
INFO: [ app_begin ] --START--
INFO: Run Behavior\ReadHtmlCacheBehavior [ RunTime:0.001128s ]
INFO: [ app_begin ] --END-- [ RunTime:0.001298s ]
SQL: SHOW COLUMNS FROM `m_admin_infor` [ RunTime:0.0115s ]
SQL: SELECT * FROM `m_admin_infor` WHERE ( id=1 ) LIMIT 1   [ RunTime:0.0005s ]
INFO: [ view_parse ] --START--
INFO: [ template_filter ] --START--
INFO: Run Behavior\ContentReplaceBehavior [ RunTime:0.000097s ]
INFO: [ template_filter ] --END-- [ RunTime:0.000212s ]
INFO: Run Behavior\ParseTemplateBehavior [ RunTime:0.024240s ]
INFO: [ view_parse ] --END-- [ RunTime:0.024414s ]
INFO: [ view_filter ] --START--
INFO: Run Behavior\WriteHtmlCacheBehavior [ RunTime:0.000705s ]
INFO: Run Behavior\TokenBuildBehavior [ RunTime:0.000901s ]
INFO: [ view_filter ] --END-- [ RunTime:0.001836s ]
INFO: [ app_end ] --START--
INFO: Run Behavior\ShowPageTraceBehavior [ RunTime:0.001059s ]
INFO: [ app_end ] --END-- [ RunTime:0.001170s ]

[ 2016-09-01T21:02:14+08:00 ] 127.0.0.1 /Admin/Index/drag.html
INFO: [ app_init ] --START--
INFO: Run Behavior\BuildLiteBehavior [ RunTime:0.000029s ]
INFO: [ app_init ] --END-- [ RunTime:0.000805s ]
INFO: [ app_begin ] --START--
INFO: Run Behavior\ReadHtmlCacheBehavior [ RunTime:0.000967s ]
INFO: [ app_begin ] --END-- [ RunTime:0.001078s ]
SQL: SHOW COLUMNS FROM `m_admin_infor` [ RunTime:0.0153s ]
SQL: SELECT * FROM `m_admin_infor` WHERE ( id=1 ) LIMIT 1   [ RunTime:0.0004s ]
INFO: [ view_parse ] --START--
INFO: [ template_filter ] --START--
INFO: Run Behavior\ContentReplaceBehavior [ RunTime:0.000091s ]
INFO: [ template_filter ] --END-- [ RunTime:0.000196s ]
INFO: Run Behavior\ParseTemplateBehavior [ RunTime:0.051962s ]
INFO: [ view_parse ] --END-- [ RunTime:0.052105s ]
INFO: [ view_filter ] --START--
INFO: Run Behavior\WriteHtmlCacheBehavior [ RunTime:0.000616s ]
INFO: Run Behavior\TokenBuildBehavior [ RunTime:0.000785s ]
INFO: [ view_filter ] --END-- [ RunTime:0.001537s ]
INFO: [ app_end ] --START--
INFO: Run Behavior\ShowPageTraceBehavior [ RunTime:0.000899s ]
INFO: [ app_end ] --END-- [ RunTime:0.000988s ]

[ 2016-09-01T21:02:16+08:00 ] 127.0.0.1 /Admin/Advert/advert.html
INFO: [ app_init ] --START--
INFO: Run Behavior\BuildLiteBehavior [ RunTime:0.000027s ]
INFO: [ app_init ] --END-- [ RunTime:0.000774s ]
INFO: [ app_begin ] --START--
INFO: Run Behavior\ReadHtmlCacheBehavior [ RunTime:0.000949s ]
INFO: [ app_begin ] --END-- [ RunTime:0.001074s ]
SQL: SHOW COLUMNS FROM `m_admin_infor` [ RunTime:0.0052s ]
SQL: SELECT * FROM `m_admin_infor` WHERE ( id=1 ) LIMIT 1   [ RunTime:0.0004s ]
SQL: SHOW COLUMNS FROM `m_admin_advert` [ RunTime:0.0081s ]
SQL: SELECT * FROM `m_admin_advert` WHERE ( position='轮播' )  [ RunTime:0.0005s ]
INFO: [ view_parse ] --START--
INFO: [ template_filter ] --START--
INFO: Run Behavior\ContentReplaceBehavior [ RunTime:0.000621s ]
INFO: [ template_filter ] --END-- [ RunTime:0.000935s ]
INFO: Run Behavior\ParseTemplateBehavior [ RunTime:0.016036s ]
INFO: [ view_parse ] --END-- [ RunTime:0.016143s ]
INFO: [ view_filter ] --START--
INFO: Run Behavior\WriteHtmlCacheBehavior [ RunTime:0.000734s ]
INFO: Run Behavior\TokenBuildBehavior [ RunTime:0.001045s ]
INFO: [ view_filter ] --END-- [ RunTime:0.001937s ]
INFO: [ app_end ] --START--
INFO: Run Behavior\ShowPageTraceBehavior [ RunTime:0.000916s ]
INFO: [ app_end ] --END-- [ RunTime:0.000999s ]

[ 2016-09-01T21:02:19+08:00 ] 127.0.0.1 /Admin/Advert/file_jia.html
INFO: [ app_init ] --START--
INFO: Run Behavior\BuildLiteBehavior [ RunTime:0.000035s ]
INFO: [ app_init ] --END-- [ RunTime:0.000719s ]
INFO: [ app_begin ] --START--
INFO: Run Behavior\ReadHtmlCacheBehavior [ RunTime:0.000859s ]
INFO: [ app_begin ] --END-- [ RunTime:0.000962s ]
SQL: SHOW COLUMNS FROM `m_admin_infor` [ RunTime:0.0051s ]
SQL: SELECT * FROM `m_admin_infor` WHERE ( id=1 ) LIMIT 1   [ RunTime:0.0003s ]
NOTIC: [2] call_user_func() expects parameter 1 to be a valid callback, no array or string given E:\wamp\www\jiangzipinpin\ThinkPHP\Library\Think\Upload.class.php 第 170 行.
NOTIC: [8] Undefined index: file_1 E:\wamp\www\jiangzipinpin\Application\Admin\Controller\AdvertController.class.php 第 27 行.
NOTIC: [8] Undefined index: file_2 E:\wamp\www\jiangzipinpin\Application\Admin\Controller\AdvertController.class.php 第 28 行.
NOTIC: [8] Undefined index: file_2 E:\wamp\www\jiangzipinpin\Application\Admin\Controller\AdvertController.class.php 第 28 行.
NOTIC: [8] Undefined index: file_3 E:\wamp\www\jiangzipinpin\Application\Admin\Controller\AdvertController.class.php 第 29 行.
NOTIC: [8] Undefined index: file_3 E:\wamp\www\jiangzipinpin\Application\Admin\Controller\AdvertController.class.php 第 29 行.
NOTIC: [8] Undefined index: file_4 E:\wamp\www\jiangzipinpin\Application\Admin\Controller\AdvertController.class.php 第 30 行.
NOTIC: [8] Undefined index: file_4 E:\wamp\www\jiangzipinpin\Application\Admin\Controller\AdvertController.class.php 第 30 行.

[ 2016-09-01T21:02:47+08:00 ] 127.0.0.1 /Admin/Advert/file_jia.html
INFO: [ app_init ] --START--
INFO: Run Behavior\BuildLiteBehavior [ RunTime:0.000031s ]
INFO: [ app_init ] --END-- [ RunTime:0.000647s ]
INFO: [ app_begin ] --START--
INFO: Run Behavior\ReadHtmlCacheBehavior [ RunTime:0.000927s ]
INFO: [ app_begin ] --END-- [ RunTime:0.001051s ]
SQL: SHOW COLUMNS FROM `m_admin_infor` [ RunTime:0.0057s ]
SQL: SELECT * FROM `m_admin_infor` WHERE ( id=1 ) LIMIT 1   [ RunTime:0.0004s ]
NOTIC: [2] call_user_func() expects parameter 1 to be a valid callback, no array or string given E:\wamp\www\jiangzipinpin\ThinkPHP\Library\Think\Upload.class.php 第 170 行.
NOTIC: [8] Undefined index: file_2 E:\wamp\www\jiangzipinpin\Application\Admin\Controller\AdvertController.class.php 第 28 行.
NOTIC: [8] Undefined index: file_2 E:\wamp\www\jiangzipinpin\Application\Admin\Controller\AdvertController.class.php 第 28 行.
NOTIC: [8] Undefined index: file_3 E:\wamp\www\jiangzipinpin\Application\Admin\Controller\AdvertController.class.php 第 29 行.
NOTIC: [8] Undefined index: file_3 E:\wamp\www\jiangzipinpin\Application\Admin\Controller\AdvertController.class.php 第 29 行.
NOTIC: [8] Undefined index: file_4 E:\wamp\www\jiangzipinpin\Application\Admin\Controller\AdvertController.class.php 第 30 行.
NOTIC: [8] Undefined index: file_4 E:\wamp\www\jiangzipinpin\Application\Admin\Controller\AdvertController.class.php 第 30 行.

[ 2016-09-01T21:03:10+08:00 ] 127.0.0.1 /Admin/Advert/sc.html
INFO: [ app_init ] --START--
INFO: Run Behavior\BuildLiteBehavior [ RunTime:0.000029s ]
INFO: [ app_init ] --END-- [ RunTime:0.000698s ]
INFO: [ app_begin ] --START--
INFO: Run Behavior\ReadHtmlCacheBehavior [ RunTime:0.000904s ]
INFO: [ app_begin ] --END-- [ RunTime:0.001003s ]
SQL: SHOW COLUMNS FROM `m_admin_infor` [ RunTime:0.0063s ]
SQL: SELECT * FROM `m_admin_infor` WHERE ( id=1 ) LIMIT 1   [ RunTime:0.0003s ]
NOTIC: [8] Undefined index: text_file_2 E:\wamp\www\jiangzipinpin\Application\Admin\Controller\AdvertController.class.php 第 45 行.
NOTIC: [8] Undefined index: text_file_3 E:\wamp\www\jiangzipinpin\Application\Admin\Controller\AdvertController.class.php 第 45 行.
NOTIC: [8] Undefined index: text_file_4 E:\wamp\www\jiangzipinpin\Application\Admin\Controller\AdvertController.class.php 第 45 行.
SQL: SHOW COLUMNS FROM `m_admin_advert` [ RunTime:0.0056s ]
NOTIC: [2048] mktime(): You should be using the time() function instead E:\wamp\www\jiangzipinpin\Application\Admin\Controller\AdvertController.class.php 第 60 行.
SQL: UPDATE `m_admin_advert` SET `img_url`='/Public/Uploads/image/admin/20160901/14727349677167136066.jpg',`url`='/Home/Goods/index/goods_id/258',`add_user`='1',`add_user_name`='杨靖',`add_time`='1472734990' WHERE ( xuhao=1 ) [ RunTime:0.0206s ]

[ 2016-09-01T21:03:11+08:00 ] 127.0.0.1 /admin/advert/advert
INFO: [ app_init ] --START--
INFO: Run Behavior\BuildLiteBehavior [ RunTime:0.000027s ]
INFO: [ app_init ] --END-- [ RunTime:0.000654s ]
INFO: [ app_begin ] --START--
INFO: Run Behavior\ReadHtmlCacheBehavior [ RunTime:0.000760s ]
INFO: [ app_begin ] --END-- [ RunTime:0.000853s ]
SQL: SHOW COLUMNS FROM `m_admin_infor` [ RunTime:0.0056s ]
SQL: SELECT * FROM `m_admin_infor` WHERE ( id=1 ) LIMIT 1   [ RunTime:0.0003s ]
SQL: SHOW COLUMNS FROM `m_admin_advert` [ RunTime:0.0052s ]
SQL: SELECT * FROM `m_admin_advert` WHERE ( position='轮播' )  [ RunTime:0.0004s ]
INFO: [ view_parse ] --START--
INFO: [ template_filter ] --START--
INFO: Run Behavior\ContentReplaceBehavior [ RunTime:0.000098s ]
INFO: [ template_filter ] --END-- [ RunTime:0.000187s ]
INFO: Run Behavior\ParseTemplateBehavior [ RunTime:0.013259s ]
INFO: [ view_parse ] --END-- [ RunTime:0.013354s ]
INFO: [ view_filter ] --START--
INFO: Run Behavior\WriteHtmlCacheBehavior [ RunTime:0.000559s ]
INFO: Run Behavior\TokenBuildBehavior [ RunTime:0.000920s ]
INFO: [ view_filter ] --END-- [ RunTime:0.001609s ]
INFO: [ app_end ] --START--
INFO: Run Behavior\ShowPageTraceBehavior [ RunTime:0.000797s ]
INFO: [ app_end ] --END-- [ RunTime:0.000879s ]

