[ 2016-09-18T16:08:37+08:00 ] 127.0.0.1 /admin
INFO: [ app_init ] --START--
INFO: Run Behavior\BuildLiteBehavior [ RunTime:0.000032s ]
INFO: [ app_init ] --END-- [ RunTime:0.001302s ]
INFO: [ app_begin ] --START--
INFO: Run Behavior\ReadHtmlCacheBehavior [ RunTime:0.025565s ]
INFO: [ app_begin ] --END-- [ RunTime:0.025673s ]
SQL: SHOW COLUMNS FROM `m_admin_infor` [ RunTime:0.0061s ]
SQL: SELECT * FROM `m_admin_infor` WHERE ( id=1 ) LIMIT 1   [ RunTime:0.0006s ]
INFO: [ view_parse ] --START--
INFO: [ template_filter ] --START--
INFO: Run Behavior\ContentReplaceBehavior [ RunTime:0.000079s ]
INFO: [ template_filter ] --END-- [ RunTime:0.000170s ]
INFO: Run Behavior\ParseTemplateBehavior [ RunTime:0.011550s ]
INFO: [ view_parse ] --END-- [ RunTime:0.011665s ]
INFO: [ view_filter ] --START--
INFO: Run Behavior\WriteHtmlCacheBehavior [ RunTime:0.046774s ]
INFO: Run Behavior\TokenBuildBehavior [ RunTime:0.001277s ]
INFO: [ view_filter ] --END-- [ RunTime:0.048196s ]
INFO: [ app_end ] --START--
INFO: Run Behavior\ShowPageTraceBehavior [ RunTime:0.001384s ]
INFO: [ app_end ] --END-- [ RunTime:0.001477s ]

[ 2016-09-18T16:08:37+08:00 ] 127.0.0.1 /Admin/Login/index.html
INFO: [ app_init ] --START--
INFO: Run Behavior\BuildLiteBehavior [ RunTime:0.000049s ]
INFO: [ app_init ] --END-- [ RunTime:0.000831s ]
INFO: [ app_begin ] --START--
INFO: Run Behavior\ReadHtmlCacheBehavior [ RunTime:0.000718s ]
INFO: [ app_begin ] --END-- [ RunTime:0.000822s ]
SQL: SHOW COLUMNS FROM `m_admin_infor` [ RunTime:0.0065s ]
SQL: SELECT * FROM `m_admin_infor` WHERE ( id=1 ) LIMIT 1   [ RunTime:0.0004s ]
NOTIC: [8] Undefined index: url_to E:\wamp\www\jiangzipinpin\Application\Admin\Controller\LoginController.class.php 第 10 行.
NOTIC: [8] Undefined index: url_to E:\wamp\www\jiangzipinpin\Application\Admin\Controller\LoginController.class.php 第 12 行.
INFO: [ view_parse ] --START--
INFO: [ template_filter ] --START--
INFO: Run Behavior\ContentReplaceBehavior [ RunTime:0.000105s ]
INFO: [ template_filter ] --END-- [ RunTime:0.000204s ]
NOTIC: [8] Undefined variable: infor_mima E:\wamp\www\jiangzipinpin\Application\Runtime\Cache\Admin\286f14c479e57cdb25987680ec610826.php 第 49 行.
INFO: Run Behavior\ParseTemplateBehavior [ RunTime:0.028118s ]
INFO: [ view_parse ] --END-- [ RunTime:0.028212s ]
INFO: [ view_filter ] --START--
INFO: Run Behavior\WriteHtmlCacheBehavior [ RunTime:0.000664s ]
INFO: Run Behavior\TokenBuildBehavior [ RunTime:0.000854s ]
INFO: [ view_filter ] --END-- [ RunTime:0.001684s ]
INFO: [ app_end ] --START--
INFO: Run Behavior\ShowPageTraceBehavior [ RunTime:0.001314s ]
INFO: [ app_end ] --END-- [ RunTime:0.001443s ]

[ 2016-09-18T16:08:39+08:00 ] 127.0.0.1 /Admin/login/login.html
INFO: [ app_init ] --START--
INFO: Run Behavior\BuildLiteBehavior [ RunTime:0.000024s ]
INFO: [ app_init ] --END-- [ RunTime:0.000615s ]
INFO: [ app_begin ] --START--
INFO: Run Behavior\ReadHtmlCacheBehavior [ RunTime:0.000711s ]
INFO: [ app_begin ] --END-- [ RunTime:0.000809s ]
SQL: SHOW COLUMNS FROM `m_admin_infor` [ RunTime:0.0049s ]
SQL: SELECT * FROM `m_admin_infor` WHERE ( id=1 ) LIMIT 1   [ RunTime:0.0003s ]
SQL: SHOW COLUMNS FROM `m_admin_user` [ RunTime:0.1023s ]
SQL: SELECT COUNT(*) AS tp_count FROM `m_admin_user` WHERE ( mobile_phone='13574506835' ) LIMIT 1   [ RunTime:0.0009s ]
SQL: SELECT `ad_salt` FROM `m_admin_user` WHERE ( mobile_phone='13574506835' ) LIMIT 1   [ RunTime:0.0003s ]
SQL: SELECT COUNT(*) AS tp_count FROM `m_admin_user` WHERE ( mobile_phone='13574506835' and password='f9241fc0fe6db8097a92f8f978e9586a' ) LIMIT 1   [ RunTime:0.0003s ]

[ 2016-09-18T16:08:39+08:00 ] 127.0.0.1 /Admin/Login/chenggong.html
INFO: [ app_init ] --START--
INFO: Run Behavior\BuildLiteBehavior [ RunTime:0.000043s ]
INFO: [ app_init ] --END-- [ RunTime:0.000848s ]
INFO: [ app_begin ] --START--
INFO: Run Behavior\ReadHtmlCacheBehavior [ RunTime:0.000971s ]
INFO: [ app_begin ] --END-- [ RunTime:0.001161s ]
SQL: SHOW COLUMNS FROM `m_admin_infor` [ RunTime:0.0069s ]
SQL: SELECT * FROM `m_admin_infor` WHERE ( id=1 ) LIMIT 1   [ RunTime:0.0004s ]
NOTIC: [8] Undefined variable: dlm E:\wamp\www\jiangzipinpin\Application\Admin\Controller\LoginController.class.php 第 52 行.
NOTIC: [8] Undefined variable: mima E:\wamp\www\jiangzipinpin\Application\Admin\Controller\LoginController.class.php 第 52 行.
SQL: SHOW COLUMNS FROM `m_admin_user` [ RunTime:0.0057s ]
NOTIC: [2048] mktime(): You should be using the time() function instead E:\wamp\www\jiangzipinpin\Application\Admin\Controller\LoginController.class.php 第 58 行.
SQL: UPDATE `m_admin_user` SET `last_login`='1474186119',`last_ip`='127.0.0.1' WHERE ( mobile_phone='13574506835' ) [ RunTime:0.0410s ]
SQL: SELECT `user_id` FROM `m_admin_user` WHERE ( mobile_phone='13574506835' ) LIMIT 1   [ RunTime:0.0004s ]
SQL: SELECT `user_name` FROM `m_admin_user` WHERE ( mobile_phone='13574506835' ) LIMIT 1   [ RunTime:0.0003s ]
SQL: SELECT `last_login` FROM `m_admin_user` WHERE ( mobile_phone='13574506835' ) LIMIT 1   [ RunTime:0.0002s ]

[ 2016-09-18T16:08:39+08:00 ] 127.0.0.1 /Admin/index/index.html
INFO: [ app_init ] --START--
INFO: Run Behavior\BuildLiteBehavior [ RunTime:0.000025s ]
INFO: [ app_init ] --END-- [ RunTime:0.000539s ]
INFO: [ app_begin ] --START--
INFO: Run Behavior\ReadHtmlCacheBehavior [ RunTime:0.000647s ]
INFO: [ app_begin ] --END-- [ RunTime:0.000748s ]
SQL: SHOW COLUMNS FROM `m_admin_infor` [ RunTime:0.0049s ]
SQL: SELECT * FROM `m_admin_infor` WHERE ( id=1 ) LIMIT 1   [ RunTime:0.0005s ]
INFO: [ view_parse ] --START--
INFO: [ template_filter ] --START--
INFO: Run Behavior\ContentReplaceBehavior [ RunTime:0.000076s ]
INFO: [ template_filter ] --END-- [ RunTime:0.000163s ]
INFO: Run Behavior\ParseTemplateBehavior [ RunTime:0.007833s ]
INFO: [ view_parse ] --END-- [ RunTime:0.007961s ]
INFO: [ view_filter ] --START--
INFO: Run Behavior\WriteHtmlCacheBehavior [ RunTime:0.000499s ]
INFO: Run Behavior\TokenBuildBehavior [ RunTime:0.000646s ]
INFO: [ view_filter ] --END-- [ RunTime:0.001276s ]
INFO: [ app_end ] --START--
INFO: Run Behavior\ShowPageTraceBehavior [ RunTime:0.000693s ]
INFO: [ app_end ] --END-- [ RunTime:0.000770s ]

[ 2016-09-18T16:08:39+08:00 ] 127.0.0.1 /Admin/Index/top.html
INFO: [ app_init ] --START--
INFO: Run Behavior\BuildLiteBehavior [ RunTime:0.000041s ]
INFO: [ app_init ] --END-- [ RunTime:0.000825s ]
INFO: [ app_begin ] --START--
INFO: Run Behavior\ReadHtmlCacheBehavior [ RunTime:0.000961s ]
INFO: [ app_begin ] --END-- [ RunTime:0.001159s ]
SQL: SHOW COLUMNS FROM `m_admin_infor` [ RunTime:0.0073s ]
SQL: SELECT * FROM `m_admin_infor` WHERE ( id=1 ) LIMIT 1   [ RunTime:0.0005s ]
INFO: [ view_parse ] --START--
INFO: [ template_filter ] --START--
INFO: Run Behavior\ContentReplaceBehavior [ RunTime:0.000098s ]
INFO: [ template_filter ] --END-- [ RunTime:0.000206s ]
INFO: Run Behavior\ParseTemplateBehavior [ RunTime:0.012843s ]
INFO: [ view_parse ] --END-- [ RunTime:0.013054s ]
INFO: [ view_filter ] --START--
INFO: Run Behavior\WriteHtmlCacheBehavior [ RunTime:0.000762s ]
INFO: Run Behavior\TokenBuildBehavior [ RunTime:0.001395s ]
INFO: [ view_filter ] --END-- [ RunTime:0.002481s ]
INFO: [ app_end ] --START--
INFO: Run Behavior\ShowPageTraceBehavior [ RunTime:0.001287s ]
INFO: [ app_end ] --END-- [ RunTime:0.001465s ]

[ 2016-09-18T16:08:39+08:00 ] 127.0.0.1 /Admin/Index/menu.html
INFO: [ app_init ] --START--
INFO: Run Behavior\BuildLiteBehavior [ RunTime:0.000028s ]
INFO: [ app_init ] --END-- [ RunTime:0.000595s ]
INFO: [ app_begin ] --START--
INFO: Run Behavior\ReadHtmlCacheBehavior [ RunTime:0.001172s ]
INFO: [ app_begin ] --END-- [ RunTime:0.001361s ]
SQL: SHOW COLUMNS FROM `m_admin_infor` [ RunTime:0.0069s ]
SQL: SELECT * FROM `m_admin_infor` WHERE ( id=1 ) LIMIT 1   [ RunTime:0.0005s ]
INFO: [ view_parse ] --START--
INFO: [ template_filter ] --START--
INFO: Run Behavior\ContentReplaceBehavior [ RunTime:0.000234s ]
INFO: [ template_filter ] --END-- [ RunTime:0.000449s ]
INFO: Run Behavior\ParseTemplateBehavior [ RunTime:0.024381s ]
INFO: [ view_parse ] --END-- [ RunTime:0.024564s ]
INFO: [ view_filter ] --START--
INFO: Run Behavior\WriteHtmlCacheBehavior [ RunTime:0.000630s ]
INFO: Run Behavior\TokenBuildBehavior [ RunTime:0.000931s ]
INFO: [ view_filter ] --END-- [ RunTime:0.001711s ]
INFO: [ app_end ] --START--
INFO: Run Behavior\ShowPageTraceBehavior [ RunTime:0.001207s ]
INFO: [ app_end ] --END-- [ RunTime:0.001384s ]

[ 2016-09-18T16:08:39+08:00 ] 127.0.0.1 /Admin/Index/drag.html
INFO: [ app_init ] --START--
INFO: Run Behavior\BuildLiteBehavior [ RunTime:0.000038s ]
INFO: [ app_init ] --END-- [ RunTime:0.000846s ]
INFO: [ app_begin ] --START--
INFO: Run Behavior\ReadHtmlCacheBehavior [ RunTime:0.001174s ]
INFO: [ app_begin ] --END-- [ RunTime:0.001368s ]
SQL: SHOW COLUMNS FROM `m_admin_infor` [ RunTime:0.0099s ]
SQL: SELECT * FROM `m_admin_infor` WHERE ( id=1 ) LIMIT 1   [ RunTime:0.0004s ]
INFO: [ view_parse ] --START--
INFO: [ template_filter ] --START--
INFO: Run Behavior\ContentReplaceBehavior [ RunTime:0.000145s ]
INFO: [ template_filter ] --END-- [ RunTime:0.000312s ]
INFO: Run Behavior\ParseTemplateBehavior [ RunTime:0.011922s ]
INFO: [ view_parse ] --END-- [ RunTime:0.012080s ]
INFO: [ view_filter ] --START--
INFO: Run Behavior\WriteHtmlCacheBehavior [ RunTime:0.000579s ]
INFO: Run Behavior\TokenBuildBehavior [ RunTime:0.000939s ]
INFO: [ view_filter ] --END-- [ RunTime:0.001740s ]
INFO: [ app_end ] --START--
INFO: Run Behavior\ShowPageTraceBehavior [ RunTime:0.001115s ]
INFO: [ app_end ] --END-- [ RunTime:0.001264s ]

[ 2016-09-18T16:08:39+08:00 ] 127.0.0.1 /Admin/Index/main.html
INFO: [ app_init ] --START--
INFO: Run Behavior\BuildLiteBehavior [ RunTime:0.000044s ]
INFO: [ app_init ] --END-- [ RunTime:0.001085s ]
INFO: [ app_begin ] --START--
INFO: Run Behavior\ReadHtmlCacheBehavior [ RunTime:0.001068s ]
INFO: [ app_begin ] --END-- [ RunTime:0.001228s ]
SQL: SHOW COLUMNS FROM `m_admin_infor` [ RunTime:0.0056s ]
SQL: SELECT * FROM `m_admin_infor` WHERE ( id=1 ) LIMIT 1   [ RunTime:0.0003s ]
INFO: [ view_parse ] --START--
INFO: [ template_filter ] --START--
INFO: Run Behavior\ContentReplaceBehavior [ RunTime:0.000114s ]
INFO: [ template_filter ] --END-- [ RunTime:0.000234s ]
INFO: Run Behavior\ParseTemplateBehavior [ RunTime:0.009761s ]
INFO: [ view_parse ] --END-- [ RunTime:0.009897s ]
INFO: [ view_filter ] --START--
INFO: Run Behavior\WriteHtmlCacheBehavior [ RunTime:0.000510s ]
INFO: Run Behavior\TokenBuildBehavior [ RunTime:0.000878s ]
INFO: [ view_filter ] --END-- [ RunTime:0.001548s ]
INFO: [ app_end ] --START--
INFO: Run Behavior\ShowPageTraceBehavior [ RunTime:0.001298s ]
INFO: [ app_end ] --END-- [ RunTime:0.001446s ]

[ 2016-09-18T16:08:42+08:00 ] 127.0.0.1 /Admin/Ordermanage/index.html
INFO: [ app_init ] --START--
INFO: Run Behavior\BuildLiteBehavior [ RunTime:0.000028s ]
INFO: [ app_init ] --END-- [ RunTime:0.000597s ]
INFO: [ app_begin ] --START--
INFO: Run Behavior\ReadHtmlCacheBehavior [ RunTime:0.000756s ]
INFO: [ app_begin ] --END-- [ RunTime:0.000850s ]
SQL: SHOW COLUMNS FROM `m_admin_infor` [ RunTime:0.0051s ]
SQL: SELECT * FROM `m_admin_infor` WHERE ( id=1 ) LIMIT 1   [ RunTime:0.0004s ]
SQL: SHOW COLUMNS FROM `m_order` [ RunTime:0.0060s ]
NOTIC: [8] Undefined index: status E:\wamp\www\jiangzipinpin\Application\Admin\Controller\OrdermanageController.class.php 第 8 行.
SQL: SELECT COUNT(*) AS tp_count FROM `m_order` WHERE ( deleted=0 ) LIMIT 1   [ RunTime:0.0109s ]
SQL: SHOW COLUMNS FROM `m_order` [ RunTime:0.0061s ]
SQL: SELECT * FROM m_order t1,m_users t2 WHERE ( t1.user_id=t2.user_id and t1.deleted=0 ) ORDER BY t1.order_id desc LIMIT 0,10   [ RunTime:0.0241s ]
INFO: [ view_parse ] --START--
INFO: [ template_filter ] --START--
INFO: Run Behavior\ContentReplaceBehavior [ RunTime:0.000123s ]
INFO: [ template_filter ] --END-- [ RunTime:0.000239s ]
INFO: Run Behavior\ParseTemplateBehavior [ RunTime:0.015616s ]
INFO: [ view_parse ] --END-- [ RunTime:0.015722s ]
INFO: [ view_filter ] --START--
INFO: Run Behavior\WriteHtmlCacheBehavior [ RunTime:0.000675s ]
INFO: Run Behavior\TokenBuildBehavior [ RunTime:0.000971s ]
INFO: [ view_filter ] --END-- [ RunTime:0.001778s ]
INFO: [ app_end ] --START--
INFO: Run Behavior\ShowPageTraceBehavior [ RunTime:0.000840s ]
INFO: [ app_end ] --END-- [ RunTime:0.000936s ]

[ 2016-09-18T16:08:45+08:00 ] 127.0.0.1 /Admin/Ordermanage/fahuo/order_id/571.html
INFO: [ app_init ] --START--
INFO: Run Behavior\BuildLiteBehavior [ RunTime:0.000026s ]
INFO: [ app_init ] --END-- [ RunTime:0.000533s ]
INFO: [ app_begin ] --START--
INFO: Run Behavior\ReadHtmlCacheBehavior [ RunTime:0.000921s ]
INFO: [ app_begin ] --END-- [ RunTime:0.001064s ]
SQL: SHOW COLUMNS FROM `m_admin_infor` [ RunTime:0.0064s ]
SQL: SELECT * FROM `m_admin_infor` WHERE ( id=1 ) LIMIT 1   [ RunTime:0.0004s ]
INFO: [ view_parse ] --START--
INFO: [ template_filter ] --START--
INFO: Run Behavior\ContentReplaceBehavior [ RunTime:0.000178s ]
INFO: [ template_filter ] --END-- [ RunTime:0.000323s ]
INFO: Run Behavior\ParseTemplateBehavior [ RunTime:0.034840s ]
INFO: [ view_parse ] --END-- [ RunTime:0.034957s ]
INFO: [ view_filter ] --START--
INFO: Run Behavior\WriteHtmlCacheBehavior [ RunTime:0.000683s ]
INFO: Run Behavior\TokenBuildBehavior [ RunTime:0.001234s ]
INFO: [ view_filter ] --END-- [ RunTime:0.002113s ]
INFO: [ app_end ] --START--
INFO: Run Behavior\ShowPageTraceBehavior [ RunTime:0.000935s ]
INFO: [ app_end ] --END-- [ RunTime:0.001052s ]

[ 2016-09-18T16:09:05+08:00 ] 127.0.0.1 /Admin/index/index.html
INFO: [ app_init ] --START--
INFO: Run Behavior\BuildLiteBehavior [ RunTime:0.000026s ]
INFO: [ app_init ] --END-- [ RunTime:0.000546s ]
INFO: [ app_begin ] --START--
INFO: Run Behavior\ReadHtmlCacheBehavior [ RunTime:0.000832s ]
INFO: [ app_begin ] --END-- [ RunTime:0.000958s ]
SQL: SHOW COLUMNS FROM `m_admin_infor` [ RunTime:0.0066s ]
SQL: SELECT * FROM `m_admin_infor` WHERE ( id=1 ) LIMIT 1   [ RunTime:0.0005s ]
INFO: [ view_parse ] --START--
INFO: [ template_filter ] --START--
INFO: Run Behavior\ContentReplaceBehavior [ RunTime:0.000160s ]
INFO: [ template_filter ] --END-- [ RunTime:0.000410s ]
INFO: Run Behavior\ParseTemplateBehavior [ RunTime:0.016206s ]
INFO: [ view_parse ] --END-- [ RunTime:0.016412s ]
INFO: [ view_filter ] --START--
INFO: Run Behavior\WriteHtmlCacheBehavior [ RunTime:0.000828s ]
INFO: Run Behavior\TokenBuildBehavior [ RunTime:0.001225s ]
INFO: [ view_filter ] --END-- [ RunTime:0.002318s ]
INFO: [ app_end ] --START--
INFO: Run Behavior\ShowPageTraceBehavior [ RunTime:0.001405s ]
INFO: [ app_end ] --END-- [ RunTime:0.001583s ]

[ 2016-09-18T16:09:06+08:00 ] 127.0.0.1 /Admin/Index/menu.html
INFO: [ app_init ] --START--
INFO: Run Behavior\BuildLiteBehavior [ RunTime:0.000038s ]
INFO: [ app_init ] --END-- [ RunTime:0.000897s ]
INFO: [ app_begin ] --START--
INFO: Run Behavior\ReadHtmlCacheBehavior [ RunTime:0.001150s ]
INFO: [ app_begin ] --END-- [ RunTime:0.001344s ]
SQL: SHOW COLUMNS FROM `m_admin_infor` [ RunTime:0.0069s ]
SQL: SELECT * FROM `m_admin_infor` WHERE ( id=1 ) LIMIT 1   [ RunTime:0.0006s ]
INFO: [ view_parse ] --START--
INFO: [ template_filter ] --START--
INFO: Run Behavior\ContentReplaceBehavior [ RunTime:0.000199s ]
INFO: [ template_filter ] --END-- [ RunTime:0.000376s ]
INFO: Run Behavior\ParseTemplateBehavior [ RunTime:0.020002s ]
INFO: [ view_parse ] --END-- [ RunTime:0.020243s ]
INFO: [ view_filter ] --START--
INFO: Run Behavior\WriteHtmlCacheBehavior [ RunTime:0.000715s ]
INFO: Run Behavior\TokenBuildBehavior [ RunTime:0.001265s ]
INFO: [ view_filter ] --END-- [ RunTime:0.002208s ]
INFO: [ app_end ] --START--
INFO: Run Behavior\ShowPageTraceBehavior [ RunTime:0.001346s ]
INFO: [ app_end ] --END-- [ RunTime:0.001543s ]

[ 2016-09-18T16:09:06+08:00 ] 127.0.0.1 /Admin/Index/top.html
INFO: [ app_init ] --START--
INFO: Run Behavior\BuildLiteBehavior [ RunTime:0.000039s ]
INFO: [ app_init ] --END-- [ RunTime:0.000891s ]
INFO: [ app_begin ] --START--
INFO: Run Behavior\ReadHtmlCacheBehavior [ RunTime:0.001144s ]
INFO: [ app_begin ] --END-- [ RunTime:0.001309s ]
SQL: SHOW COLUMNS FROM `m_admin_infor` [ RunTime:0.0061s ]
SQL: SELECT * FROM `m_admin_infor` WHERE ( id=1 ) LIMIT 1   [ RunTime:0.0003s ]
INFO: [ view_parse ] --START--
INFO: [ template_filter ] --START--
INFO: Run Behavior\ContentReplaceBehavior [ RunTime:0.000166s ]
INFO: [ template_filter ] --END-- [ RunTime:0.000394s ]
INFO: Run Behavior\ParseTemplateBehavior [ RunTime:0.011802s ]
INFO: [ view_parse ] --END-- [ RunTime:0.011933s ]
INFO: [ view_filter ] --START--
INFO: Run Behavior\WriteHtmlCacheBehavior [ RunTime:0.000619s ]
INFO: Run Behavior\TokenBuildBehavior [ RunTime:0.000740s ]
INFO: [ view_filter ] --END-- [ RunTime:0.001542s ]
INFO: [ app_end ] --START--
INFO: Run Behavior\ShowPageTraceBehavior [ RunTime:0.000833s ]
INFO: [ app_end ] --END-- [ RunTime:0.000934s ]

[ 2016-09-18T16:09:06+08:00 ] 127.0.0.1 /Admin/Index/drag.html
INFO: [ app_init ] --START--
INFO: Run Behavior\BuildLiteBehavior [ RunTime:0.000043s ]
INFO: [ app_init ] --END-- [ RunTime:0.000832s ]
INFO: [ app_begin ] --START--
INFO: Run Behavior\ReadHtmlCacheBehavior [ RunTime:0.000988s ]
INFO: [ app_begin ] --END-- [ RunTime:0.001173s ]
SQL: SHOW COLUMNS FROM `m_admin_infor` [ RunTime:0.0070s ]
SQL: SELECT * FROM `m_admin_infor` WHERE ( id=1 ) LIMIT 1   [ RunTime:0.0004s ]
INFO: [ view_parse ] --START--
INFO: [ template_filter ] --START--
INFO: Run Behavior\ContentReplaceBehavior [ RunTime:0.000141s ]
INFO: [ template_filter ] --END-- [ RunTime:0.000309s ]
INFO: Run Behavior\ParseTemplateBehavior [ RunTime:0.010546s ]
INFO: [ view_parse ] --END-- [ RunTime:0.010734s ]
INFO: [ view_filter ] --START--
INFO: Run Behavior\WriteHtmlCacheBehavior [ RunTime:0.000842s ]
INFO: Run Behavior\TokenBuildBehavior [ RunTime:0.001148s ]
INFO: [ view_filter ] --END-- [ RunTime:0.002267s ]
INFO: [ app_end ] --START--
INFO: Run Behavior\ShowPageTraceBehavior [ RunTime:0.001524s ]
INFO: [ app_end ] --END-- [ RunTime:0.001700s ]

[ 2016-09-18T16:09:06+08:00 ] 127.0.0.1 /Admin/Index/main.html
INFO: [ app_init ] --START--
INFO: Run Behavior\BuildLiteBehavior [ RunTime:0.000027s ]
INFO: [ app_init ] --END-- [ RunTime:0.000565s ]
INFO: [ app_begin ] --START--
INFO: Run Behavior\ReadHtmlCacheBehavior [ RunTime:0.000669s ]
INFO: [ app_begin ] --END-- [ RunTime:0.000774s ]
SQL: SHOW COLUMNS FROM `m_admin_infor` [ RunTime:0.0058s ]
SQL: SELECT * FROM `m_admin_infor` WHERE ( id=1 ) LIMIT 1   [ RunTime:0.0005s ]
INFO: [ view_parse ] --START--
INFO: [ template_filter ] --START--
INFO: Run Behavior\ContentReplaceBehavior [ RunTime:0.000131s ]
INFO: [ template_filter ] --END-- [ RunTime:0.000308s ]
INFO: Run Behavior\ParseTemplateBehavior [ RunTime:0.012309s ]
INFO: [ view_parse ] --END-- [ RunTime:0.012451s ]
INFO: [ view_filter ] --START--
INFO: Run Behavior\WriteHtmlCacheBehavior [ RunTime:0.000567s ]
INFO: Run Behavior\TokenBuildBehavior [ RunTime:0.000746s ]
INFO: [ view_filter ] --END-- [ RunTime:0.001486s ]
INFO: [ app_end ] --START--
INFO: Run Behavior\ShowPageTraceBehavior [ RunTime:0.000875s ]
INFO: [ app_end ] --END-- [ RunTime:0.000990s ]

[ 2016-09-18T16:09:08+08:00 ] 127.0.0.1 /Admin/Ordermanage/index.html
INFO: [ app_init ] --START--
INFO: Run Behavior\BuildLiteBehavior [ RunTime:0.000049s ]
INFO: [ app_init ] --END-- [ RunTime:0.001091s ]
INFO: [ app_begin ] --START--
INFO: Run Behavior\ReadHtmlCacheBehavior [ RunTime:0.000774s ]
INFO: [ app_begin ] --END-- [ RunTime:0.000901s ]
SQL: SHOW COLUMNS FROM `m_admin_infor` [ RunTime:0.0061s ]
SQL: SELECT * FROM `m_admin_infor` WHERE ( id=1 ) LIMIT 1   [ RunTime:0.0003s ]
SQL: SHOW COLUMNS FROM `m_order` [ RunTime:0.0081s ]
NOTIC: [8] Undefined index: status E:\wamp\www\jiangzipinpin\Application\Admin\Controller\OrdermanageController.class.php 第 8 行.
SQL: SELECT COUNT(*) AS tp_count FROM `m_order` WHERE ( deleted=0 ) LIMIT 1   [ RunTime:0.0006s ]
SQL: SHOW COLUMNS FROM `m_order` [ RunTime:0.0060s ]
SQL: SELECT * FROM m_order t1,m_users t2 WHERE ( t1.user_id=t2.user_id and t1.deleted=0 ) ORDER BY t1.order_id desc LIMIT 0,10   [ RunTime:0.0084s ]
INFO: [ view_parse ] --START--
INFO: [ template_filter ] --START--
INFO: Run Behavior\ContentReplaceBehavior [ RunTime:0.000208s ]
INFO: [ template_filter ] --END-- [ RunTime:0.000384s ]
INFO: Run Behavior\ParseTemplateBehavior [ RunTime:0.017105s ]
INFO: [ view_parse ] --END-- [ RunTime:0.017212s ]
INFO: [ view_filter ] --START--
INFO: Run Behavior\WriteHtmlCacheBehavior [ RunTime:0.000622s ]
INFO: Run Behavior\TokenBuildBehavior [ RunTime:0.000988s ]
INFO: [ view_filter ] --END-- [ RunTime:0.001752s ]
INFO: [ app_end ] --START--
INFO: Run Behavior\ShowPageTraceBehavior [ RunTime:0.000814s ]
INFO: [ app_end ] --END-- [ RunTime:0.000914s ]

[ 2016-09-18T16:09:09+08:00 ] 127.0.0.1 /Admin/Ordermanage/fahuo/order_id/571.html
INFO: [ app_init ] --START--
INFO: Run Behavior\BuildLiteBehavior [ RunTime:0.000025s ]
INFO: [ app_init ] --END-- [ RunTime:0.000607s ]
INFO: [ app_begin ] --START--
INFO: Run Behavior\ReadHtmlCacheBehavior [ RunTime:0.000715s ]
INFO: [ app_begin ] --END-- [ RunTime:0.000803s ]
SQL: SHOW COLUMNS FROM `m_admin_infor` [ RunTime:0.0051s ]
SQL: SELECT * FROM `m_admin_infor` WHERE ( id=1 ) LIMIT 1   [ RunTime:0.0003s ]
INFO: [ view_parse ] --START--
INFO: [ template_filter ] --START--
INFO: Run Behavior\ContentReplaceBehavior [ RunTime:0.000139s ]
INFO: [ template_filter ] --END-- [ RunTime:0.000233s ]
INFO: Run Behavior\ParseTemplateBehavior [ RunTime:0.011149s ]
INFO: [ view_parse ] --END-- [ RunTime:0.011240s ]
INFO: [ view_filter ] --START--
INFO: Run Behavior\WriteHtmlCacheBehavior [ RunTime:0.000628s ]
INFO: Run Behavior\TokenBuildBehavior [ RunTime:0.001027s ]
INFO: [ view_filter ] --END-- [ RunTime:0.001784s ]
INFO: [ app_end ] --START--
INFO: Run Behavior\ShowPageTraceBehavior [ RunTime:0.000848s ]
INFO: [ app_end ] --END-- [ RunTime:0.000934s ]

[ 2016-09-18T16:09:33+08:00 ] 127.0.0.1 /Admin/Ordermanage/fahuo/order_id/571.html
INFO: [ app_init ] --START--
INFO: Run Behavior\BuildLiteBehavior [ RunTime:0.000023s ]
INFO: [ app_init ] --END-- [ RunTime:0.000564s ]
INFO: [ app_begin ] --START--
INFO: Run Behavior\ReadHtmlCacheBehavior [ RunTime:0.000631s ]
INFO: [ app_begin ] --END-- [ RunTime:0.000723s ]
SQL: SHOW COLUMNS FROM `m_admin_infor` [ RunTime:0.0051s ]
SQL: SELECT * FROM `m_admin_infor` WHERE ( id=1 ) LIMIT 1   [ RunTime:0.0004s ]
INFO: [ view_parse ] --START--
INFO: [ template_filter ] --START--
INFO: Run Behavior\ContentReplaceBehavior [ RunTime:0.000174s ]
INFO: [ template_filter ] --END-- [ RunTime:0.000264s ]
INFO: Run Behavior\ParseTemplateBehavior [ RunTime:0.010428s ]
INFO: [ view_parse ] --END-- [ RunTime:0.010574s ]
INFO: [ view_filter ] --START--
INFO: Run Behavior\WriteHtmlCacheBehavior [ RunTime:0.000618s ]
INFO: Run Behavior\TokenBuildBehavior [ RunTime:0.000982s ]
INFO: [ view_filter ] --END-- [ RunTime:0.001751s ]
INFO: [ app_end ] --START--
INFO: Run Behavior\ShowPageTraceBehavior [ RunTime:0.000817s ]
INFO: [ app_end ] --END-- [ RunTime:0.000908s ]

[ 2016-09-18T16:10:49+08:00 ] 127.0.0.1 /Admin/Ordermanage/fahuo/order_id/571.html
INFO: [ app_init ] --START--
INFO: Run Behavior\BuildLiteBehavior [ RunTime:0.000051s ]
INFO: [ app_init ] --END-- [ RunTime:0.001012s ]
INFO: [ app_begin ] --START--
INFO: Run Behavior\ReadHtmlCacheBehavior [ RunTime:0.001205s ]
INFO: [ app_begin ] --END-- [ RunTime:0.001402s ]
SQL: SHOW COLUMNS FROM `m_admin_infor` [ RunTime:0.0090s ]
SQL: SELECT * FROM `m_admin_infor` WHERE ( id=1 ) LIMIT 1   [ RunTime:0.0005s ]
INFO: [ view_parse ] --START--
INFO: [ template_filter ] --START--
INFO: Run Behavior\ContentReplaceBehavior [ RunTime:0.000272s ]
INFO: [ template_filter ] --END-- [ RunTime:0.000461s ]
INFO: Run Behavior\ParseTemplateBehavior [ RunTime:0.018441s ]
INFO: [ view_parse ] --END-- [ RunTime:0.018588s ]
INFO: [ view_filter ] --START--
INFO: Run Behavior\WriteHtmlCacheBehavior [ RunTime:0.000577s ]
INFO: Run Behavior\TokenBuildBehavior [ RunTime:0.001084s ]
INFO: [ view_filter ] --END-- [ RunTime:0.001837s ]
INFO: [ app_end ] --START--
INFO: Run Behavior\ShowPageTraceBehavior [ RunTime:0.000864s ]
INFO: [ app_end ] --END-- [ RunTime:0.000979s ]

[ 2016-09-18T16:11:25+08:00 ] 127.0.0.1 /Admin/Ordermanage/fahuo/order_id/571.html
INFO: [ app_init ] --START--
INFO: Run Behavior\BuildLiteBehavior [ RunTime:0.000022s ]
INFO: [ app_init ] --END-- [ RunTime:0.000564s ]
INFO: [ app_begin ] --START--
INFO: Run Behavior\ReadHtmlCacheBehavior [ RunTime:0.000626s ]
INFO: [ app_begin ] --END-- [ RunTime:0.000745s ]
SQL: SHOW COLUMNS FROM `m_admin_infor` [ RunTime:0.0050s ]
SQL: SELECT * FROM `m_admin_infor` WHERE ( id=1 ) LIMIT 1   [ RunTime:0.0004s ]
INFO: [ view_parse ] --START--
INFO: [ template_filter ] --START--
INFO: Run Behavior\ContentReplaceBehavior [ RunTime:0.000138s ]
INFO: [ template_filter ] --END-- [ RunTime:0.000228s ]
INFO: Run Behavior\ParseTemplateBehavior [ RunTime:0.010440s ]
INFO: [ view_parse ] --END-- [ RunTime:0.010542s ]
INFO: [ view_filter ] --START--
INFO: Run Behavior\WriteHtmlCacheBehavior [ RunTime:0.000552s ]
INFO: Run Behavior\TokenBuildBehavior [ RunTime:0.001247s ]
INFO: [ view_filter ] --END-- [ RunTime:0.001958s ]
INFO: [ app_end ] --START--
INFO: Run Behavior\ShowPageTraceBehavior [ RunTime:0.000873s ]
INFO: [ app_end ] --END-- [ RunTime:0.000979s ]

[ 2016-09-18T21:25:34+08:00 ] 127.0.0.1 /Admin/Ordermanage/fahuo/order_id/571.html
INFO: [ app_init ] --START--
INFO: Run Behavior\BuildLiteBehavior [ RunTime:0.000026s ]
INFO: [ app_init ] --END-- [ RunTime:0.001183s ]
INFO: [ app_begin ] --START--
INFO: Run Behavior\ReadHtmlCacheBehavior [ RunTime:0.015405s ]
INFO: [ app_begin ] --END-- [ RunTime:0.015514s ]
SQL: SHOW COLUMNS FROM `m_admin_infor` [ RunTime:0.0073s ]
SQL: SELECT * FROM `m_admin_infor` WHERE ( id=1 ) LIMIT 1   [ RunTime:0.0006s ]
INFO: [ view_parse ] --START--
INFO: [ template_filter ] --START--
INFO: Run Behavior\ContentReplaceBehavior [ RunTime:0.000141s ]
INFO: [ template_filter ] --END-- [ RunTime:0.000247s ]
INFO: Run Behavior\ParseTemplateBehavior [ RunTime:0.014726s ]
INFO: [ view_parse ] --END-- [ RunTime:0.014827s ]
INFO: [ view_filter ] --START--
INFO: Run Behavior\WriteHtmlCacheBehavior [ RunTime:0.002101s ]
INFO: Run Behavior\TokenBuildBehavior [ RunTime:0.001516s ]
INFO: [ view_filter ] --END-- [ RunTime:0.003785s ]
INFO: [ app_end ] --START--
INFO: Run Behavior\ShowPageTraceBehavior [ RunTime:0.001375s ]
INFO: [ app_end ] --END-- [ RunTime:0.001477s ]

[ 2016-09-18T21:26:30+08:00 ] 127.0.0.1 /Admin/Ordermanage/fahuo/order_id/571.html
INFO: [ app_init ] --START--
INFO: Run Behavior\BuildLiteBehavior [ RunTime:0.000027s ]
INFO: [ app_init ] --END-- [ RunTime:0.000653s ]
INFO: [ app_begin ] --START--
INFO: Run Behavior\ReadHtmlCacheBehavior [ RunTime:0.000639s ]
INFO: [ app_begin ] --END-- [ RunTime:0.000729s ]
SQL: SHOW COLUMNS FROM `m_admin_infor` [ RunTime:0.0059s ]
SQL: SELECT * FROM `m_admin_infor` WHERE ( id=1 ) LIMIT 1   [ RunTime:0.0004s ]
INFO: [ view_parse ] --START--
INFO: [ template_filter ] --START--
INFO: Run Behavior\ContentReplaceBehavior [ RunTime:0.000160s ]
INFO: [ template_filter ] --END-- [ RunTime:0.000270s ]
INFO: Run Behavior\ParseTemplateBehavior [ RunTime:0.010457s ]
INFO: [ view_parse ] --END-- [ RunTime:0.010552s ]
INFO: [ view_filter ] --START--
INFO: Run Behavior\WriteHtmlCacheBehavior [ RunTime:0.000578s ]
INFO: Run Behavior\TokenBuildBehavior [ RunTime:0.001011s ]
INFO: [ view_filter ] --END-- [ RunTime:0.001713s ]
INFO: [ app_end ] --START--
INFO: Run Behavior\ShowPageTraceBehavior [ RunTime:0.000768s ]
INFO: [ app_end ] --END-- [ RunTime:0.000858s ]

[ 2016-09-18T21:27:44+08:00 ] 127.0.0.1 /Admin/Ordermanage/fahuo/order_id/571.html
INFO: [ app_init ] --START--
INFO: Run Behavior\BuildLiteBehavior [ RunTime:0.000029s ]
INFO: [ app_init ] --END-- [ RunTime:0.000633s ]
INFO: [ app_begin ] --START--
INFO: Run Behavior\ReadHtmlCacheBehavior [ RunTime:0.000774s ]
INFO: [ app_begin ] --END-- [ RunTime:0.000888s ]
SQL: SHOW COLUMNS FROM `m_admin_infor` [ RunTime:0.0086s ]
SQL: SELECT * FROM `m_admin_infor` WHERE ( id=1 ) LIMIT 1   [ RunTime:0.0016s ]
INFO: [ view_parse ] --START--
INFO: [ template_filter ] --START--
INFO: Run Behavior\ContentReplaceBehavior [ RunTime:0.000175s ]
INFO: [ template_filter ] --END-- [ RunTime:0.000282s ]
INFO: Run Behavior\ParseTemplateBehavior [ RunTime:0.010939s ]
INFO: [ view_parse ] --END-- [ RunTime:0.011061s ]
INFO: [ view_filter ] --START--
INFO: Run Behavior\WriteHtmlCacheBehavior [ RunTime:0.000662s ]
INFO: Run Behavior\TokenBuildBehavior [ RunTime:0.001692s ]
INFO: [ view_filter ] --END-- [ RunTime:0.002708s ]
INFO: [ app_end ] --START--
INFO: Run Behavior\ShowPageTraceBehavior [ RunTime:0.001147s ]
INFO: [ app_end ] --END-- [ RunTime:0.001302s ]

[ 2016-09-18T21:27:56+08:00 ] 127.0.0.1 /Admin/Ordermanage/fahuo/order_id/571.html
INFO: [ app_init ] --START--
INFO: Run Behavior\BuildLiteBehavior [ RunTime:0.000026s ]
INFO: [ app_init ] --END-- [ RunTime:0.000551s ]
INFO: [ app_begin ] --START--
INFO: Run Behavior\ReadHtmlCacheBehavior [ RunTime:0.000657s ]
INFO: [ app_begin ] --END-- [ RunTime:0.000765s ]
SQL: SHOW COLUMNS FROM `m_admin_infor` [ RunTime:0.0073s ]
SQL: SELECT * FROM `m_admin_infor` WHERE ( id=1 ) LIMIT 1   [ RunTime:0.0005s ]
INFO: [ view_parse ] --START--
INFO: [ template_filter ] --START--
INFO: Run Behavior\ContentReplaceBehavior [ RunTime:0.000297s ]
INFO: [ template_filter ] --END-- [ RunTime:0.000480s ]
INFO: Run Behavior\ParseTemplateBehavior [ RunTime:0.013142s ]
INFO: [ view_parse ] --END-- [ RunTime:0.013474s ]
INFO: [ view_filter ] --START--
INFO: Run Behavior\WriteHtmlCacheBehavior [ RunTime:0.001331s ]
INFO: Run Behavior\TokenBuildBehavior [ RunTime:0.001653s ]
INFO: [ view_filter ] --END-- [ RunTime:0.003304s ]
INFO: [ app_end ] --START--
INFO: Run Behavior\ShowPageTraceBehavior [ RunTime:0.000880s ]
INFO: [ app_end ] --END-- [ RunTime:0.000992s ]

[ 2016-09-18T21:28:42+08:00 ] 127.0.0.1 /Admin/Ordermanage/fahuo/order_id/571.html
INFO: [ app_init ] --START--
INFO: Run Behavior\BuildLiteBehavior [ RunTime:0.000028s ]
INFO: [ app_init ] --END-- [ RunTime:0.000578s ]
INFO: [ app_begin ] --START--
INFO: Run Behavior\ReadHtmlCacheBehavior [ RunTime:0.000729s ]
INFO: [ app_begin ] --END-- [ RunTime:0.000846s ]
SQL: SHOW COLUMNS FROM `m_admin_infor` [ RunTime:0.0054s ]
SQL: SELECT * FROM `m_admin_infor` WHERE ( id=1 ) LIMIT 1   [ RunTime:0.0003s ]
INFO: [ view_parse ] --START--
INFO: [ template_filter ] --START--
INFO: Run Behavior\ContentReplaceBehavior [ RunTime:0.000165s ]
INFO: [ template_filter ] --END-- [ RunTime:0.000274s ]
INFO: Run Behavior\ParseTemplateBehavior [ RunTime:0.013244s ]
INFO: [ view_parse ] --END-- [ RunTime:0.013382s ]
INFO: [ view_filter ] --START--
INFO: Run Behavior\WriteHtmlCacheBehavior [ RunTime:0.001525s ]
INFO: Run Behavior\TokenBuildBehavior [ RunTime:0.002969s ]
INFO: [ view_filter ] --END-- [ RunTime:0.004941s ]
INFO: [ app_end ] --START--
INFO: Run Behavior\ShowPageTraceBehavior [ RunTime:0.000988s ]
INFO: [ app_end ] --END-- [ RunTime:0.001129s ]

[ 2016-09-18T21:31:10+08:00 ] 127.0.0.1 /Admin/Ordermanage/fahuo/order_id/571.html
INFO: [ app_init ] --START--
INFO: Run Behavior\BuildLiteBehavior [ RunTime:0.000029s ]
INFO: [ app_init ] --END-- [ RunTime:0.000663s ]
INFO: [ app_begin ] --START--
INFO: Run Behavior\ReadHtmlCacheBehavior [ RunTime:0.001129s ]
INFO: [ app_begin ] --END-- [ RunTime:0.001272s ]
SQL: SHOW COLUMNS FROM `m_admin_infor` [ RunTime:0.0066s ]
SQL: SELECT * FROM `m_admin_infor` WHERE ( id=1 ) LIMIT 1   [ RunTime:0.0006s ]
INFO: [ view_parse ] --START--
INFO: [ template_filter ] --START--
INFO: Run Behavior\ContentReplaceBehavior [ RunTime:0.000238s ]
INFO: [ template_filter ] --END-- [ RunTime:0.000405s ]
INFO: Run Behavior\ParseTemplateBehavior [ RunTime:0.017858s ]
INFO: [ view_parse ] --END-- [ RunTime:0.018031s ]
INFO: [ view_filter ] --START--
INFO: Run Behavior\WriteHtmlCacheBehavior [ RunTime:0.000817s ]
INFO: Run Behavior\TokenBuildBehavior [ RunTime:0.001315s ]
INFO: [ view_filter ] --END-- [ RunTime:0.002356s ]
INFO: [ app_end ] --START--
INFO: Run Behavior\ShowPageTraceBehavior [ RunTime:0.000847s ]
INFO: [ app_end ] --END-- [ RunTime:0.000974s ]

[ 2016-09-18T22:00:29+08:00 ] 127.0.0.1 /Admin/Ordermanage/fahuo/order_id/571.html
INFO: [ app_init ] --START--
INFO: Run Behavior\BuildLiteBehavior [ RunTime:0.000044s ]
INFO: [ app_init ] --END-- [ RunTime:0.001045s ]
INFO: [ app_begin ] --START--
INFO: Run Behavior\ReadHtmlCacheBehavior [ RunTime:0.001141s ]
INFO: [ app_begin ] --END-- [ RunTime:0.001298s ]
SQL: SHOW COLUMNS FROM `m_admin_infor` [ RunTime:0.0083s ]
SQL: SELECT * FROM `m_admin_infor` WHERE ( id=1 ) LIMIT 1   [ RunTime:0.0006s ]
INFO: [ view_parse ] --START--
INFO: [ template_filter ] --START--
INFO: Run Behavior\ContentReplaceBehavior [ RunTime:0.000185s ]
INFO: [ template_filter ] --END-- [ RunTime:0.000277s ]
INFO: Run Behavior\ParseTemplateBehavior [ RunTime:0.012389s ]
INFO: [ view_parse ] --END-- [ RunTime:0.012522s ]
INFO: [ view_filter ] --START--
INFO: Run Behavior\WriteHtmlCacheBehavior [ RunTime:0.000546s ]
INFO: Run Behavior\TokenBuildBehavior [ RunTime:0.000946s ]
INFO: [ view_filter ] --END-- [ RunTime:0.001634s ]
INFO: [ app_end ] --START--
INFO: Run Behavior\ShowPageTraceBehavior [ RunTime:0.000758s ]
INFO: [ app_end ] --END-- [ RunTime:0.000863s ]

[ 2016-09-18T22:15:51+08:00 ] 127.0.0.1 /Admin/Ordermanage/fahuo/order_id/571.html
INFO: [ app_init ] --START--
INFO: Run Behavior\BuildLiteBehavior [ RunTime:0.000028s ]
INFO: [ app_init ] --END-- [ RunTime:0.000820s ]
INFO: [ app_begin ] --START--
INFO: Run Behavior\ReadHtmlCacheBehavior [ RunTime:0.000784s ]
INFO: [ app_begin ] --END-- [ RunTime:0.000901s ]
SQL: SHOW COLUMNS FROM `m_admin_infor` [ RunTime:0.0060s ]
SQL: SELECT * FROM `m_admin_infor` WHERE ( id=1 ) LIMIT 1   [ RunTime:0.0005s ]
INFO: [ view_parse ] --START--
INFO: [ template_filter ] --START--
INFO: Run Behavior\ContentReplaceBehavior [ RunTime:0.000139s ]
INFO: [ template_filter ] --END-- [ RunTime:0.000228s ]
INFO: Run Behavior\ParseTemplateBehavior [ RunTime:0.010736s ]
INFO: [ view_parse ] --END-- [ RunTime:0.010858s ]
INFO: [ view_filter ] --START--
INFO: Run Behavior\WriteHtmlCacheBehavior [ RunTime:0.000609s ]
INFO: Run Behavior\TokenBuildBehavior [ RunTime:0.001061s ]
INFO: [ view_filter ] --END-- [ RunTime:0.001828s ]
INFO: [ app_end ] --START--
INFO: Run Behavior\ShowPageTraceBehavior [ RunTime:0.000866s ]
INFO: [ app_end ] --END-- [ RunTime:0.000971s ]

[ 2016-09-18T22:16:57+08:00 ] 127.0.0.1 /Admin/Ordermanage/fahuo/order_id/571.html
INFO: [ app_init ] --START--
INFO: Run Behavior\BuildLiteBehavior [ RunTime:0.000026s ]
INFO: [ app_init ] --END-- [ RunTime:0.000534s ]
INFO: [ app_begin ] --START--
INFO: Run Behavior\ReadHtmlCacheBehavior [ RunTime:0.000850s ]
INFO: [ app_begin ] --END-- [ RunTime:0.001051s ]
SQL: SHOW COLUMNS FROM `m_admin_infor` [ RunTime:0.0076s ]
SQL: SELECT * FROM `m_admin_infor` WHERE ( id=1 ) LIMIT 1   [ RunTime:0.0004s ]
INFO: [ view_parse ] --START--
INFO: [ template_filter ] --START--
INFO: Run Behavior\ContentReplaceBehavior [ RunTime:0.000173s ]
INFO: [ template_filter ] --END-- [ RunTime:0.000298s ]
INFO: Run Behavior\ParseTemplateBehavior [ RunTime:0.012945s ]
INFO: [ view_parse ] --END-- [ RunTime:0.013078s ]
INFO: [ view_filter ] --START--
INFO: Run Behavior\WriteHtmlCacheBehavior [ RunTime:0.000600s ]
INFO: Run Behavior\TokenBuildBehavior [ RunTime:0.001029s ]
INFO: [ view_filter ] --END-- [ RunTime:0.001799s ]
INFO: [ app_end ] --START--
INFO: Run Behavior\ShowPageTraceBehavior [ RunTime:0.000980s ]
INFO: [ app_end ] --END-- [ RunTime:0.001092s ]

