[ 2016-10-01T16:13:35+08:00 ] 127.0.0.1 /Admin/index/index.html
INFO: [ app_init ] --START--
INFO: Run Behavior\BuildLiteBehavior [ RunTime:0.000024s ]
INFO: [ app_init ] --END-- [ RunTime:0.000610s ]
INFO: [ app_begin ] --START--
INFO: Run Behavior\ReadHtmlCacheBehavior [ RunTime:0.001130s ]
INFO: [ app_begin ] --END-- [ RunTime:0.001292s ]
SQL: SHOW COLUMNS FROM `m_admin_infor` [ RunTime:0.0082s ]
SQL: SELECT * FROM `m_admin_infor` WHERE ( id=1 ) LIMIT 1   [ RunTime:0.0004s ]
INFO: [ view_parse ] --START--
INFO: [ template_filter ] --START--
INFO: Run Behavior\ContentReplaceBehavior [ RunTime:0.000097s ]
INFO: [ template_filter ] --END-- [ RunTime:0.000203s ]
INFO: Run Behavior\ParseTemplateBehavior [ RunTime:0.036927s ]
INFO: [ view_parse ] --END-- [ RunTime:0.037060s ]
INFO: [ view_filter ] --START--
INFO: Run Behavior\WriteHtmlCacheBehavior [ RunTime:0.000637s ]
INFO: Run Behavior\TokenBuildBehavior [ RunTime:0.000828s ]
INFO: [ view_filter ] --END-- [ RunTime:0.001592s ]
INFO: [ app_end ] --START--
INFO: Run Behavior\ShowPageTraceBehavior [ RunTime:0.000885s ]
INFO: [ app_end ] --END-- [ RunTime:0.000965s ]

[ 2016-10-01T16:13:37+08:00 ] 127.0.0.1 /Admin/Index/top.html
INFO: [ app_init ] --START--
INFO: Run Behavior\BuildLiteBehavior [ RunTime:0.000037s ]
INFO: [ app_init ] --END-- [ RunTime:0.000905s ]
INFO: [ app_begin ] --START--
INFO: Run Behavior\ReadHtmlCacheBehavior [ RunTime:0.001332s ]
INFO: [ app_begin ] --END-- [ RunTime:0.001508s ]
SQL: SHOW COLUMNS FROM `m_admin_infor` [ RunTime:0.0055s ]
SQL: SELECT * FROM `m_admin_infor` WHERE ( id=1 ) LIMIT 1   [ RunTime:0.0004s ]
INFO: [ view_parse ] --START--
INFO: [ template_filter ] --START--
INFO: Run Behavior\ContentReplaceBehavior [ RunTime:0.000094s ]
INFO: [ template_filter ] --END-- [ RunTime:0.000216s ]
INFO: Run Behavior\ParseTemplateBehavior [ RunTime:0.040254s ]
INFO: [ view_parse ] --END-- [ RunTime:0.040430s ]
INFO: [ view_filter ] --START--
INFO: Run Behavior\WriteHtmlCacheBehavior [ RunTime:0.000612s ]
INFO: Run Behavior\TokenBuildBehavior [ RunTime:0.000773s ]
INFO: [ view_filter ] --END-- [ RunTime:0.001524s ]
INFO: [ app_end ] --START--
INFO: Run Behavior\ShowPageTraceBehavior [ RunTime:0.000820s ]
INFO: [ app_end ] --END-- [ RunTime:0.000901s ]

[ 2016-10-01T16:13:37+08:00 ] 127.0.0.1 /Admin/Index/menu.html
INFO: [ app_init ] --START--
INFO: Run Behavior\BuildLiteBehavior [ RunTime:0.000042s ]
INFO: [ app_init ] --END-- [ RunTime:0.000877s ]
INFO: [ app_begin ] --START--
INFO: Run Behavior\ReadHtmlCacheBehavior [ RunTime:0.004022s ]
INFO: [ app_begin ] --END-- [ RunTime:0.004205s ]
SQL: SHOW COLUMNS FROM `m_admin_infor` [ RunTime:0.0072s ]
SQL: SELECT * FROM `m_admin_infor` WHERE ( id=1 ) LIMIT 1   [ RunTime:0.0004s ]
INFO: [ view_parse ] --START--
INFO: [ template_filter ] --START--
INFO: Run Behavior\ContentReplaceBehavior [ RunTime:0.000126s ]
INFO: [ template_filter ] --END-- [ RunTime:0.000244s ]
INFO: Run Behavior\ParseTemplateBehavior [ RunTime:0.041969s ]
INFO: [ view_parse ] --END-- [ RunTime:0.042099s ]
INFO: [ view_filter ] --START--
INFO: Run Behavior\WriteHtmlCacheBehavior [ RunTime:0.000774s ]
INFO: Run Behavior\TokenBuildBehavior [ RunTime:0.001159s ]
INFO: [ view_filter ] --END-- [ RunTime:0.002137s ]
INFO: [ app_end ] --START--
INFO: Run Behavior\ShowPageTraceBehavior [ RunTime:0.001452s ]
INFO: [ app_end ] --END-- [ RunTime:0.001574s ]

[ 2016-10-01T16:13:37+08:00 ] 127.0.0.1 /Admin/Index/main.html
INFO: [ app_init ] --START--
INFO: Run Behavior\BuildLiteBehavior [ RunTime:0.000039s ]
INFO: [ app_init ] --END-- [ RunTime:0.000756s ]
INFO: [ app_begin ] --START--
INFO: Run Behavior\ReadHtmlCacheBehavior [ RunTime:0.003793s ]
INFO: [ app_begin ] --END-- [ RunTime:0.003985s ]
SQL: SHOW COLUMNS FROM `m_admin_infor` [ RunTime:0.0056s ]
SQL: SELECT * FROM `m_admin_infor` WHERE ( id=1 ) LIMIT 1   [ RunTime:0.0003s ]
INFO: [ view_parse ] --START--
INFO: [ template_filter ] --START--
INFO: Run Behavior\ContentReplaceBehavior [ RunTime:0.000146s ]
INFO: [ template_filter ] --END-- [ RunTime:0.000301s ]
INFO: Run Behavior\ParseTemplateBehavior [ RunTime:0.009695s ]
INFO: [ view_parse ] --END-- [ RunTime:0.009872s ]
INFO: [ view_filter ] --START--
INFO: Run Behavior\WriteHtmlCacheBehavior [ RunTime:0.000962s ]
INFO: Run Behavior\TokenBuildBehavior [ RunTime:0.001276s ]
INFO: [ view_filter ] --END-- [ RunTime:0.002477s ]
INFO: [ app_end ] --START--
INFO: Run Behavior\ShowPageTraceBehavior [ RunTime:0.000943s ]
INFO: [ app_end ] --END-- [ RunTime:0.001023s ]

[ 2016-10-01T16:13:37+08:00 ] 127.0.0.1 /Admin/Index/drag.html
INFO: [ app_init ] --START--
INFO: Run Behavior\BuildLiteBehavior [ RunTime:0.000027s ]
INFO: [ app_init ] --END-- [ RunTime:0.000728s ]
INFO: [ app_begin ] --START--
INFO: Run Behavior\ReadHtmlCacheBehavior [ RunTime:0.000987s ]
INFO: [ app_begin ] --END-- [ RunTime:0.001104s ]
SQL: SHOW COLUMNS FROM `m_admin_infor` [ RunTime:0.0079s ]
SQL: SELECT * FROM `m_admin_infor` WHERE ( id=1 ) LIMIT 1   [ RunTime:0.0005s ]
INFO: [ view_parse ] --START--
INFO: [ template_filter ] --START--
INFO: Run Behavior\ContentReplaceBehavior [ RunTime:0.000090s ]
INFO: [ template_filter ] --END-- [ RunTime:0.000199s ]
INFO: Run Behavior\ParseTemplateBehavior [ RunTime:0.052626s ]
INFO: [ view_parse ] --END-- [ RunTime:0.052776s ]
INFO: [ view_filter ] --START--
INFO: Run Behavior\WriteHtmlCacheBehavior [ RunTime:0.000643s ]
INFO: Run Behavior\TokenBuildBehavior [ RunTime:0.000865s ]
INFO: [ view_filter ] --END-- [ RunTime:0.001726s ]
INFO: [ app_end ] --START--
INFO: Run Behavior\ShowPageTraceBehavior [ RunTime:0.001076s ]
INFO: [ app_end ] --END-- [ RunTime:0.001209s ]

[ 2016-10-01T16:13:42+08:00 ] 127.0.0.1 /Admin/Goodsmanage/index.html
INFO: [ app_init ] --START--
INFO: Run Behavior\BuildLiteBehavior [ RunTime:0.000025s ]
INFO: [ app_init ] --END-- [ RunTime:0.000652s ]
INFO: [ app_begin ] --START--
INFO: Run Behavior\ReadHtmlCacheBehavior [ RunTime:0.001027s ]
INFO: [ app_begin ] --END-- [ RunTime:0.001146s ]
SQL: SHOW COLUMNS FROM `m_admin_infor` [ RunTime:0.0057s ]
SQL: SELECT * FROM `m_admin_infor` WHERE ( id=1 ) LIMIT 1   [ RunTime:0.0003s ]
SQL: SHOW COLUMNS FROM `m_category` [ RunTime:0.0068s ]
SQL: SELECT `cat_name` FROM `m_category` WHERE ( pid<>0 and deleted=0 )  [ RunTime:0.0040s ]
SQL: SHOW COLUMNS FROM `m_goods` [ RunTime:0.0083s ]
NOTIC: [8] Undefined index: serch E:\wamp\www\jiangzipinpin\Application\Admin\Controller\GoodsmanageController.class.php 第 20 行.
SQL: SELECT COUNT(*) AS tp_count FROM `m_goods` WHERE ( cat_name='水果' and is_delete=0 ) LIMIT 1   [ RunTime:0.0655s ]
SQL: SELECT * FROM `m_goods` WHERE ( cat_name='水果' and is_delete=0 ) ORDER BY goods_id desc LIMIT 0,10   [ RunTime:0.0017s ]
INFO: [ view_parse ] --START--
INFO: [ template_filter ] --START--
INFO: Run Behavior\ContentReplaceBehavior [ RunTime:0.000139s ]
INFO: [ template_filter ] --END-- [ RunTime:0.000262s ]
NOTIC: [8] Undefined variable: 鲜榨果汁 E:\wamp\www\jiangzipinpin\Application\Runtime\Cache\Admin\44be48c52c819b74b3b0b16f06fea967.php 第 38 行.
NOTIC: [8] Undefined variable: 甜品 E:\wamp\www\jiangzipinpin\Application\Runtime\Cache\Admin\44be48c52c819b74b3b0b16f06fea967.php 第 38 行.
NOTIC: [8] Undefined variable: 零食 E:\wamp\www\jiangzipinpin\Application\Runtime\Cache\Admin\44be48c52c819b74b3b0b16f06fea967.php 第 38 行.
NOTIC: [8] Undefined variable: 粉磨食品 E:\wamp\www\jiangzipinpin\Application\Runtime\Cache\Admin\44be48c52c819b74b3b0b16f06fea967.php 第 38 行.
NOTIC: [8] Undefined variable: 饮料 E:\wamp\www\jiangzipinpin\Application\Runtime\Cache\Admin\44be48c52c819b74b3b0b16f06fea967.php 第 38 行.
NOTIC: [8] Undefined variable: 乳制品 E:\wamp\www\jiangzipinpin\Application\Runtime\Cache\Admin\44be48c52c819b74b3b0b16f06fea967.php 第 38 行.
NOTIC: [8] Undefined variable: 罐头食品 E:\wamp\www\jiangzipinpin\Application\Runtime\Cache\Admin\44be48c52c819b74b3b0b16f06fea967.php 第 38 行.
INFO: Run Behavior\ParseTemplateBehavior [ RunTime:0.020450s ]
INFO: [ view_parse ] --END-- [ RunTime:0.020545s ]
INFO: [ view_filter ] --START--
INFO: Run Behavior\WriteHtmlCacheBehavior [ RunTime:0.000671s ]
INFO: Run Behavior\TokenBuildBehavior [ RunTime:0.001334s ]
INFO: [ view_filter ] --END-- [ RunTime:0.002193s ]
INFO: [ app_end ] --START--
INFO: Run Behavior\ShowPageTraceBehavior [ RunTime:0.000938s ]
INFO: [ app_end ] --END-- [ RunTime:0.001059s ]

[ 2016-10-01T16:13:43+08:00 ] 127.0.0.1 /Admin/Goodsmanage/goods_editor/goods_id/233.html
INFO: [ app_init ] --START--
INFO: Run Behavior\BuildLiteBehavior [ RunTime:0.000024s ]
INFO: [ app_init ] --END-- [ RunTime:0.000724s ]
INFO: [ app_begin ] --START--
INFO: Run Behavior\ReadHtmlCacheBehavior [ RunTime:0.000803s ]
INFO: [ app_begin ] --END-- [ RunTime:0.000892s ]
SQL: SHOW COLUMNS FROM `m_admin_infor` [ RunTime:0.0054s ]
SQL: SELECT * FROM `m_admin_infor` WHERE ( id=1 ) LIMIT 1   [ RunTime:0.0003s ]
SQL: SHOW COLUMNS FROM `m_shops` [ RunTime:0.0061s ]
SQL: SELECT `shop_name` FROM `m_shops`  [ RunTime:0.0003s ]
SQL: SHOW COLUMNS FROM `m_goods` [ RunTime:0.0063s ]
SQL: SELECT * FROM `m_goods` WHERE ( goods_id=233 ) LIMIT 1   [ RunTime:0.0004s ]
SQL: SHOW COLUMNS FROM `m_category` [ RunTime:0.0064s ]
SQL: SELECT `cat_name` FROM `m_category` WHERE ( pid<>0 and deleted=0 )  [ RunTime:0.0003s ]
SQL: SELECT `shuxing` FROM `m_category` WHERE ( cat_name='水果' ) LIMIT 1   [ RunTime:0.0003s ]
INFO: [ view_parse ] --START--
INFO: [ template_filter ] --START--
INFO: Run Behavior\ContentReplaceBehavior [ RunTime:0.000222s ]
INFO: [ template_filter ] --END-- [ RunTime:0.000322s ]
NOTIC: [8] Undefined variable: 鲜榨果汁 E:\wamp\www\jiangzipinpin\Application\Runtime\Cache\Admin\cced33554f449b6a496b0f71c6f7ff10.php 第 40 行.
NOTIC: [8] Undefined variable: 甜品 E:\wamp\www\jiangzipinpin\Application\Runtime\Cache\Admin\cced33554f449b6a496b0f71c6f7ff10.php 第 40 行.
NOTIC: [8] Undefined variable: 零食 E:\wamp\www\jiangzipinpin\Application\Runtime\Cache\Admin\cced33554f449b6a496b0f71c6f7ff10.php 第 40 行.
NOTIC: [8] Undefined variable: 粉磨食品 E:\wamp\www\jiangzipinpin\Application\Runtime\Cache\Admin\cced33554f449b6a496b0f71c6f7ff10.php 第 40 行.
NOTIC: [8] Undefined variable: 饮料 E:\wamp\www\jiangzipinpin\Application\Runtime\Cache\Admin\cced33554f449b6a496b0f71c6f7ff10.php 第 40 行.
NOTIC: [8] Undefined variable: 乳制品 E:\wamp\www\jiangzipinpin\Application\Runtime\Cache\Admin\cced33554f449b6a496b0f71c6f7ff10.php 第 40 行.
NOTIC: [8] Undefined variable: 罐头食品 E:\wamp\www\jiangzipinpin\Application\Runtime\Cache\Admin\cced33554f449b6a496b0f71c6f7ff10.php 第 40 行.
NOTIC: [8] Undefined variable: 榴莲 E:\wamp\www\jiangzipinpin\Application\Runtime\Cache\Admin\cced33554f449b6a496b0f71c6f7ff10.php 第 155 行.
NOTIC: [8] Undefined variable: 菠萝 E:\wamp\www\jiangzipinpin\Application\Runtime\Cache\Admin\cced33554f449b6a496b0f71c6f7ff10.php 第 155 行.
NOTIC: [8] Undefined variable: 火龙果 E:\wamp\www\jiangzipinpin\Application\Runtime\Cache\Admin\cced33554f449b6a496b0f71c6f7ff10.php 第 155 行.
NOTIC: [8] Undefined variable: 石榴 E:\wamp\www\jiangzipinpin\Application\Runtime\Cache\Admin\cced33554f449b6a496b0f71c6f7ff10.php 第 155 行.
NOTIC: [8] Use of undefined constant goods_img - assumed 'goods_img' E:\wamp\www\jiangzipinpin\Application\Runtime\Cache\Admin\cced33554f449b6a496b0f71c6f7ff10.php 第 274 行.
INFO: Run Behavior\ParseTemplateBehavior [ RunTime:0.097092s ]
INFO: [ view_parse ] --END-- [ RunTime:0.097187s ]
INFO: [ view_filter ] --START--
INFO: Run Behavior\WriteHtmlCacheBehavior [ RunTime:0.000661s ]
INFO: Run Behavior\TokenBuildBehavior [ RunTime:0.020189s ]
INFO: [ view_filter ] --END-- [ RunTime:0.020990s ]
INFO: [ app_end ] --START--
INFO: Run Behavior\ShowPageTraceBehavior [ RunTime:0.000910s ]
INFO: [ app_end ] --END-- [ RunTime:0.000995s ]

