[ 2016-10-02T18:47:24+08:00 ] 127.0.0.1 /Admin/index/index.html
INFO: [ app_init ] --START--
INFO: Run Behavior\BuildLiteBehavior [ RunTime:0.000046s ]
INFO: [ app_init ] --END-- [ RunTime:0.043292s ]
INFO: [ app_begin ] --START--
INFO: Run Behavior\ReadHtmlCacheBehavior [ RunTime:0.042239s ]
INFO: [ app_begin ] --END-- [ RunTime:0.042415s ]
SQL: SHOW COLUMNS FROM `m_admin_infor` [ RunTime:0.0456s ]
SQL: SELECT * FROM `m_admin_infor` WHERE ( id=1 ) LIMIT 1   [ RunTime:0.0006s ]
INFO: [ view_parse ] --START--
INFO: [ template_filter ] --START--
INFO: Run Behavior\ContentReplaceBehavior [ RunTime:0.000090s ]
INFO: [ template_filter ] --END-- [ RunTime:0.000221s ]
INFO: Run Behavior\ParseTemplateBehavior [ RunTime:0.244751s ]
INFO: [ view_parse ] --END-- [ RunTime:0.244953s ]
INFO: [ view_filter ] --START--
INFO: Run Behavior\WriteHtmlCacheBehavior [ RunTime:0.020551s ]
INFO: Run Behavior\TokenBuildBehavior [ RunTime:0.011079s ]
INFO: [ view_filter ] --END-- [ RunTime:0.031808s ]
INFO: [ app_end ] --START--
INFO: Run Behavior\ShowPageTraceBehavior [ RunTime:0.024906s ]
INFO: [ app_end ] --END-- [ RunTime:0.025055s ]

[ 2016-10-02T18:47:28+08:00 ] 127.0.0.1 /Admin/Index/menu.html
INFO: [ app_init ] --START--
INFO: Run Behavior\BuildLiteBehavior [ RunTime:0.000042s ]
INFO: [ app_init ] --END-- [ RunTime:0.000876s ]
INFO: [ app_begin ] --START--
INFO: Run Behavior\ReadHtmlCacheBehavior [ RunTime:0.001400s ]
INFO: [ app_begin ] --END-- [ RunTime:0.001583s ]
SQL: SHOW COLUMNS FROM `m_admin_infor` [ RunTime:0.0079s ]
SQL: SELECT * FROM `m_admin_infor` WHERE ( id=1 ) LIMIT 1   [ RunTime:0.0005s ]
INFO: [ view_parse ] --START--
INFO: [ template_filter ] --START--
INFO: Run Behavior\ContentReplaceBehavior [ RunTime:0.000210s ]
INFO: [ template_filter ] --END-- [ RunTime:0.000361s ]
INFO: Run Behavior\ParseTemplateBehavior [ RunTime:0.068995s ]
INFO: [ view_parse ] --END-- [ RunTime:0.069188s ]
INFO: [ view_filter ] --START--
INFO: Run Behavior\WriteHtmlCacheBehavior [ RunTime:0.000848s ]
INFO: Run Behavior\TokenBuildBehavior [ RunTime:0.001114s ]
INFO: [ view_filter ] --END-- [ RunTime:0.002200s ]
INFO: [ app_end ] --START--
INFO: Run Behavior\ShowPageTraceBehavior [ RunTime:0.001462s ]
INFO: [ app_end ] --END-- [ RunTime:0.001626s ]

[ 2016-10-02T18:47:28+08:00 ] 127.0.0.1 /Admin/Index/top.html
INFO: [ app_init ] --START--
INFO: Run Behavior\BuildLiteBehavior [ RunTime:0.000045s ]
INFO: [ app_init ] --END-- [ RunTime:0.001015s ]
INFO: [ app_begin ] --START--
INFO: Run Behavior\ReadHtmlCacheBehavior [ RunTime:0.001350s ]
INFO: [ app_begin ] --END-- [ RunTime:0.001550s ]
SQL: SHOW COLUMNS FROM `m_admin_infor` [ RunTime:0.0121s ]
SQL: SELECT * FROM `m_admin_infor` WHERE ( id=1 ) LIMIT 1   [ RunTime:0.0003s ]
INFO: [ view_parse ] --START--
INFO: [ template_filter ] --START--
INFO: Run Behavior\ContentReplaceBehavior [ RunTime:0.000102s ]
INFO: [ template_filter ] --END-- [ RunTime:0.000226s ]
INFO: Run Behavior\ParseTemplateBehavior [ RunTime:0.055495s ]
INFO: [ view_parse ] --END-- [ RunTime:0.055614s ]
INFO: [ view_filter ] --START--
INFO: Run Behavior\WriteHtmlCacheBehavior [ RunTime:0.000483s ]
INFO: Run Behavior\TokenBuildBehavior [ RunTime:0.000684s ]
INFO: [ view_filter ] --END-- [ RunTime:0.001299s ]
INFO: [ app_end ] --START--
INFO: Run Behavior\ShowPageTraceBehavior [ RunTime:0.000951s ]
INFO: [ app_end ] --END-- [ RunTime:0.001061s ]

[ 2016-10-02T18:47:28+08:00 ] 127.0.0.1 /Admin/Index/drag.html
INFO: [ app_init ] --START--
INFO: Run Behavior\BuildLiteBehavior [ RunTime:0.000042s ]
INFO: [ app_init ] --END-- [ RunTime:0.000854s ]
INFO: [ app_begin ] --START--
INFO: Run Behavior\ReadHtmlCacheBehavior [ RunTime:0.001441s ]
INFO: [ app_begin ] --END-- [ RunTime:0.001685s ]
SQL: SHOW COLUMNS FROM `m_admin_infor` [ RunTime:0.0046s ]
SQL: SELECT * FROM `m_admin_infor` WHERE ( id=1 ) LIMIT 1   [ RunTime:0.0003s ]
INFO: [ view_parse ] --START--
INFO: [ template_filter ] --START--
INFO: Run Behavior\ContentReplaceBehavior [ RunTime:0.000089s ]
INFO: [ template_filter ] --END-- [ RunTime:0.000208s ]
INFO: Run Behavior\ParseTemplateBehavior [ RunTime:0.010085s ]
INFO: [ view_parse ] --END-- [ RunTime:0.010218s ]
INFO: [ view_filter ] --START--
INFO: Run Behavior\WriteHtmlCacheBehavior [ RunTime:0.000625s ]
INFO: Run Behavior\TokenBuildBehavior [ RunTime:0.000798s ]
INFO: [ view_filter ] --END-- [ RunTime:0.001594s ]
INFO: [ app_end ] --START--
INFO: Run Behavior\ShowPageTraceBehavior [ RunTime:0.000873s ]
INFO: [ app_end ] --END-- [ RunTime:0.000960s ]

[ 2016-10-02T18:47:28+08:00 ] 127.0.0.1 /Admin/Index/main.html
INFO: [ app_init ] --START--
INFO: Run Behavior\BuildLiteBehavior [ RunTime:0.000039s ]
INFO: [ app_init ] --END-- [ RunTime:0.000819s ]
INFO: [ app_begin ] --START--
INFO: Run Behavior\ReadHtmlCacheBehavior [ RunTime:0.001557s ]
INFO: [ app_begin ] --END-- [ RunTime:0.001756s ]
SQL: SHOW COLUMNS FROM `m_admin_infor` [ RunTime:0.0077s ]
SQL: SELECT * FROM `m_admin_infor` WHERE ( id=1 ) LIMIT 1   [ RunTime:0.0004s ]
INFO: [ view_parse ] --START--
INFO: [ template_filter ] --START--
INFO: Run Behavior\ContentReplaceBehavior [ RunTime:0.000089s ]
INFO: [ template_filter ] --END-- [ RunTime:0.000191s ]
INFO: Run Behavior\ParseTemplateBehavior [ RunTime:0.018603s ]
INFO: [ view_parse ] --END-- [ RunTime:0.018781s ]
INFO: [ view_filter ] --START--
INFO: Run Behavior\WriteHtmlCacheBehavior [ RunTime:0.000545s ]
INFO: Run Behavior\TokenBuildBehavior [ RunTime:0.000948s ]
INFO: [ view_filter ] --END-- [ RunTime:0.001650s ]
INFO: [ app_end ] --START--
INFO: Run Behavior\ShowPageTraceBehavior [ RunTime:0.000835s ]
INFO: [ app_end ] --END-- [ RunTime:0.000914s ]

[ 2016-10-02T18:47:33+08:00 ] 127.0.0.1 /Admin/Category/manger.html
INFO: [ app_init ] --START--
INFO: Run Behavior\BuildLiteBehavior [ RunTime:0.000041s ]
INFO: [ app_init ] --END-- [ RunTime:0.000809s ]
INFO: [ app_begin ] --START--
INFO: Run Behavior\ReadHtmlCacheBehavior [ RunTime:0.001313s ]
INFO: [ app_begin ] --END-- [ RunTime:0.001470s ]
SQL: SHOW COLUMNS FROM `m_admin_infor` [ RunTime:0.0084s ]
SQL: SELECT * FROM `m_admin_infor` WHERE ( id=1 ) LIMIT 1   [ RunTime:0.0005s ]
SQL: SHOW COLUMNS FROM `m_category` [ RunTime:0.0088s ]
SQL: SELECT `cat_name` FROM `m_category` WHERE ( pid<>0 and deleted=0 )  [ RunTime:0.0094s ]
SQL: SELECT `shuxing` FROM `m_category` WHERE ( cat_name='水果' ) LIMIT 1   [ RunTime:0.0005s ]
INFO: [ view_parse ] --START--
INFO: [ template_filter ] --START--
INFO: Run Behavior\ContentReplaceBehavior [ RunTime:0.000122s ]
INFO: [ template_filter ] --END-- [ RunTime:0.000231s ]
NOTIC: [8] Undefined variable: 水果 E:\wamp\www\jiangzipinpin\Application\Runtime\Cache\Admin\39c33e45703ccaae69a0da8a2f0ccb2a.php 第 38 行.
NOTIC: [8] Undefined variable: 鲜榨果汁 E:\wamp\www\jiangzipinpin\Application\Runtime\Cache\Admin\39c33e45703ccaae69a0da8a2f0ccb2a.php 第 38 行.
NOTIC: [8] Undefined variable: 甜品 E:\wamp\www\jiangzipinpin\Application\Runtime\Cache\Admin\39c33e45703ccaae69a0da8a2f0ccb2a.php 第 38 行.
NOTIC: [8] Undefined variable: 零食 E:\wamp\www\jiangzipinpin\Application\Runtime\Cache\Admin\39c33e45703ccaae69a0da8a2f0ccb2a.php 第 38 行.
NOTIC: [8] Undefined variable: 粉磨食品 E:\wamp\www\jiangzipinpin\Application\Runtime\Cache\Admin\39c33e45703ccaae69a0da8a2f0ccb2a.php 第 38 行.
NOTIC: [8] Undefined variable: 饮料 E:\wamp\www\jiangzipinpin\Application\Runtime\Cache\Admin\39c33e45703ccaae69a0da8a2f0ccb2a.php 第 38 行.
NOTIC: [8] Undefined variable: 乳制品 E:\wamp\www\jiangzipinpin\Application\Runtime\Cache\Admin\39c33e45703ccaae69a0da8a2f0ccb2a.php 第 38 行.
NOTIC: [8] Undefined variable: 罐头食品 E:\wamp\www\jiangzipinpin\Application\Runtime\Cache\Admin\39c33e45703ccaae69a0da8a2f0ccb2a.php 第 38 行.
INFO: Run Behavior\ParseTemplateBehavior [ RunTime:0.019741s ]
INFO: [ view_parse ] --END-- [ RunTime:0.019864s ]
INFO: [ view_filter ] --START--
INFO: Run Behavior\WriteHtmlCacheBehavior [ RunTime:0.000689s ]
INFO: Run Behavior\TokenBuildBehavior [ RunTime:0.000995s ]
INFO: [ view_filter ] --END-- [ RunTime:0.001834s ]
INFO: [ app_end ] --START--
INFO: Run Behavior\ShowPageTraceBehavior [ RunTime:0.000902s ]
INFO: [ app_end ] --END-- [ RunTime:0.001012s ]

[ 2016-10-02T18:47:35+08:00 ] 127.0.0.1 /Admin/Category/fenlei.html
INFO: [ app_init ] --START--
INFO: Run Behavior\BuildLiteBehavior [ RunTime:0.000040s ]
INFO: [ app_init ] --END-- [ RunTime:0.000779s ]
INFO: [ app_begin ] --START--
INFO: Run Behavior\ReadHtmlCacheBehavior [ RunTime:0.001240s ]
INFO: [ app_begin ] --END-- [ RunTime:0.001421s ]
SQL: SHOW COLUMNS FROM `m_admin_infor` [ RunTime:0.0062s ]
SQL: SELECT * FROM `m_admin_infor` WHERE ( id=1 ) LIMIT 1   [ RunTime:0.0003s ]
SQL: SHOW COLUMNS FROM `m_category` [ RunTime:0.0064s ]
SQL: SELECT * FROM `m_category` WHERE ( pid<>0 and deleted=0 )  [ RunTime:0.0005s ]
SQL: SELECT `cat_name`,`cat_id` FROM `m_category` WHERE ( cat_id=32 ) LIMIT 1   [ RunTime:0.0006s ]
SQL: SELECT `cat_name`,`cat_id` FROM `m_category` WHERE ( cat_id=32 ) LIMIT 1   [ RunTime:0.0300s ]
SQL: SELECT `cat_name`,`cat_id` FROM `m_category` WHERE ( cat_id=34 ) LIMIT 1   [ RunTime:0.0003s ]
SQL: SELECT `cat_name`,`cat_id` FROM `m_category` WHERE ( cat_id=34 ) LIMIT 1   [ RunTime:0.0002s ]
SQL: SELECT `cat_name`,`cat_id` FROM `m_category` WHERE ( cat_id=34 ) LIMIT 1   [ RunTime:0.0004s ]
SQL: SELECT `cat_name`,`cat_id` FROM `m_category` WHERE ( cat_id=39 ) LIMIT 1   [ RunTime:0.0005s ]
SQL: SELECT `cat_name`,`cat_id` FROM `m_category` WHERE ( cat_id=39 ) LIMIT 1   [ RunTime:0.0003s ]
SQL: SELECT `cat_name`,`cat_id` FROM `m_category` WHERE ( cat_id=34 ) LIMIT 1   [ RunTime:0.0002s ]
INFO: [ view_parse ] --START--
INFO: [ template_filter ] --START--
INFO: Run Behavior\ContentReplaceBehavior [ RunTime:0.000180s ]
INFO: [ template_filter ] --END-- [ RunTime:0.000344s ]
NOTIC: [8] Undefined variable: page_foot E:\wamp\www\jiangzipinpin\Application\Runtime\Cache\Admin\ddf8ab676e624abb91cb4017ccf40bda.php 第 54 行.
INFO: Run Behavior\ParseTemplateBehavior [ RunTime:0.017120s ]
INFO: [ view_parse ] --END-- [ RunTime:0.017287s ]
INFO: [ view_filter ] --START--
INFO: Run Behavior\WriteHtmlCacheBehavior [ RunTime:0.000981s ]
INFO: Run Behavior\TokenBuildBehavior [ RunTime:0.001358s ]
INFO: [ view_filter ] --END-- [ RunTime:0.002552s ]
INFO: [ app_end ] --START--
INFO: Run Behavior\ShowPageTraceBehavior [ RunTime:0.001150s ]
INFO: [ app_end ] --END-- [ RunTime:0.001255s ]

[ 2016-10-02T18:50:51+08:00 ] 127.0.0.1 /Admin/Category/manger.html
INFO: [ app_init ] --START--
INFO: Run Behavior\BuildLiteBehavior [ RunTime:0.000029s ]
INFO: [ app_init ] --END-- [ RunTime:0.000748s ]
INFO: [ app_begin ] --START--
INFO: Run Behavior\ReadHtmlCacheBehavior [ RunTime:0.006661s ]
INFO: [ app_begin ] --END-- [ RunTime:0.006770s ]
SQL: SHOW COLUMNS FROM `m_admin_infor` [ RunTime:0.0061s ]
SQL: SELECT * FROM `m_admin_infor` WHERE ( id=1 ) LIMIT 1   [ RunTime:0.0003s ]
SQL: SHOW COLUMNS FROM `m_category` [ RunTime:0.0054s ]
SQL: SELECT `cat_name` FROM `m_category` WHERE ( pid<>0 and deleted=0 )  [ RunTime:0.0003s ]
SQL: SELECT `shuxing` FROM `m_category` WHERE ( cat_name='水果' ) LIMIT 1   [ RunTime:0.0002s ]
INFO: [ view_parse ] --START--
INFO: [ template_filter ] --START--
INFO: Run Behavior\ContentReplaceBehavior [ RunTime:0.000100s ]
INFO: [ template_filter ] --END-- [ RunTime:0.000202s ]
NOTIC: [8] Undefined variable: 水果 E:\wamp\www\jiangzipinpin\Application\Runtime\Cache\Admin\39c33e45703ccaae69a0da8a2f0ccb2a.php 第 38 行.
NOTIC: [8] Undefined variable: 鲜榨果汁 E:\wamp\www\jiangzipinpin\Application\Runtime\Cache\Admin\39c33e45703ccaae69a0da8a2f0ccb2a.php 第 38 行.
NOTIC: [8] Undefined variable: 甜品 E:\wamp\www\jiangzipinpin\Application\Runtime\Cache\Admin\39c33e45703ccaae69a0da8a2f0ccb2a.php 第 38 行.
NOTIC: [8] Undefined variable: 零食 E:\wamp\www\jiangzipinpin\Application\Runtime\Cache\Admin\39c33e45703ccaae69a0da8a2f0ccb2a.php 第 38 行.
NOTIC: [8] Undefined variable: 粉磨食品 E:\wamp\www\jiangzipinpin\Application\Runtime\Cache\Admin\39c33e45703ccaae69a0da8a2f0ccb2a.php 第 38 行.
NOTIC: [8] Undefined variable: 饮料 E:\wamp\www\jiangzipinpin\Application\Runtime\Cache\Admin\39c33e45703ccaae69a0da8a2f0ccb2a.php 第 38 行.
NOTIC: [8] Undefined variable: 乳制品 E:\wamp\www\jiangzipinpin\Application\Runtime\Cache\Admin\39c33e45703ccaae69a0da8a2f0ccb2a.php 第 38 行.
NOTIC: [8] Undefined variable: 罐头食品 E:\wamp\www\jiangzipinpin\Application\Runtime\Cache\Admin\39c33e45703ccaae69a0da8a2f0ccb2a.php 第 38 行.
INFO: Run Behavior\ParseTemplateBehavior [ RunTime:0.013802s ]
INFO: [ view_parse ] --END-- [ RunTime:0.013888s ]
INFO: [ view_filter ] --START--
INFO: Run Behavior\WriteHtmlCacheBehavior [ RunTime:0.043885s ]
INFO: Run Behavior\TokenBuildBehavior [ RunTime:0.033359s ]
INFO: [ view_filter ] --END-- [ RunTime:0.077401s ]
INFO: [ app_end ] --START--
INFO: Run Behavior\ShowPageTraceBehavior [ RunTime:0.001706s ]
INFO: [ app_end ] --END-- [ RunTime:0.001825s ]

[ 2016-10-02T18:51:01+08:00 ] 127.0.0.1 /Admin/Category/manger.html
INFO: [ app_init ] --START--
INFO: Run Behavior\BuildLiteBehavior [ RunTime:0.000026s ]
INFO: [ app_init ] --END-- [ RunTime:0.000571s ]
INFO: [ app_begin ] --START--
INFO: Run Behavior\ReadHtmlCacheBehavior [ RunTime:0.000925s ]
INFO: [ app_begin ] --END-- [ RunTime:0.001021s ]
SQL: SHOW COLUMNS FROM `m_admin_infor` [ RunTime:0.0053s ]
SQL: SELECT * FROM `m_admin_infor` WHERE ( id=1 ) LIMIT 1   [ RunTime:0.0003s ]
SQL: SHOW COLUMNS FROM `m_category` [ RunTime:0.0070s ]
SQL: SELECT `cat_name` FROM `m_category` WHERE ( pid<>0 and deleted=0 )  [ RunTime:0.0004s ]
SQL: SELECT `shuxing` FROM `m_category` WHERE ( cat_name='零食' ) LIMIT 1   [ RunTime:0.0003s ]
INFO: [ view_parse ] --START--
INFO: [ template_filter ] --START--
INFO: Run Behavior\ContentReplaceBehavior [ RunTime:0.000116s ]
INFO: [ template_filter ] --END-- [ RunTime:0.000224s ]
NOTIC: [8] Undefined variable: 水果 E:\wamp\www\jiangzipinpin\Application\Runtime\Cache\Admin\39c33e45703ccaae69a0da8a2f0ccb2a.php 第 38 行.
NOTIC: [8] Undefined variable: 鲜榨果汁 E:\wamp\www\jiangzipinpin\Application\Runtime\Cache\Admin\39c33e45703ccaae69a0da8a2f0ccb2a.php 第 38 行.
NOTIC: [8] Undefined variable: 甜品 E:\wamp\www\jiangzipinpin\Application\Runtime\Cache\Admin\39c33e45703ccaae69a0da8a2f0ccb2a.php 第 38 行.
NOTIC: [8] Undefined variable: 粉磨食品 E:\wamp\www\jiangzipinpin\Application\Runtime\Cache\Admin\39c33e45703ccaae69a0da8a2f0ccb2a.php 第 38 行.
NOTIC: [8] Undefined variable: 饮料 E:\wamp\www\jiangzipinpin\Application\Runtime\Cache\Admin\39c33e45703ccaae69a0da8a2f0ccb2a.php 第 38 行.
NOTIC: [8] Undefined variable: 乳制品 E:\wamp\www\jiangzipinpin\Application\Runtime\Cache\Admin\39c33e45703ccaae69a0da8a2f0ccb2a.php 第 38 行.
NOTIC: [8] Undefined variable: 罐头食品 E:\wamp\www\jiangzipinpin\Application\Runtime\Cache\Admin\39c33e45703ccaae69a0da8a2f0ccb2a.php 第 38 行.
INFO: Run Behavior\ParseTemplateBehavior [ RunTime:0.013558s ]
INFO: [ view_parse ] --END-- [ RunTime:0.013671s ]
INFO: [ view_filter ] --START--
INFO: Run Behavior\WriteHtmlCacheBehavior [ RunTime:0.000718s ]
INFO: Run Behavior\TokenBuildBehavior [ RunTime:0.000873s ]
INFO: [ view_filter ] --END-- [ RunTime:0.001718s ]
INFO: [ app_end ] --START--
INFO: Run Behavior\ShowPageTraceBehavior [ RunTime:0.000848s ]
INFO: [ app_end ] --END-- [ RunTime:0.000927s ]

[ 2016-10-02T18:52:06+08:00 ] 127.0.0.1 /Admin/Category/manger.html
INFO: [ app_init ] --START--
INFO: Run Behavior\BuildLiteBehavior [ RunTime:0.000025s ]
INFO: [ app_init ] --END-- [ RunTime:0.000721s ]
INFO: [ app_begin ] --START--
INFO: Run Behavior\ReadHtmlCacheBehavior [ RunTime:0.000902s ]
INFO: [ app_begin ] --END-- [ RunTime:0.000997s ]
SQL: SHOW COLUMNS FROM `m_admin_infor` [ RunTime:0.0057s ]
SQL: SELECT * FROM `m_admin_infor` WHERE ( id=1 ) LIMIT 1   [ RunTime:0.0004s ]
SQL: SHOW COLUMNS FROM `m_category` [ RunTime:0.0072s ]
SQL: SELECT `cat_name` FROM `m_category` WHERE ( pid<>0 and deleted=0 )  [ RunTime:0.0004s ]
SQL: SELECT `shuxing` FROM `m_category` WHERE ( cat_name='粉磨食品' ) LIMIT 1   [ RunTime:0.0003s ]
INFO: [ view_parse ] --START--
INFO: [ template_filter ] --START--
INFO: Run Behavior\ContentReplaceBehavior [ RunTime:0.000102s ]
INFO: [ template_filter ] --END-- [ RunTime:0.000190s ]
NOTIC: [8] Undefined variable: 水果 E:\wamp\www\jiangzipinpin\Application\Runtime\Cache\Admin\39c33e45703ccaae69a0da8a2f0ccb2a.php 第 38 行.
NOTIC: [8] Undefined variable: 鲜榨果汁 E:\wamp\www\jiangzipinpin\Application\Runtime\Cache\Admin\39c33e45703ccaae69a0da8a2f0ccb2a.php 第 38 行.
NOTIC: [8] Undefined variable: 甜品 E:\wamp\www\jiangzipinpin\Application\Runtime\Cache\Admin\39c33e45703ccaae69a0da8a2f0ccb2a.php 第 38 行.
NOTIC: [8] Undefined variable: 零食 E:\wamp\www\jiangzipinpin\Application\Runtime\Cache\Admin\39c33e45703ccaae69a0da8a2f0ccb2a.php 第 38 行.
NOTIC: [8] Undefined variable: 饮料 E:\wamp\www\jiangzipinpin\Application\Runtime\Cache\Admin\39c33e45703ccaae69a0da8a2f0ccb2a.php 第 38 行.
NOTIC: [8] Undefined variable: 乳制品 E:\wamp\www\jiangzipinpin\Application\Runtime\Cache\Admin\39c33e45703ccaae69a0da8a2f0ccb2a.php 第 38 行.
NOTIC: [8] Undefined variable: 罐头食品 E:\wamp\www\jiangzipinpin\Application\Runtime\Cache\Admin\39c33e45703ccaae69a0da8a2f0ccb2a.php 第 38 行.
INFO: Run Behavior\ParseTemplateBehavior [ RunTime:0.013564s ]
INFO: [ view_parse ] --END-- [ RunTime:0.013651s ]
INFO: [ view_filter ] --START--
INFO: Run Behavior\WriteHtmlCacheBehavior [ RunTime:0.000734s ]
INFO: Run Behavior\TokenBuildBehavior [ RunTime:0.000831s ]
INFO: [ view_filter ] --END-- [ RunTime:0.001691s ]
INFO: [ app_end ] --START--
INFO: Run Behavior\ShowPageTraceBehavior [ RunTime:0.000835s ]
INFO: [ app_end ] --END-- [ RunTime:0.000947s ]

